============================= test session starts ==============================
platform linux -- Python 3.11.4, pytest-7.4.0, pluggy-1.2.0
rootdir: /dc-app-performance-toolkit/app
plugins: xdist-3.3.1, apiritif-1.1.3
collected 14 items

selenium_ui/jira_ui.py 1692259400173,0,selenium_login:open_login_page,Failed measure: selenium_login:open_login_page - Exception,False,
1692259400173,0,selenium_login,Failed measure: selenium_login - Exception,False,
FAction: test_0_selenium_a_login, Error: jira_webdriver = WebDriverExceptionPostpone('Message: session not created: This version of ChromeDriver only supports Chrome version 11...55af04fcc6b8 <unknown>\n#16 0x55af04fcc847 <unknown>\n#17 0x55af04fdc243 <unknown>\n#18 0x7fd9577feea7 start_thread\n')
jira_datasets = {'custom_issues': [], 'issue_id': '211874', 'issue_key': 'AAFAIA-6366', 'issues': [['AABIS-1', '914565', 'AABIS'], ['A...', 'AABIS'], ['AABIS-4', '914568', 'AABIS'], ['AABIS-5', '914569', 'AABIS'], ['AABIS-6', '914570', 'AABIS'], ...], ...}
jira_screen_shots = None

    def test_0_selenium_a_login(jira_webdriver, jira_datasets, jira_screen_shots):
>       modules.login(jira_webdriver, jira_datasets)

selenium_ui/jira_ui.py:7: 
_ _ _ _ _ _ _ _ _ _ _ _ _ _ _ _ _ _ _ _ _ _ _ _ _ _ _ _ _ _ _ _ _ _ _ _ _ _ _ _ 
selenium_ui/jira/modules.py:74: in login
    measure()
_ _ _ _ _ _ _ _ _ _ _ _ _ _ _ _ _ _ _ _ _ _ _ _ _ _ _ _ _ _ _ _ _ _ _ _ _ _ _ _ 

args = (), kwargs = {}, node_ip = '', start = 1692259400.1730669
error_msg = 'Failed measure: selenium_login - Exception'
full_exception = Exception('Failed measure: selenium_login:open_login_page - Exception', Exception('Message: session not created: This ...5af04fcc6b8 <unknown>\n#16 0x55af04fcc847 <unknown>\n#17 0x55af04fdc243 <unknown>\n#18 0x7fd9577feea7 start_thread\n'))
success = False, exc_type = <class 'Exception'>, end = 1692259400.1732843
timing = '0'
lockfile = '/dc-app-performance-toolkit/app/results/jira/2023-08-17_08-02-48/selenium.jtl.lock'

    @functools.wraps(func)
    def wrapper(*args, **kwargs):
        if LOGIN_ACTION_NAME in interaction:
            globals.login_failed = False
        if globals.login_failed:
            pytest.skip("login is failed")
        node_ip = ""
        start = time()
        error_msg = 'Success'
        full_exception = ''
        if args:
            driver = [arg for arg in args if isinstance(arg, Chrome)]
            node_ip = "" if not driver else getattr(driver[0], "node_ip", "")
        try:
            func(*args, **kwargs)
            success = True
        except Exception:
            success = False
            # https://docs.python.org/2/library/sys.html#sys.exc_info
            exc_type, full_exception = sys.exc_info()[:2]
            error_msg = f"Failed measure: {interaction} - {exc_type.__name__}"
        end = time()
        timing = str(int((end - start) * 1000))
    
        lockfile = f'{selenium_results_file}.lock'
    
        with filelock.SoftFileLock(lockfile):
            with open(selenium_results_file, "a+") as jtl_file:
                timestamp = round(time() * 1000)
                if explicit_timing:
                    jtl_file.write(f"{timestamp},{explicit_timing*1000},{interaction},,{error_msg},"
                                   f",{success},0,0,0,0,,0\n")
                else:
                    jtl_file.write(f"{timestamp},{timing},{interaction},,{error_msg}"
                                   f",,{success},0,0,0,0,{node_ip},0\n")
    
        print(f"{timestamp},{timing},{interaction},{error_msg},{success},{node_ip}")
    
        if not success:
            if LOGIN_ACTION_NAME in interaction:
                globals.login_failed = True
>           raise Exception(error_msg, full_exception)
E           Exception: ('Failed measure: selenium_login - Exception', Exception('Failed measure: selenium_login:open_login_page - Exception', Exception('Message: session not created: This version of ChromeDriver only supports Chrome version 114\nCurrent browser version is 116.0.5845.96 with binary path /usr/bin/google-chrome\nStacktrace:\n#0 0x55af04fe34e3 <unknown>\n#1 0x55af04d12c76 <unknown>\n#2 0x55af04d4004a <unknown>\n#3 0x55af04d3b4a1 <unknown>\n#4 0x55af04d38029 <unknown>\n#5 0x55af04d76ccc <unknown>\n#6 0x55af04d7647f <unknown>\n#7 0x55af04d6dde3 <unknown>\n#8 0x55af04d432dd <unknown>\n#9 0x55af04d4434e <unknown>\n#10 0x55af04fa33e4 <unknown>\n#11 0x55af04fa73d7 <unknown>\n#12 0x55af04fb1b20 <unknown>\n#13 0x55af04fa8023 <unknown>\n#14 0x55af04f761aa <unknown>\n#15 0x55af04fcc6b8 <unknown>\n#16 0x55af04fcc847 <unknown>\n#17 0x55af04fdc243 <unknown>\n#18 0x7fd9577feea7 start_thread\n')))

selenium_ui/conftest.py:169: Exception

Etest_0_selenium_a_login,Total:1 Passed:0 Failed:1
stest_1_selenium_view_project_summary,Total:2 Passed:0 Failed:1
stest_1_selenium_browse_projects_list,Total:3 Passed:0 Failed:1
stest_1_selenium_browse_boards_list,Total:4 Passed:0 Failed:1
stest_1_selenium_create_issue,Total:5 Passed:0 Failed:1
stest_1_selenium_edit_issue,Total:6 Passed:0 Failed:1
stest_1_selenium_save_comment,Total:7 Passed:0 Failed:1
stest_1_selenium_search_jql,Total:8 Passed:0 Failed:1
stest_1_selenium_view_backlog_for_scrum_board,Total:9 Passed:0 Failed:1
stest_1_selenium_view_scrum_board,Total:10 Passed:0 Failed:1
stest_1_selenium_view_kanban_board,Total:11 Passed:0 Failed:1
stest_1_selenium_view_dashboard,Total:12 Passed:0 Failed:1
stest_1_selenium_view_issue,Total:13 Passed:0 Failed:1
stest_2_selenium_z_log_out,Total:14 Passed:0 Failed:1


==================================== ERRORS ====================================
_________________ ERROR at teardown of test_0_selenium_a_login _________________

request = <SubRequest 'jira_screen_shots' for <Function test_0_selenium_a_login>>
jira_webdriver = WebDriverExceptionPostpone('Message: session not created: This version of ChromeDriver only supports Chrome version 11...55af04fcc6b8 <unknown>\n#16 0x55af04fcc847 <unknown>\n#17 0x55af04fdc243 <unknown>\n#18 0x7fd9577feea7 start_thread\n')

    @pytest.fixture
    def jira_screen_shots(request, jira_webdriver):
        yield
>       get_screen_shots(request, jira_webdriver)

selenium_ui/conftest.py:395: 
_ _ _ _ _ _ _ _ _ _ _ _ _ _ _ _ _ _ _ _ _ _ _ _ _ _ _ _ _ _ _ _ _ _ _ _ _ _ _ _ 

request = <SubRequest 'jira_screen_shots' for <Function test_0_selenium_a_login>>
webdriver = WebDriverExceptionPostpone('Message: session not created: This version of ChromeDriver only supports Chrome version 11...55af04fcc6b8 <unknown>\n#16 0x55af04fcc847 <unknown>\n#17 0x55af04fdc243 <unknown>\n#18 0x7fd9577feea7 start_thread\n')

    def get_screen_shots(request, webdriver):
        # request.node is an "item" because we use the default
        # "function" scope
        if request.node.rep_call.failed:
            mode = "w" if not selenium_error_file.exists() else "a+"
            action_name = request.node.rep_call.head_line
            error_text = request.node.rep_call.longreprtext
            with open(selenium_error_file, mode) as err_file:
                timestamp = round(time() * 1000)
                dt = datetime.datetime.now()
                utc_time = dt.replace(tzinfo=timezone.utc)
                str_time = utc_time.strftime("%m-%d-%Y, %H:%M:%S")
                str_time_stamp = f'{str_time}, {timestamp}'
                err_file.write(f"{str_time_stamp}, Action: {action_name}, Error: {error_text}\n")
            print(f"Action: {action_name}, Error: {error_text}\n")
            errors_artifacts = ENV_TAURUS_ARTIFACT_DIR / 'errors_artifacts'
            errors_artifacts.mkdir(parents=True, exist_ok=True)
            error_artifact_name = errors_artifacts / datetime_now(action_name)
>           webdriver.save_screenshot('{}.png'.format(error_artifact_name))
E           AttributeError: 'WebDriverExceptionPostpone' object has no attribute 'save_screenshot'

selenium_ui/conftest.py:440: AttributeError
=================================== FAILURES ===================================
___________________________ test_0_selenium_a_login ____________________________

jira_webdriver = WebDriverExceptionPostpone('Message: session not created: This version of ChromeDriver only supports Chrome version 11...55af04fcc6b8 <unknown>\n#16 0x55af04fcc847 <unknown>\n#17 0x55af04fdc243 <unknown>\n#18 0x7fd9577feea7 start_thread\n')
jira_datasets = {'custom_issues': [], 'issue_id': '211874', 'issue_key': 'AAFAIA-6366', 'issues': [['AABIS-1', '914565', 'AABIS'], ['A...', 'AABIS'], ['AABIS-4', '914568', 'AABIS'], ['AABIS-5', '914569', 'AABIS'], ['AABIS-6', '914570', 'AABIS'], ...], ...}
jira_screen_shots = None

    def test_0_selenium_a_login(jira_webdriver, jira_datasets, jira_screen_shots):
>       modules.login(jira_webdriver, jira_datasets)

selenium_ui/jira_ui.py:7: 
_ _ _ _ _ _ _ _ _ _ _ _ _ _ _ _ _ _ _ _ _ _ _ _ _ _ _ _ _ _ _ _ _ _ _ _ _ _ _ _ 
selenium_ui/jira/modules.py:74: in login
    measure()
_ _ _ _ _ _ _ _ _ _ _ _ _ _ _ _ _ _ _ _ _ _ _ _ _ _ _ _ _ _ _ _ _ _ _ _ _ _ _ _ 

args = (), kwargs = {}, node_ip = '', start = 1692259400.1730669
error_msg = 'Failed measure: selenium_login - Exception'
full_exception = Exception('Failed measure: selenium_login:open_login_page - Exception', Exception('Message: session not created: This ...5af04fcc6b8 <unknown>\n#16 0x55af04fcc847 <unknown>\n#17 0x55af04fdc243 <unknown>\n#18 0x7fd9577feea7 start_thread\n'))
success = False, exc_type = <class 'Exception'>, end = 1692259400.1732843
timing = '0'
lockfile = '/dc-app-performance-toolkit/app/results/jira/2023-08-17_08-02-48/selenium.jtl.lock'

    @functools.wraps(func)
    def wrapper(*args, **kwargs):
        if LOGIN_ACTION_NAME in interaction:
            globals.login_failed = False
        if globals.login_failed:
            pytest.skip("login is failed")
        node_ip = ""
        start = time()
        error_msg = 'Success'
        full_exception = ''
        if args:
            driver = [arg for arg in args if isinstance(arg, Chrome)]
            node_ip = "" if not driver else getattr(driver[0], "node_ip", "")
        try:
            func(*args, **kwargs)
            success = True
        except Exception:
            success = False
            # https://docs.python.org/2/library/sys.html#sys.exc_info
            exc_type, full_exception = sys.exc_info()[:2]
            error_msg = f"Failed measure: {interaction} - {exc_type.__name__}"
        end = time()
        timing = str(int((end - start) * 1000))
    
        lockfile = f'{selenium_results_file}.lock'
    
        with filelock.SoftFileLock(lockfile):
            with open(selenium_results_file, "a+") as jtl_file:
                timestamp = round(time() * 1000)
                if explicit_timing:
                    jtl_file.write(f"{timestamp},{explicit_timing*1000},{interaction},,{error_msg},"
                                   f",{success},0,0,0,0,,0\n")
                else:
                    jtl_file.write(f"{timestamp},{timing},{interaction},,{error_msg}"
                                   f",,{success},0,0,0,0,{node_ip},0\n")
    
        print(f"{timestamp},{timing},{interaction},{error_msg},{success},{node_ip}")
    
        if not success:
            if LOGIN_ACTION_NAME in interaction:
                globals.login_failed = True
>           raise Exception(error_msg, full_exception)
E           Exception: ('Failed measure: selenium_login - Exception', Exception('Failed measure: selenium_login:open_login_page - Exception', Exception('Message: session not created: This version of ChromeDriver only supports Chrome version 114\nCurrent browser version is 116.0.5845.96 with binary path /usr/bin/google-chrome\nStacktrace:\n#0 0x55af04fe34e3 <unknown>\n#1 0x55af04d12c76 <unknown>\n#2 0x55af04d4004a <unknown>\n#3 0x55af04d3b4a1 <unknown>\n#4 0x55af04d38029 <unknown>\n#5 0x55af04d76ccc <unknown>\n#6 0x55af04d7647f <unknown>\n#7 0x55af04d6dde3 <unknown>\n#8 0x55af04d432dd <unknown>\n#9 0x55af04d4434e <unknown>\n#10 0x55af04fa33e4 <unknown>\n#11 0x55af04fa73d7 <unknown>\n#12 0x55af04fb1b20 <unknown>\n#13 0x55af04fa8023 <unknown>\n#14 0x55af04f761aa <unknown>\n#15 0x55af04fcc6b8 <unknown>\n#16 0x55af04fcc847 <unknown>\n#17 0x55af04fdc243 <unknown>\n#18 0x7fd9577feea7 start_thread\n')))

selenium_ui/conftest.py:169: Exception
=============================== warnings summary ===============================
../../root/.bzt/python-packages/3.11.4/_pytest/config/__init__.py:1204
  /root/.bzt/python-packages/3.11.4/_pytest/config/__init__.py:1204: PytestAssertRewriteWarning: Module already imported so cannot be rewritten: apiritif
    self._mark_plugins_for_rewrite(hook)

-- Docs: https://docs.pytest.org/en/stable/how-to/capture-warnings.html
=========================== short test summary info ============================
FAILED selenium_ui/jira_ui.py::test_0_selenium_a_login - Exception: ('Failed ...
ERROR selenium_ui/jira_ui.py::test_0_selenium_a_login - AttributeError: 'WebD...
============== 1 failed, 13 skipped, 1 warning, 1 error in 0.87s ===============
============================= test session starts ==============================
platform linux -- Python 3.11.4, pytest-7.4.0, pluggy-1.2.0
rootdir: /dc-app-performance-toolkit/app
plugins: xdist-3.3.1, apiritif-1.1.3
collected 14 items

selenium_ui/jira_ui.py 1692259400897,0,selenium_login:open_login_page,Failed measure: selenium_login:open_login_page - Exception,False,
1692259400897,0,selenium_login,Failed measure: selenium_login - Exception,False,
FAction: test_0_selenium_a_login, Error: jira_webdriver = WebDriverExceptionPostpone('Message: session not created: This version of ChromeDriver only supports Chrome version 11...558cb7e146b8 <unknown>\n#16 0x558cb7e14847 <unknown>\n#17 0x558cb7e24243 <unknown>\n#18 0x7f1a64418ea7 start_thread\n')
jira_datasets = {'custom_issues': [], 'issue_id': '209621', 'issue_key': 'AAFAIA-4113', 'issues': [['AABIS-1', '914565', 'AABIS'], ['A...', 'AABIS'], ['AABIS-4', '914568', 'AABIS'], ['AABIS-5', '914569', 'AABIS'], ['AABIS-6', '914570', 'AABIS'], ...], ...}
jira_screen_shots = None

    def test_0_selenium_a_login(jira_webdriver, jira_datasets, jira_screen_shots):
>       modules.login(jira_webdriver, jira_datasets)

selenium_ui/jira_ui.py:7: 
_ _ _ _ _ _ _ _ _ _ _ _ _ _ _ _ _ _ _ _ _ _ _ _ _ _ _ _ _ _ _ _ _ _ _ _ _ _ _ _ 
selenium_ui/jira/modules.py:74: in login
    measure()
_ _ _ _ _ _ _ _ _ _ _ _ _ _ _ _ _ _ _ _ _ _ _ _ _ _ _ _ _ _ _ _ _ _ _ _ _ _ _ _ 

args = (), kwargs = {}, node_ip = '', start = 1692259400.8970456
error_msg = 'Failed measure: selenium_login - Exception'
full_exception = Exception('Failed measure: selenium_login:open_login_page - Exception', Exception('Message: session not created: This ...58cb7e146b8 <unknown>\n#16 0x558cb7e14847 <unknown>\n#17 0x558cb7e24243 <unknown>\n#18 0x7f1a64418ea7 start_thread\n'))
success = False, exc_type = <class 'Exception'>, end = 1692259400.8972523
timing = '0'
lockfile = '/dc-app-performance-toolkit/app/results/jira/2023-08-17_08-02-48/selenium.jtl.lock'

    @functools.wraps(func)
    def wrapper(*args, **kwargs):
        if LOGIN_ACTION_NAME in interaction:
            globals.login_failed = False
        if globals.login_failed:
            pytest.skip("login is failed")
        node_ip = ""
        start = time()
        error_msg = 'Success'
        full_exception = ''
        if args:
            driver = [arg for arg in args if isinstance(arg, Chrome)]
            node_ip = "" if not driver else getattr(driver[0], "node_ip", "")
        try:
            func(*args, **kwargs)
            success = True
        except Exception:
            success = False
            # https://docs.python.org/2/library/sys.html#sys.exc_info
            exc_type, full_exception = sys.exc_info()[:2]
            error_msg = f"Failed measure: {interaction} - {exc_type.__name__}"
        end = time()
        timing = str(int((end - start) * 1000))
    
        lockfile = f'{selenium_results_file}.lock'
    
        with filelock.SoftFileLock(lockfile):
            with open(selenium_results_file, "a+") as jtl_file:
                timestamp = round(time() * 1000)
                if explicit_timing:
                    jtl_file.write(f"{timestamp},{explicit_timing*1000},{interaction},,{error_msg},"
                                   f",{success},0,0,0,0,,0\n")
                else:
                    jtl_file.write(f"{timestamp},{timing},{interaction},,{error_msg}"
                                   f",,{success},0,0,0,0,{node_ip},0\n")
    
        print(f"{timestamp},{timing},{interaction},{error_msg},{success},{node_ip}")
    
        if not success:
            if LOGIN_ACTION_NAME in interaction:
                globals.login_failed = True
>           raise Exception(error_msg, full_exception)
E           Exception: ('Failed measure: selenium_login - Exception', Exception('Failed measure: selenium_login:open_login_page - Exception', Exception('Message: session not created: This version of ChromeDriver only supports Chrome version 114\nCurrent browser version is 116.0.5845.96 with binary path /usr/bin/google-chrome\nStacktrace:\n#0 0x558cb7e2b4e3 <unknown>\n#1 0x558cb7b5ac76 <unknown>\n#2 0x558cb7b8804a <unknown>\n#3 0x558cb7b834a1 <unknown>\n#4 0x558cb7b80029 <unknown>\n#5 0x558cb7bbeccc <unknown>\n#6 0x558cb7bbe47f <unknown>\n#7 0x558cb7bb5de3 <unknown>\n#8 0x558cb7b8b2dd <unknown>\n#9 0x558cb7b8c34e <unknown>\n#10 0x558cb7deb3e4 <unknown>\n#11 0x558cb7def3d7 <unknown>\n#12 0x558cb7df9b20 <unknown>\n#13 0x558cb7df0023 <unknown>\n#14 0x558cb7dbe1aa <unknown>\n#15 0x558cb7e146b8 <unknown>\n#16 0x558cb7e14847 <unknown>\n#17 0x558cb7e24243 <unknown>\n#18 0x7f1a64418ea7 start_thread\n')))

selenium_ui/conftest.py:169: Exception

Etest_0_selenium_a_login,Total:15 Passed:0 Failed:2
stest_1_selenium_view_project_summary,Total:16 Passed:0 Failed:2
stest_1_selenium_browse_projects_list,Total:17 Passed:0 Failed:2
stest_1_selenium_browse_boards_list,Total:18 Passed:0 Failed:2
stest_1_selenium_create_issue,Total:19 Passed:0 Failed:2
stest_1_selenium_edit_issue,Total:20 Passed:0 Failed:2
stest_1_selenium_save_comment,Total:21 Passed:0 Failed:2
stest_1_selenium_search_jql,Total:22 Passed:0 Failed:2
stest_1_selenium_view_backlog_for_scrum_board,Total:23 Passed:0 Failed:2
stest_1_selenium_view_scrum_board,Total:24 Passed:0 Failed:2
stest_1_selenium_view_kanban_board,Total:25 Passed:0 Failed:2
stest_1_selenium_view_dashboard,Total:26 Passed:0 Failed:2
stest_1_selenium_view_issue,Total:27 Passed:0 Failed:2
stest_2_selenium_z_log_out,Total:28 Passed:0 Failed:2


==================================== ERRORS ====================================
_________________ ERROR at teardown of test_0_selenium_a_login _________________

request = <SubRequest 'jira_screen_shots' for <Function test_0_selenium_a_login>>
jira_webdriver = WebDriverExceptionPostpone('Message: session not created: This version of ChromeDriver only supports Chrome version 11...558cb7e146b8 <unknown>\n#16 0x558cb7e14847 <unknown>\n#17 0x558cb7e24243 <unknown>\n#18 0x7f1a64418ea7 start_thread\n')

    @pytest.fixture
    def jira_screen_shots(request, jira_webdriver):
        yield
>       get_screen_shots(request, jira_webdriver)

selenium_ui/conftest.py:395: 
_ _ _ _ _ _ _ _ _ _ _ _ _ _ _ _ _ _ _ _ _ _ _ _ _ _ _ _ _ _ _ _ _ _ _ _ _ _ _ _ 

request = <SubRequest 'jira_screen_shots' for <Function test_0_selenium_a_login>>
webdriver = WebDriverExceptionPostpone('Message: session not created: This version of ChromeDriver only supports Chrome version 11...558cb7e146b8 <unknown>\n#16 0x558cb7e14847 <unknown>\n#17 0x558cb7e24243 <unknown>\n#18 0x7f1a64418ea7 start_thread\n')

    def get_screen_shots(request, webdriver):
        # request.node is an "item" because we use the default
        # "function" scope
        if request.node.rep_call.failed:
            mode = "w" if not selenium_error_file.exists() else "a+"
            action_name = request.node.rep_call.head_line
            error_text = request.node.rep_call.longreprtext
            with open(selenium_error_file, mode) as err_file:
                timestamp = round(time() * 1000)
                dt = datetime.datetime.now()
                utc_time = dt.replace(tzinfo=timezone.utc)
                str_time = utc_time.strftime("%m-%d-%Y, %H:%M:%S")
                str_time_stamp = f'{str_time}, {timestamp}'
                err_file.write(f"{str_time_stamp}, Action: {action_name}, Error: {error_text}\n")
            print(f"Action: {action_name}, Error: {error_text}\n")
            errors_artifacts = ENV_TAURUS_ARTIFACT_DIR / 'errors_artifacts'
            errors_artifacts.mkdir(parents=True, exist_ok=True)
            error_artifact_name = errors_artifacts / datetime_now(action_name)
>           webdriver.save_screenshot('{}.png'.format(error_artifact_name))
E           AttributeError: 'WebDriverExceptionPostpone' object has no attribute 'save_screenshot'

selenium_ui/conftest.py:440: AttributeError
=================================== FAILURES ===================================
___________________________ test_0_selenium_a_login ____________________________

jira_webdriver = WebDriverExceptionPostpone('Message: session not created: This version of ChromeDriver only supports Chrome version 11...558cb7e146b8 <unknown>\n#16 0x558cb7e14847 <unknown>\n#17 0x558cb7e24243 <unknown>\n#18 0x7f1a64418ea7 start_thread\n')
jira_datasets = {'custom_issues': [], 'issue_id': '209621', 'issue_key': 'AAFAIA-4113', 'issues': [['AABIS-1', '914565', 'AABIS'], ['A...', 'AABIS'], ['AABIS-4', '914568', 'AABIS'], ['AABIS-5', '914569', 'AABIS'], ['AABIS-6', '914570', 'AABIS'], ...], ...}
jira_screen_shots = None

    def test_0_selenium_a_login(jira_webdriver, jira_datasets, jira_screen_shots):
>       modules.login(jira_webdriver, jira_datasets)

selenium_ui/jira_ui.py:7: 
_ _ _ _ _ _ _ _ _ _ _ _ _ _ _ _ _ _ _ _ _ _ _ _ _ _ _ _ _ _ _ _ _ _ _ _ _ _ _ _ 
selenium_ui/jira/modules.py:74: in login
    measure()
_ _ _ _ _ _ _ _ _ _ _ _ _ _ _ _ _ _ _ _ _ _ _ _ _ _ _ _ _ _ _ _ _ _ _ _ _ _ _ _ 

args = (), kwargs = {}, node_ip = '', start = 1692259400.8970456
error_msg = 'Failed measure: selenium_login - Exception'
full_exception = Exception('Failed measure: selenium_login:open_login_page - Exception', Exception('Message: session not created: This ...58cb7e146b8 <unknown>\n#16 0x558cb7e14847 <unknown>\n#17 0x558cb7e24243 <unknown>\n#18 0x7f1a64418ea7 start_thread\n'))
success = False, exc_type = <class 'Exception'>, end = 1692259400.8972523
timing = '0'
lockfile = '/dc-app-performance-toolkit/app/results/jira/2023-08-17_08-02-48/selenium.jtl.lock'

    @functools.wraps(func)
    def wrapper(*args, **kwargs):
        if LOGIN_ACTION_NAME in interaction:
            globals.login_failed = False
        if globals.login_failed:
            pytest.skip("login is failed")
        node_ip = ""
        start = time()
        error_msg = 'Success'
        full_exception = ''
        if args:
            driver = [arg for arg in args if isinstance(arg, Chrome)]
            node_ip = "" if not driver else getattr(driver[0], "node_ip", "")
        try:
            func(*args, **kwargs)
            success = True
        except Exception:
            success = False
            # https://docs.python.org/2/library/sys.html#sys.exc_info
            exc_type, full_exception = sys.exc_info()[:2]
            error_msg = f"Failed measure: {interaction} - {exc_type.__name__}"
        end = time()
        timing = str(int((end - start) * 1000))
    
        lockfile = f'{selenium_results_file}.lock'
    
        with filelock.SoftFileLock(lockfile):
            with open(selenium_results_file, "a+") as jtl_file:
                timestamp = round(time() * 1000)
                if explicit_timing:
                    jtl_file.write(f"{timestamp},{explicit_timing*1000},{interaction},,{error_msg},"
                                   f",{success},0,0,0,0,,0\n")
                else:
                    jtl_file.write(f"{timestamp},{timing},{interaction},,{error_msg}"
                                   f",,{success},0,0,0,0,{node_ip},0\n")
    
        print(f"{timestamp},{timing},{interaction},{error_msg},{success},{node_ip}")
    
        if not success:
            if LOGIN_ACTION_NAME in interaction:
                globals.login_failed = True
>           raise Exception(error_msg, full_exception)
E           Exception: ('Failed measure: selenium_login - Exception', Exception('Failed measure: selenium_login:open_login_page - Exception', Exception('Message: session not created: This version of ChromeDriver only supports Chrome version 114\nCurrent browser version is 116.0.5845.96 with binary path /usr/bin/google-chrome\nStacktrace:\n#0 0x558cb7e2b4e3 <unknown>\n#1 0x558cb7b5ac76 <unknown>\n#2 0x558cb7b8804a <unknown>\n#3 0x558cb7b834a1 <unknown>\n#4 0x558cb7b80029 <unknown>\n#5 0x558cb7bbeccc <unknown>\n#6 0x558cb7bbe47f <unknown>\n#7 0x558cb7bb5de3 <unknown>\n#8 0x558cb7b8b2dd <unknown>\n#9 0x558cb7b8c34e <unknown>\n#10 0x558cb7deb3e4 <unknown>\n#11 0x558cb7def3d7 <unknown>\n#12 0x558cb7df9b20 <unknown>\n#13 0x558cb7df0023 <unknown>\n#14 0x558cb7dbe1aa <unknown>\n#15 0x558cb7e146b8 <unknown>\n#16 0x558cb7e14847 <unknown>\n#17 0x558cb7e24243 <unknown>\n#18 0x7f1a64418ea7 start_thread\n')))

selenium_ui/conftest.py:169: Exception
=============================== warnings summary ===============================
../../root/.bzt/python-packages/3.11.4/_pytest/config/__init__.py:1204
  /root/.bzt/python-packages/3.11.4/_pytest/config/__init__.py:1204: PytestAssertRewriteWarning: Module already imported so cannot be rewritten: apiritif
    self._mark_plugins_for_rewrite(hook)

-- Docs: https://docs.pytest.org/en/stable/how-to/capture-warnings.html
=========================== short test summary info ============================
FAILED selenium_ui/jira_ui.py::test_0_selenium_a_login - Exception: ('Failed ...
ERROR selenium_ui/jira_ui.py::test_0_selenium_a_login - AttributeError: 'WebD...
============== 1 failed, 13 skipped, 1 warning, 1 error in 0.68s ===============
============================= test session starts ==============================
platform linux -- Python 3.11.4, pytest-7.4.0, pluggy-1.2.0
rootdir: /dc-app-performance-toolkit/app
plugins: xdist-3.3.1, apiritif-1.1.3
collected 14 items

selenium_ui/jira_ui.py 1692259401625,0,selenium_login:open_login_page,Failed measure: selenium_login:open_login_page - Exception,False,
1692259401626,0,selenium_login,Failed measure: selenium_login - Exception,False,
FAction: test_0_selenium_a_login, Error: jira_webdriver = WebDriverExceptionPostpone('Message: session not created: This version of ChromeDriver only supports Chrome version 11...5594d4ad26b8 <unknown>\n#16 0x5594d4ad2847 <unknown>\n#17 0x5594d4ae2243 <unknown>\n#18 0x7fcd07bbaea7 start_thread\n')
jira_datasets = {'custom_issues': [], 'issue_id': '915092', 'issue_key': 'AABIS-528', 'issues': [['AABIS-1', '914565', 'AABIS'], ['AAB...', 'AABIS'], ['AABIS-4', '914568', 'AABIS'], ['AABIS-5', '914569', 'AABIS'], ['AABIS-6', '914570', 'AABIS'], ...], ...}
jira_screen_shots = None

    def test_0_selenium_a_login(jira_webdriver, jira_datasets, jira_screen_shots):
>       modules.login(jira_webdriver, jira_datasets)

selenium_ui/jira_ui.py:7: 
_ _ _ _ _ _ _ _ _ _ _ _ _ _ _ _ _ _ _ _ _ _ _ _ _ _ _ _ _ _ _ _ _ _ _ _ _ _ _ _ 
selenium_ui/jira/modules.py:74: in login
    measure()
_ _ _ _ _ _ _ _ _ _ _ _ _ _ _ _ _ _ _ _ _ _ _ _ _ _ _ _ _ _ _ _ _ _ _ _ _ _ _ _ 

args = (), kwargs = {}, node_ip = '', start = 1692259401.625222
error_msg = 'Failed measure: selenium_login - Exception'
full_exception = Exception('Failed measure: selenium_login:open_login_page - Exception', Exception('Message: session not created: This ...594d4ad26b8 <unknown>\n#16 0x5594d4ad2847 <unknown>\n#17 0x5594d4ae2243 <unknown>\n#18 0x7fcd07bbaea7 start_thread\n'))
success = False, exc_type = <class 'Exception'>, end = 1692259401.6255083
timing = '0'
lockfile = '/dc-app-performance-toolkit/app/results/jira/2023-08-17_08-02-48/selenium.jtl.lock'

    @functools.wraps(func)
    def wrapper(*args, **kwargs):
        if LOGIN_ACTION_NAME in interaction:
            globals.login_failed = False
        if globals.login_failed:
            pytest.skip("login is failed")
        node_ip = ""
        start = time()
        error_msg = 'Success'
        full_exception = ''
        if args:
            driver = [arg for arg in args if isinstance(arg, Chrome)]
            node_ip = "" if not driver else getattr(driver[0], "node_ip", "")
        try:
            func(*args, **kwargs)
            success = True
        except Exception:
            success = False
            # https://docs.python.org/2/library/sys.html#sys.exc_info
            exc_type, full_exception = sys.exc_info()[:2]
            error_msg = f"Failed measure: {interaction} - {exc_type.__name__}"
        end = time()
        timing = str(int((end - start) * 1000))
    
        lockfile = f'{selenium_results_file}.lock'
    
        with filelock.SoftFileLock(lockfile):
            with open(selenium_results_file, "a+") as jtl_file:
                timestamp = round(time() * 1000)
                if explicit_timing:
                    jtl_file.write(f"{timestamp},{explicit_timing*1000},{interaction},,{error_msg},"
                                   f",{success},0,0,0,0,,0\n")
                else:
                    jtl_file.write(f"{timestamp},{timing},{interaction},,{error_msg}"
                                   f",,{success},0,0,0,0,{node_ip},0\n")
    
        print(f"{timestamp},{timing},{interaction},{error_msg},{success},{node_ip}")
    
        if not success:
            if LOGIN_ACTION_NAME in interaction:
                globals.login_failed = True
>           raise Exception(error_msg, full_exception)
E           Exception: ('Failed measure: selenium_login - Exception', Exception('Failed measure: selenium_login:open_login_page - Exception', Exception('Message: session not created: This version of ChromeDriver only supports Chrome version 114\nCurrent browser version is 116.0.5845.96 with binary path /usr/bin/google-chrome\nStacktrace:\n#0 0x5594d4ae94e3 <unknown>\n#1 0x5594d4818c76 <unknown>\n#2 0x5594d484604a <unknown>\n#3 0x5594d48414a1 <unknown>\n#4 0x5594d483e029 <unknown>\n#5 0x5594d487cccc <unknown>\n#6 0x5594d487c47f <unknown>\n#7 0x5594d4873de3 <unknown>\n#8 0x5594d48492dd <unknown>\n#9 0x5594d484a34e <unknown>\n#10 0x5594d4aa93e4 <unknown>\n#11 0x5594d4aad3d7 <unknown>\n#12 0x5594d4ab7b20 <unknown>\n#13 0x5594d4aae023 <unknown>\n#14 0x5594d4a7c1aa <unknown>\n#15 0x5594d4ad26b8 <unknown>\n#16 0x5594d4ad2847 <unknown>\n#17 0x5594d4ae2243 <unknown>\n#18 0x7fcd07bbaea7 start_thread\n')))

selenium_ui/conftest.py:169: Exception

Etest_0_selenium_a_login,Total:29 Passed:0 Failed:3
stest_1_selenium_view_project_summary,Total:30 Passed:0 Failed:3
stest_1_selenium_browse_projects_list,Total:31 Passed:0 Failed:3
stest_1_selenium_browse_boards_list,Total:32 Passed:0 Failed:3
stest_1_selenium_create_issue,Total:33 Passed:0 Failed:3
stest_1_selenium_edit_issue,Total:34 Passed:0 Failed:3
stest_1_selenium_save_comment,Total:35 Passed:0 Failed:3
stest_1_selenium_search_jql,Total:36 Passed:0 Failed:3
stest_1_selenium_view_backlog_for_scrum_board,Total:37 Passed:0 Failed:3
stest_1_selenium_view_scrum_board,Total:38 Passed:0 Failed:3
stest_1_selenium_view_kanban_board,Total:39 Passed:0 Failed:3
stest_1_selenium_view_dashboard,Total:40 Passed:0 Failed:3
stest_1_selenium_view_issue,Total:41 Passed:0 Failed:3
stest_2_selenium_z_log_out,Total:42 Passed:0 Failed:3


==================================== ERRORS ====================================
_________________ ERROR at teardown of test_0_selenium_a_login _________________

request = <SubRequest 'jira_screen_shots' for <Function test_0_selenium_a_login>>
jira_webdriver = WebDriverExceptionPostpone('Message: session not created: This version of ChromeDriver only supports Chrome version 11...5594d4ad26b8 <unknown>\n#16 0x5594d4ad2847 <unknown>\n#17 0x5594d4ae2243 <unknown>\n#18 0x7fcd07bbaea7 start_thread\n')

    @pytest.fixture
    def jira_screen_shots(request, jira_webdriver):
        yield
>       get_screen_shots(request, jira_webdriver)

selenium_ui/conftest.py:395: 
_ _ _ _ _ _ _ _ _ _ _ _ _ _ _ _ _ _ _ _ _ _ _ _ _ _ _ _ _ _ _ _ _ _ _ _ _ _ _ _ 

request = <SubRequest 'jira_screen_shots' for <Function test_0_selenium_a_login>>
webdriver = WebDriverExceptionPostpone('Message: session not created: This version of ChromeDriver only supports Chrome version 11...5594d4ad26b8 <unknown>\n#16 0x5594d4ad2847 <unknown>\n#17 0x5594d4ae2243 <unknown>\n#18 0x7fcd07bbaea7 start_thread\n')

    def get_screen_shots(request, webdriver):
        # request.node is an "item" because we use the default
        # "function" scope
        if request.node.rep_call.failed:
            mode = "w" if not selenium_error_file.exists() else "a+"
            action_name = request.node.rep_call.head_line
            error_text = request.node.rep_call.longreprtext
            with open(selenium_error_file, mode) as err_file:
                timestamp = round(time() * 1000)
                dt = datetime.datetime.now()
                utc_time = dt.replace(tzinfo=timezone.utc)
                str_time = utc_time.strftime("%m-%d-%Y, %H:%M:%S")
                str_time_stamp = f'{str_time}, {timestamp}'
                err_file.write(f"{str_time_stamp}, Action: {action_name}, Error: {error_text}\n")
            print(f"Action: {action_name}, Error: {error_text}\n")
            errors_artifacts = ENV_TAURUS_ARTIFACT_DIR / 'errors_artifacts'
            errors_artifacts.mkdir(parents=True, exist_ok=True)
            error_artifact_name = errors_artifacts / datetime_now(action_name)
>           webdriver.save_screenshot('{}.png'.format(error_artifact_name))
E           AttributeError: 'WebDriverExceptionPostpone' object has no attribute 'save_screenshot'

selenium_ui/conftest.py:440: AttributeError
=================================== FAILURES ===================================
___________________________ test_0_selenium_a_login ____________________________

jira_webdriver = WebDriverExceptionPostpone('Message: session not created: This version of ChromeDriver only supports Chrome version 11...5594d4ad26b8 <unknown>\n#16 0x5594d4ad2847 <unknown>\n#17 0x5594d4ae2243 <unknown>\n#18 0x7fcd07bbaea7 start_thread\n')
jira_datasets = {'custom_issues': [], 'issue_id': '915092', 'issue_key': 'AABIS-528', 'issues': [['AABIS-1', '914565', 'AABIS'], ['AAB...', 'AABIS'], ['AABIS-4', '914568', 'AABIS'], ['AABIS-5', '914569', 'AABIS'], ['AABIS-6', '914570', 'AABIS'], ...], ...}
jira_screen_shots = None

    def test_0_selenium_a_login(jira_webdriver, jira_datasets, jira_screen_shots):
>       modules.login(jira_webdriver, jira_datasets)

selenium_ui/jira_ui.py:7: 
_ _ _ _ _ _ _ _ _ _ _ _ _ _ _ _ _ _ _ _ _ _ _ _ _ _ _ _ _ _ _ _ _ _ _ _ _ _ _ _ 
selenium_ui/jira/modules.py:74: in login
    measure()
_ _ _ _ _ _ _ _ _ _ _ _ _ _ _ _ _ _ _ _ _ _ _ _ _ _ _ _ _ _ _ _ _ _ _ _ _ _ _ _ 

args = (), kwargs = {}, node_ip = '', start = 1692259401.625222
error_msg = 'Failed measure: selenium_login - Exception'
full_exception = Exception('Failed measure: selenium_login:open_login_page - Exception', Exception('Message: session not created: This ...594d4ad26b8 <unknown>\n#16 0x5594d4ad2847 <unknown>\n#17 0x5594d4ae2243 <unknown>\n#18 0x7fcd07bbaea7 start_thread\n'))
success = False, exc_type = <class 'Exception'>, end = 1692259401.6255083
timing = '0'
lockfile = '/dc-app-performance-toolkit/app/results/jira/2023-08-17_08-02-48/selenium.jtl.lock'

    @functools.wraps(func)
    def wrapper(*args, **kwargs):
        if LOGIN_ACTION_NAME in interaction:
            globals.login_failed = False
        if globals.login_failed:
            pytest.skip("login is failed")
        node_ip = ""
        start = time()
        error_msg = 'Success'
        full_exception = ''
        if args:
            driver = [arg for arg in args if isinstance(arg, Chrome)]
            node_ip = "" if not driver else getattr(driver[0], "node_ip", "")
        try:
            func(*args, **kwargs)
            success = True
        except Exception:
            success = False
            # https://docs.python.org/2/library/sys.html#sys.exc_info
            exc_type, full_exception = sys.exc_info()[:2]
            error_msg = f"Failed measure: {interaction} - {exc_type.__name__}"
        end = time()
        timing = str(int((end - start) * 1000))
    
        lockfile = f'{selenium_results_file}.lock'
    
        with filelock.SoftFileLock(lockfile):
            with open(selenium_results_file, "a+") as jtl_file:
                timestamp = round(time() * 1000)
                if explicit_timing:
                    jtl_file.write(f"{timestamp},{explicit_timing*1000},{interaction},,{error_msg},"
                                   f",{success},0,0,0,0,,0\n")
                else:
                    jtl_file.write(f"{timestamp},{timing},{interaction},,{error_msg}"
                                   f",,{success},0,0,0,0,{node_ip},0\n")
    
        print(f"{timestamp},{timing},{interaction},{error_msg},{success},{node_ip}")
    
        if not success:
            if LOGIN_ACTION_NAME in interaction:
                globals.login_failed = True
>           raise Exception(error_msg, full_exception)
E           Exception: ('Failed measure: selenium_login - Exception', Exception('Failed measure: selenium_login:open_login_page - Exception', Exception('Message: session not created: This version of ChromeDriver only supports Chrome version 114\nCurrent browser version is 116.0.5845.96 with binary path /usr/bin/google-chrome\nStacktrace:\n#0 0x5594d4ae94e3 <unknown>\n#1 0x5594d4818c76 <unknown>\n#2 0x5594d484604a <unknown>\n#3 0x5594d48414a1 <unknown>\n#4 0x5594d483e029 <unknown>\n#5 0x5594d487cccc <unknown>\n#6 0x5594d487c47f <unknown>\n#7 0x5594d4873de3 <unknown>\n#8 0x5594d48492dd <unknown>\n#9 0x5594d484a34e <unknown>\n#10 0x5594d4aa93e4 <unknown>\n#11 0x5594d4aad3d7 <unknown>\n#12 0x5594d4ab7b20 <unknown>\n#13 0x5594d4aae023 <unknown>\n#14 0x5594d4a7c1aa <unknown>\n#15 0x5594d4ad26b8 <unknown>\n#16 0x5594d4ad2847 <unknown>\n#17 0x5594d4ae2243 <unknown>\n#18 0x7fcd07bbaea7 start_thread\n')))

selenium_ui/conftest.py:169: Exception
=============================== warnings summary ===============================
../../root/.bzt/python-packages/3.11.4/_pytest/config/__init__.py:1204
  /root/.bzt/python-packages/3.11.4/_pytest/config/__init__.py:1204: PytestAssertRewriteWarning: Module already imported so cannot be rewritten: apiritif
    self._mark_plugins_for_rewrite(hook)

-- Docs: https://docs.pytest.org/en/stable/how-to/capture-warnings.html
=========================== short test summary info ============================
FAILED selenium_ui/jira_ui.py::test_0_selenium_a_login - Exception: ('Failed ...
ERROR selenium_ui/jira_ui.py::test_0_selenium_a_login - AttributeError: 'WebD...
============== 1 failed, 13 skipped, 1 warning, 1 error in 0.70s ===============
============================= test session starts ==============================
platform linux -- Python 3.11.4, pytest-7.4.0, pluggy-1.2.0
rootdir: /dc-app-performance-toolkit/app
plugins: xdist-3.3.1, apiritif-1.1.3
collected 14 items

selenium_ui/jira_ui.py 1692259402363,0,selenium_login:open_login_page,Failed measure: selenium_login:open_login_page - Exception,False,
1692259402364,0,selenium_login,Failed measure: selenium_login - Exception,False,
FAction: test_0_selenium_a_login, Error: jira_webdriver = WebDriverExceptionPostpone('Message: session not created: This version of ChromeDriver only supports Chrome version 11...563467f376b8 <unknown>\n#16 0x563467f37847 <unknown>\n#17 0x563467f47243 <unknown>\n#18 0x7fd2e7602ea7 start_thread\n')
jira_datasets = {'custom_issues': [], 'issue_id': '914722', 'issue_key': 'AABIS-158', 'issues': [['AABIS-1', '914565', 'AABIS'], ['AAB...', 'AABIS'], ['AABIS-4', '914568', 'AABIS'], ['AABIS-5', '914569', 'AABIS'], ['AABIS-6', '914570', 'AABIS'], ...], ...}
jira_screen_shots = None

    def test_0_selenium_a_login(jira_webdriver, jira_datasets, jira_screen_shots):
>       modules.login(jira_webdriver, jira_datasets)

selenium_ui/jira_ui.py:7: 
_ _ _ _ _ _ _ _ _ _ _ _ _ _ _ _ _ _ _ _ _ _ _ _ _ _ _ _ _ _ _ _ _ _ _ _ _ _ _ _ 
selenium_ui/jira/modules.py:74: in login
    measure()
_ _ _ _ _ _ _ _ _ _ _ _ _ _ _ _ _ _ _ _ _ _ _ _ _ _ _ _ _ _ _ _ _ _ _ _ _ _ _ _ 

args = (), kwargs = {}, node_ip = '', start = 1692259402.363138
error_msg = 'Failed measure: selenium_login - Exception'
full_exception = Exception('Failed measure: selenium_login:open_login_page - Exception', Exception('Message: session not created: This ...63467f376b8 <unknown>\n#16 0x563467f37847 <unknown>\n#17 0x563467f47243 <unknown>\n#18 0x7fd2e7602ea7 start_thread\n'))
success = False, exc_type = <class 'Exception'>, end = 1692259402.3634324
timing = '0'
lockfile = '/dc-app-performance-toolkit/app/results/jira/2023-08-17_08-02-48/selenium.jtl.lock'

    @functools.wraps(func)
    def wrapper(*args, **kwargs):
        if LOGIN_ACTION_NAME in interaction:
            globals.login_failed = False
        if globals.login_failed:
            pytest.skip("login is failed")
        node_ip = ""
        start = time()
        error_msg = 'Success'
        full_exception = ''
        if args:
            driver = [arg for arg in args if isinstance(arg, Chrome)]
            node_ip = "" if not driver else getattr(driver[0], "node_ip", "")
        try:
            func(*args, **kwargs)
            success = True
        except Exception:
            success = False
            # https://docs.python.org/2/library/sys.html#sys.exc_info
            exc_type, full_exception = sys.exc_info()[:2]
            error_msg = f"Failed measure: {interaction} - {exc_type.__name__}"
        end = time()
        timing = str(int((end - start) * 1000))
    
        lockfile = f'{selenium_results_file}.lock'
    
        with filelock.SoftFileLock(lockfile):
            with open(selenium_results_file, "a+") as jtl_file:
                timestamp = round(time() * 1000)
                if explicit_timing:
                    jtl_file.write(f"{timestamp},{explicit_timing*1000},{interaction},,{error_msg},"
                                   f",{success},0,0,0,0,,0\n")
                else:
                    jtl_file.write(f"{timestamp},{timing},{interaction},,{error_msg}"
                                   f",,{success},0,0,0,0,{node_ip},0\n")
    
        print(f"{timestamp},{timing},{interaction},{error_msg},{success},{node_ip}")
    
        if not success:
            if LOGIN_ACTION_NAME in interaction:
                globals.login_failed = True
>           raise Exception(error_msg, full_exception)
E           Exception: ('Failed measure: selenium_login - Exception', Exception('Failed measure: selenium_login:open_login_page - Exception', Exception('Message: session not created: This version of ChromeDriver only supports Chrome version 114\nCurrent browser version is 116.0.5845.96 with binary path /usr/bin/google-chrome\nStacktrace:\n#0 0x563467f4e4e3 <unknown>\n#1 0x563467c7dc76 <unknown>\n#2 0x563467cab04a <unknown>\n#3 0x563467ca64a1 <unknown>\n#4 0x563467ca3029 <unknown>\n#5 0x563467ce1ccc <unknown>\n#6 0x563467ce147f <unknown>\n#7 0x563467cd8de3 <unknown>\n#8 0x563467cae2dd <unknown>\n#9 0x563467caf34e <unknown>\n#10 0x563467f0e3e4 <unknown>\n#11 0x563467f123d7 <unknown>\n#12 0x563467f1cb20 <unknown>\n#13 0x563467f13023 <unknown>\n#14 0x563467ee11aa <unknown>\n#15 0x563467f376b8 <unknown>\n#16 0x563467f37847 <unknown>\n#17 0x563467f47243 <unknown>\n#18 0x7fd2e7602ea7 start_thread\n')))

selenium_ui/conftest.py:169: Exception

Etest_0_selenium_a_login,Total:43 Passed:0 Failed:4
stest_1_selenium_view_project_summary,Total:44 Passed:0 Failed:4
stest_1_selenium_browse_projects_list,Total:45 Passed:0 Failed:4
stest_1_selenium_browse_boards_list,Total:46 Passed:0 Failed:4
stest_1_selenium_create_issue,Total:47 Passed:0 Failed:4
stest_1_selenium_edit_issue,Total:48 Passed:0 Failed:4
stest_1_selenium_save_comment,Total:49 Passed:0 Failed:4
stest_1_selenium_search_jql,Total:50 Passed:0 Failed:4
stest_1_selenium_view_backlog_for_scrum_board,Total:51 Passed:0 Failed:4
stest_1_selenium_view_scrum_board,Total:52 Passed:0 Failed:4
stest_1_selenium_view_kanban_board,Total:53 Passed:0 Failed:4
stest_1_selenium_view_dashboard,Total:54 Passed:0 Failed:4
stest_1_selenium_view_issue,Total:55 Passed:0 Failed:4
stest_2_selenium_z_log_out,Total:56 Passed:0 Failed:4


==================================== ERRORS ====================================
_________________ ERROR at teardown of test_0_selenium_a_login _________________

request = <SubRequest 'jira_screen_shots' for <Function test_0_selenium_a_login>>
jira_webdriver = WebDriverExceptionPostpone('Message: session not created: This version of ChromeDriver only supports Chrome version 11...563467f376b8 <unknown>\n#16 0x563467f37847 <unknown>\n#17 0x563467f47243 <unknown>\n#18 0x7fd2e7602ea7 start_thread\n')

    @pytest.fixture
    def jira_screen_shots(request, jira_webdriver):
        yield
>       get_screen_shots(request, jira_webdriver)

selenium_ui/conftest.py:395: 
_ _ _ _ _ _ _ _ _ _ _ _ _ _ _ _ _ _ _ _ _ _ _ _ _ _ _ _ _ _ _ _ _ _ _ _ _ _ _ _ 

request = <SubRequest 'jira_screen_shots' for <Function test_0_selenium_a_login>>
webdriver = WebDriverExceptionPostpone('Message: session not created: This version of ChromeDriver only supports Chrome version 11...563467f376b8 <unknown>\n#16 0x563467f37847 <unknown>\n#17 0x563467f47243 <unknown>\n#18 0x7fd2e7602ea7 start_thread\n')

    def get_screen_shots(request, webdriver):
        # request.node is an "item" because we use the default
        # "function" scope
        if request.node.rep_call.failed:
            mode = "w" if not selenium_error_file.exists() else "a+"
            action_name = request.node.rep_call.head_line
            error_text = request.node.rep_call.longreprtext
            with open(selenium_error_file, mode) as err_file:
                timestamp = round(time() * 1000)
                dt = datetime.datetime.now()
                utc_time = dt.replace(tzinfo=timezone.utc)
                str_time = utc_time.strftime("%m-%d-%Y, %H:%M:%S")
                str_time_stamp = f'{str_time}, {timestamp}'
                err_file.write(f"{str_time_stamp}, Action: {action_name}, Error: {error_text}\n")
            print(f"Action: {action_name}, Error: {error_text}\n")
            errors_artifacts = ENV_TAURUS_ARTIFACT_DIR / 'errors_artifacts'
            errors_artifacts.mkdir(parents=True, exist_ok=True)
            error_artifact_name = errors_artifacts / datetime_now(action_name)
>           webdriver.save_screenshot('{}.png'.format(error_artifact_name))
E           AttributeError: 'WebDriverExceptionPostpone' object has no attribute 'save_screenshot'

selenium_ui/conftest.py:440: AttributeError
=================================== FAILURES ===================================
___________________________ test_0_selenium_a_login ____________________________

jira_webdriver = WebDriverExceptionPostpone('Message: session not created: This version of ChromeDriver only supports Chrome version 11...563467f376b8 <unknown>\n#16 0x563467f37847 <unknown>\n#17 0x563467f47243 <unknown>\n#18 0x7fd2e7602ea7 start_thread\n')
jira_datasets = {'custom_issues': [], 'issue_id': '914722', 'issue_key': 'AABIS-158', 'issues': [['AABIS-1', '914565', 'AABIS'], ['AAB...', 'AABIS'], ['AABIS-4', '914568', 'AABIS'], ['AABIS-5', '914569', 'AABIS'], ['AABIS-6', '914570', 'AABIS'], ...], ...}
jira_screen_shots = None

    def test_0_selenium_a_login(jira_webdriver, jira_datasets, jira_screen_shots):
>       modules.login(jira_webdriver, jira_datasets)

selenium_ui/jira_ui.py:7: 
_ _ _ _ _ _ _ _ _ _ _ _ _ _ _ _ _ _ _ _ _ _ _ _ _ _ _ _ _ _ _ _ _ _ _ _ _ _ _ _ 
selenium_ui/jira/modules.py:74: in login
    measure()
_ _ _ _ _ _ _ _ _ _ _ _ _ _ _ _ _ _ _ _ _ _ _ _ _ _ _ _ _ _ _ _ _ _ _ _ _ _ _ _ 

args = (), kwargs = {}, node_ip = '', start = 1692259402.363138
error_msg = 'Failed measure: selenium_login - Exception'
full_exception = Exception('Failed measure: selenium_login:open_login_page - Exception', Exception('Message: session not created: This ...63467f376b8 <unknown>\n#16 0x563467f37847 <unknown>\n#17 0x563467f47243 <unknown>\n#18 0x7fd2e7602ea7 start_thread\n'))
success = False, exc_type = <class 'Exception'>, end = 1692259402.3634324
timing = '0'
lockfile = '/dc-app-performance-toolkit/app/results/jira/2023-08-17_08-02-48/selenium.jtl.lock'

    @functools.wraps(func)
    def wrapper(*args, **kwargs):
        if LOGIN_ACTION_NAME in interaction:
            globals.login_failed = False
        if globals.login_failed:
            pytest.skip("login is failed")
        node_ip = ""
        start = time()
        error_msg = 'Success'
        full_exception = ''
        if args:
            driver = [arg for arg in args if isinstance(arg, Chrome)]
            node_ip = "" if not driver else getattr(driver[0], "node_ip", "")
        try:
            func(*args, **kwargs)
            success = True
        except Exception:
            success = False
            # https://docs.python.org/2/library/sys.html#sys.exc_info
            exc_type, full_exception = sys.exc_info()[:2]
            error_msg = f"Failed measure: {interaction} - {exc_type.__name__}"
        end = time()
        timing = str(int((end - start) * 1000))
    
        lockfile = f'{selenium_results_file}.lock'
    
        with filelock.SoftFileLock(lockfile):
            with open(selenium_results_file, "a+") as jtl_file:
                timestamp = round(time() * 1000)
                if explicit_timing:
                    jtl_file.write(f"{timestamp},{explicit_timing*1000},{interaction},,{error_msg},"
                                   f",{success},0,0,0,0,,0\n")
                else:
                    jtl_file.write(f"{timestamp},{timing},{interaction},,{error_msg}"
                                   f",,{success},0,0,0,0,{node_ip},0\n")
    
        print(f"{timestamp},{timing},{interaction},{error_msg},{success},{node_ip}")
    
        if not success:
            if LOGIN_ACTION_NAME in interaction:
                globals.login_failed = True
>           raise Exception(error_msg, full_exception)
E           Exception: ('Failed measure: selenium_login - Exception', Exception('Failed measure: selenium_login:open_login_page - Exception', Exception('Message: session not created: This version of ChromeDriver only supports Chrome version 114\nCurrent browser version is 116.0.5845.96 with binary path /usr/bin/google-chrome\nStacktrace:\n#0 0x563467f4e4e3 <unknown>\n#1 0x563467c7dc76 <unknown>\n#2 0x563467cab04a <unknown>\n#3 0x563467ca64a1 <unknown>\n#4 0x563467ca3029 <unknown>\n#5 0x563467ce1ccc <unknown>\n#6 0x563467ce147f <unknown>\n#7 0x563467cd8de3 <unknown>\n#8 0x563467cae2dd <unknown>\n#9 0x563467caf34e <unknown>\n#10 0x563467f0e3e4 <unknown>\n#11 0x563467f123d7 <unknown>\n#12 0x563467f1cb20 <unknown>\n#13 0x563467f13023 <unknown>\n#14 0x563467ee11aa <unknown>\n#15 0x563467f376b8 <unknown>\n#16 0x563467f37847 <unknown>\n#17 0x563467f47243 <unknown>\n#18 0x7fd2e7602ea7 start_thread\n')))

selenium_ui/conftest.py:169: Exception
=============================== warnings summary ===============================
../../root/.bzt/python-packages/3.11.4/_pytest/config/__init__.py:1204
  /root/.bzt/python-packages/3.11.4/_pytest/config/__init__.py:1204: PytestAssertRewriteWarning: Module already imported so cannot be rewritten: apiritif
    self._mark_plugins_for_rewrite(hook)

-- Docs: https://docs.pytest.org/en/stable/how-to/capture-warnings.html
=========================== short test summary info ============================
FAILED selenium_ui/jira_ui.py::test_0_selenium_a_login - Exception: ('Failed ...
ERROR selenium_ui/jira_ui.py::test_0_selenium_a_login - AttributeError: 'WebD...
============== 1 failed, 13 skipped, 1 warning, 1 error in 0.72s ===============
============================= test session starts ==============================
platform linux -- Python 3.11.4, pytest-7.4.0, pluggy-1.2.0
rootdir: /dc-app-performance-toolkit/app
plugins: xdist-3.3.1, apiritif-1.1.3
collected 14 items

selenium_ui/jira_ui.py 1692259403092,0,selenium_login:open_login_page,Failed measure: selenium_login:open_login_page - Exception,False,
1692259403092,0,selenium_login,Failed measure: selenium_login - Exception,False,
FAction: test_0_selenium_a_login, Error: jira_webdriver = WebDriverExceptionPostpone('Message: session not created: This version of ChromeDriver only supports Chrome version 11...55f8c16036b8 <unknown>\n#16 0x55f8c1603847 <unknown>\n#17 0x55f8c1613243 <unknown>\n#18 0x7f63382ffea7 start_thread\n')
jira_datasets = {'custom_issues': [], 'issue_id': '207720', 'issue_key': 'AAFAIA-2212', 'issues': [['AABIS-1', '914565', 'AABIS'], ['A...', 'AABIS'], ['AABIS-4', '914568', 'AABIS'], ['AABIS-5', '914569', 'AABIS'], ['AABIS-6', '914570', 'AABIS'], ...], ...}
jira_screen_shots = None

    def test_0_selenium_a_login(jira_webdriver, jira_datasets, jira_screen_shots):
>       modules.login(jira_webdriver, jira_datasets)

selenium_ui/jira_ui.py:7: 
_ _ _ _ _ _ _ _ _ _ _ _ _ _ _ _ _ _ _ _ _ _ _ _ _ _ _ _ _ _ _ _ _ _ _ _ _ _ _ _ 
selenium_ui/jira/modules.py:74: in login
    measure()
_ _ _ _ _ _ _ _ _ _ _ _ _ _ _ _ _ _ _ _ _ _ _ _ _ _ _ _ _ _ _ _ _ _ _ _ _ _ _ _ 

args = (), kwargs = {}, node_ip = '', start = 1692259403.091445
error_msg = 'Failed measure: selenium_login - Exception'
full_exception = Exception('Failed measure: selenium_login:open_login_page - Exception', Exception('Message: session not created: This ...5f8c16036b8 <unknown>\n#16 0x55f8c1603847 <unknown>\n#17 0x55f8c1613243 <unknown>\n#18 0x7f63382ffea7 start_thread\n'))
success = False, exc_type = <class 'Exception'>, end = 1692259403.0916376
timing = '0'
lockfile = '/dc-app-performance-toolkit/app/results/jira/2023-08-17_08-02-48/selenium.jtl.lock'

    @functools.wraps(func)
    def wrapper(*args, **kwargs):
        if LOGIN_ACTION_NAME in interaction:
            globals.login_failed = False
        if globals.login_failed:
            pytest.skip("login is failed")
        node_ip = ""
        start = time()
        error_msg = 'Success'
        full_exception = ''
        if args:
            driver = [arg for arg in args if isinstance(arg, Chrome)]
            node_ip = "" if not driver else getattr(driver[0], "node_ip", "")
        try:
            func(*args, **kwargs)
            success = True
        except Exception:
            success = False
            # https://docs.python.org/2/library/sys.html#sys.exc_info
            exc_type, full_exception = sys.exc_info()[:2]
            error_msg = f"Failed measure: {interaction} - {exc_type.__name__}"
        end = time()
        timing = str(int((end - start) * 1000))
    
        lockfile = f'{selenium_results_file}.lock'
    
        with filelock.SoftFileLock(lockfile):
            with open(selenium_results_file, "a+") as jtl_file:
                timestamp = round(time() * 1000)
                if explicit_timing:
                    jtl_file.write(f"{timestamp},{explicit_timing*1000},{interaction},,{error_msg},"
                                   f",{success},0,0,0,0,,0\n")
                else:
                    jtl_file.write(f"{timestamp},{timing},{interaction},,{error_msg}"
                                   f",,{success},0,0,0,0,{node_ip},0\n")
    
        print(f"{timestamp},{timing},{interaction},{error_msg},{success},{node_ip}")
    
        if not success:
            if LOGIN_ACTION_NAME in interaction:
                globals.login_failed = True
>           raise Exception(error_msg, full_exception)
E           Exception: ('Failed measure: selenium_login - Exception', Exception('Failed measure: selenium_login:open_login_page - Exception', Exception('Message: session not created: This version of ChromeDriver only supports Chrome version 114\nCurrent browser version is 116.0.5845.96 with binary path /usr/bin/google-chrome\nStacktrace:\n#0 0x55f8c161a4e3 <unknown>\n#1 0x55f8c1349c76 <unknown>\n#2 0x55f8c137704a <unknown>\n#3 0x55f8c13724a1 <unknown>\n#4 0x55f8c136f029 <unknown>\n#5 0x55f8c13adccc <unknown>\n#6 0x55f8c13ad47f <unknown>\n#7 0x55f8c13a4de3 <unknown>\n#8 0x55f8c137a2dd <unknown>\n#9 0x55f8c137b34e <unknown>\n#10 0x55f8c15da3e4 <unknown>\n#11 0x55f8c15de3d7 <unknown>\n#12 0x55f8c15e8b20 <unknown>\n#13 0x55f8c15df023 <unknown>\n#14 0x55f8c15ad1aa <unknown>\n#15 0x55f8c16036b8 <unknown>\n#16 0x55f8c1603847 <unknown>\n#17 0x55f8c1613243 <unknown>\n#18 0x7f63382ffea7 start_thread\n')))

selenium_ui/conftest.py:169: Exception

Etest_0_selenium_a_login,Total:57 Passed:0 Failed:5
stest_1_selenium_view_project_summary,Total:58 Passed:0 Failed:5
stest_1_selenium_browse_projects_list,Total:59 Passed:0 Failed:5
stest_1_selenium_browse_boards_list,Total:60 Passed:0 Failed:5
stest_1_selenium_create_issue,Total:61 Passed:0 Failed:5
stest_1_selenium_edit_issue,Total:62 Passed:0 Failed:5
stest_1_selenium_save_comment,Total:63 Passed:0 Failed:5
stest_1_selenium_search_jql,Total:64 Passed:0 Failed:5
stest_1_selenium_view_backlog_for_scrum_board,Total:65 Passed:0 Failed:5
stest_1_selenium_view_scrum_board,Total:66 Passed:0 Failed:5
stest_1_selenium_view_kanban_board,Total:67 Passed:0 Failed:5
stest_1_selenium_view_dashboard,Total:68 Passed:0 Failed:5
stest_1_selenium_view_issue,Total:69 Passed:0 Failed:5
stest_2_selenium_z_log_out,Total:70 Passed:0 Failed:5


==================================== ERRORS ====================================
_________________ ERROR at teardown of test_0_selenium_a_login _________________

request = <SubRequest 'jira_screen_shots' for <Function test_0_selenium_a_login>>
jira_webdriver = WebDriverExceptionPostpone('Message: session not created: This version of ChromeDriver only supports Chrome version 11...55f8c16036b8 <unknown>\n#16 0x55f8c1603847 <unknown>\n#17 0x55f8c1613243 <unknown>\n#18 0x7f63382ffea7 start_thread\n')

    @pytest.fixture
    def jira_screen_shots(request, jira_webdriver):
        yield
>       get_screen_shots(request, jira_webdriver)

selenium_ui/conftest.py:395: 
_ _ _ _ _ _ _ _ _ _ _ _ _ _ _ _ _ _ _ _ _ _ _ _ _ _ _ _ _ _ _ _ _ _ _ _ _ _ _ _ 

request = <SubRequest 'jira_screen_shots' for <Function test_0_selenium_a_login>>
webdriver = WebDriverExceptionPostpone('Message: session not created: This version of ChromeDriver only supports Chrome version 11...55f8c16036b8 <unknown>\n#16 0x55f8c1603847 <unknown>\n#17 0x55f8c1613243 <unknown>\n#18 0x7f63382ffea7 start_thread\n')

    def get_screen_shots(request, webdriver):
        # request.node is an "item" because we use the default
        # "function" scope
        if request.node.rep_call.failed:
            mode = "w" if not selenium_error_file.exists() else "a+"
            action_name = request.node.rep_call.head_line
            error_text = request.node.rep_call.longreprtext
            with open(selenium_error_file, mode) as err_file:
                timestamp = round(time() * 1000)
                dt = datetime.datetime.now()
                utc_time = dt.replace(tzinfo=timezone.utc)
                str_time = utc_time.strftime("%m-%d-%Y, %H:%M:%S")
                str_time_stamp = f'{str_time}, {timestamp}'
                err_file.write(f"{str_time_stamp}, Action: {action_name}, Error: {error_text}\n")
            print(f"Action: {action_name}, Error: {error_text}\n")
            errors_artifacts = ENV_TAURUS_ARTIFACT_DIR / 'errors_artifacts'
            errors_artifacts.mkdir(parents=True, exist_ok=True)
            error_artifact_name = errors_artifacts / datetime_now(action_name)
>           webdriver.save_screenshot('{}.png'.format(error_artifact_name))
E           AttributeError: 'WebDriverExceptionPostpone' object has no attribute 'save_screenshot'

selenium_ui/conftest.py:440: AttributeError
=================================== FAILURES ===================================
___________________________ test_0_selenium_a_login ____________________________

jira_webdriver = WebDriverExceptionPostpone('Message: session not created: This version of ChromeDriver only supports Chrome version 11...55f8c16036b8 <unknown>\n#16 0x55f8c1603847 <unknown>\n#17 0x55f8c1613243 <unknown>\n#18 0x7f63382ffea7 start_thread\n')
jira_datasets = {'custom_issues': [], 'issue_id': '207720', 'issue_key': 'AAFAIA-2212', 'issues': [['AABIS-1', '914565', 'AABIS'], ['A...', 'AABIS'], ['AABIS-4', '914568', 'AABIS'], ['AABIS-5', '914569', 'AABIS'], ['AABIS-6', '914570', 'AABIS'], ...], ...}
jira_screen_shots = None

    def test_0_selenium_a_login(jira_webdriver, jira_datasets, jira_screen_shots):
>       modules.login(jira_webdriver, jira_datasets)

selenium_ui/jira_ui.py:7: 
_ _ _ _ _ _ _ _ _ _ _ _ _ _ _ _ _ _ _ _ _ _ _ _ _ _ _ _ _ _ _ _ _ _ _ _ _ _ _ _ 
selenium_ui/jira/modules.py:74: in login
    measure()
_ _ _ _ _ _ _ _ _ _ _ _ _ _ _ _ _ _ _ _ _ _ _ _ _ _ _ _ _ _ _ _ _ _ _ _ _ _ _ _ 

args = (), kwargs = {}, node_ip = '', start = 1692259403.091445
error_msg = 'Failed measure: selenium_login - Exception'
full_exception = Exception('Failed measure: selenium_login:open_login_page - Exception', Exception('Message: session not created: This ...5f8c16036b8 <unknown>\n#16 0x55f8c1603847 <unknown>\n#17 0x55f8c1613243 <unknown>\n#18 0x7f63382ffea7 start_thread\n'))
success = False, exc_type = <class 'Exception'>, end = 1692259403.0916376
timing = '0'
lockfile = '/dc-app-performance-toolkit/app/results/jira/2023-08-17_08-02-48/selenium.jtl.lock'

    @functools.wraps(func)
    def wrapper(*args, **kwargs):
        if LOGIN_ACTION_NAME in interaction:
            globals.login_failed = False
        if globals.login_failed:
            pytest.skip("login is failed")
        node_ip = ""
        start = time()
        error_msg = 'Success'
        full_exception = ''
        if args:
            driver = [arg for arg in args if isinstance(arg, Chrome)]
            node_ip = "" if not driver else getattr(driver[0], "node_ip", "")
        try:
            func(*args, **kwargs)
            success = True
        except Exception:
            success = False
            # https://docs.python.org/2/library/sys.html#sys.exc_info
            exc_type, full_exception = sys.exc_info()[:2]
            error_msg = f"Failed measure: {interaction} - {exc_type.__name__}"
        end = time()
        timing = str(int((end - start) * 1000))
    
        lockfile = f'{selenium_results_file}.lock'
    
        with filelock.SoftFileLock(lockfile):
            with open(selenium_results_file, "a+") as jtl_file:
                timestamp = round(time() * 1000)
                if explicit_timing:
                    jtl_file.write(f"{timestamp},{explicit_timing*1000},{interaction},,{error_msg},"
                                   f",{success},0,0,0,0,,0\n")
                else:
                    jtl_file.write(f"{timestamp},{timing},{interaction},,{error_msg}"
                                   f",,{success},0,0,0,0,{node_ip},0\n")
    
        print(f"{timestamp},{timing},{interaction},{error_msg},{success},{node_ip}")
    
        if not success:
            if LOGIN_ACTION_NAME in interaction:
                globals.login_failed = True
>           raise Exception(error_msg, full_exception)
E           Exception: ('Failed measure: selenium_login - Exception', Exception('Failed measure: selenium_login:open_login_page - Exception', Exception('Message: session not created: This version of ChromeDriver only supports Chrome version 114\nCurrent browser version is 116.0.5845.96 with binary path /usr/bin/google-chrome\nStacktrace:\n#0 0x55f8c161a4e3 <unknown>\n#1 0x55f8c1349c76 <unknown>\n#2 0x55f8c137704a <unknown>\n#3 0x55f8c13724a1 <unknown>\n#4 0x55f8c136f029 <unknown>\n#5 0x55f8c13adccc <unknown>\n#6 0x55f8c13ad47f <unknown>\n#7 0x55f8c13a4de3 <unknown>\n#8 0x55f8c137a2dd <unknown>\n#9 0x55f8c137b34e <unknown>\n#10 0x55f8c15da3e4 <unknown>\n#11 0x55f8c15de3d7 <unknown>\n#12 0x55f8c15e8b20 <unknown>\n#13 0x55f8c15df023 <unknown>\n#14 0x55f8c15ad1aa <unknown>\n#15 0x55f8c16036b8 <unknown>\n#16 0x55f8c1603847 <unknown>\n#17 0x55f8c1613243 <unknown>\n#18 0x7f63382ffea7 start_thread\n')))

selenium_ui/conftest.py:169: Exception
=============================== warnings summary ===============================
../../root/.bzt/python-packages/3.11.4/_pytest/config/__init__.py:1204
  /root/.bzt/python-packages/3.11.4/_pytest/config/__init__.py:1204: PytestAssertRewriteWarning: Module already imported so cannot be rewritten: apiritif
    self._mark_plugins_for_rewrite(hook)

-- Docs: https://docs.pytest.org/en/stable/how-to/capture-warnings.html
=========================== short test summary info ============================
FAILED selenium_ui/jira_ui.py::test_0_selenium_a_login - Exception: ('Failed ...
ERROR selenium_ui/jira_ui.py::test_0_selenium_a_login - AttributeError: 'WebD...
============== 1 failed, 13 skipped, 1 warning, 1 error in 0.69s ===============
============================= test session starts ==============================
platform linux -- Python 3.11.4, pytest-7.4.0, pluggy-1.2.0
rootdir: /dc-app-performance-toolkit/app
plugins: xdist-3.3.1, apiritif-1.1.3
collected 14 items

selenium_ui/jira_ui.py 1692259403819,0,selenium_login:open_login_page,Failed measure: selenium_login:open_login_page - Exception,False,
1692259403819,0,selenium_login,Failed measure: selenium_login - Exception,False,
FAction: test_0_selenium_a_login, Error: jira_webdriver = WebDriverExceptionPostpone('Message: session not created: This version of ChromeDriver only supports Chrome version 11...55fe83e0b6b8 <unknown>\n#16 0x55fe83e0b847 <unknown>\n#17 0x55fe83e1b243 <unknown>\n#18 0x7f134b269ea7 start_thread\n')
jira_datasets = {'custom_issues': [], 'issue_id': '207706', 'issue_key': 'AAFAIA-2198', 'issues': [['AABIS-1', '914565', 'AABIS'], ['A...', 'AABIS'], ['AABIS-4', '914568', 'AABIS'], ['AABIS-5', '914569', 'AABIS'], ['AABIS-6', '914570', 'AABIS'], ...], ...}
jira_screen_shots = None

    def test_0_selenium_a_login(jira_webdriver, jira_datasets, jira_screen_shots):
>       modules.login(jira_webdriver, jira_datasets)

selenium_ui/jira_ui.py:7: 
_ _ _ _ _ _ _ _ _ _ _ _ _ _ _ _ _ _ _ _ _ _ _ _ _ _ _ _ _ _ _ _ _ _ _ _ _ _ _ _ 
selenium_ui/jira/modules.py:74: in login
    measure()
_ _ _ _ _ _ _ _ _ _ _ _ _ _ _ _ _ _ _ _ _ _ _ _ _ _ _ _ _ _ _ _ _ _ _ _ _ _ _ _ 

args = (), kwargs = {}, node_ip = '', start = 1692259403.818711
error_msg = 'Failed measure: selenium_login - Exception'
full_exception = Exception('Failed measure: selenium_login:open_login_page - Exception', Exception('Message: session not created: This ...5fe83e0b6b8 <unknown>\n#16 0x55fe83e0b847 <unknown>\n#17 0x55fe83e1b243 <unknown>\n#18 0x7f134b269ea7 start_thread\n'))
success = False, exc_type = <class 'Exception'>, end = 1692259403.8189118
timing = '0'
lockfile = '/dc-app-performance-toolkit/app/results/jira/2023-08-17_08-02-48/selenium.jtl.lock'

    @functools.wraps(func)
    def wrapper(*args, **kwargs):
        if LOGIN_ACTION_NAME in interaction:
            globals.login_failed = False
        if globals.login_failed:
            pytest.skip("login is failed")
        node_ip = ""
        start = time()
        error_msg = 'Success'
        full_exception = ''
        if args:
            driver = [arg for arg in args if isinstance(arg, Chrome)]
            node_ip = "" if not driver else getattr(driver[0], "node_ip", "")
        try:
            func(*args, **kwargs)
            success = True
        except Exception:
            success = False
            # https://docs.python.org/2/library/sys.html#sys.exc_info
            exc_type, full_exception = sys.exc_info()[:2]
            error_msg = f"Failed measure: {interaction} - {exc_type.__name__}"
        end = time()
        timing = str(int((end - start) * 1000))
    
        lockfile = f'{selenium_results_file}.lock'
    
        with filelock.SoftFileLock(lockfile):
            with open(selenium_results_file, "a+") as jtl_file:
                timestamp = round(time() * 1000)
                if explicit_timing:
                    jtl_file.write(f"{timestamp},{explicit_timing*1000},{interaction},,{error_msg},"
                                   f",{success},0,0,0,0,,0\n")
                else:
                    jtl_file.write(f"{timestamp},{timing},{interaction},,{error_msg}"
                                   f",,{success},0,0,0,0,{node_ip},0\n")
    
        print(f"{timestamp},{timing},{interaction},{error_msg},{success},{node_ip}")
    
        if not success:
            if LOGIN_ACTION_NAME in interaction:
                globals.login_failed = True
>           raise Exception(error_msg, full_exception)
E           Exception: ('Failed measure: selenium_login - Exception', Exception('Failed measure: selenium_login:open_login_page - Exception', Exception('Message: session not created: This version of ChromeDriver only supports Chrome version 114\nCurrent browser version is 116.0.5845.96 with binary path /usr/bin/google-chrome\nStacktrace:\n#0 0x55fe83e224e3 <unknown>\n#1 0x55fe83b51c76 <unknown>\n#2 0x55fe83b7f04a <unknown>\n#3 0x55fe83b7a4a1 <unknown>\n#4 0x55fe83b77029 <unknown>\n#5 0x55fe83bb5ccc <unknown>\n#6 0x55fe83bb547f <unknown>\n#7 0x55fe83bacde3 <unknown>\n#8 0x55fe83b822dd <unknown>\n#9 0x55fe83b8334e <unknown>\n#10 0x55fe83de23e4 <unknown>\n#11 0x55fe83de63d7 <unknown>\n#12 0x55fe83df0b20 <unknown>\n#13 0x55fe83de7023 <unknown>\n#14 0x55fe83db51aa <unknown>\n#15 0x55fe83e0b6b8 <unknown>\n#16 0x55fe83e0b847 <unknown>\n#17 0x55fe83e1b243 <unknown>\n#18 0x7f134b269ea7 start_thread\n')))

selenium_ui/conftest.py:169: Exception

Etest_0_selenium_a_login,Total:71 Passed:0 Failed:6
stest_1_selenium_view_project_summary,Total:72 Passed:0 Failed:6
stest_1_selenium_browse_projects_list,Total:73 Passed:0 Failed:6
stest_1_selenium_browse_boards_list,Total:74 Passed:0 Failed:6
stest_1_selenium_create_issue,Total:75 Passed:0 Failed:6
stest_1_selenium_edit_issue,Total:76 Passed:0 Failed:6
stest_1_selenium_save_comment,Total:77 Passed:0 Failed:6
stest_1_selenium_search_jql,Total:78 Passed:0 Failed:6
stest_1_selenium_view_backlog_for_scrum_board,Total:79 Passed:0 Failed:6
stest_1_selenium_view_scrum_board,Total:80 Passed:0 Failed:6
stest_1_selenium_view_kanban_board,Total:81 Passed:0 Failed:6
stest_1_selenium_view_dashboard,Total:82 Passed:0 Failed:6
stest_1_selenium_view_issue,Total:83 Passed:0 Failed:6
stest_2_selenium_z_log_out,Total:84 Passed:0 Failed:6


==================================== ERRORS ====================================
_________________ ERROR at teardown of test_0_selenium_a_login _________________

request = <SubRequest 'jira_screen_shots' for <Function test_0_selenium_a_login>>
jira_webdriver = WebDriverExceptionPostpone('Message: session not created: This version of ChromeDriver only supports Chrome version 11...55fe83e0b6b8 <unknown>\n#16 0x55fe83e0b847 <unknown>\n#17 0x55fe83e1b243 <unknown>\n#18 0x7f134b269ea7 start_thread\n')

    @pytest.fixture
    def jira_screen_shots(request, jira_webdriver):
        yield
>       get_screen_shots(request, jira_webdriver)

selenium_ui/conftest.py:395: 
_ _ _ _ _ _ _ _ _ _ _ _ _ _ _ _ _ _ _ _ _ _ _ _ _ _ _ _ _ _ _ _ _ _ _ _ _ _ _ _ 

request = <SubRequest 'jira_screen_shots' for <Function test_0_selenium_a_login>>
webdriver = WebDriverExceptionPostpone('Message: session not created: This version of ChromeDriver only supports Chrome version 11...55fe83e0b6b8 <unknown>\n#16 0x55fe83e0b847 <unknown>\n#17 0x55fe83e1b243 <unknown>\n#18 0x7f134b269ea7 start_thread\n')

    def get_screen_shots(request, webdriver):
        # request.node is an "item" because we use the default
        # "function" scope
        if request.node.rep_call.failed:
            mode = "w" if not selenium_error_file.exists() else "a+"
            action_name = request.node.rep_call.head_line
            error_text = request.node.rep_call.longreprtext
            with open(selenium_error_file, mode) as err_file:
                timestamp = round(time() * 1000)
                dt = datetime.datetime.now()
                utc_time = dt.replace(tzinfo=timezone.utc)
                str_time = utc_time.strftime("%m-%d-%Y, %H:%M:%S")
                str_time_stamp = f'{str_time}, {timestamp}'
                err_file.write(f"{str_time_stamp}, Action: {action_name}, Error: {error_text}\n")
            print(f"Action: {action_name}, Error: {error_text}\n")
            errors_artifacts = ENV_TAURUS_ARTIFACT_DIR / 'errors_artifacts'
            errors_artifacts.mkdir(parents=True, exist_ok=True)
            error_artifact_name = errors_artifacts / datetime_now(action_name)
>           webdriver.save_screenshot('{}.png'.format(error_artifact_name))
E           AttributeError: 'WebDriverExceptionPostpone' object has no attribute 'save_screenshot'

selenium_ui/conftest.py:440: AttributeError
=================================== FAILURES ===================================
___________________________ test_0_selenium_a_login ____________________________

jira_webdriver = WebDriverExceptionPostpone('Message: session not created: This version of ChromeDriver only supports Chrome version 11...55fe83e0b6b8 <unknown>\n#16 0x55fe83e0b847 <unknown>\n#17 0x55fe83e1b243 <unknown>\n#18 0x7f134b269ea7 start_thread\n')
jira_datasets = {'custom_issues': [], 'issue_id': '207706', 'issue_key': 'AAFAIA-2198', 'issues': [['AABIS-1', '914565', 'AABIS'], ['A...', 'AABIS'], ['AABIS-4', '914568', 'AABIS'], ['AABIS-5', '914569', 'AABIS'], ['AABIS-6', '914570', 'AABIS'], ...], ...}
jira_screen_shots = None

    def test_0_selenium_a_login(jira_webdriver, jira_datasets, jira_screen_shots):
>       modules.login(jira_webdriver, jira_datasets)

selenium_ui/jira_ui.py:7: 
_ _ _ _ _ _ _ _ _ _ _ _ _ _ _ _ _ _ _ _ _ _ _ _ _ _ _ _ _ _ _ _ _ _ _ _ _ _ _ _ 
selenium_ui/jira/modules.py:74: in login
    measure()
_ _ _ _ _ _ _ _ _ _ _ _ _ _ _ _ _ _ _ _ _ _ _ _ _ _ _ _ _ _ _ _ _ _ _ _ _ _ _ _ 

args = (), kwargs = {}, node_ip = '', start = 1692259403.818711
error_msg = 'Failed measure: selenium_login - Exception'
full_exception = Exception('Failed measure: selenium_login:open_login_page - Exception', Exception('Message: session not created: This ...5fe83e0b6b8 <unknown>\n#16 0x55fe83e0b847 <unknown>\n#17 0x55fe83e1b243 <unknown>\n#18 0x7f134b269ea7 start_thread\n'))
success = False, exc_type = <class 'Exception'>, end = 1692259403.8189118
timing = '0'
lockfile = '/dc-app-performance-toolkit/app/results/jira/2023-08-17_08-02-48/selenium.jtl.lock'

    @functools.wraps(func)
    def wrapper(*args, **kwargs):
        if LOGIN_ACTION_NAME in interaction:
            globals.login_failed = False
        if globals.login_failed:
            pytest.skip("login is failed")
        node_ip = ""
        start = time()
        error_msg = 'Success'
        full_exception = ''
        if args:
            driver = [arg for arg in args if isinstance(arg, Chrome)]
            node_ip = "" if not driver else getattr(driver[0], "node_ip", "")
        try:
            func(*args, **kwargs)
            success = True
        except Exception:
            success = False
            # https://docs.python.org/2/library/sys.html#sys.exc_info
            exc_type, full_exception = sys.exc_info()[:2]
            error_msg = f"Failed measure: {interaction} - {exc_type.__name__}"
        end = time()
        timing = str(int((end - start) * 1000))
    
        lockfile = f'{selenium_results_file}.lock'
    
        with filelock.SoftFileLock(lockfile):
            with open(selenium_results_file, "a+") as jtl_file:
                timestamp = round(time() * 1000)
                if explicit_timing:
                    jtl_file.write(f"{timestamp},{explicit_timing*1000},{interaction},,{error_msg},"
                                   f",{success},0,0,0,0,,0\n")
                else:
                    jtl_file.write(f"{timestamp},{timing},{interaction},,{error_msg}"
                                   f",,{success},0,0,0,0,{node_ip},0\n")
    
        print(f"{timestamp},{timing},{interaction},{error_msg},{success},{node_ip}")
    
        if not success:
            if LOGIN_ACTION_NAME in interaction:
                globals.login_failed = True
>           raise Exception(error_msg, full_exception)
E           Exception: ('Failed measure: selenium_login - Exception', Exception('Failed measure: selenium_login:open_login_page - Exception', Exception('Message: session not created: This version of ChromeDriver only supports Chrome version 114\nCurrent browser version is 116.0.5845.96 with binary path /usr/bin/google-chrome\nStacktrace:\n#0 0x55fe83e224e3 <unknown>\n#1 0x55fe83b51c76 <unknown>\n#2 0x55fe83b7f04a <unknown>\n#3 0x55fe83b7a4a1 <unknown>\n#4 0x55fe83b77029 <unknown>\n#5 0x55fe83bb5ccc <unknown>\n#6 0x55fe83bb547f <unknown>\n#7 0x55fe83bacde3 <unknown>\n#8 0x55fe83b822dd <unknown>\n#9 0x55fe83b8334e <unknown>\n#10 0x55fe83de23e4 <unknown>\n#11 0x55fe83de63d7 <unknown>\n#12 0x55fe83df0b20 <unknown>\n#13 0x55fe83de7023 <unknown>\n#14 0x55fe83db51aa <unknown>\n#15 0x55fe83e0b6b8 <unknown>\n#16 0x55fe83e0b847 <unknown>\n#17 0x55fe83e1b243 <unknown>\n#18 0x7f134b269ea7 start_thread\n')))

selenium_ui/conftest.py:169: Exception
=============================== warnings summary ===============================
../../root/.bzt/python-packages/3.11.4/_pytest/config/__init__.py:1204
  /root/.bzt/python-packages/3.11.4/_pytest/config/__init__.py:1204: PytestAssertRewriteWarning: Module already imported so cannot be rewritten: apiritif
    self._mark_plugins_for_rewrite(hook)

-- Docs: https://docs.pytest.org/en/stable/how-to/capture-warnings.html
=========================== short test summary info ============================
FAILED selenium_ui/jira_ui.py::test_0_selenium_a_login - Exception: ('Failed ...
ERROR selenium_ui/jira_ui.py::test_0_selenium_a_login - AttributeError: 'WebD...
============== 1 failed, 13 skipped, 1 warning, 1 error in 0.68s ===============
============================= test session starts ==============================
platform linux -- Python 3.11.4, pytest-7.4.0, pluggy-1.2.0
rootdir: /dc-app-performance-toolkit/app
plugins: xdist-3.3.1, apiritif-1.1.3
collected 14 items

selenium_ui/jira_ui.py 1692259404551,0,selenium_login:open_login_page,Failed measure: selenium_login:open_login_page - Exception,False,
1692259404551,0,selenium_login,Failed measure: selenium_login - Exception,False,
FAction: test_0_selenium_a_login, Error: jira_webdriver = WebDriverExceptionPostpone('Message: session not created: This version of ChromeDriver only supports Chrome version 11...5582689956b8 <unknown>\n#16 0x558268995847 <unknown>\n#17 0x5582689a5243 <unknown>\n#18 0x7fb8eebe9ea7 start_thread\n')
jira_datasets = {'custom_issues': [], 'issue_id': '208566', 'issue_key': 'AAFAIA-3058', 'issues': [['AABIS-1', '914565', 'AABIS'], ['A...', 'AABIS'], ['AABIS-4', '914568', 'AABIS'], ['AABIS-5', '914569', 'AABIS'], ['AABIS-6', '914570', 'AABIS'], ...], ...}
jira_screen_shots = None

    def test_0_selenium_a_login(jira_webdriver, jira_datasets, jira_screen_shots):
>       modules.login(jira_webdriver, jira_datasets)

selenium_ui/jira_ui.py:7: 
_ _ _ _ _ _ _ _ _ _ _ _ _ _ _ _ _ _ _ _ _ _ _ _ _ _ _ _ _ _ _ _ _ _ _ _ _ _ _ _ 
selenium_ui/jira/modules.py:74: in login
    measure()
_ _ _ _ _ _ _ _ _ _ _ _ _ _ _ _ _ _ _ _ _ _ _ _ _ _ _ _ _ _ _ _ _ _ _ _ _ _ _ _ 

args = (), kwargs = {}, node_ip = '', start = 1692259404.5511565
error_msg = 'Failed measure: selenium_login - Exception'
full_exception = Exception('Failed measure: selenium_login:open_login_page - Exception', Exception('Message: session not created: This ...582689956b8 <unknown>\n#16 0x558268995847 <unknown>\n#17 0x5582689a5243 <unknown>\n#18 0x7fb8eebe9ea7 start_thread\n'))
[...]
webdriver = WebDriverExceptionPostpone('Message: session not created: This version of ChromeDriver only supports Chrome version 11...557b9c8db6b8 <unknown>\n#16 0x557b9c8db847 <unknown>\n#17 0x557b9c8eb243 <unknown>\n#18 0x7ff5eaff5ea7 start_thread\n')

    def get_screen_shots(request, webdriver):
        # request.node is an "item" because we use the default
        # "function" scope
        if request.node.rep_call.failed:
            mode = "w" if not selenium_error_file.exists() else "a+"
            action_name = request.node.rep_call.head_line
            error_text = request.node.rep_call.longreprtext
            with open(selenium_error_file, mode) as err_file:
                timestamp = round(time() * 1000)
                dt = datetime.datetime.now()
                utc_time = dt.replace(tzinfo=timezone.utc)
                str_time = utc_time.strftime("%m-%d-%Y, %H:%M:%S")
                str_time_stamp = f'{str_time}, {timestamp}'
                err_file.write(f"{str_time_stamp}, Action: {action_name}, Error: {error_text}\n")
            print(f"Action: {action_name}, Error: {error_text}\n")
            errors_artifacts = ENV_TAURUS_ARTIFACT_DIR / 'errors_artifacts'
            errors_artifacts.mkdir(parents=True, exist_ok=True)
            error_artifact_name = errors_artifacts / datetime_now(action_name)
>           webdriver.save_screenshot('{}.png'.format(error_artifact_name))
E           AttributeError: 'WebDriverExceptionPostpone' object has no attribute 'save_screenshot'

selenium_ui/conftest.py:440: AttributeError
=================================== FAILURES ===================================
___________________________ test_0_selenium_a_login ____________________________

jira_webdriver = WebDriverExceptionPostpone('Message: session not created: This version of ChromeDriver only supports Chrome version 11...557b9c8db6b8 <unknown>\n#16 0x557b9c8db847 <unknown>\n#17 0x557b9c8eb243 <unknown>\n#18 0x7ff5eaff5ea7 start_thread\n')
jira_datasets = {'custom_issues': [], 'issue_id': '211228', 'issue_key': 'AAFAIA-5720', 'issues': [['AABIS-1', '914565', 'AABIS'], ['A...', 'AABIS'], ['AABIS-4', '914568', 'AABIS'], ['AABIS-5', '914569', 'AABIS'], ['AABIS-6', '914570', 'AABIS'], ...], ...}
jira_screen_shots = None

    def test_0_selenium_a_login(jira_webdriver, jira_datasets, jira_screen_shots):
>       modules.login(jira_webdriver, jira_datasets)

selenium_ui/jira_ui.py:7: 
_ _ _ _ _ _ _ _ _ _ _ _ _ _ _ _ _ _ _ _ _ _ _ _ _ _ _ _ _ _ _ _ _ _ _ _ _ _ _ _ 
selenium_ui/jira/modules.py:74: in login
    measure()
_ _ _ _ _ _ _ _ _ _ _ _ _ _ _ _ _ _ _ _ _ _ _ _ _ _ _ _ _ _ _ _ _ _ _ _ _ _ _ _ 

args = (), kwargs = {}, node_ip = '', start = 1692259412.4465597
error_msg = 'Failed measure: selenium_login - Exception'
full_exception = Exception('Failed measure: selenium_login:open_login_page - Exception', Exception('Message: session not created: This ...57b9c8db6b8 <unknown>\n#16 0x557b9c8db847 <unknown>\n#17 0x557b9c8eb243 <unknown>\n#18 0x7ff5eaff5ea7 start_thread\n'))
success = False, exc_type = <class 'Exception'>, end = 1692259412.446751
timing = '0'
lockfile = '/dc-app-performance-toolkit/app/results/jira/2023-08-17_08-02-48/selenium.jtl.lock'

    @functools.wraps(func)
    def wrapper(*args, **kwargs):
        if LOGIN_ACTION_NAME in interaction:
            globals.login_failed = False
        if globals.login_failed:
            pytest.skip("login is failed")
        node_ip = ""
        start = time()
        error_msg = 'Success'
        full_exception = ''
        if args:
            driver = [arg for arg in args if isinstance(arg, Chrome)]
            node_ip = "" if not driver else getattr(driver[0], "node_ip", "")
        try:
            func(*args, **kwargs)
            success = True
        except Exception:
            success = False
            # https://docs.python.org/2/library/sys.html#sys.exc_info
            exc_type, full_exception = sys.exc_info()[:2]
            error_msg = f"Failed measure: {interaction} - {exc_type.__name__}"
        end = time()
        timing = str(int((end - start) * 1000))
    
        lockfile = f'{selenium_results_file}.lock'
    
        with filelock.SoftFileLock(lockfile):
            with open(selenium_results_file, "a+") as jtl_file:
                timestamp = round(time() * 1000)
                if explicit_timing:
                    jtl_file.write(f"{timestamp},{explicit_timing*1000},{interaction},,{error_msg},"
                                   f",{success},0,0,0,0,,0\n")
                else:
                    jtl_file.write(f"{timestamp},{timing},{interaction},,{error_msg}"
                                   f",,{success},0,0,0,0,{node_ip},0\n")
    
        print(f"{timestamp},{timing},{interaction},{error_msg},{success},{node_ip}")
    
        if not success:
            if LOGIN_ACTION_NAME in interaction:
                globals.login_failed = True
>           raise Exception(error_msg, full_exception)
E           Exception: ('Failed measure: selenium_login - Exception', Exception('Failed measure: selenium_login:open_login_page - Exception', Exception('Message: session not created: This version of ChromeDriver only supports Chrome version 114\nCurrent browser version is 116.0.5845.96 with binary path /usr/bin/google-chrome\nStacktrace:\n#0 0x557b9c8f24e3 <unknown>\n#1 0x557b9c621c76 <unknown>\n#2 0x557b9c64f04a <unknown>\n#3 0x557b9c64a4a1 <unknown>\n#4 0x557b9c647029 <unknown>\n#5 0x557b9c685ccc <unknown>\n#6 0x557b9c68547f <unknown>\n#7 0x557b9c67cde3 <unknown>\n#8 0x557b9c6522dd <unknown>\n#9 0x557b9c65334e <unknown>\n#10 0x557b9c8b23e4 <unknown>\n#11 0x557b9c8b63d7 <unknown>\n#12 0x557b9c8c0b20 <unknown>\n#13 0x557b9c8b7023 <unknown>\n#14 0x557b9c8851aa <unknown>\n#15 0x557b9c8db6b8 <unknown>\n#16 0x557b9c8db847 <unknown>\n#17 0x557b9c8eb243 <unknown>\n#18 0x7ff5eaff5ea7 start_thread\n')))

selenium_ui/conftest.py:169: Exception
=============================== warnings summary ===============================
../../root/.bzt/python-packages/3.11.4/_pytest/config/__init__.py:1204
  /root/.bzt/python-packages/3.11.4/_pytest/config/__init__.py:1204: PytestAssertRewriteWarning: Module already imported so cannot be rewritten: apiritif
    self._mark_plugins_for_rewrite(hook)

-- Docs: https://docs.pytest.org/en/stable/how-to/capture-warnings.html
=========================== short test summary info ============================
FAILED selenium_ui/jira_ui.py::test_0_selenium_a_login - Exception: ('Failed ...
ERROR selenium_ui/jira_ui.py::test_0_selenium_a_login - AttributeError: 'WebD...
============== 1 failed, 13 skipped, 1 warning, 1 error in 0.69s ===============
============================= test session starts ==============================
platform linux -- Python 3.11.4, pytest-7.4.0, pluggy-1.2.0
rootdir: /dc-app-performance-toolkit/app
plugins: xdist-3.3.1, apiritif-1.1.3
collected 14 items

selenium_ui/jira_ui.py 1692259413152,0,selenium_login:open_login_page,Failed measure: selenium_login:open_login_page - Exception,False,
1692259413152,0,selenium_login,Failed measure: selenium_login - Exception,False,
FAction: test_0_selenium_a_login, Error: jira_webdriver = WebDriverExceptionPostpone('Message: session not created: This version of ChromeDriver only supports Chrome version 11...55f6deee16b8 <unknown>\n#16 0x55f6deee1847 <unknown>\n#17 0x55f6deef1243 <unknown>\n#18 0x7f3d893dbea7 start_thread\n')
jira_datasets = {'custom_issues': [], 'issue_id': '915205', 'issue_key': 'AABIS-641', 'issues': [['AABIS-1', '914565', 'AABIS'], ['AAB...', 'AABIS'], ['AABIS-4', '914568', 'AABIS'], ['AABIS-5', '914569', 'AABIS'], ['AABIS-6', '914570', 'AABIS'], ...], ...}
jira_screen_shots = None

    def test_0_selenium_a_login(jira_webdriver, jira_datasets, jira_screen_shots):
>       modules.login(jira_webdriver, jira_datasets)

selenium_ui/jira_ui.py:7: 
_ _ _ _ _ _ _ _ _ _ _ _ _ _ _ _ _ _ _ _ _ _ _ _ _ _ _ _ _ _ _ _ _ _ _ _ _ _ _ _ 
selenium_ui/jira/modules.py:74: in login
    measure()
_ _ _ _ _ _ _ _ _ _ _ _ _ _ _ _ _ _ _ _ _ _ _ _ _ _ _ _ _ _ _ _ _ _ _ _ _ _ _ _ 

args = (), kwargs = {}, node_ip = '', start = 1692259413.151432
error_msg = 'Failed measure: selenium_login - Exception'
full_exception = Exception('Failed measure: selenium_login:open_login_page - Exception', Exception('Message: session not created: This ...5f6deee16b8 <unknown>\n#16 0x55f6deee1847 <unknown>\n#17 0x55f6deef1243 <unknown>\n#18 0x7f3d893dbea7 start_thread\n'))
success = False, exc_type = <class 'Exception'>, end = 1692259413.1516292
timing = '0'
lockfile = '/dc-app-performance-toolkit/app/results/jira/2023-08-17_08-02-48/selenium.jtl.lock'

    @functools.wraps(func)
    def wrapper(*args, **kwargs):
        if LOGIN_ACTION_NAME in interaction:
            globals.login_failed = False
        if globals.login_failed:
            pytest.skip("login is failed")
        node_ip = ""
        start = time()
        error_msg = 'Success'
        full_exception = ''
        if args:
            driver = [arg for arg in args if isinstance(arg, Chrome)]
            node_ip = "" if not driver else getattr(driver[0], "node_ip", "")
        try:
            func(*args, **kwargs)
            success = True
        except Exception:
            success = False
            # https://docs.python.org/2/library/sys.html#sys.exc_info
            exc_type, full_exception = sys.exc_info()[:2]
            error_msg = f"Failed measure: {interaction} - {exc_type.__name__}"
        end = time()
        timing = str(int((end - start) * 1000))
    
        lockfile = f'{selenium_results_file}.lock'
    
        with filelock.SoftFileLock(lockfile):
            with open(selenium_results_file, "a+") as jtl_file:
                timestamp = round(time() * 1000)
                if explicit_timing:
                    jtl_file.write(f"{timestamp},{explicit_timing*1000},{interaction},,{error_msg},"
                                   f",{success},0,0,0,0,,0\n")
                else:
                    jtl_file.write(f"{timestamp},{timing},{interaction},,{error_msg}"
                                   f",,{success},0,0,0,0,{node_ip},0\n")
    
        print(f"{timestamp},{timing},{interaction},{error_msg},{success},{node_ip}")
    
        if not success:
            if LOGIN_ACTION_NAME in interaction:
                globals.login_failed = True
>           raise Exception(error_msg, full_exception)
E           Exception: ('Failed measure: selenium_login - Exception', Exception('Failed measure: selenium_login:open_login_page - Exception', Exception('Message: session not created: This version of ChromeDriver only supports Chrome version 114\nCurrent browser version is 116.0.5845.96 with binary path /usr/bin/google-chrome\nStacktrace:\n#0 0x55f6deef84e3 <unknown>\n#1 0x55f6dec27c76 <unknown>\n#2 0x55f6dec5504a <unknown>\n#3 0x55f6dec504a1 <unknown>\n#4 0x55f6dec4d029 <unknown>\n#5 0x55f6dec8bccc <unknown>\n#6 0x55f6dec8b47f <unknown>\n#7 0x55f6dec82de3 <unknown>\n#8 0x55f6dec582dd <unknown>\n#9 0x55f6dec5934e <unknown>\n#10 0x55f6deeb83e4 <unknown>\n#11 0x55f6deebc3d7 <unknown>\n#12 0x55f6deec6b20 <unknown>\n#13 0x55f6deebd023 <unknown>\n#14 0x55f6dee8b1aa <unknown>\n#15 0x55f6deee16b8 <unknown>\n#16 0x55f6deee1847 <unknown>\n#17 0x55f6deef1243 <unknown>\n#18 0x7f3d893dbea7 start_thread\n')))

selenium_ui/conftest.py:169: Exception

Etest_0_selenium_a_login,Total:253 Passed:0 Failed:19
stest_1_selenium_view_project_summary,Total:254 Passed:0 Failed:19
stest_1_selenium_browse_projects_list,Total:255 Passed:0 Failed:19
stest_1_selenium_browse_boards_list,Total:256 Passed:0 Failed:19
stest_1_selenium_create_issue,Total:257 Passed:0 Failed:19
stest_1_selenium_edit_issue,Total:258 Passed:0 Failed:19
stest_1_selenium_save_comment,Total:259 Passed:0 Failed:19
stest_1_selenium_search_jql,Total:260 Passed:0 Failed:19
stest_1_selenium_view_backlog_for_scrum_board,Total:261 Passed:0 Failed:19
stest_1_selenium_view_scrum_board,Total:262 Passed:0 Failed:19
stest_1_selenium_view_kanban_board,Total:263 Passed:0 Failed:19
stest_1_selenium_view_dashboard,Total:264 Passed:0 Failed:19
stest_1_selenium_view_issue,Total:265 Passed:0 Failed:19
stest_2_selenium_z_log_out,Total:266 Passed:0 Failed:19


==================================== ERRORS ====================================
_________________ ERROR at teardown of test_0_selenium_a_login _________________

request = <SubRequest 'jira_screen_shots' for <Function test_0_selenium_a_login>>
jira_webdriver = WebDriverExceptionPostpone('Message: session not created: This version of ChromeDriver only supports Chrome version 11...55f6deee16b8 <unknown>\n#16 0x55f6deee1847 <unknown>\n#17 0x55f6deef1243 <unknown>\n#18 0x7f3d893dbea7 start_thread\n')

    @pytest.fixture
    def jira_screen_shots(request, jira_webdriver):
        yield
>       get_screen_shots(request, jira_webdriver)

selenium_ui/conftest.py:395: 
_ _ _ _ _ _ _ _ _ _ _ _ _ _ _ _ _ _ _ _ _ _ _ _ _ _ _ _ _ _ _ _ _ _ _ _ _ _ _ _ 

request = <SubRequest 'jira_screen_shots' for <Function test_0_selenium_a_login>>
webdriver = WebDriverExceptionPostpone('Message: session not created: This version of ChromeDriver only supports Chrome version 11...55f6deee16b8 <unknown>\n#16 0x55f6deee1847 <unknown>\n#17 0x55f6deef1243 <unknown>\n#18 0x7f3d893dbea7 start_thread\n')

    def get_screen_shots(request, webdriver):
        # request.node is an "item" because we use the default
        # "function" scope
        if request.node.rep_call.failed:
            mode = "w" if not selenium_error_file.exists() else "a+"
            action_name = request.node.rep_call.head_line
            error_text = request.node.rep_call.longreprtext
            with open(selenium_error_file, mode) as err_file:
                timestamp = round(time() * 1000)
                dt = datetime.datetime.now()
                utc_time = dt.replace(tzinfo=timezone.utc)
                str_time = utc_time.strftime("%m-%d-%Y, %H:%M:%S")
                str_time_stamp = f'{str_time}, {timestamp}'
                err_file.write(f"{str_time_stamp}, Action: {action_name}, Error: {error_text}\n")
            print(f"Action: {action_name}, Error: {error_text}\n")
            errors_artifacts = ENV_TAURUS_ARTIFACT_DIR / 'errors_artifacts'
            errors_artifacts.mkdir(parents=True, exist_ok=True)
            error_artifact_name = errors_artifacts / datetime_now(action_name)
>           webdriver.save_screenshot('{}.png'.format(error_artifact_name))
E           AttributeError: 'WebDriverExceptionPostpone' object has no attribute 'save_screenshot'

selenium_ui/conftest.py:440: AttributeError
=================================== FAILURES ===================================
___________________________ test_0_selenium_a_login ____________________________

jira_webdriver = WebDriverExceptionPostpone('Message: session not created: This version of ChromeDriver only supports Chrome version 11...55f6deee16b8 <unknown>\n#16 0x55f6deee1847 <unknown>\n#17 0x55f6deef1243 <unknown>\n#18 0x7f3d893dbea7 start_thread\n')
jira_datasets = {'custom_issues': [], 'issue_id': '915205', 'issue_key': 'AABIS-641', 'issues': [['AABIS-1', '914565', 'AABIS'], ['AAB...', 'AABIS'], ['AABIS-4', '914568', 'AABIS'], ['AABIS-5', '914569', 'AABIS'], ['AABIS-6', '914570', 'AABIS'], ...], ...}
jira_screen_shots = None

    def test_0_selenium_a_login(jira_webdriver, jira_datasets, jira_screen_shots):
>       modules.login(jira_webdriver, jira_datasets)

selenium_ui/jira_ui.py:7: 
_ _ _ _ _ _ _ _ _ _ _ _ _ _ _ _ _ _ _ _ _ _ _ _ _ _ _ _ _ _ _ _ _ _ _ _ _ _ _ _ 
selenium_ui/jira/modules.py:74: in login
    measure()
_ _ _ _ _ _ _ _ _ _ _ _ _ _ _ _ _ _ _ _ _ _ _ _ _ _ _ _ _ _ _ _ _ _ _ _ _ _ _ _ 

args = (), kwargs = {}, node_ip = '', start = 1692259413.151432
error_msg = 'Failed measure: selenium_login - Exception'
full_exception = Exception('Failed measure: selenium_login:open_login_page - Exception', Exception('Message: session not created: This ...5f6deee16b8 <unknown>\n#16 0x55f6deee1847 <unknown>\n#17 0x55f6deef1243 <unknown>\n#18 0x7f3d893dbea7 start_thread\n'))
success = False, exc_type = <class 'Exception'>, end = 1692259413.1516292
timing = '0'
lockfile = '/dc-app-performance-toolkit/app/results/jira/2023-08-17_08-02-48/selenium.jtl.lock'

    @functools.wraps(func)
    def wrapper(*args, **kwargs):
        if LOGIN_ACTION_NAME in interaction:
            globals.login_failed = False
        if globals.login_failed:
            pytest.skip("login is failed")
        node_ip = ""
        start = time()
        error_msg = 'Success'
        full_exception = ''
        if args:
            driver = [arg for arg in args if isinstance(arg, Chrome)]
            node_ip = "" if not driver else getattr(driver[0], "node_ip", "")
        try:
            func(*args, **kwargs)
            success = True
        except Exception:
            success = False
            # https://docs.python.org/2/library/sys.html#sys.exc_info
            exc_type, full_exception = sys.exc_info()[:2]
            error_msg = f"Failed measure: {interaction} - {exc_type.__name__}"
        end = time()
        timing = str(int((end - start) * 1000))
    
        lockfile = f'{selenium_results_file}.lock'
    
        with filelock.SoftFileLock(lockfile):
            with open(selenium_results_file, "a+") as jtl_file:
                timestamp = round(time() * 1000)
                if explicit_timing:
                    jtl_file.write(f"{timestamp},{explicit_timing*1000},{interaction},,{error_msg},"
                                   f",{success},0,0,0,0,,0\n")
                else:
                    jtl_file.write(f"{timestamp},{timing},{interaction},,{error_msg}"
                                   f",,{success},0,0,0,0,{node_ip},0\n")
    
        print(f"{timestamp},{timing},{interaction},{error_msg},{success},{node_ip}")
    
        if not success:
            if LOGIN_ACTION_NAME in interaction:
                globals.login_failed = True
>           raise Exception(error_msg, full_exception)
E           Exception: ('Failed measure: selenium_login - Exception', Exception('Failed measure: selenium_login:open_login_page - Exception', Exception('Message: session not created: This version of ChromeDriver only supports Chrome version 114\nCurrent browser version is 116.0.5845.96 with binary path /usr/bin/google-chrome\nStacktrace:\n#0 0x55f6deef84e3 <unknown>\n#1 0x55f6dec27c76 <unknown>\n#2 0x55f6dec5504a <unknown>\n#3 0x55f6dec504a1 <unknown>\n#4 0x55f6dec4d029 <unknown>\n#5 0x55f6dec8bccc <unknown>\n#6 0x55f6dec8b47f <unknown>\n#7 0x55f6dec82de3 <unknown>\n#8 0x55f6dec582dd <unknown>\n#9 0x55f6dec5934e <unknown>\n#10 0x55f6deeb83e4 <unknown>\n#11 0x55f6deebc3d7 <unknown>\n#12 0x55f6deec6b20 <unknown>\n#13 0x55f6deebd023 <unknown>\n#14 0x55f6dee8b1aa <unknown>\n#15 0x55f6deee16b8 <unknown>\n#16 0x55f6deee1847 <unknown>\n#17 0x55f6deef1243 <unknown>\n#18 0x7f3d893dbea7 start_thread\n')))

selenium_ui/conftest.py:169: Exception
=============================== warnings summary ===============================
../../root/.bzt/python-packages/3.11.4/_pytest/config/__init__.py:1204
  /root/.bzt/python-packages/3.11.4/_pytest/config/__init__.py:1204: PytestAssertRewriteWarning: Module already imported so cannot be rewritten: apiritif
    self._mark_plugins_for_rewrite(hook)

-- Docs: https://docs.pytest.org/en/stable/how-to/capture-warnings.html
=========================== short test summary info ============================
FAILED selenium_ui/jira_ui.py::test_0_selenium_a_login - Exception: ('Failed ...
ERROR selenium_ui/jira_ui.py::test_0_selenium_a_login - AttributeError: 'WebD...
============== 1 failed, 13 skipped, 1 warning, 1 error in 0.68s ===============
============================= test session starts ==============================
platform linux -- Python 3.11.4, pytest-7.4.0, pluggy-1.2.0
rootdir: /dc-app-performance-toolkit/app
plugins: xdist-3.3.1, apiritif-1.1.3
collected 14 items

selenium_ui/jira_ui.py 