============================= test session starts ==============================
platform linux -- Python 3.11.4, pytest-7.4.0, pluggy-1.2.0
rootdir: /dc-app-performance-toolkit/app
plugins: xdist-3.3.1, apiritif-1.1.3
collected 14 items

selenium_ui/jira_ui.py first driver inits
1692453543651,1461,selenium_login:open_login_page,Success,True,
node_id:jira-0
1692453584018,40367,selenium_login:login_and_view_dashboard,Success,True,
1692453584019,41829,selenium_login,Success,True,
.test_0_selenium_a_login,Total:1 Passed:1 Failed:0
1692453588865,4814,selenium_project_summary,Success,True,
.test_1_selenium_view_project_summary,Total:2 Passed:2 Failed:0
1692453589211,344,selenium_browse_projects_list,Success,True,
.test_1_selenium_browse_projects_list,Total:3 Passed:3 Failed:0
1692453591967,2754,selenium_browse_boards_list,Success,True,
.test_1_selenium_browse_boards_list,Total:4 Passed:4 Failed:0
1692453594636,2644,selenium_create_issue:open_quick_create,Success,True,
1692453596348,1106,selenium_create_issue:fill_and_submit_issue_form:submit_issue_form,Success,True,
1692453596349,1712,selenium_create_issue:fill_and_submit_issue_form,Success,True,
1692453596349,4356,selenium_create_issue,Success,True,
.test_1_selenium_create_issue,Total:5 Passed:5 Failed:0
1692453597663,1292,selenium_edit_issue:open_edit_issue_form,Success,True,
1692453598956,535,selenium_edit_issue:save_edit_issue_form,Success,True,
1692453598956,2586,selenium_edit_issue,Success,True,
.test_1_selenium_edit_issue,Total:6 Passed:6 Failed:0
1692453599346,388,selenium_save_comment:open_comment_form,Success,True,
1692453603337,3390,selenium_save_comment:submit_form,Success,True,
1692453603337,4379,selenium_save_comment,Success,True,
.test_1_selenium_save_comment,Total:7 Passed:7 Failed:0
1692453610068,6729,selenium_search_jql,Success,True,
.test_1_selenium_search_jql,Total:8 Passed:8 Failed:0
1692453613737,3667,selenium_view_scrum_board_backlog,Success,True,
.test_1_selenium_view_backlog_for_scrum_board,Total:9 Passed:9 Failed:0
1692453617071,3333,selenium_view_scrum_board,Success,True,
.test_1_selenium_view_scrum_board,Total:10 Passed:10 Failed:0
1692453618655,1581,selenium_view_kanban_board,Success,True,
.test_1_selenium_view_kanban_board,Total:11 Passed:11 Failed:0
1692453619382,726,selenium_view_dashboard,Success,True,
.test_1_selenium_view_dashboard,Total:12 Passed:12 Failed:0
1692453620374,990,selenium_view_issue,Success,True,
.test_1_selenium_view_issue,Total:13 Passed:13 Failed:0
1692453621143,767,selenium_log_out,Success,True,
.test_2_selenium_z_log_out,Total:14 Passed:14 Failed:0


=============================== warnings summary ===============================
../../root/.bzt/python-packages/3.11.4/_pytest/config/__init__.py:1204
  /root/.bzt/python-packages/3.11.4/_pytest/config/__init__.py:1204: PytestAssertRewriteWarning: Module already imported so cannot be rewritten: apiritif
    self._mark_plugins_for_rewrite(hook)

-- Docs: https://docs.pytest.org/en/stable/how-to/capture-warnings.html
=================== 14 passed, 1 warning in 79.76s (0:01:19) ===================
============================= test session starts ==============================
platform linux -- Python 3.11.4, pytest-7.4.0, pluggy-1.2.0
rootdir: /dc-app-performance-toolkit/app
plugins: xdist-3.3.1, apiritif-1.1.3
collected 14 items

selenium_ui/jira_ui.py get driver from global
clear browser cookies
1692453621346,157,selenium_login:open_login_page,Success,True,
node_id:jira-0
1692453623303,1957,selenium_login:login_and_view_dashboard,Success,True,
1692453623303,2114,selenium_login,Success,True,
.test_0_selenium_a_login,Total:15 Passed:15 Failed:0
1692453623786,382,selenium_project_summary,Success,True,
.test_1_selenium_view_project_summary,Total:16 Passed:16 Failed:0
1692453624120,333,selenium_browse_projects_list,Success,True,
.test_1_selenium_browse_projects_list,Total:17 Passed:17 Failed:0
1692453624918,796,selenium_browse_boards_list,Success,True,
.test_1_selenium_browse_boards_list,Total:18 Passed:18 Failed:0
1692453625753,782,selenium_create_issue:open_quick_create,Success,True,
1692453626892,634,selenium_create_issue:fill_and_submit_issue_form:submit_issue_form,Success,True,
1692453626892,1138,selenium_create_issue:fill_and_submit_issue_form,Success,True,
1692453626892,1921,selenium_create_issue,Success,True,
.test_1_selenium_create_issue,Total:19 Passed:19 Failed:0
1692453627383,458,selenium_edit_issue:open_edit_issue_form,Success,True,
1692453628692,552,selenium_edit_issue:save_edit_issue_form,Success,True,
1692453628692,1767,selenium_edit_issue,Success,True,
.test_1_selenium_edit_issue,Total:20 Passed:20 Failed:0
1692453628938,244,selenium_save_comment:open_comment_form,Success,True,
1692453630556,1018,selenium_save_comment:submit_form,Success,True,
1692453630556,1862,selenium_save_comment,Success,True,
.test_1_selenium_save_comment,Total:21 Passed:21 Failed:0
1692453633566,3009,selenium_search_jql,Success,True,
.test_1_selenium_search_jql,Total:22 Passed:22 Failed:0
1692453634594,1025,selenium_view_scrum_board_backlog,Success,True,
.test_1_selenium_view_backlog_for_scrum_board,Total:23 Passed:23 Failed:0
1692453635517,922,selenium_view_scrum_board,Success,True,
.test_1_selenium_view_scrum_board,Total:24 Passed:24 Failed:0
1692453636920,1402,selenium_view_kanban_board,Success,True,
.test_1_selenium_view_kanban_board,Total:25 Passed:25 Failed:0
1692453637215,293,selenium_view_dashboard,Success,True,
.test_1_selenium_view_dashboard,Total:26 Passed:26 Failed:0
1692453637753,535,selenium_view_issue,Success,True,
.test_1_selenium_view_issue,Total:27 Passed:27 Failed:0
1692453638204,450,selenium_log_out,Success,True,
.test_2_selenium_z_log_out,Total:28 Passed:28 Failed:0


=============================== warnings summary ===============================
../../root/.bzt/python-packages/3.11.4/_pytest/config/__init__.py:1204
  /root/.bzt/python-packages/3.11.4/_pytest/config/__init__.py:1204: PytestAssertRewriteWarning: Module already imported so cannot be rewritten: apiritif
    self._mark_plugins_for_rewrite(hook)

-- Docs: https://docs.pytest.org/en/stable/how-to/capture-warnings.html
======================== 14 passed, 1 warning in 17.03s ========================
============================= test session starts ==============================
platform linux -- Python 3.11.4, pytest-7.4.0, pluggy-1.2.0
rootdir: /dc-app-performance-toolkit/app
plugins: xdist-3.3.1, apiritif-1.1.3
collected 14 items

selenium_ui/jira_ui.py get driver from global
clear browser cookies
1692453638399,150,selenium_login:open_login_page,Success,True,
node_id:jira-0
1692453640374,1974,selenium_login:login_and_view_dashboard,Success,True,
1692453640375,2125,selenium_login,Success,True,
.test_0_selenium_a_login,Total:29 Passed:29 Failed:0
1692453640856,357,selenium_project_summary,Success,True,
.test_1_selenium_view_project_summary,Total:30 Passed:30 Failed:0
1692453641229,371,selenium_browse_projects_list,Success,True,
.test_1_selenium_browse_projects_list,Total:31 Passed:31 Failed:0
1692453641954,723,selenium_browse_boards_list,Success,True,
.test_1_selenium_browse_boards_list,Total:32 Passed:32 Failed:0
1692453642726,715,selenium_create_issue:open_quick_create,Success,True,
1692453644038,646,selenium_create_issue:fill_and_submit_issue_form:submit_issue_form,Success,True,
1692453644038,1311,selenium_create_issue:fill_and_submit_issue_form,Success,True,
1692453644038,2027,selenium_create_issue,Success,True,
.test_1_selenium_create_issue,Total:33 Passed:33 Failed:0
1692453644652,572,selenium_edit_issue:open_edit_issue_form,Success,True,
1692453646358,955,selenium_edit_issue:save_edit_issue_form,Success,True,
1692453646358,2278,selenium_edit_issue,Success,True,
.test_1_selenium_edit_issue,Total:34 Passed:34 Failed:0
1692453646755,396,selenium_save_comment:open_comment_form,Success,True,
1692453648651,1286,selenium_save_comment:submit_form,Success,True,
1692453648651,2292,selenium_save_comment,Success,True,
.test_1_selenium_save_comment,Total:35 Passed:35 Failed:0
1692453650568,1915,selenium_search_jql,Success,True,
.test_1_selenium_search_jql,Total:36 Passed:36 Failed:0
1692453651372,802,selenium_view_scrum_board_backlog,Success,True,
.test_1_selenium_view_backlog_for_scrum_board,Total:37 Passed:37 Failed:0
1692453652588,1214,selenium_view_scrum_board,Success,True,
.test_1_selenium_view_scrum_board,Total:38 Passed:38 Failed:0
1692453653412,822,selenium_view_kanban_board,Success,True,
.test_1_selenium_view_kanban_board,Total:39 Passed:39 Failed:0
1692453653697,283,selenium_view_dashboard,Success,True,
.test_1_selenium_view_dashboard,Total:40 Passed:40 Failed:0
1692453654388,689,selenium_view_issue,Success,True,
.test_1_selenium_view_issue,Total:41 Passed:41 Failed:0
1692453654790,400,selenium_log_out,Success,True,
.test_2_selenium_z_log_out,Total:42 Passed:42 Failed:0


=============================== warnings summary ===============================
../../root/.bzt/python-packages/3.11.4/_pytest/config/__init__.py:1204
  /root/.bzt/python-packages/3.11.4/_pytest/config/__init__.py:1204: PytestAssertRewriteWarning: Module already imported so cannot be rewritten: apiritif
    self._mark_plugins_for_rewrite(hook)

-- Docs: https://docs.pytest.org/en/stable/how-to/capture-warnings.html
======================== 14 passed, 1 warning in 16.55s ========================
============================= test session starts ==============================
platform linux -- Python 3.11.4, pytest-7.4.0, pluggy-1.2.0
rootdir: /dc-app-performance-toolkit/app
plugins: xdist-3.3.1, apiritif-1.1.3
collected 14 items

selenium_ui/jira_ui.py get driver from global
clear browser cookies
1692453655031,195,selenium_login:open_login_page,Success,True,
node_id:jira-0
1692453657162,2130,selenium_login:login_and_view_dashboard,Success,True,
1692453657163,2326,selenium_login,Success,True,
.test_0_selenium_a_login,Total:43 Passed:43 Failed:0
1692453657715,416,selenium_project_summary,Success,True,
.test_1_selenium_view_project_summary,Total:44 Passed:44 Failed:0
1692453658241,524,selenium_browse_projects_list,Success,True,
.test_1_selenium_browse_projects_list,Total:45 Passed:45 Failed:0
1692453659147,904,selenium_browse_boards_list,Success,True,
.test_1_selenium_browse_boards_list,Total:46 Passed:46 Failed:0
1692453660140,925,selenium_create_issue:open_quick_create,Success,True,
1692453661851,1115,selenium_create_issue:fill_and_submit_issue_form:submit_issue_form,Success,True,
1692453661851,1711,selenium_create_issue:fill_and_submit_issue_form,Success,True,
1692453661852,2636,selenium_create_issue,Success,True,
.test_1_selenium_create_issue,Total:47 Passed:47 Failed:0
1692453662508,610,selenium_edit_issue:open_edit_issue_form,Success,True,
1692453663946,655,selenium_edit_issue:save_edit_issue_form,Success,True,
1692453663946,2049,selenium_edit_issue,Success,True,
.test_1_selenium_edit_issue,Total:48 Passed:48 Failed:0
1692453664236,288,selenium_save_comment:open_comment_form,Success,True,
1692453665707,850,selenium_save_comment:submit_form,Success,True,
1692453665707,1759,selenium_save_comment,Success,True,
.test_1_selenium_save_comment,Total:49 Passed:49 Failed:0
1692453667631,1923,selenium_search_jql,Success,True,
.test_1_selenium_search_jql,Total:50 Passed:50 Failed:0
1692453668442,809,selenium_view_scrum_board_backlog,Success,True,
.test_1_selenium_view_backlog_for_scrum_board,Total:51 Passed:51 Failed:0
1692453669645,1202,selenium_view_scrum_board,Success,True,
.test_1_selenium_view_scrum_board,Total:52 Passed:52 Failed:0
1692453671842,2195,selenium_view_kanban_board,Success,True,
.test_1_selenium_view_kanban_board,Total:53 Passed:53 Failed:0
1692453672481,638,selenium_view_dashboard,Success,True,
.test_1_selenium_view_dashboard,Total:54 Passed:54 Failed:0
1692453673375,892,selenium_view_issue,Success,True,
.test_1_selenium_view_issue,Total:55 Passed:55 Failed:0
1692453673890,514,selenium_log_out,Success,True,
.test_2_selenium_z_log_out,Total:56 Passed:56 Failed:0


=============================== warnings summary ===============================
../../root/.bzt/python-packages/3.11.4/_pytest/config/__init__.py:1204
  /root/.bzt/python-packages/3.11.4/_pytest/config/__init__.py:1204: PytestAssertRewriteWarning: Module already imported so cannot be rewritten: apiritif
    self._mark_plugins_for_rewrite(hook)

-- Docs: https://docs.pytest.org/en/stable/how-to/capture-warnings.html
======================== 14 passed, 1 warning in 19.07s ========================
============================= test session starts ==============================
platform linux -- Python 3.11.4, pytest-7.4.0, pluggy-1.2.0
rootdir: /dc-app-performance-toolkit/app
plugins: xdist-3.3.1, apiritif-1.1.3
collected 14 items

selenium_ui/jira_ui.py get driver from global
clear browser cookies
1692453674180,243,selenium_login:open_login_page,Success,True,
node_id:jira-0
1692453676549,2368,selenium_login:login_and_view_dashboard,Success,True,
1692453676549,2613,selenium_login,Success,True,
.test_0_selenium_a_login,Total:57 Passed:57 Failed:0
1692453677121,427,selenium_project_summary,Success,True,
.test_1_selenium_view_project_summary,Total:58 Passed:58 Failed:0
1692453677730,607,selenium_browse_projects_list,Success,True,
.test_1_selenium_browse_projects_list,Total:59 Passed:59 Failed:0
1692453678573,841,selenium_browse_boards_list,Success,True,
.test_1_selenium_browse_boards_list,Total:60 Passed:60 Failed:0
1692453679494,849,selenium_create_issue:open_quick_create,Success,True,
1692453680693,650,selenium_create_issue:fill_and_submit_issue_form:submit_issue_form,Success,True,
1692453680693,1198,selenium_create_issue:fill_and_submit_issue_form,Success,True,
1692453680693,2048,selenium_create_issue,Success,True,
.test_1_selenium_create_issue,Total:61 Passed:61 Failed:0
1692453681269,520,selenium_edit_issue:open_edit_issue_form,Success,True,
1692453682644,609,selenium_edit_issue:save_edit_issue_form,Success,True,
1692453682644,1895,selenium_edit_issue,Success,True,
.test_1_selenium_edit_issue,Total:62 Passed:62 Failed:0
1692453682981,335,selenium_save_comment:open_comment_form,Success,True,
1692453685154,1560,selenium_save_comment:submit_form,Success,True,
1692453685155,2509,selenium_save_comment,Success,True,
.test_1_selenium_save_comment,Total:63 Passed:63 Failed:0
1692453689003,3847,selenium_search_jql,Success,True,
.test_1_selenium_search_jql,Total:64 Passed:64 Failed:0
1692453690349,1344,selenium_view_scrum_board_backlog,Success,True,
.test_1_selenium_view_backlog_for_scrum_board,Total:65 Passed:65 Failed:0
1692453691331,981,selenium_view_scrum_board,Success,True,
.test_1_selenium_view_scrum_board,Total:66 Passed:66 Failed:0
1692453692990,1657,selenium_view_kanban_board,Success,True,
.test_1_selenium_view_kanban_board,Total:67 Passed:67 Failed:0
1692453693348,357,selenium_view_dashboard,Success,True,
.test_1_selenium_view_dashboard,Total:68 Passed:68 Failed:0
1692453694027,677,selenium_view_issue,Success,True,
.test_1_selenium_view_issue,Total:69 Passed:69 Failed:0
1692453694638,610,selenium_log_out,Success,True,
.test_2_selenium_z_log_out,Total:70 Passed:70 Failed:0


=============================== warnings summary ===============================
../../root/.bzt/python-packages/3.11.4/_pytest/config/__init__.py:1204
  /root/.bzt/python-packages/3.11.4/_pytest/config/__init__.py:1204: PytestAssertRewriteWarning: Module already imported so cannot be rewritten: apiritif
    self._mark_plugins_for_rewrite(hook)

-- Docs: https://docs.pytest.org/en/stable/how-to/capture-warnings.html
======================== 14 passed, 1 warning in 20.72s ========================
============================= test session starts ==============================
platform linux -- Python 3.11.4, pytest-7.4.0, pluggy-1.2.0
rootdir: /dc-app-performance-toolkit/app
plugins: xdist-3.3.1, apiritif-1.1.3
collected 14 items

selenium_ui/jira_ui.py get driver from global
clear browser cookies
1692453694897,197,selenium_login:open_login_page,Success,True,
node_id:jira-0
1692453697170,2272,selenium_login:login_and_view_dashboard,Success,True,
1692453697170,2471,selenium_login,Success,True,
.test_0_selenium_a_login,Total:71 Passed:71 Failed:0
1692453698026,723,selenium_project_summary,Success,True,
.test_1_selenium_view_project_summary,Total:72 Passed:72 Failed:0
1692453698516,488,selenium_browse_projects_list,Success,True,
.test_1_selenium_browse_projects_list,Total:73 Passed:73 Failed:0
1692453699486,968,selenium_browse_boards_list,Success,True,
.test_1_selenium_browse_boards_list,Total:74 Passed:74 Failed:0
1692453700691,1123,selenium_create_issue:open_quick_create,Success,True,
1692453705548,1122,selenium_create_issue:fill_and_submit_issue_form:submit_issue_form,Success,True,
1692453705548,4857,selenium_create_issue:fill_and_submit_issue_form,Success,True,
1692453705548,5981,selenium_create_issue,Success,True,
.test_1_selenium_create_issue,Total:75 Passed:75 Failed:0
1692453706303,693,selenium_edit_issue:open_edit_issue_form,Success,True,
1692453707959,827,selenium_edit_issue:save_edit_issue_form,Success,True,
1692453707959,2350,selenium_edit_issue,Success,True,
.test_1_selenium_edit_issue,Total:76 Passed:76 Failed:0
1692453708305,344,selenium_save_comment:open_comment_form,Success,True,
1692453710057,1135,selenium_save_comment:submit_form,Success,True,
1692453710057,2097,selenium_save_comment,Success,True,
.test_1_selenium_save_comment,Total:77 Passed:77 Failed:0
1692453713817,3758,selenium_search_jql,Success,True,
.test_1_selenium_search_jql,Total:78 Passed:78 Failed:0
1692453715691,1872,selenium_view_scrum_board_backlog,Success,True,
.test_1_selenium_view_backlog_for_scrum_board,Total:79 Passed:79 Failed:0
1692453717156,1463,selenium_view_scrum_board,Success,True,
.test_1_selenium_view_scrum_board,Total:80 Passed:80 Failed:0
1692453718414,1257,selenium_view_kanban_board,Success,True,
.test_1_selenium_view_kanban_board,Total:81 Passed:81 Failed:0
1692453718891,475,selenium_view_dashboard,Success,True,
.test_1_selenium_view_dashboard,Total:82 Passed:82 Failed:0
1692453719956,1063,selenium_view_issue,Success,True,
.test_1_selenium_view_issue,Total:83 Passed:83 Failed:0
1692453720664,707,selenium_log_out,Success,True,
.test_2_selenium_z_log_out,Total:84 Passed:84 Failed:0


=============================== warnings summary ===============================
../../root/.bzt/python-packages/3.11.4/_pytest/config/__init__.py:1204
  /root/.bzt/python-packages/3.11.4/_pytest/config/__init__.py:1204: PytestAssertRewriteWarning: Module already imported so cannot be rewritten: apiritif
    self._mark_plugins_for_rewrite(hook)

-- Docs: https://docs.pytest.org/en/stable/how-to/capture-warnings.html
======================== 14 passed, 1 warning in 25.98s ========================
============================= test session starts ==============================
platform linux -- Python 3.11.4, pytest-7.4.0, pluggy-1.2.0
rootdir: /dc-app-performance-toolkit/app
plugins: xdist-3.3.1, apiritif-1.1.3
collected 14 items

selenium_ui/jira_ui.py get driver from global
clear browser cookies
1692453720960,248,selenium_login:open_login_page,Success,True,
node_id:jira-0
1692453723346,2386,selenium_login:login_and_view_dashboard,Success,True,
1692453723346,2634,selenium_login,Success,True,
.test_0_selenium_a_login,Total:85 Passed:85 Failed:0
1692453724253,735,selenium_project_summary,Success,True,
.test_1_selenium_view_project_summary,Total:86 Passed:86 Failed:0
1692453725156,901,selenium_browse_projects_list,Success,True,
.test_1_selenium_browse_projects_list,Total:87 Passed:87 Failed:0
1692453726256,1098,selenium_browse_boards_list,Success,True,
.test_1_selenium_browse_boards_list,Total:88 Passed:88 Failed:0
1692453727552,1203,selenium_create_issue:open_quick_create,Success,True,
1692453729308,1125,selenium_create_issue:fill_and_submit_issue_form:submit_issue_form,Success,True,
1692453729308,1756,selenium_create_issue:fill_and_submit_issue_form,Success,True,
1692453729308,2959,selenium_create_issue,Success,True,
.test_1_selenium_create_issue,Total:89 Passed:89 Failed:0
1692453730069,689,selenium_edit_issue:open_edit_issue_form,Success,True,
1692453731539,633,selenium_edit_issue:save_edit_issue_form,Success,True,
1692453731539,2159,selenium_edit_issue,Success,True,
.test_1_selenium_edit_issue,Total:90 Passed:90 Failed:0
1692453731934,393,selenium_save_comment:open_comment_form,Success,True,
1692453733530,971,selenium_save_comment:submit_form,Success,True,
1692453733530,1989,selenium_save_comment,Success,True,
.test_1_selenium_save_comment,Total:91 Passed:91 Failed:0
1692453735387,1855,selenium_search_jql,Success,True,
.test_1_selenium_search_jql,Total:92 Passed:92 Failed:0
1692453736318,930,selenium_view_scrum_board_backlog,Success,True,
.test_1_selenium_view_backlog_for_scrum_board,Total:93 Passed:93 Failed:0
1692453737164,844,selenium_view_scrum_board,Success,True,
.test_1_selenium_view_scrum_board,Total:94 Passed:94 Failed:0
1692453738591,1425,selenium_view_kanban_board,Success,True,
.test_1_selenium_view_kanban_board,Total:95 Passed:95 Failed:0
1692453739082,489,selenium_view_dashboard,Success,True,
.test_1_selenium_view_dashboard,Total:96 Passed:96 Failed:0
1692453740078,994,selenium_view_issue,Success,True,
.test_1_selenium_view_issue,Total:97 Passed:97 Failed:0
1692453740602,522,selenium_log_out,Success,True,
.test_2_selenium_z_log_out,Total:98 Passed:98 Failed:0


=============================== warnings summary ===============================
../../root/.bzt/python-packages/3.11.4/_pytest/config/__init__.py:1204
  /root/.bzt/python-packages/3.11.4/_pytest/config/__init__.py:1204: PytestAssertRewriteWarning: Module already imported so cannot be rewritten: apiritif
    self._mark_plugins_for_rewrite(hook)

-- Docs: https://docs.pytest.org/en/stable/how-to/capture-warnings.html
======================== 14 passed, 1 warning in 19.91s ========================
============================= test session starts ==============================
platform linux -- Python 3.11.4, pytest-7.4.0, pluggy-1.2.0
rootdir: /dc-app-performance-toolkit/app
plugins: xdist-3.3.1, apiritif-1.1.3
collected 14 items

selenium_ui/jira_ui.py get driver from global
clear browser cookies
1692453740946,299,selenium_login:open_login_page,Success,True,
node_id:jira-0
1692453743201,2255,selenium_login:login_and_view_dashboard,Success,True,
1692453743201,2555,selenium_login,Success,True,
.test_0_selenium_a_login,Total:99 Passed:99 Failed:0
1692453744110,717,selenium_project_summary,Success,True,
.test_1_selenium_view_project_summary,Total:100 Passed:100 Failed:0
1692453744467,355,selenium_browse_projects_list,Success,True,
.test_1_selenium_browse_projects_list,Total:101 Passed:101 Failed:0
1692453745316,847,selenium_browse_boards_list,Success,True,
.test_1_selenium_browse_boards_list,Total:102 Passed:102 Failed:0
1692453746351,929,selenium_create_issue:open_quick_create,Success,True,
1692453748149,1149,selenium_create_issue:fill_and_submit_issue_form:submit_issue_form,Success,True,
1692453748149,1798,selenium_create_issue:fill_and_submit_issue_form,Success,True,
1692453748149,2728,selenium_create_issue,Success,True,
.test_1_selenium_create_issue,Total:103 Passed:103 Failed:0
1692453748765,537,selenium_edit_issue:open_edit_issue_form,Success,True,
1692453750324,786,selenium_edit_issue:save_edit_issue_form,Success,True,
1692453750324,2097,selenium_edit_issue,Success,True,
.test_1_selenium_edit_issue,Total:104 Passed:104 Failed:0
1692453750878,552,selenium_save_comment:open_comment_form,Success,True,
1692453752982,1477,selenium_save_comment:submit_form,Success,True,
1692453752982,2656,selenium_save_comment,Success,True,
.test_1_selenium_save_comment,Total:105 Passed:105 Failed:0
1692453755688,2704,selenium_search_jql,Success,True,
.test_1_selenium_search_jql,Total:106 Passed:106 Failed:0
1692453756645,954,selenium_view_scrum_board_backlog,Success,True,
.test_1_selenium_view_backlog_for_scrum_board,Total:107 Passed:107 Failed:0
1692453757534,888,selenium_view_scrum_board,Success,True,
.test_1_selenium_view_scrum_board,Total:108 Passed:108 Failed:0
1692453758547,1012,selenium_view_kanban_board,Success,True,
.test_1_selenium_view_kanban_board,Total:109 Passed:109 Failed:0
1692453758996,447,selenium_view_dashboard,Success,True,
.test_1_selenium_view_dashboard,Total:110 Passed:110 Failed:0
1692453759576,578,selenium_view_issue,Success,True,
.test_1_selenium_view_issue,Total:111 Passed:111 Failed:0
1692453759962,384,selenium_log_out,Success,True,
.test_2_selenium_z_log_out,Total:112 Passed:112 Failed:0


=============================== warnings summary ===============================
../../root/.bzt/python-packages/3.11.4/_pytest/config/__init__.py:1204
  /root/.bzt/python-packages/3.11.4/_pytest/config/__init__.py:1204: PytestAssertRewriteWarning: Module already imported so cannot be rewritten: apiritif
    self._mark_plugins_for_rewrite(hook)

-- Docs: https://docs.pytest.org/en/stable/how-to/capture-warnings.html
======================== 14 passed, 1 warning in 19.33s ========================
============================= test session starts ==============================
platform linux -- Python 3.11.4, pytest-7.4.0, pluggy-1.2.0
rootdir: /dc-app-performance-toolkit/app
plugins: xdist-3.3.1, apiritif-1.1.3
collected 14 items

selenium_ui/jira_ui.py get driver from global
clear browser cookies
1692453760195,177,selenium_login:open_login_page,Success,True,
node_id:jira-0
1692453760951,755,selenium_login:login_and_view_dashboard,Success,True,
1692453760951,933,selenium_login,Success,True,
.test_0_selenium_a_login,Total:113 Passed:113 Failed:0
1692453761761,683,selenium_project_summary,Success,True,
.test_1_selenium_view_project_summary,Total:114 Passed:114 Failed:0
1692453762093,330,selenium_browse_projects_list,Success,True,
.test_1_selenium_browse_projects_list,Total:115 Passed:115 Failed:0
1692453762888,793,selenium_browse_boards_list,Success,True,
.test_1_selenium_browse_boards_list,Total:116 Passed:116 Failed:0
1692453763891,881,selenium_create_issue:open_quick_create,Success,True,
1692453765558,1152,selenium_create_issue:fill_and_submit_issue_form:submit_issue_form,Success,True,
1692453765558,1666,selenium_create_issue:fill_and_submit_issue_form,Success,True,
1692453765558,2548,selenium_create_issue,Success,True,
.test_1_selenium_create_issue,Total:117 Passed:117 Failed:0
1692453766335,689,selenium_edit_issue:open_edit_issue_form,Success,True,
1692453767870,753,selenium_edit_issue:save_edit_issue_form,Success,True,
1692453767870,2224,selenium_edit_issue,Success,True,
.test_1_selenium_edit_issue,Total:118 Passed:118 Failed:0
1692453768130,258,selenium_save_comment:open_comment_form,Success,True,
1692453769872,1102,selenium_save_comment:submit_form,Success,True,
1692453769872,2001,selenium_save_comment,Success,True,
.test_1_selenium_save_comment,Total:119 Passed:119 Failed:0
1692453771805,1932,selenium_search_jql,Success,True,
.test_1_selenium_search_jql,Total:120 Passed:120 Failed:0
1692453772687,880,selenium_view_scrum_board_backlog,Success,True,
.test_1_selenium_view_backlog_for_scrum_board,Total:121 Passed:121 Failed:0
1692453773538,849,selenium_view_scrum_board,Success,True,
.test_1_selenium_view_scrum_board,Total:122 Passed:122 Failed:0
1692453774666,1126,selenium_view_kanban_board,Success,True,
.test_1_selenium_view_kanban_board,Total:123 Passed:123 Failed:0
1692453774943,275,selenium_view_dashboard,Success,True,
.test_1_selenium_view_dashboard,Total:124 Passed:124 Failed:0
1692453775772,827,selenium_view_issue,Success,True,
.test_1_selenium_view_issue,Total:125 Passed:125 Failed:0
1692453776192,419,selenium_log_out,Success,True,
.test_2_selenium_z_log_out,Total:126 Passed:126 Failed:0


=============================== warnings summary ===============================
../../root/.bzt/python-packages/3.11.4/_pytest/config/__init__.py:1204
  /root/.bzt/python-packages/3.11.4/_pytest/config/__init__.py:1204: PytestAssertRewriteWarning: Module already imported so cannot be rewritten: apiritif
    self._mark_plugins_for_rewrite(hook)

-- Docs: https://docs.pytest.org/en/stable/how-to/capture-warnings.html
======================== 14 passed, 1 warning in 16.19s ========================
============================= test session starts ==============================
platform linux -- Python 3.11.4, pytest-7.4.0, pluggy-1.2.0
rootdir: /dc-app-performance-toolkit/app
plugins: xdist-3.3.1, apiritif-1.1.3
collected 14 items

selenium_ui/jira_ui.py get driver from global
clear browser cookies
1692453776428,182,selenium_login:open_login_page,Success,True,
node_id:jira-0
1692453779039,2610,selenium_login:login_and_view_dashboard,Success,True,
1692453779039,2792,selenium_login,Success,True,
.test_0_selenium_a_login,Total:127 Passed:127 Failed:0
1692453779733,502,selenium_project_summary,Success,True,
.test_1_selenium_view_project_summary,Total:128 Passed:128 Failed:0
1692453780118,382,selenium_browse_projects_list,Success,True,
.test_1_selenium_browse_projects_list,Total:129 Passed:129 Failed:0
1692453781090,971,selenium_browse_boards_list,Success,True,
.test_1_selenium_browse_boards_list,Total:130 Passed:130 Failed:0
1692453782055,843,selenium_create_issue:open_quick_create,Success,True,
1692453783738,1140,selenium_create_issue:fill_and_submit_issue_form:submit_issue_form,Success,True,
1692453783738,1682,selenium_create_issue:fill_and_submit_issue_form,Success,True,
1692453783738,2526,selenium_create_issue,Success,True,
.test_1_selenium_create_issue,Total:131 Passed:131 Failed:0
1692453784290,454,selenium_edit_issue:open_edit_issue_form,Success,True,
1692453785809,623,selenium_edit_issue:save_edit_issue_form,Success,True,
1692453785809,1973,selenium_edit_issue,Success,True,
.test_1_selenium_edit_issue,Total:132 Passed:132 Failed:0
1692453786079,269,selenium_save_comment:open_comment_form,Success,True,
1692453787494,774,selenium_save_comment:submit_form,Success,True,
1692453787494,1683,selenium_save_comment,Success,True,
.test_1_selenium_save_comment,Total:133 Passed:133 Failed:0
1692453789202,1706,selenium_search_jql,Success,True,
.test_1_selenium_search_jql,Total:134 Passed:134 Failed:0
1692453790194,991,selenium_view_scrum_board_backlog,Success,True,
.test_1_selenium_view_backlog_for_scrum_board,Total:135 Passed:135 Failed:0
1692453791707,1511,selenium_view_scrum_board,Success,True,
.test_1_selenium_view_scrum_board,Total:136 Passed:136 Failed:0
1692453792736,1027,selenium_view_kanban_board,Success,True,
.test_1_selenium_view_kanban_board,Total:137 Passed:137 Failed:0
1692453793155,418,selenium_view_dashboard,Success,True,
.test_1_selenium_view_dashboard,Total:138 Passed:138 Failed:0
1692453793805,648,selenium_view_issue,Success,True,
.test_1_selenium_view_issue,Total:139 Passed:139 Failed:0
1692453794243,436,selenium_log_out,Success,True,
.test_2_selenium_z_log_out,Total:140 Passed:140 Failed:0


=============================== warnings summary ===============================
../../root/.bzt/python-packages/3.11.4/_pytest/config/__init__.py:1204
  /root/.bzt/python-packages/3.11.4/_pytest/config/__init__.py:1204: PytestAssertRewriteWarning: Module already imported so cannot be rewritten: apiritif
    self._mark_plugins_for_rewrite(hook)

-- Docs: https://docs.pytest.org/en/stable/how-to/capture-warnings.html
======================== 14 passed, 1 warning in 18.01s ========================
============================= test session starts ==============================
platform linux -- Python 3.11.4, pytest-7.4.0, pluggy-1.2.0
rootdir: /dc-app-performance-toolkit/app
plugins: xdist-3.3.1, apiritif-1.1.3
collected 14 items

selenium_ui/jira_ui.py get driver from global
clear browser cookies
1692453794540,250,selenium_login:open_login_page,Success,True,
node_id:jira-0
1692453796525,1984,selenium_login:login_and_view_dashboard,Success,True,
1692453796526,2236,selenium_login,Success,True,
.test_0_selenium_a_login,Total:141 Passed:141 Failed:0
1692453797243,469,selenium_project_summary,Success,True,
.test_1_selenium_view_project_summary,Total:142 Passed:142 Failed:0
1692453797600,356,selenium_browse_projects_list,Success,True,
.test_1_selenium_browse_projects_list,Total:143 Passed:143 Failed:0
1692453798406,804,selenium_browse_boards_list,Success,True,
.test_1_selenium_browse_boards_list,Total:144 Passed:144 Failed:0
1692453799277,734,selenium_create_issue:open_quick_create,Success,True,
1692453800491,640,selenium_create_issue:fill_and_submit_issue_form:submit_issue_form,Success,True,
1692453800491,1214,selenium_create_issue:fill_and_submit_issue_form,Success,True,
1692453800491,1948,selenium_create_issue,Success,True,
.test_1_selenium_create_issue,Total:145 Passed:145 Failed:0
1692453801124,527,selenium_edit_issue:open_edit_issue_form,Success,True,
1692453802717,601,selenium_edit_issue:save_edit_issue_form,Success,True,
1692453802718,2121,selenium_edit_issue,Success,True,
.test_1_selenium_edit_issue,Total:146 Passed:146 Failed:0
1692453803006,287,selenium_save_comment:open_comment_form,Success,True,
1692453805575,1915,selenium_save_comment:submit_form,Success,True,
1692453805575,2856,selenium_save_comment,Success,True,
.test_1_selenium_save_comment,Total:147 Passed:147 Failed:0
1692453808382,2805,selenium_search_jql,Success,True,
.test_1_selenium_search_jql,Total:148 Passed:148 Failed:0
1692453809272,888,selenium_view_scrum_board_backlog,Success,True,
.test_1_selenium_view_backlog_for_scrum_board,Total:149 Passed:149 Failed:0
1692453810112,839,selenium_view_scrum_board,Success,True,
.test_1_selenium_view_scrum_board,Total:150 Passed:150 Failed:0
1692453811033,919,selenium_view_kanban_board,Success,True,
.test_1_selenium_view_kanban_board,Total:151 Passed:151 Failed:0
1692453811396,361,selenium_view_dashboard,Success,True,
.test_1_selenium_view_dashboard,Total:152 Passed:152 Failed:0
1692453812235,837,selenium_view_issue,Success,True,
.test_1_selenium_view_issue,Total:153 Passed:153 Failed:0
1692453812717,481,selenium_log_out,Success,True,
.test_2_selenium_z_log_out,Total:154 Passed:154 Failed:0


=============================== warnings summary ===============================
../../root/.bzt/python-packages/3.11.4/_pytest/config/__init__.py:1204
  /root/.bzt/python-packages/3.11.4/_pytest/config/__init__.py:1204: PytestAssertRewriteWarning: Module already imported so cannot be rewritten: apiritif
    self._mark_plugins_for_rewrite(hook)

-- Docs: https://docs.pytest.org/en/stable/how-to/capture-warnings.html
======================== 14 passed, 1 warning in 18.44s ========================
============================= test session starts ==============================
platform linux -- Python 3.11.4, pytest-7.4.0, pluggy-1.2.0
rootdir: /dc-app-performance-toolkit/app
plugins: xdist-3.3.1, apiritif-1.1.3
collected 14 items

selenium_ui/jira_ui.py get driver from global
clear browser cookies
1692453812919,154,selenium_login:open_login_page,Success,True,
node_id:jira-0
1692453815123,2202,selenium_login:login_and_view_dashboard,Success,True,
1692453815123,2358,selenium_login,Success,True,
.test_0_selenium_a_login,Total:155 Passed:155 Failed:0
1692453815848,528,selenium_project_summary,Success,True,
.test_1_selenium_view_project_summary,Total:156 Passed:156 Failed:0
1692453816249,398,selenium_browse_projects_list,Success,True,
.test_1_selenium_browse_projects_list,Total:157 Passed:157 Failed:0
1692453817193,942,selenium_browse_boards_list,Success,True,
.test_1_selenium_browse_boards_list,Total:158 Passed:158 Failed:0
1692453818596,1262,selenium_create_issue:open_quick_create,Success,True,
1692453820313,1161,selenium_create_issue:fill_and_submit_issue_form:submit_issue_form,Success,True,
1692453820314,1717,selenium_create_issue:fill_and_submit_issue_form,Success,True,
1692453820314,2980,selenium_create_issue,Success,True,
.test_1_selenium_create_issue,Total:159 Passed:159 Failed:0
1692453821100,668,selenium_edit_issue:open_edit_issue_form,Success,True,
1692453822787,899,selenium_edit_issue:save_edit_issue_form,Success,True,
1692453822787,2355,selenium_edit_issue,Success,True,
.test_1_selenium_edit_issue,Total:160 Passed:160 Failed:0
1692453823139,351,selenium_save_comment:open_comment_form,Success,True,
1692453824860,1076,selenium_save_comment:submit_form,Success,True,
1692453824860,2071,selenium_save_comment,Success,True,
.test_1_selenium_save_comment,Total:161 Passed:161 Failed:0
1692453826866,2005,selenium_search_jql,Success,True,
.test_1_selenium_search_jql,Total:162 Passed:162 Failed:0
1692453827826,958,selenium_view_scrum_board_backlog,Success,True,
.test_1_selenium_view_backlog_for_scrum_board,Total:163 Passed:163 Failed:0
1692453828775,947,selenium_view_scrum_board,Success,True,
.test_1_selenium_view_scrum_board,Total:164 Passed:164 Failed:0
1692453829849,1072,selenium_view_kanban_board,Success,True,
.test_1_selenium_view_kanban_board,Total:165 Passed:165 Failed:0
1692453830440,589,selenium_view_dashboard,Success,True,
.test_1_selenium_view_dashboard,Total:166 Passed:166 Failed:0
1692453831912,1471,selenium_view_issue,Success,True,
.test_1_selenium_view_issue,Total:167 Passed:167 Failed:0
1692453832676,762,selenium_log_out,Success,True,
.test_2_selenium_z_log_out,Total:168 Passed:168 Failed:0


=============================== warnings summary ===============================
../../root/.bzt/python-packages/3.11.4/_pytest/config/__init__.py:1204
  /root/.bzt/python-packages/3.11.4/_pytest/config/__init__.py:1204: PytestAssertRewriteWarning: Module already imported so cannot be rewritten: apiritif
    self._mark_plugins_for_rewrite(hook)

-- Docs: https://docs.pytest.org/en/stable/how-to/capture-warnings.html
======================== 14 passed, 1 warning in 19.93s ========================
============================= test session starts ==============================
platform linux -- Python 3.11.4, pytest-7.4.0, pluggy-1.2.0
rootdir: /dc-app-performance-toolkit/app
plugins: xdist-3.3.1, apiritif-1.1.3
collected 14 items

selenium_ui/jira_ui.py get driver from global
clear browser cookies
1692453833021,289,selenium_login:open_login_page,Success,True,
node_id:jira-0
1692453835168,2146,selenium_login:login_and_view_dashboard,Success,True,
1692453835168,2436,selenium_login,Success,True,
.test_0_selenium_a_login,Total:169 Passed:169 Failed:0
1692453835918,508,selenium_project_summary,Success,True,
.test_1_selenium_view_project_summary,Total:170 Passed:170 Failed:0
1692453836295,375,selenium_browse_projects_list,Success,True,
.test_1_selenium_browse_projects_list,Total:171 Passed:171 Failed:0
1692453837124,827,selenium_browse_boards_list,Success,True,
.test_1_selenium_browse_boards_list,Total:172 Passed:172 Failed:0
1692453838111,840,selenium_create_issue:open_quick_create,Success,True,
1692453839260,646,selenium_create_issue:fill_and_submit_issue_form:submit_issue_form,Success,True,
1692453839260,1149,selenium_create_issue:fill_and_submit_issue_form,Success,True,
1692453839261,1990,selenium_create_issue,Success,True,
.test_1_selenium_create_issue,Total:173 Passed:173 Failed:0
1692453839957,575,selenium_edit_issue:open_edit_issue_form,Success,True,
1692453841527,578,selenium_edit_issue:save_edit_issue_form,Success,True,
1692453841527,2145,selenium_edit_issue,Success,True,
.test_1_selenium_edit_issue,Total:174 Passed:174 Failed:0
1692453841798,269,selenium_save_comment:open_comment_form,Success,True,
1692453843537,1088,selenium_save_comment:submit_form,Success,True,
1692453843537,2009,selenium_save_comment,Success,True,
.test_1_selenium_save_comment,Total:175 Passed:175 Failed:0
1692453846880,3342,selenium_search_jql,Success,True,
.test_1_selenium_search_jql,Total:176 Passed:176 Failed:0
1692453847920,1038,selenium_view_scrum_board_backlog,Success,True,
.test_1_selenium_view_backlog_for_scrum_board,Total:177 Passed:177 Failed:0
1692453848790,868,selenium_view_scrum_board,Success,True,
.test_1_selenium_view_scrum_board,Total:178 Passed:178 Failed:0
1692453849728,937,selenium_view_kanban_board,Success,True,
.test_1_selenium_view_kanban_board,Total:179 Passed:179 Failed:0
1692453850010,280,selenium_view_dashboard,Success,True,
.test_1_selenium_view_dashboard,Total:180 Passed:180 Failed:0
1692453850559,547,selenium_view_issue,Success,True,
.test_1_selenium_view_issue,Total:181 Passed:181 Failed:0
1692453850941,380,selenium_log_out,Success,True,
.test_2_selenium_z_log_out,Total:182 Passed:182 Failed:0


=============================== warnings summary ===============================
../../root/.bzt/python-packages/3.11.4/_pytest/config/__init__.py:1204
  /root/.bzt/python-packages/3.11.4/_pytest/config/__init__.py:1204: PytestAssertRewriteWarning: Module already imported so cannot be rewritten: apiritif
    self._mark_plugins_for_rewrite(hook)

-- Docs: https://docs.pytest.org/en/stable/how-to/capture-warnings.html
======================== 14 passed, 1 warning in 18.22s ========================
============================= test session starts ==============================
platform linux -- Python 3.11.4, pytest-7.4.0, pluggy-1.2.0
rootdir: /dc-app-performance-toolkit/app
plugins: xdist-3.3.1, apiritif-1.1.3
collected 14 items

selenium_ui/jira_ui.py get driver from global
clear browser cookies
1692453851141,154,selenium_login:open_login_page,Success,True,
node_id:jira-0
1692453853061,1919,selenium_login:login_and_view_dashboard,Success,True,
1692453853061,2074,selenium_login,Success,True,
.test_0_selenium_a_login,Total:183 Passed:183 Failed:0
1692453853740,440,selenium_project_summary,Success,True,
.test_1_selenium_view_project_summary,Total:184 Passed:184 Failed:0
1692453854084,342,selenium_browse_projects_list,Success,True,
.test_1_selenium_browse_projects_list,Total:185 Passed:185 Failed:0
1692453854882,796,selenium_browse_boards_list,Success,True,
.test_1_selenium_browse_boards_list,Total:186 Passed:186 Failed:0
1692453855856,820,selenium_create_issue:open_quick_create,Success,True,
1692453857563,1174,selenium_create_issue:fill_and_submit_issue_form:submit_issue_form,Success,True,
1692453857563,1707,selenium_create_issue:fill_and_submit_issue_form,Success,True,
1692453857564,2527,selenium_create_issue,Success,True,
.test_1_selenium_create_issue,Total:187 Passed:187 Failed:0
1692453858388,656,selenium_edit_issue:open_edit_issue_form,Success,True,
1692453859798,600,selenium_edit_issue:save_edit_issue_form,Success,True,
1692453859798,2066,selenium_edit_issue,Success,True,
.test_1_selenium_edit_issue,Total:188 Passed:188 Failed:0
1692453860180,381,selenium_save_comment:open_comment_form,Success,True,
1692453861824,973,selenium_save_comment:submit_form,Success,True,
1692453861824,2025,selenium_save_comment,Success,True,
.test_1_selenium_save_comment,Total:189 Passed:189 Failed:0
1692453863980,2153,selenium_search_jql,Success,True,
.test_1_selenium_search_jql,Total:190 Passed:190 Failed:0
1692453864893,912,selenium_view_scrum_board_backlog,Success,True,
.test_1_selenium_view_backlog_for_scrum_board,Total:191 Passed:191 Failed:0
1692453865840,945,selenium_view_scrum_board,Success,True,
.test_1_selenium_view_scrum_board,Total:192 Passed:192 Failed:0
1692453866826,985,selenium_view_kanban_board,Success,True,
.test_1_selenium_view_kanban_board,Total:193 Passed:193 Failed:0
1692453867126,298,selenium_view_dashboard,Success,True,
.test_1_selenium_view_dashboard,Total:194 Passed:194 Failed:0
1692453867682,555,selenium_view_issue,Success,True,
.test_1_selenium_view_issue,Total:195 Passed:195 Failed:0
1692453868062,377,selenium_log_out,Success,True,
.test_2_selenium_z_log_out,Total:196 Passed:196 Failed:0


=============================== warnings summary ===============================
../../root/.bzt/python-packages/3.11.4/_pytest/config/__init__.py:1204
  /root/.bzt/python-packages/3.11.4/_pytest/config/__init__.py:1204: PytestAssertRewriteWarning: Module already imported so cannot be rewritten: apiritif
    self._mark_plugins_for_rewrite(hook)

-- Docs: https://docs.pytest.org/en/stable/how-to/capture-warnings.html
======================== 14 passed, 1 warning in 17.09s ========================
============================= test session starts ==============================
platform linux -- Python 3.11.4, pytest-7.4.0, pluggy-1.2.0
rootdir: /dc-app-performance-toolkit/app
plugins: xdist-3.3.1, apiritif-1.1.3
collected 14 items

selenium_ui/jira_ui.py get driver from global
clear browser cookies
1692453868247,141,selenium_login:open_login_page,Success,True,
node_id:jira-0
1692453870751,2503,selenium_login:login_and_view_dashboard,Success,True,
1692453870751,2645,selenium_login,Success,True,
.test_0_selenium_a_login,Total:197 Passed:197 Failed:0
1692453871738,730,selenium_project_summary,Success,True,
.test_1_selenium_view_project_summary,Total:198 Passed:198 Failed:0
1692453872199,459,selenium_browse_projects_list,Success,True,
.test_1_selenium_browse_projects_list,Total:199 Passed:199 Failed:0
1692453873031,830,selenium_browse_boards_list,Success,True,
.test_1_selenium_browse_boards_list,Total:200 Passed:200 Failed:0
1692453874072,864,selenium_create_issue:open_quick_create,Success,True,
1692453875426,667,selenium_create_issue:fill_and_submit_issue_form:submit_issue_form,Success,True,
1692453875426,1353,selenium_create_issue:fill_and_submit_issue_form,Success,True,
1692453875426,2218,selenium_create_issue,Success,True,
.test_1_selenium_create_issue,Total:201 Passed:201 Failed:0
1692453876091,522,selenium_edit_issue:open_edit_issue_form,Success,True,
1692453877615,545,selenium_edit_issue:save_edit_issue_form,Success,True,
1692453877615,2046,selenium_edit_issue,Success,True,
.test_1_selenium_edit_issue,Total:202 Passed:202 Failed:0
1692453877907,290,selenium_save_comment:open_comment_form,Success,True,
1692453879310,729,selenium_save_comment:submit_form,Success,True,
1692453879310,1693,selenium_save_comment,Success,True,
.test_1_selenium_save_comment,Total:203 Passed:203 Failed:0
1692453881165,1853,selenium_search_jql,Success,True,
.test_1_selenium_search_jql,Total:204 Passed:204 Failed:0
1692453882047,880,selenium_view_scrum_board_backlog,Success,True,
.test_1_selenium_view_backlog_for_scrum_board,Total:205 Passed:205 Failed:0
1692453882987,939,selenium_view_scrum_board,Success,True,
.test_1_selenium_view_scrum_board,Total:206 Passed:206 Failed:0
1692453884915,1926,selenium_view_kanban_board,Success,True,
.test_1_selenium_view_kanban_board,Total:207 Passed:207 Failed:0
1692453885441,525,selenium_view_dashboard,Success,True,
.test_1_selenium_view_dashboard,Total:208 Passed:208 Failed:0
1692453886096,652,selenium_view_issue,Success,True,
.test_1_selenium_view_issue,Total:209 Passed:209 Failed:0
1692453886508,411,selenium_log_out,Success,True,
.test_2_selenium_z_log_out,Total:210 Passed:210 Failed:0


=============================== warnings summary ===============================
../../root/.bzt/python-packages/3.11.4/_pytest/config/__init__.py:1204
  /root/.bzt/python-packages/3.11.4/_pytest/config/__init__.py:1204: PytestAssertRewriteWarning: Module already imported so cannot be rewritten: apiritif
    self._mark_plugins_for_rewrite(hook)

-- Docs: https://docs.pytest.org/en/stable/how-to/capture-warnings.html
======================== 14 passed, 1 warning in 18.42s ========================
============================= test session starts ==============================
platform linux -- Python 3.11.4, pytest-7.4.0, pluggy-1.2.0
rootdir: /dc-app-performance-toolkit/app
plugins: xdist-3.3.1, apiritif-1.1.3
collected 14 items

selenium_ui/jira_ui.py get driver from global
clear browser cookies
1692453886717,163,selenium_login:open_login_page,Success,True,
node_id:jira-0
1692453888798,2080,selenium_login:login_and_view_dashboard,Success,True,
1692453888798,2244,selenium_login,Success,True,
.test_0_selenium_a_login,Total:211 Passed:211 Failed:0
1692453889561,508,selenium_project_summary,Success,True,
.test_1_selenium_view_project_summary,Total:212 Passed:212 Failed:0
1692453889922,359,selenium_browse_projects_list,Success,True,
.test_1_selenium_browse_projects_list,Total:213 Passed:213 Failed:0
1692453890759,835,selenium_browse_boards_list,Success,True,
.test_1_selenium_browse_boards_list,Total:214 Passed:214 Failed:0
1692453891614,672,selenium_create_issue:open_quick_create,Success,True,
1692453892861,655,selenium_create_issue:fill_and_submit_issue_form:submit_issue_form,Success,True,
1692453892861,1246,selenium_create_issue:fill_and_submit_issue_form,Success,True,
1692453892861,1919,selenium_create_issue,Success,True,
.test_1_selenium_create_issue,Total:215 Passed:215 Failed:0
1692453893452,438,selenium_edit_issue:open_edit_issue_form,Success,True,
1692453894905,467,selenium_edit_issue:save_edit_issue_form,Success,True,
1692453894906,1891,selenium_edit_issue,Success,True,
.test_1_selenium_edit_issue,Total:216 Passed:216 Failed:0
1692453895147,240,selenium_save_comment:open_comment_form,Success,True,
1692453897058,1244,selenium_save_comment:submit_form,Success,True,
1692453897058,2151,selenium_save_comment,Success,True,
.test_1_selenium_save_comment,Total:217 Passed:217 Failed:0
1692453899616,2556,selenium_search_jql,Success,True,
.test_1_selenium_search_jql,Total:218 Passed:218 Failed:0
1692453900543,926,selenium_view_scrum_board_backlog,Success,True,
.test_1_selenium_view_backlog_for_scrum_board,Total:219 Passed:219 Failed:0
1692453901817,1272,selenium_view_scrum_board,Success,True,
.test_1_selenium_view_scrum_board,Total:220 Passed:220 Failed:0
1692453902809,991,selenium_view_kanban_board,Success,True,
.test_1_selenium_view_kanban_board,Total:221 Passed:221 Failed:0
1692453903180,369,selenium_view_dashboard,Success,True,
.test_1_selenium_view_dashboard,Total:222 Passed:222 Failed:0
1692453903790,608,selenium_view_issue,Success,True,
.test_1_selenium_view_issue,Total:223 Passed:223 Failed:0
1692453904201,410,selenium_log_out,Success,True,
.test_2_selenium_z_log_out,Total:224 Passed:224 Failed:0


=============================== warnings summary ===============================
../../root/.bzt/python-packages/3.11.4/_pytest/config/__init__.py:1204
  /root/.bzt/python-packages/3.11.4/_pytest/config/__init__.py:1204: PytestAssertRewriteWarning: Module already imported so cannot be rewritten: apiritif
    self._mark_plugins_for_rewrite(hook)

-- Docs: https://docs.pytest.org/en/stable/how-to/capture-warnings.html
======================== 14 passed, 1 warning in 17.66s ========================
============================= test session starts ==============================
platform linux -- Python 3.11.4, pytest-7.4.0, pluggy-1.2.0
rootdir: /dc-app-performance-toolkit/app
plugins: xdist-3.3.1, apiritif-1.1.3
collected 14 items

selenium_ui/jira_ui.py get driver from global
clear browser cookies
1692453904440,193,selenium_login:open_login_page,Success,True,
node_id:jira-0
1692453906518,2077,selenium_login:login_and_view_dashboard,Success,True,
1692453906518,2272,selenium_login,Success,True,
.test_0_selenium_a_login,Total:225 Passed:225 Failed:0
1692453907377,539,selenium_project_summary,Success,True,
.test_1_selenium_view_project_summary,Total:226 Passed:226 Failed:0
1692453907749,370,selenium_browse_projects_list,Success,True,
.test_1_selenium_browse_projects_list,Total:227 Passed:227 Failed:0
1692453908556,805,selenium_browse_boards_list,Success,True,
.test_1_selenium_browse_boards_list,Total:228 Passed:228 Failed:0
1692453909650,910,selenium_create_issue:open_quick_create,Success,True,
1692453911459,1177,selenium_create_issue:fill_and_submit_issue_form:submit_issue_form,Success,True,
1692453911459,1808,selenium_create_issue:fill_and_submit_issue_form,Success,True,
1692453911459,2719,selenium_create_issue,Success,True,
.test_1_selenium_create_issue,Total:229 Passed:229 Failed:0
1692453912361,741,selenium_edit_issue:open_edit_issue_form,Success,True,
1692453913988,634,selenium_edit_issue:save_edit_issue_form,Success,True,
1692453913988,2369,selenium_edit_issue,Success,True,
.test_1_selenium_edit_issue,Total:230 Passed:230 Failed:0
1692453914252,263,selenium_save_comment:open_comment_form,Success,True,
1692453915715,777,selenium_save_comment:submit_form,Success,True,
1692453915715,1725,selenium_save_comment,Success,True,
.test_1_selenium_save_comment,Total:231 Passed:231 Failed:0
1692453917641,1924,selenium_search_jql,Success,True,
.test_1_selenium_search_jql,Total:232 Passed:232 Failed:0
1692453918525,882,selenium_view_scrum_board_backlog,Success,True,
.test_1_selenium_view_backlog_for_scrum_board,Total:233 Passed:233 Failed:0
1692453919376,849,selenium_view_scrum_board,Success,True,
.test_1_selenium_view_scrum_board,Total:234 Passed:234 Failed:0
1692453920309,932,selenium_view_kanban_board,Success,True,
.test_1_selenium_view_kanban_board,Total:235 Passed:235 Failed:0
1692453920706,395,selenium_view_dashboard,Success,True,
.test_1_selenium_view_dashboard,Total:236 Passed:236 Failed:0
1692453921252,544,selenium_view_issue,Success,True,
.test_1_selenium_view_issue,Total:237 Passed:237 Failed:0
1692453921699,445,selenium_log_out,Success,True,
.test_2_selenium_z_log_out,Total:238 Passed:238 Failed:0


=============================== warnings summary ===============================
../../root/.bzt/python-packages/3.11.4/_pytest/config/__init__.py:1204
  /root/.bzt/python-packages/3.11.4/_pytest/config/__init__.py:1204: PytestAssertRewriteWarning: Module already imported so cannot be rewritten: apiritif
    self._mark_plugins_for_rewrite(hook)

-- Docs: https://docs.pytest.org/en/stable/how-to/capture-warnings.html
======================== 14 passed, 1 warning in 17.47s ========================
============================= test session starts ==============================
platform linux -- Python 3.11.4, pytest-7.4.0, pluggy-1.2.0
rootdir: /dc-app-performance-toolkit/app
plugins: xdist-3.3.1, apiritif-1.1.3
collected 14 items

selenium_ui/jira_ui.py get driver from global
clear browser cookies
1692453921944,199,selenium_login:open_login_page,Success,True,
node_id:jira-0
1692453924495,2550,selenium_login:login_and_view_dashboard,Success,True,
1692453924495,2750,selenium_login,Success,True,
.test_0_selenium_a_login,Total:239 Passed:239 Failed:0
1692453925451,680,selenium_project_summary,Success,True,
.test_1_selenium_view_project_summary,Total:240 Passed:240 Failed:0
1692453925857,404,selenium_browse_projects_list,Success,True,
.test_1_selenium_browse_projects_list,Total:241 Passed:241 Failed:0
1692453926711,852,selenium_browse_boards_list,Success,True,
.test_1_selenium_browse_boards_list,Total:242 Passed:242 Failed:0
1692453927679,779,selenium_create_issue:open_quick_create,Success,True,
1692453928925,664,selenium_create_issue:fill_and_submit_issue_form:submit_issue_form,Success,True,
1692453928925,1246,selenium_create_issue:fill_and_submit_issue_form,Success,True,
1692453928925,2025,selenium_create_issue,Success,True,
.test_1_selenium_create_issue,Total:243 Passed:243 Failed:0
1692453929623,530,selenium_edit_issue:open_edit_issue_form,Success,True,
1692453931137,503,selenium_edit_issue:save_edit_issue_form,Success,True,
1692453931137,2044,selenium_edit_issue,Success,True,
.test_1_selenium_edit_issue,Total:244 Passed:244 Failed:0
1692453931371,232,selenium_save_comment:open_comment_form,Success,True,
1692453932955,886,selenium_save_comment:submit_form,Success,True,
1692453932955,1816,selenium_save_comment,Success,True,
.test_1_selenium_save_comment,Total:245 Passed:245 Failed:0
1692453934698,1741,selenium_search_jql,Success,True,
.test_1_selenium_search_jql,Total:246 Passed:246 Failed:0
1692453935643,944,selenium_view_scrum_board_backlog,Success,True,
.test_1_selenium_view_backlog_for_scrum_board,Total:247 Passed:247 Failed:0
1692453936785,1139,selenium_view_scrum_board,Success,True,
.test_1_selenium_view_scrum_board,Total:248 Passed:248 Failed:0
1692453938187,1401,selenium_view_kanban_board,Success,True,
.test_1_selenium_view_kanban_board,Total:249 Passed:249 Failed:0
1692453938487,298,selenium_view_dashboard,Success,True,
.test_1_selenium_view_dashboard,Total:250 Passed:250 Failed:0
1692453939374,885,selenium_view_issue,Success,True,
.test_1_selenium_view_issue,Total:251 Passed:251 Failed:0
1692453939878,502,selenium_log_out,Success,True,
.test_2_selenium_z_log_out,Total:252 Passed:252 Failed:0


=============================== warnings summary ===============================
../../root/.bzt/python-packages/3.11.4/_pytest/config/__init__.py:1204
  /root/.bzt/python-packages/3.11.4/_pytest/config/__init__.py:1204: PytestAssertRewriteWarning: Module already imported so cannot be rewritten: apiritif
    self._mark_plugins_for_rewrite(hook)

-- Docs: https://docs.pytest.org/en/stable/how-to/capture-warnings.html
======================== 14 passed, 1 warning in 18.15s ========================
============================= test session starts ==============================
platform linux -- Python 3.11.4, pytest-7.4.0, pluggy-1.2.0
rootdir: /dc-app-performance-toolkit/app
plugins: xdist-3.3.1, apiritif-1.1.3
collected 14 items

selenium_ui/jira_ui.py get driver from global
clear browser cookies
1692453940147,221,selenium_login:open_login_page,Success,True,
node_id:jira-0
1692453942492,2345,selenium_login:login_and_view_dashboard,Success,True,
1692453942492,2566,selenium_login,Success,True,
.test_0_selenium_a_login,Total:253 Passed:253 Failed:0
1692453943199,413,selenium_project_summary,Success,True,
.test_1_selenium_view_project_summary,Total:254 Passed:254 Failed:0
1692453943576,375,selenium_browse_projects_list,Success,True,
.test_1_selenium_browse_projects_list,Total:255 Passed:255 Failed:0
1692453944417,839,selenium_browse_boards_list,Success,True,
.test_1_selenium_browse_boards_list,Total:256 Passed:256 Failed:0
1692453945322,703,selenium_create_issue:open_quick_create,Success,True,
1692453946677,721,selenium_create_issue:fill_and_submit_issue_form:submit_issue_form,Success,True,
1692453946677,1354,selenium_create_issue:fill_and_submit_issue_form,Success,True,
1692453946677,2058,selenium_create_issue,Success,True,
.test_1_selenium_create_issue,Total:257 Passed:257 Failed:0
1692453947414,559,selenium_edit_issue:open_edit_issue_form,Success,True,
1692453949172,774,selenium_edit_issue:save_edit_issue_form,Success,True,
1692453949172,2317,selenium_edit_issue,Success,True,
.test_1_selenium_edit_issue,Total:258 Passed:258 Failed:0
1692453949761,588,selenium_save_comment:open_comment_form,Success,True,
1692453951633,1192,selenium_save_comment:submit_form,Success,True,
1692453951633,2459,selenium_save_comment,Success,True,
.test_1_selenium_save_comment,Total:259 Passed:259 Failed:0
1692453954133,2499,selenium_search_jql,Success,True,
.test_1_selenium_search_jql,Total:260 Passed:260 Failed:0
1692453955569,1434,selenium_view_scrum_board_backlog,Success,True,
.test_1_selenium_view_backlog_for_scrum_board,Total:261 Passed:261 Failed:0
1692453956458,886,selenium_view_scrum_board,Success,True,
.test_1_selenium_view_scrum_board,Total:262 Passed:262 Failed:0
1692453957439,980,selenium_view_kanban_board,Success,True,
.test_1_selenium_view_kanban_board,Total:263 Passed:263 Failed:0
1692453957802,361,selenium_view_dashboard,Success,True,
.test_1_selenium_view_dashboard,Total:264 Passed:264 Failed:0
1692453958410,607,selenium_view_issue,Success,True,
.test_1_selenium_view_issue,Total:265 Passed:265 Failed:0
1692453958862,450,selenium_log_out,Success,True,
.test_2_selenium_z_log_out,Total:266 Passed:266 Failed:0


=============================== warnings summary ===============================
../../root/.bzt/python-packages/3.11.4/_pytest/config/__init__.py:1204
  /root/.bzt/python-packages/3.11.4/_pytest/config/__init__.py:1204: PytestAssertRewriteWarning: Module already imported so cannot be rewritten: apiritif
    self._mark_plugins_for_rewrite(hook)

-- Docs: https://docs.pytest.org/en/stable/how-to/capture-warnings.html
======================== 14 passed, 1 warning in 18.95s ========================
============================= test session starts ==============================
platform linux -- Python 3.11.4, pytest-7.4.0, pluggy-1.2.0
rootdir: /dc-app-performance-toolkit/app
plugins: xdist-3.3.1, apiritif-1.1.3
collected 14 items

selenium_ui/jira_ui.py get driver from global
clear browser cookies
1692453959073,166,selenium_login:open_login_page,Success,True,
node_id:jira-0
1692453961096,2023,selenium_login:login_and_view_dashboard,Success,True,
1692453961096,2190,selenium_login,Success,True,
.test_0_selenium_a_login,Total:267 Passed:267 Failed:0
1692453961953,544,selenium_project_summary,Success,True,
.test_1_selenium_view_project_summary,Total:268 Passed:268 Failed:0
1692453962641,686,selenium_browse_projects_list,Success,True,
.test_1_selenium_browse_projects_list,Total:269 Passed:269 Failed:0
1692453963731,1089,selenium_browse_boards_list,Success,True,
.test_1_selenium_browse_boards_list,Total:270 Passed:270 Failed:0
1692453964902,933,selenium_create_issue:open_quick_create,Success,True,
1692453966651,1198,selenium_create_issue:fill_and_submit_issue_form:submit_issue_form,Success,True,
1692453966651,1749,selenium_create_issue:fill_and_submit_issue_form,Success,True,
1692453966652,2683,selenium_create_issue,Success,True,
.test_1_selenium_create_issue,Total:271 Passed:271 Failed:0
1692453967341,501,selenium_edit_issue:open_edit_issue_form,Success,True,
1692453968820,647,selenium_edit_issue:save_edit_issue_form,Success,True,
1692453968820,1980,selenium_edit_issue,Success,True,
.test_1_selenium_edit_issue,Total:272 Passed:272 Failed:0
1692453969082,260,selenium_save_comment:open_comment_form,Success,True,
1692453970875,1109,selenium_save_comment:submit_form,Success,True,
1692453970875,2053,selenium_save_comment,Success,True,
.test_1_selenium_save_comment,Total:273 Passed:273 Failed:0
1692453972902,2025,selenium_search_jql,Success,True,
.test_1_selenium_search_jql,Total:274 Passed:274 Failed:0
1692453974189,1285,selenium_view_scrum_board_backlog,Success,True,
.test_1_selenium_view_backlog_for_scrum_board,Total:275 Passed:275 Failed:0
1692453975070,880,selenium_view_scrum_board,Success,True,
.test_1_selenium_view_scrum_board,Total:276 Passed:276 Failed:0
1692453976694,1622,selenium_view_kanban_board,Success,True,
.test_1_selenium_view_kanban_board,Total:277 Passed:277 Failed:0
1692453977070,374,selenium_view_dashboard,Success,True,
.test_1_selenium_view_dashboard,Total:278 Passed:278 Failed:0
1692453977866,795,selenium_view_issue,Success,True,
.test_1_selenium_view_issue,Total:279 Passed:279 Failed:0
1692453978289,421,selenium_log_out,Success,True,
.test_2_selenium_z_log_out,Total:280 Passed:280 Failed:0


=============================== warnings summary ===============================
../../root/.bzt/python-packages/3.11.4/_pytest/config/__init__.py:1204
  /root/.bzt/python-packages/3.11.4/_pytest/config/__init__.py:1204: PytestAssertRewriteWarning: Module already imported so cannot be rewritten: apiritif
    self._mark_plugins_for_rewrite(hook)

-- Docs: https://docs.pytest.org/en/stable/how-to/capture-warnings.html
======================== 14 passed, 1 warning in 19.40s ========================
============================= test session starts ==============================
platform linux -- Python 3.11.4, pytest-7.4.0, pluggy-1.2.0
rootdir: /dc-app-performance-toolkit/app
plugins: xdist-3.3.1, apiritif-1.1.3
collected 14 items

selenium_ui/jira_ui.py get driver from global
clear browser cookies
1692453978533,176,selenium_login:open_login_page,Success,True,
node_id:jira-0
1692453980749,2215,selenium_login:login_and_view_dashboard,Success,True,
1692453980749,2392,selenium_login,Success,True,
.test_0_selenium_a_login,Total:281 Passed:281 Failed:0
1692453981655,580,selenium_project_summary,Success,True,
.test_1_selenium_view_project_summary,Total:282 Passed:282 Failed:0
1692453981997,340,selenium_browse_projects_list,Success,True,
.test_1_selenium_browse_projects_list,Total:283 Passed:283 Failed:0
1692453982819,820,selenium_browse_boards_list,Success,True,
.test_1_selenium_browse_boards_list,Total:284 Passed:284 Failed:0
1692453983848,811,selenium_create_issue:open_quick_create,Success,True,
1692453985056,695,selenium_create_issue:fill_and_submit_issue_form:submit_issue_form,Success,True,
1692453985057,1208,selenium_create_issue:fill_and_submit_issue_form,Success,True,
1692453985057,2020,selenium_create_issue,Success,True,
.test_1_selenium_create_issue,Total:285 Passed:285 Failed:0
1692453985741,489,selenium_edit_issue:open_edit_issue_form,Success,True,
1692453987273,552,selenium_edit_issue:save_edit_issue_form,Success,True,
1692453987273,2022,selenium_edit_issue,Success,True,
.test_1_selenium_edit_issue,Total:286 Passed:286 Failed:0
1692453987557,282,selenium_save_comment:open_comment_form,Success,True,
1692453989559,1310,selenium_save_comment:submit_form,Success,True,
1692453989559,2284,selenium_save_comment,Success,True,
.test_1_selenium_save_comment,Total:287 Passed:287 Failed:0
1692453992228,2668,selenium_search_jql,Success,True,
.test_1_selenium_search_jql,Total:288 Passed:288 Failed:0
1692453993125,895,selenium_view_scrum_board_backlog,Success,True,
.test_1_selenium_view_backlog_for_scrum_board,Total:289 Passed:289 Failed:0
1692453993991,864,selenium_view_scrum_board,Success,True,
.test_1_selenium_view_scrum_board,Total:290 Passed:290 Failed:0
1692453994990,997,selenium_view_kanban_board,Success,True,
.test_1_selenium_view_kanban_board,Total:291 Passed:291 Failed:0
1692453995268,276,selenium_view_dashboard,Success,True,
.test_1_selenium_view_dashboard,Total:292 Passed:292 Failed:0
1692453995812,542,selenium_view_issue,Success,True,
.test_1_selenium_view_issue,Total:293 Passed:293 Failed:0
1692453996234,419,selenium_log_out,Success,True,
.test_2_selenium_z_log_out,Total:294 Passed:294 Failed:0


=============================== warnings summary ===============================
../../root/.bzt/python-packages/3.11.4/_pytest/config/__init__.py:1204
  /root/.bzt/python-packages/3.11.4/_pytest/config/__init__.py:1204: PytestAssertRewriteWarning: Module already imported so cannot be rewritten: apiritif
    self._mark_plugins_for_rewrite(hook)

-- Docs: https://docs.pytest.org/en/stable/how-to/capture-warnings.html
======================== 14 passed, 1 warning in 17.89s ========================
============================= test session starts ==============================
platform linux -- Python 3.11.4, pytest-7.4.0, pluggy-1.2.0
rootdir: /dc-app-performance-toolkit/app
plugins: xdist-3.3.1, apiritif-1.1.3
collected 14 items

selenium_ui/jira_ui.py get driver from global
clear browser cookies
1692453996437,156,selenium_login:open_login_page,Success,True,
node_id:jira-0
1692453998488,2050,selenium_login:login_and_view_dashboard,Success,True,
1692453998488,2208,selenium_login,Success,True,
.test_0_selenium_a_login,Total:295 Passed:295 Failed:0
1692453999254,485,selenium_project_summary,Success,True,
.test_1_selenium_view_project_summary,Total:296 Passed:296 Failed:0
1692453999521,265,selenium_browse_projects_list,Success,True,
.test_1_selenium_browse_projects_list,Total:297 Passed:297 Failed:0
1692454000361,839,selenium_browse_boards_list,Success,True,
.test_1_selenium_browse_boards_list,Total:298 Passed:298 Failed:0
1692454001480,815,selenium_create_issue:open_quick_create,Success,True,
1692454003263,1253,selenium_create_issue:fill_and_submit_issue_form:submit_issue_form,Success,True,
1692454003263,1782,selenium_create_issue:fill_and_submit_issue_form,Success,True,
1692454003263,2598,selenium_create_issue,Success,True,
.test_1_selenium_create_issue,Total:299 Passed:299 Failed:0
1692454004063,496,selenium_edit_issue:open_edit_issue_form,Success,True,
1692454005711,701,selenium_edit_issue:save_edit_issue_form,Success,True,
1692454005711,2144,selenium_edit_issue,Success,True,
.test_1_selenium_edit_issue,Total:300 Passed:300 Failed:0
1692454006046,334,selenium_save_comment:open_comment_form,Success,True,
1692454007650,880,selenium_save_comment:submit_form,Success,True,
1692454007650,1938,selenium_save_comment,Success,True,
.test_1_selenium_save_comment,Total:301 Passed:301 Failed:0
1692454009931,2279,selenium_search_jql,Success,True,
.test_1_selenium_search_jql,Total:302 Passed:302 Failed:0
1692454011175,1242,selenium_view_scrum_board_backlog,Success,True,
.test_1_selenium_view_backlog_for_scrum_board,Total:303 Passed:303 Failed:0
1692454012037,861,selenium_view_scrum_board,Success,True,
.test_1_selenium_view_scrum_board,Total:304 Passed:304 Failed:0
1692454012943,904,selenium_view_kanban_board,Success,True,
.test_1_selenium_view_kanban_board,Total:305 Passed:305 Failed:0
1692454013268,323,selenium_view_dashboard,Success,True,
.test_1_selenium_view_dashboard,Total:306 Passed:306 Failed:0
1692454013782,512,selenium_view_issue,Success,True,
.test_1_selenium_view_issue,Total:307 Passed:307 Failed:0
1692454014251,467,selenium_log_out,Success,True,
.test_2_selenium_z_log_out,Total:308 Passed:308 Failed:0


=============================== warnings summary ===============================
../../root/.bzt/python-packages/3.11.4/_pytest/config/__init__.py:1204
  /root/.bzt/python-packages/3.11.4/_pytest/config/__init__.py:1204: PytestAssertRewriteWarning: Module already imported so cannot be rewritten: apiritif
    self._mark_plugins_for_rewrite(hook)

-- Docs: https://docs.pytest.org/en/stable/how-to/capture-warnings.html
======================== 14 passed, 1 warning in 17.99s ========================
============================= test session starts ==============================
platform linux -- Python 3.11.4, pytest-7.4.0, pluggy-1.2.0
rootdir: /dc-app-performance-toolkit/app
plugins: xdist-3.3.1, apiritif-1.1.3
collected 14 items

selenium_ui/jira_ui.py get driver from global
clear browser cookies
1692454014491,194,selenium_login:open_login_page,Success,True,
node_id:jira-0
1692454016987,2496,selenium_login:login_and_view_dashboard,Success,True,
1692454016987,2690,selenium_login,Success,True,
.test_0_selenium_a_login,Total:309 Passed:309 Failed:0
1692454017963,581,selenium_project_summary,Success,True,
.test_1_selenium_view_project_summary,Total:310 Passed:310 Failed:0
1692454018319,354,selenium_browse_projects_list,Success,True,
.test_1_selenium_browse_projects_list,Total:311 Passed:311 Failed:0
1692454019197,876,selenium_browse_boards_list,Success,True,
.test_1_selenium_browse_boards_list,Total:312 Passed:312 Failed:0
1692454020194,760,selenium_create_issue:open_quick_create,Success,True,
1692454021460,737,selenium_create_issue:fill_and_submit_issue_form:submit_issue_form,Success,True,
1692454021460,1265,selenium_create_issue:fill_and_submit_issue_form,Success,True,
1692454021460,2025,selenium_create_issue,Success,True,
.test_1_selenium_create_issue,Total:313 Passed:313 Failed:0
1692454022208,532,selenium_edit_issue:open_edit_issue_form,Success,True,
1692454023703,476,selenium_edit_issue:save_edit_issue_form,Success,True,
1692454023703,2027,selenium_edit_issue,Success,True,
.test_1_selenium_edit_issue,Total:314 Passed:314 Failed:0
1692454023937,232,selenium_save_comment:open_comment_form,Success,True,
1692454025627,923,selenium_save_comment:submit_form,Success,True,
1692454025627,1922,selenium_save_comment,Success,True,
.test_1_selenium_save_comment,Total:315 Passed:315 Failed:0
1692454027564,1936,selenium_search_jql,Success,True,
.test_1_selenium_search_jql,Total:316 Passed:316 Failed:0
1692454028560,994,selenium_view_scrum_board_backlog,Success,True,
.test_1_selenium_view_backlog_for_scrum_board,Total:317 Passed:317 Failed:0
1692454029610,1048,selenium_view_scrum_board,Success,True,
.test_1_selenium_view_scrum_board,Total:318 Passed:318 Failed:0
1692454030662,1051,selenium_view_kanban_board,Success,True,
.test_1_selenium_view_kanban_board,Total:319 Passed:319 Failed:0
1692454031072,408,selenium_view_dashboard,Success,True,
.test_1_selenium_view_dashboard,Total:320 Passed:320 Failed:0
1692454031673,600,selenium_view_issue,Success,True,
.test_1_selenium_view_issue,Total:321 Passed:321 Failed:0
1692454032313,638,selenium_log_out,Success,True,
.test_2_selenium_z_log_out,Total:322 Passed:322 Failed:0


=============================== warnings summary ===============================
../../root/.bzt/python-packages/3.11.4/_pytest/config/__init__.py:1204
  /root/.bzt/python-packages/3.11.4/_pytest/config/__init__.py:1204: PytestAssertRewriteWarning: Module already imported so cannot be rewritten: apiritif
    self._mark_plugins_for_rewrite(hook)

-- Docs: https://docs.pytest.org/en/stable/how-to/capture-warnings.html
======================== 14 passed, 1 warning in 18.03s ========================
============================= test session starts ==============================
platform linux -- Python 3.11.4, pytest-7.4.0, pluggy-1.2.0
rootdir: /dc-app-performance-toolkit/app
plugins: xdist-3.3.1, apiritif-1.1.3
collected 14 items

selenium_ui/jira_ui.py get driver from global
clear browser cookies
1692454032584,226,selenium_login:open_login_page,Success,True,
node_id:jira-0
1692454034797,2213,selenium_login:login_and_view_dashboard,Success,True,
1692454034798,2440,selenium_login,Success,True,
.test_0_selenium_a_login,Total:323 Passed:323 Failed:0
1692454035530,357,selenium_project_summary,Success,True,
.test_1_selenium_view_project_summary,Total:324 Passed:324 Failed:0
1692454035904,372,selenium_browse_projects_list,Success,True,
.test_1_selenium_browse_projects_list,Total:325 Passed:325 Failed:0
1692454036740,834,selenium_browse_boards_list,Success,True,
.test_1_selenium_browse_boards_list,Total:326 Passed:326 Failed:0
1692454037684,698,selenium_create_issue:open_quick_create,Success,True,
1692454039016,696,selenium_create_issue:fill_and_submit_issue_form:submit_issue_form,Success,True,
1692454039016,1332,selenium_create_issue:fill_and_submit_issue_form,Success,True,
1692454039016,2030,selenium_create_issue,Success,True,
.test_1_selenium_create_issue,Total:327 Passed:327 Failed:0
1692454039726,485,selenium_edit_issue:open_edit_issue_form,Success,True,
1692454041588,872,selenium_edit_issue:save_edit_issue_form,Success,True,
1692454041588,2347,selenium_edit_issue,Success,True,
.test_1_selenium_edit_issue,Total:328 Passed:328 Failed:0
1692454042280,690,selenium_save_comment:open_comment_form,Success,True,
1692454044319,1293,selenium_save_comment:submit_form,Success,True,
1692454044319,2729,selenium_save_comment,Success,True,
.test_1_selenium_save_comment,Total:329 Passed:329 Failed:0
1692454046551,2230,selenium_search_jql,Success,True,
.test_1_selenium_search_jql,Total:330 Passed:330 Failed:0
1692454047880,1327,selenium_view_scrum_board_backlog,Success,True,
.test_1_selenium_view_backlog_for_scrum_board,Total:331 Passed:331 Failed:0
1692454048760,878,selenium_view_scrum_board,Success,True,
.test_1_selenium_view_scrum_board,Total:332 Passed:332 Failed:0
1692454049695,934,selenium_view_kanban_board,Success,True,
.test_1_selenium_view_kanban_board,Total:333 Passed:333 Failed:0
1692454049971,274,selenium_view_dashboard,Success,True,
.test_1_selenium_view_dashboard,Total:334 Passed:334 Failed:0
1692454050471,499,selenium_view_issue,Success,True,
.test_1_selenium_view_issue,Total:335 Passed:335 Failed:0
1692454050844,371,selenium_log_out,Success,True,
.test_2_selenium_z_log_out,Total:336 Passed:336 Failed:0


=============================== warnings summary ===============================
../../root/.bzt/python-packages/3.11.4/_pytest/config/__init__.py:1204
  /root/.bzt/python-packages/3.11.4/_pytest/config/__init__.py:1204: PytestAssertRewriteWarning: Module already imported so cannot be rewritten: apiritif
    self._mark_plugins_for_rewrite(hook)

-- Docs: https://docs.pytest.org/en/stable/how-to/capture-warnings.html
======================== 14 passed, 1 warning in 18.50s ========================
============================= test session starts ==============================
platform linux -- Python 3.11.4, pytest-7.4.0, pluggy-1.2.0
rootdir: /dc-app-performance-toolkit/app
plugins: xdist-3.3.1, apiritif-1.1.3
collected 14 items

selenium_ui/jira_ui.py get driver from global
clear browser cookies
1692454051044,153,selenium_login:open_login_page,Success,True,
node_id:jira-0
1692454053033,1989,selenium_login:login_and_view_dashboard,Success,True,
1692454053034,2143,selenium_login,Success,True,
.test_0_selenium_a_login,Total:337 Passed:337 Failed:0
1692454053920,570,selenium_project_summary,Success,True,
.test_1_selenium_view_project_summary,Total:338 Passed:338 Failed:0
1692454054376,454,selenium_browse_projects_list,Success,True,
.test_1_selenium_browse_projects_list,Total:339 Passed:339 Failed:0
1692454055367,990,selenium_browse_boards_list,Success,True,
.test_1_selenium_browse_boards_list,Total:340 Passed:340 Failed:0
1692454056604,895,selenium_create_issue:open_quick_create,Success,True,
1692454058488,1208,selenium_create_issue:fill_and_submit_issue_form:submit_issue_form,Success,True,
1692454058488,1884,selenium_create_issue:fill_and_submit_issue_form,Success,True,
1692454058488,2779,selenium_create_issue,Success,True,
.test_1_selenium_create_issue,Total:341 Passed:341 Failed:0
1692454059459,638,selenium_edit_issue:open_edit_issue_form,Success,True,
1692454061180,650,selenium_edit_issue:save_edit_issue_form,Success,True,
1692454061181,2360,selenium_edit_issue,Success,True,
.test_1_selenium_edit_issue,Total:342 Passed:342 Failed:0
1692454061460,278,selenium_save_comment:open_comment_form,Success,True,
1692454063331,1114,selenium_save_comment:submit_form,Success,True,
1692454063332,2150,selenium_save_comment,Success,True,
.test_1_selenium_save_comment,Total:343 Passed:343 Failed:0
1692454065604,2271,selenium_search_jql,Success,True,
.test_1_selenium_search_jql,Total:344 Passed:344 Failed:0
1692454066851,1245,selenium_view_scrum_board_backlog,Success,True,
.test_1_selenium_view_backlog_for_scrum_board,Total:345 Passed:345 Failed:0
1692454067902,1049,selenium_view_scrum_board,Success,True,
.test_1_selenium_view_scrum_board,Total:346 Passed:346 Failed:0
1692454069365,1461,selenium_view_kanban_board,Success,True,
.test_1_selenium_view_kanban_board,Total:347 Passed:347 Failed:0
1692454069779,413,selenium_view_dashboard,Success,True,
.test_1_selenium_view_dashboard,Total:348 Passed:348 Failed:0
1692454070621,840,selenium_view_issue,Success,True,
.test_1_selenium_view_issue,Total:349 Passed:349 Failed:0
1692454071051,428,selenium_log_out,Success,True,
.test_2_selenium_z_log_out,Total:350 Passed:350 Failed:0


=============================== warnings summary ===============================
../../root/.bzt/python-packages/3.11.4/_pytest/config/__init__.py:1204
  /root/.bzt/python-packages/3.11.4/_pytest/config/__init__.py:1204: PytestAssertRewriteWarning: Module already imported so cannot be rewritten: apiritif
    self._mark_plugins_for_rewrite(hook)

-- Docs: https://docs.pytest.org/en/stable/how-to/capture-warnings.html
======================== 14 passed, 1 warning in 20.18s ========================
============================= test session starts ==============================
platform linux -- Python 3.11.4, pytest-7.4.0, pluggy-1.2.0
rootdir: /dc-app-performance-toolkit/app
plugins: xdist-3.3.1, apiritif-1.1.3
collected 14 items

selenium_ui/jira_ui.py get driver from global
clear browser cookies
1692454071297,186,selenium_login:open_login_page,Success,True,
node_id:jira-0
1692454073520,2222,selenium_login:login_and_view_dashboard,Success,True,
1692454073520,2409,selenium_login,Success,True,
.test_0_selenium_a_login,Total:351 Passed:351 Failed:0
1692454074441,495,selenium_project_summary,Success,True,
.test_1_selenium_view_project_summary,Total:352 Passed:352 Failed:0
1692454074838,396,selenium_browse_projects_list,Success,True,
.test_1_selenium_browse_projects_list,Total:353 Passed:353 Failed:0
1692454075687,847,selenium_browse_boards_list,Success,True,
.test_1_selenium_browse_boards_list,Total:354 Passed:354 Failed:0
1692454076649,697,selenium_create_issue:open_quick_create,Success,True,
1692454077915,701,selenium_create_issue:fill_and_submit_issue_form:submit_issue_form,Success,True,
1692454077915,1265,selenium_create_issue:fill_and_submit_issue_form,Success,True,
1692454077916,1963,selenium_create_issue,Success,True,
[...]
1692456104163,275,selenium_view_dashboard,Success,True,
.test_1_selenium_view_dashboard,Total:1664 Passed:1664 Failed:0
1692456104685,520,selenium_view_issue,Success,True,
.test_1_selenium_view_issue,Total:1665 Passed:1665 Failed:0
1692456105114,428,selenium_log_out,Success,True,
.test_2_selenium_z_log_out,Total:1666 Passed:1666 Failed:0


=============================== warnings summary ===============================
../../root/.bzt/python-packages/3.11.4/_pytest/config/__init__.py:1204
  /root/.bzt/python-packages/3.11.4/_pytest/config/__init__.py:1204: PytestAssertRewriteWarning: Module already imported so cannot be rewritten: apiritif
    self._mark_plugins_for_rewrite(hook)

-- Docs: https://docs.pytest.org/en/stable/how-to/capture-warnings.html
======================== 14 passed, 1 warning in 25.20s ========================
============================= test session starts ==============================
platform linux -- Python 3.11.4, pytest-7.4.0, pluggy-1.2.0
rootdir: /dc-app-performance-toolkit/app
plugins: xdist-3.3.1, apiritif-1.1.3
collected 14 items

selenium_ui/jira_ui.py get driver from global
clear browser cookies
1692456105306,146,selenium_login:open_login_page,Success,True,
node_id:jira-0
1692456105869,562,selenium_login:login_and_view_dashboard,Success,True,
1692456105869,709,selenium_login,Success,True,
.test_0_selenium_a_login,Total:1667 Passed:1667 Failed:0
1692456108239,460,selenium_project_summary,Success,True,
.test_1_selenium_view_project_summary,Total:1668 Passed:1668 Failed:0
1692456108541,299,selenium_browse_projects_list,Success,True,
.test_1_selenium_browse_projects_list,Total:1669 Passed:1669 Failed:0
1692456109885,1343,selenium_browse_boards_list,Success,True,
.test_1_selenium_browse_boards_list,Total:1670 Passed:1670 Failed:0
1692456113068,1309,selenium_create_issue:open_quick_create,Success,True,
1692456114875,1301,selenium_create_issue:fill_and_submit_issue_form:submit_issue_form,Success,True,
1692456114875,1806,selenium_create_issue:fill_and_submit_issue_form,Success,True,
1692456114875,3116,selenium_create_issue,Success,True,
.test_1_selenium_create_issue,Total:1671 Passed:1671 Failed:0
1692456117281,510,selenium_edit_issue:open_edit_issue_form,Success,True,
1692456119148,469,selenium_edit_issue:save_edit_issue_form,Success,True,
1692456119148,2378,selenium_edit_issue,Success,True,
.test_1_selenium_edit_issue,Total:1672 Passed:1672 Failed:0
1692456119399,249,selenium_save_comment:open_comment_form,Success,True,
1692456121463,819,selenium_save_comment:submit_form,Success,True,
1692456121463,2313,selenium_save_comment,Success,True,
.test_1_selenium_save_comment,Total:1673 Passed:1673 Failed:0
1692456123030,1565,selenium_search_jql,Success,True,
.test_1_selenium_search_jql,Total:1674 Passed:1674 Failed:0
1692456124519,1488,selenium_view_scrum_board_backlog,Success,True,
.test_1_selenium_view_backlog_for_scrum_board,Total:1675 Passed:1675 Failed:0
1692456125955,1434,selenium_view_scrum_board,Success,True,
.test_1_selenium_view_scrum_board,Total:1676 Passed:1676 Failed:0
1692456127397,1440,selenium_view_kanban_board,Success,True,
.test_1_selenium_view_kanban_board,Total:1677 Passed:1677 Failed:0
1692456127741,342,selenium_view_dashboard,Success,True,
.test_1_selenium_view_dashboard,Total:1678 Passed:1678 Failed:0
1692456128469,726,selenium_view_issue,Success,True,
.test_1_selenium_view_issue,Total:1679 Passed:1679 Failed:0
1692456128939,467,selenium_log_out,Success,True,
.test_2_selenium_z_log_out,Total:1680 Passed:1680 Failed:0


=============================== warnings summary ===============================
../../root/.bzt/python-packages/3.11.4/_pytest/config/__init__.py:1204
  /root/.bzt/python-packages/3.11.4/_pytest/config/__init__.py:1204: PytestAssertRewriteWarning: Module already imported so cannot be rewritten: apiritif
    self._mark_plugins_for_rewrite(hook)

-- Docs: https://docs.pytest.org/en/stable/how-to/capture-warnings.html
======================== 14 passed, 1 warning in 23.79s ========================
============================= test session starts ==============================
platform linux -- Python 3.11.4, pytest-7.4.0, pluggy-1.2.0
rootdir: /dc-app-performance-toolkit/app
plugins: xdist-3.3.1, apiritif-1.1.3
collected 14 items

selenium_ui/jira_ui.py get driver from global
clear browser cookies
1692456129219,234,selenium_login:open_login_page,Success,True,
node_id:jira-0
1692456131915,2696,selenium_login:login_and_view_dashboard,Success,True,
1692456131915,2931,selenium_login,Success,True,
.test_0_selenium_a_login,Total:1681 Passed:1681 Failed:0
1692456133697,448,selenium_project_summary,Success,True,
.test_1_selenium_view_project_summary,Total:1682 Passed:1682 Failed:0
1692456133967,268,selenium_browse_projects_list,Success,True,
.test_1_selenium_browse_projects_list,Total:1683 Passed:1683 Failed:0
1692456135338,1368,selenium_browse_boards_list,Success,True,
.test_1_selenium_browse_boards_list,Total:1684 Passed:1684 Failed:0
1692456138522,1299,selenium_create_issue:open_quick_create,Success,True,
1692456140238,1238,selenium_create_issue:fill_and_submit_issue_form:submit_issue_form,Success,True,
1692456140238,1715,selenium_create_issue:fill_and_submit_issue_form,Success,True,
1692456140238,3015,selenium_create_issue,Success,True,
.test_1_selenium_create_issue,Total:1685 Passed:1685 Failed:0
1692456142969,818,selenium_edit_issue:open_edit_issue_form,Success,True,
1692456144895,500,selenium_edit_issue:save_edit_issue_form,Success,True,
1692456144895,2744,selenium_edit_issue,Success,True,
.test_1_selenium_edit_issue,Total:1686 Passed:1686 Failed:0
1692456145128,231,selenium_save_comment:open_comment_form,Success,True,
1692456147200,814,selenium_save_comment:submit_form,Success,True,
1692456147200,2303,selenium_save_comment,Success,True,
.test_1_selenium_save_comment,Total:1687 Passed:1687 Failed:0
1692456148819,1617,selenium_search_jql,Success,True,
.test_1_selenium_search_jql,Total:1688 Passed:1688 Failed:0
1692456150533,1713,selenium_view_scrum_board_backlog,Success,True,
.test_1_selenium_view_backlog_for_scrum_board,Total:1689 Passed:1689 Failed:0
1692456151961,1425,selenium_view_scrum_board,Success,True,
.test_1_selenium_view_scrum_board,Total:1690 Passed:1690 Failed:0
1692456153385,1423,selenium_view_kanban_board,Success,True,
.test_1_selenium_view_kanban_board,Total:1691 Passed:1691 Failed:0
1692456153638,251,selenium_view_dashboard,Success,True,
.test_1_selenium_view_dashboard,Total:1692 Passed:1692 Failed:0
1692456154093,453,selenium_view_issue,Success,True,
.test_1_selenium_view_issue,Total:1693 Passed:1693 Failed:0
1692456154517,422,selenium_log_out,Success,True,
.test_2_selenium_z_log_out,Total:1694 Passed:1694 Failed:0


=============================== warnings summary ===============================
../../root/.bzt/python-packages/3.11.4/_pytest/config/__init__.py:1204
  /root/.bzt/python-packages/3.11.4/_pytest/config/__init__.py:1204: PytestAssertRewriteWarning: Module already imported so cannot be rewritten: apiritif
    self._mark_plugins_for_rewrite(hook)

-- Docs: https://docs.pytest.org/en/stable/how-to/capture-warnings.html
======================== 14 passed, 1 warning in 25.55s ========================
============================= test session starts ==============================
platform linux -- Python 3.11.4, pytest-7.4.0, pluggy-1.2.0
rootdir: /dc-app-performance-toolkit/app
plugins: xdist-3.3.1, apiritif-1.1.3
collected 14 items

selenium_ui/jira_ui.py get driver from global
clear browser cookies
1692456154771,208,selenium_login:open_login_page,Success,True,
node_id:jira-0
1692456155498,726,selenium_login:login_and_view_dashboard,Success,True,
1692456155498,935,selenium_login,Success,True,
.test_0_selenium_a_login,Total:1695 Passed:1695 Failed:0
1692456157877,435,selenium_project_summary,Success,True,
.test_1_selenium_view_project_summary,Total:1696 Passed:1696 Failed:0
1692456158207,329,selenium_browse_projects_list,Success,True,
.test_1_selenium_browse_projects_list,Total:1697 Passed:1697 Failed:0
1692456159562,1353,selenium_browse_boards_list,Success,True,
.test_1_selenium_browse_boards_list,Total:1698 Passed:1698 Failed:0
1692456162773,1307,selenium_create_issue:open_quick_create,Success,True,
1692456164679,1215,selenium_create_issue:fill_and_submit_issue_form:submit_issue_form,Success,True,
1692456164679,1906,selenium_create_issue:fill_and_submit_issue_form,Success,True,
1692456164679,3213,selenium_create_issue,Success,True,
.test_1_selenium_create_issue,Total:1699 Passed:1699 Failed:0
1692456166987,412,selenium_edit_issue:open_edit_issue_form,Success,True,
1692456169245,845,selenium_edit_issue:save_edit_issue_form,Success,True,
1692456169245,2670,selenium_edit_issue,Success,True,
.test_1_selenium_edit_issue,Total:1700 Passed:1700 Failed:0
1692456169567,321,selenium_save_comment:open_comment_form,Success,True,
1692456171757,934,selenium_save_comment:submit_form,Success,True,
1692456171757,2510,selenium_save_comment,Success,True,
.test_1_selenium_save_comment,Total:1701 Passed:1701 Failed:0
1692456173417,1658,selenium_search_jql,Success,True,
.test_1_selenium_search_jql,Total:1702 Passed:1702 Failed:0
1692456174896,1478,selenium_view_scrum_board_backlog,Success,True,
.test_1_selenium_view_backlog_for_scrum_board,Total:1703 Passed:1703 Failed:0
1692456176341,1443,selenium_view_scrum_board,Success,True,
.test_1_selenium_view_scrum_board,Total:1704 Passed:1704 Failed:0
1692456177770,1427,selenium_view_kanban_board,Success,True,
.test_1_selenium_view_kanban_board,Total:1705 Passed:1705 Failed:0
1692456178040,268,selenium_view_dashboard,Success,True,
.test_1_selenium_view_dashboard,Total:1706 Passed:1706 Failed:0
1692456178594,553,selenium_view_issue,Success,True,
.test_1_selenium_view_issue,Total:1707 Passed:1707 Failed:0
1692456178945,349,selenium_log_out,Success,True,
.test_2_selenium_z_log_out,Total:1708 Passed:1708 Failed:0


=============================== warnings summary ===============================
../../root/.bzt/python-packages/3.11.4/_pytest/config/__init__.py:1204
  /root/.bzt/python-packages/3.11.4/_pytest/config/__init__.py:1204: PytestAssertRewriteWarning: Module already imported so cannot be rewritten: apiritif
    self._mark_plugins_for_rewrite(hook)

-- Docs: https://docs.pytest.org/en/stable/how-to/capture-warnings.html
======================== 14 passed, 1 warning in 24.40s ========================
============================= test session starts ==============================
platform linux -- Python 3.11.4, pytest-7.4.0, pluggy-1.2.0
rootdir: /dc-app-performance-toolkit/app
plugins: xdist-3.3.1, apiritif-1.1.3
collected 14 items

selenium_ui/jira_ui.py get driver from global
clear browser cookies
1692456179129,139,selenium_login:open_login_page,Success,True,
node_id:jira-0
1692456179691,561,selenium_login:login_and_view_dashboard,Success,True,
1692456179691,700,selenium_login,Success,True,
.test_0_selenium_a_login,Total:1709 Passed:1709 Failed:0
1692456182089,438,selenium_project_summary,Success,True,
.test_1_selenium_view_project_summary,Total:1710 Passed:1710 Failed:0
1692456182582,491,selenium_browse_projects_list,Success,True,
.test_1_selenium_browse_projects_list,Total:1711 Passed:1711 Failed:0
1692456184001,1418,selenium_browse_boards_list,Success,True,
.test_1_selenium_browse_boards_list,Total:1712 Passed:1712 Failed:0
1692456187233,1303,selenium_create_issue:open_quick_create,Success,True,
1692456189117,1241,selenium_create_issue:fill_and_submit_issue_form:submit_issue_form,Success,True,
1692456189117,1883,selenium_create_issue:fill_and_submit_issue_form,Success,True,
1692456189117,3187,selenium_create_issue,Success,True,
.test_1_selenium_create_issue,Total:1713 Passed:1713 Failed:0
1692456191503,426,selenium_edit_issue:open_edit_issue_form,Success,True,
1692456193480,505,selenium_edit_issue:save_edit_issue_form,Success,True,
1692456193480,2403,selenium_edit_issue,Success,True,
.test_1_selenium_edit_issue,Total:1714 Passed:1714 Failed:0
1692456193729,247,selenium_save_comment:open_comment_form,Success,True,
1692456196147,1148,selenium_save_comment:submit_form,Success,True,
1692456196147,2665,selenium_save_comment,Success,True,
.test_1_selenium_save_comment,Total:1715 Passed:1715 Failed:0
1692456197865,1716,selenium_search_jql,Success,True,
.test_1_selenium_search_jql,Total:1716 Passed:1716 Failed:0
1692456199368,1502,selenium_view_scrum_board_backlog,Success,True,
.test_1_selenium_view_backlog_for_scrum_board,Total:1717 Passed:1717 Failed:0
1692456200828,1459,selenium_view_scrum_board,Success,True,
.test_1_selenium_view_scrum_board,Total:1718 Passed:1718 Failed:0
1692456202282,1452,selenium_view_kanban_board,Success,True,
.test_1_selenium_view_kanban_board,Total:1719 Passed:1719 Failed:0
1692456202564,280,selenium_view_dashboard,Success,True,
.test_1_selenium_view_dashboard,Total:1720 Passed:1720 Failed:0
1692456203104,537,selenium_view_issue,Success,True,
.test_1_selenium_view_issue,Total:1721 Passed:1721 Failed:0
1692456203475,369,selenium_log_out,Success,True,
.test_2_selenium_z_log_out,Total:1722 Passed:1722 Failed:0


=============================== warnings summary ===============================
../../root/.bzt/python-packages/3.11.4/_pytest/config/__init__.py:1204
  /root/.bzt/python-packages/3.11.4/_pytest/config/__init__.py:1204: PytestAssertRewriteWarning: Module already imported so cannot be rewritten: apiritif
    self._mark_plugins_for_rewrite(hook)

-- Docs: https://docs.pytest.org/en/stable/how-to/capture-warnings.html
======================== 14 passed, 1 warning in 24.50s ========================
============================= test session starts ==============================
platform linux -- Python 3.11.4, pytest-7.4.0, pluggy-1.2.0
rootdir: /dc-app-performance-toolkit/app
plugins: xdist-3.3.1, apiritif-1.1.3
collected 14 items

selenium_ui/jira_ui.py get driver from global
clear browser cookies
1692456203711,190,selenium_login:open_login_page,Success,True,
node_id:jira-0
1692456204301,589,selenium_login:login_and_view_dashboard,Success,True,
1692456204301,780,selenium_login,Success,True,
.test_0_selenium_a_login,Total:1723 Passed:1723 Failed:0
1692456206729,454,selenium_project_summary,Success,True,
.test_1_selenium_view_project_summary,Total:1724 Passed:1724 Failed:0
1692456207081,350,selenium_browse_projects_list,Success,True,
.test_1_selenium_browse_projects_list,Total:1725 Passed:1725 Failed:0
1692456208474,1392,selenium_browse_boards_list,Success,True,
.test_1_selenium_browse_boards_list,Total:1726 Passed:1726 Failed:0
1692456211750,1323,selenium_create_issue:open_quick_create,Success,True,
1692456213548,1243,selenium_create_issue:fill_and_submit_issue_form:submit_issue_form,Success,True,
1692456213548,1797,selenium_create_issue:fill_and_submit_issue_form,Success,True,
1692456213548,3121,selenium_create_issue,Success,True,
.test_1_selenium_create_issue,Total:1727 Passed:1727 Failed:0
1692456215934,468,selenium_edit_issue:open_edit_issue_form,Success,True,
1692456217829,482,selenium_edit_issue:save_edit_issue_form,Success,True,
1692456217829,2364,selenium_edit_issue,Success,True,
.test_1_selenium_edit_issue,Total:1728 Passed:1728 Failed:0
1692456218081,250,selenium_save_comment:open_comment_form,Success,True,
1692456220081,748,selenium_save_comment:submit_form,Success,True,
1692456220081,2250,selenium_save_comment,Success,True,
.test_1_selenium_save_comment,Total:1729 Passed:1729 Failed:0
1692456222224,2141,selenium_search_jql,Success,True,
.test_1_selenium_search_jql,Total:1730 Passed:1730 Failed:0
1692456224028,1803,selenium_view_scrum_board_backlog,Success,True,
.test_1_selenium_view_backlog_for_scrum_board,Total:1731 Passed:1731 Failed:0
1692456225544,1514,selenium_view_scrum_board,Success,True,
.test_1_selenium_view_scrum_board,Total:1732 Passed:1732 Failed:0
1692456227017,1472,selenium_view_kanban_board,Success,True,
.test_1_selenium_view_kanban_board,Total:1733 Passed:1733 Failed:0
1692456227305,287,selenium_view_dashboard,Success,True,
.test_1_selenium_view_dashboard,Total:1734 Passed:1734 Failed:0
1692456227869,562,selenium_view_issue,Success,True,
.test_1_selenium_view_issue,Total:1735 Passed:1735 Failed:0
1692456228257,386,selenium_log_out,Success,True,
.test_2_selenium_z_log_out,Total:1736 Passed:1736 Failed:0


=============================== warnings summary ===============================
../../root/.bzt/python-packages/3.11.4/_pytest/config/__init__.py:1204
  /root/.bzt/python-packages/3.11.4/_pytest/config/__init__.py:1204: PytestAssertRewriteWarning: Module already imported so cannot be rewritten: apiritif
    self._mark_plugins_for_rewrite(hook)

-- Docs: https://docs.pytest.org/en/stable/how-to/capture-warnings.html
======================== 14 passed, 1 warning in 24.75s ========================
============================= test session starts ==============================
platform linux -- Python 3.11.4, pytest-7.4.0, pluggy-1.2.0
rootdir: /dc-app-performance-toolkit/app
plugins: xdist-3.3.1, apiritif-1.1.3
collected 14 items

selenium_ui/jira_ui.py get driver from global
clear browser cookies
1692456228490,187,selenium_login:open_login_page,Success,True,
node_id:jira-0
1692456231005,2513,selenium_login:login_and_view_dashboard,Success,True,
1692456231005,2701,selenium_login,Success,True,
.test_0_selenium_a_login,Total:1737 Passed:1737 Failed:0
1692456232950,525,selenium_project_summary,Success,True,
.test_1_selenium_view_project_summary,Total:1738 Passed:1738 Failed:0
1692456233282,330,selenium_browse_projects_list,Success,True,
.test_1_selenium_browse_projects_list,Total:1739 Passed:1739 Failed:0
1692456234653,1370,selenium_browse_boards_list,Success,True,
.test_1_selenium_browse_boards_list,Total:1740 Passed:1740 Failed:0
1692456237952,1323,selenium_create_issue:open_quick_create,Success,True,
1692456240379,1740,selenium_create_issue:fill_and_submit_issue_form:submit_issue_form,Success,True,
1692456240379,2427,selenium_create_issue:fill_and_submit_issue_form,Success,True,
1692456240379,3750,selenium_create_issue,Success,True,
.test_1_selenium_create_issue,Total:1741 Passed:1741 Failed:0
1692456242771,460,selenium_edit_issue:open_edit_issue_form,Success,True,
1692456244654,470,selenium_edit_issue:save_edit_issue_form,Success,True,
1692456244654,2343,selenium_edit_issue,Success,True,
.test_1_selenium_edit_issue,Total:1742 Passed:1742 Failed:0
1692456244890,234,selenium_save_comment:open_comment_form,Success,True,
1692456247000,847,selenium_save_comment:submit_form,Success,True,
1692456247000,2345,selenium_save_comment,Success,True,
.test_1_selenium_save_comment,Total:1743 Passed:1743 Failed:0
1692456249625,2623,selenium_search_jql,Success,True,
.test_1_selenium_search_jql,Total:1744 Passed:1744 Failed:0
1692456251182,1555,selenium_view_scrum_board_backlog,Success,True,
.test_1_selenium_view_backlog_for_scrum_board,Total:1745 Passed:1745 Failed:0
1692456252667,1483,selenium_view_scrum_board,Success,True,
.test_1_selenium_view_scrum_board,Total:1746 Passed:1746 Failed:0
1692456254194,1525,selenium_view_kanban_board,Success,True,
.test_1_selenium_view_kanban_board,Total:1747 Passed:1747 Failed:0
1692456254470,275,selenium_view_dashboard,Success,True,
.test_1_selenium_view_dashboard,Total:1748 Passed:1748 Failed:0
1692456255056,585,selenium_view_issue,Success,True,
.test_1_selenium_view_issue,Total:1749 Passed:1749 Failed:0
1692456255478,420,selenium_log_out,Success,True,
.test_2_selenium_z_log_out,Total:1750 Passed:1750 Failed:0


=============================== warnings summary ===============================
../../root/.bzt/python-packages/3.11.4/_pytest/config/__init__.py:1204
  /root/.bzt/python-packages/3.11.4/_pytest/config/__init__.py:1204: PytestAssertRewriteWarning: Module already imported so cannot be rewritten: apiritif
    self._mark_plugins_for_rewrite(hook)

-- Docs: https://docs.pytest.org/en/stable/how-to/capture-warnings.html
======================== 14 passed, 1 warning in 27.19s ========================
