============================= test session starts ==============================
platform linux -- Python 3.10.9, pytest-7.2.0, pluggy-1.0.0
rootdir: /dc-app-performance-toolkit/app
plugins: xdist-3.1.0, apiritif-1.1.3
collected 10 items

selenium_ui/confluence_ui.py first driver inits
node_id:36005db7
.test_0_selenium_a_login,Total:1 Passed:1 Failed:0
Waiting for document.readyState is equal to complete: 20 s.
document.readyState == complete after 0.04395151138305664 s.
.test_1_selenium_view_blog,Total:2 Passed:2 Failed:0
.test_1_selenium_view_dashboard,Total:3 Passed:3 Failed:0
Waiting for document.readyState is equal to complete: 20 s.
document.readyState == complete after 0.0019981861114501953 s.
.test_1_selenium_view_page,Total:4 Passed:4 Failed:0
Waiting for document.readyState is equal to complete: 20 s.
document.readyState == complete after 0.019796371459960938 s.
.test_1_selenium_view_page_from_cache,Total:5 Passed:5 Failed:0
Waiting for document.readyState is equal to complete: 20 s.
document.readyState == complete after 0.0021758079528808594 s.
.test_1_selenium_create_page,Total:6 Passed:6 Failed:0
.test_1_selenium_edit_by_url,Total:7 Passed:7 Failed:0
Waiting for resources to be loaded: 5 s.
Resources are loaded after 0.39600443840026855 s.
Waiting for document.readyState is equal to complete: 20 s.
document.readyState == complete after 0.0019249916076660156 s.
.test_1_selenium_edit_page_quick_edit,Total:8 Passed:8 Failed:0
Waiting for document.readyState is equal to complete: 20 s.
document.readyState == complete after 0.002083301544189453 s.
1673260292366,670,selenium_create_comment:write_comment,Success,True
1673260292942,576,selenium_create_comment:save_comment,Success,True
1673260292943,1665,selenium_create_comment,Success,True
.test_1_selenium_create_inline_comment,Total:9 Passed:9 Failed:0
1673260293075,131,selenium_log_out,Success,True
.test_2_selenium_z_log_out,Total:10 Passed:10 Failed:0


=============================== warnings summary ===============================
../../root/.bzt/python-packages/3.10.9/_pytest/config/__init__.py:1171
  /root/.bzt/python-packages/3.10.9/_pytest/config/__init__.py:1171: PytestAssertRewriteWarning: Module already imported so cannot be rewritten: apiritif
    self._mark_plugins_for_rewrite(hook)

selenium_ui/confluence_ui.py::test_0_selenium_a_login
  /dc-app-performance-toolkit/app/results/confluence/2023-01-09_10-30-13/python-packages/3.10.9/selenium/webdriver/chrome/webdriver.py:70: DeprecationWarning: desired_capabilities has been deprecated, please pass in a Service object
    super(WebDriver, self).__init__(DesiredCapabilities.CHROME['browserName'], "goog",

selenium_ui/confluence_ui.py: 167 warnings
  /dc-app-performance-toolkit/app/results/confluence/2023-01-09_10-30-13/python-packages/3.10.9/selenium/webdriver/remote/remote_connection.py:376: DeprecationWarning: HTTPResponse.getheader() is deprecated and will be removed in urllib3 v2.1.0. Instead use HTTResponse.headers.get(name, default).
    if resp.getheader('Content-Type'):

selenium_ui/confluence_ui.py: 167 warnings
  /dc-app-performance-toolkit/app/results/confluence/2023-01-09_10-30-13/python-packages/3.10.9/selenium/webdriver/remote/remote_connection.py:377: DeprecationWarning: HTTPResponse.getheader() is deprecated and will be removed in urllib3 v2.1.0. Instead use HTTResponse.headers.get(name, default).
    content_type = resp.getheader('Content-Type').split(';')

-- Docs: https://docs.pytest.org/en/stable/how-to/capture-warnings.html
====================== 10 passed, 336 warnings in 12.49s =======================
============================= test session starts ==============================
platform linux -- Python 3.10.9, pytest-7.2.0, pluggy-1.0.0
rootdir: /dc-app-performance-toolkit/app
plugins: xdist-3.1.0, apiritif-1.1.3
collected 10 items

selenium_ui/confluence_ui.py get driver from global
clear browser cookies
node_id:36008b20
.test_0_selenium_a_login,Total:11 Passed:11 Failed:0
Waiting for document.readyState is equal to complete: 20 s.
document.readyState == complete after 0.0018925666809082031 s.
.test_1_selenium_view_blog,Total:12 Passed:12 Failed:0
.test_1_selenium_view_dashboard,Total:13 Passed:13 Failed:0
Waiting for document.readyState is equal to complete: 20 s.
document.readyState == complete after 0.0020639896392822266 s.
.test_1_selenium_view_page,Total:14 Passed:14 Failed:0
Waiting for document.readyState is equal to complete: 20 s.
document.readyState == complete after 0.0019562244415283203 s.
.test_1_selenium_view_page_from_cache,Total:15 Passed:15 Failed:0
Waiting for document.readyState is equal to complete: 20 s.
document.readyState == complete after 0.0019466876983642578 s.
.test_1_selenium_create_page,Total:16 Passed:16 Failed:0
.test_1_selenium_edit_by_url,Total:17 Passed:17 Failed:0
Waiting for resources to be loaded: 5 s.
Resources are loaded after 0.22409653663635254 s.
Waiting for document.readyState is equal to complete: 20 s.
document.readyState == complete after 0.0019485950469970703 s.
.test_1_selenium_edit_page_quick_edit,Total:18 Passed:18 Failed:0
Waiting for document.readyState is equal to complete: 20 s.
document.readyState == complete after 0.0060291290283203125 s.
1673260309561,1668,selenium_create_comment:write_comment,Success,True
1673260310138,576,selenium_create_comment:save_comment,Success,True
1673260310139,2653,selenium_create_comment,Success,True
.test_1_selenium_create_inline_comment,Total:19 Passed:19 Failed:0
1673260310308,167,selenium_log_out,Success,True
.test_2_selenium_z_log_out,Total:20 Passed:20 Failed:0


=============================== warnings summary ===============================
../../root/.bzt/python-packages/3.10.9/_pytest/config/__init__.py:1171
  /root/.bzt/python-packages/3.10.9/_pytest/config/__init__.py:1171: PytestAssertRewriteWarning: Module already imported so cannot be rewritten: apiritif
    self._mark_plugins_for_rewrite(hook)

selenium_ui/confluence_ui.py: 163 warnings
  /dc-app-performance-toolkit/app/results/confluence/2023-01-09_10-30-13/python-packages/3.10.9/selenium/webdriver/remote/remote_connection.py:376: DeprecationWarning: HTTPResponse.getheader() is deprecated and will be removed in urllib3 v2.1.0. Instead use HTTResponse.headers.get(name, default).
    if resp.getheader('Content-Type'):

selenium_ui/confluence_ui.py: 163 warnings
  /dc-app-performance-toolkit/app/results/confluence/2023-01-09_10-30-13/python-packages/3.10.9/selenium/webdriver/remote/remote_connection.py:377: DeprecationWarning: HTTPResponse.getheader() is deprecated and will be removed in urllib3 v2.1.0. Instead use HTTResponse.headers.get(name, default).
    content_type = resp.getheader('Content-Type').split(';')

-- Docs: https://docs.pytest.org/en/stable/how-to/capture-warnings.html
====================== 10 passed, 327 warnings in 17.20s =======================
============================= test session starts ==============================
platform linux -- Python 3.10.9, pytest-7.2.0, pluggy-1.0.0
rootdir: /dc-app-performance-toolkit/app
plugins: xdist-3.1.0, apiritif-1.1.3
collected 10 items

selenium_ui/confluence_ui.py get driver from global
clear browser cookies
node_id:36008b20
.test_0_selenium_a_login,Total:21 Passed:21 Failed:0
Waiting for document.readyState is equal to complete: 20 s.
document.readyState == complete after 0.03793764114379883 s.
.test_1_selenium_view_blog,Total:22 Passed:22 Failed:0
.test_1_selenium_view_dashboard,Total:23 Passed:23 Failed:0
Waiting for document.readyState is equal to complete: 20 s.
document.readyState == complete after 0.052320241928100586 s.
.test_1_selenium_view_page,Total:24 Passed:24 Failed:0
Waiting for document.readyState is equal to complete: 20 s.
document.readyState == complete after 0.0019240379333496094 s.
.test_1_selenium_view_page_from_cache,Total:25 Passed:25 Failed:0
Waiting for document.readyState is equal to complete: 20 s.
document.readyState == complete after 0.07401132583618164 s.
.test_1_selenium_create_page,Total:26 Passed:26 Failed:0
.test_1_selenium_edit_by_url,Total:27 Passed:27 Failed:0
Waiting for resources to be loaded: 5 s.
Resources are loaded after 0.20943784713745117 s.
Waiting for document.readyState is equal to complete: 20 s.
document.readyState == complete after 0.001995563507080078 s.
.test_1_selenium_edit_page_quick_edit,Total:28 Passed:28 Failed:0
Waiting for document.readyState is equal to complete: 20 s.
document.readyState == complete after 0.020352602005004883 s.
1673260322766,600,selenium_create_comment:write_comment,Success,True
1673260323341,574,selenium_create_comment:save_comment,Success,True
1673260323341,1634,selenium_create_comment,Success,True
.test_1_selenium_create_inline_comment,Total:29 Passed:29 Failed:0
1673260323483,140,selenium_log_out,Success,True
.test_2_selenium_z_log_out,Total:30 Passed:30 Failed:0


=============================== warnings summary ===============================
../../root/.bzt/python-packages/3.10.9/_pytest/config/__init__.py:1171
  /root/.bzt/python-packages/3.10.9/_pytest/config/__init__.py:1171: PytestAssertRewriteWarning: Module already imported so cannot be rewritten: apiritif
    self._mark_plugins_for_rewrite(hook)

selenium_ui/confluence_ui.py: 145 warnings
  /dc-app-performance-toolkit/app/results/confluence/2023-01-09_10-30-13/python-packages/3.10.9/selenium/webdriver/remote/remote_connection.py:376: DeprecationWarning: HTTPResponse.getheader() is deprecated and will be removed in urllib3 v2.1.0. Instead use HTTResponse.headers.get(name, default).
    if resp.getheader('Content-Type'):

selenium_ui/confluence_ui.py: 145 warnings
  /dc-app-performance-toolkit/app/results/confluence/2023-01-09_10-30-13/python-packages/3.10.9/selenium/webdriver/remote/remote_connection.py:377: DeprecationWarning: HTTPResponse.getheader() is deprecated and will be removed in urllib3 v2.1.0. Instead use HTTResponse.headers.get(name, default).
    content_type = resp.getheader('Content-Type').split(';')

-- Docs: https://docs.pytest.org/en/stable/how-to/capture-warnings.html
====================== 10 passed, 291 warnings in 13.15s =======================
============================= test session starts ==============================
platform linux -- Python 3.10.9, pytest-7.2.0, pluggy-1.0.0
rootdir: /dc-app-performance-toolkit/app
plugins: xdist-3.1.0, apiritif-1.1.3
collected 10 items

selenium_ui/confluence_ui.py get driver from global
clear browser cookies
node_id:36002abc
.test_0_selenium_a_login,Total:31 Passed:31 Failed:0
Waiting for document.readyState is equal to complete: 20 s.
document.readyState == complete after 0.008160829544067383 s.
.test_1_selenium_view_blog,Total:32 Passed:32 Failed:0
.test_1_selenium_view_dashboard,Total:33 Passed:33 Failed:0
Waiting for document.readyState is equal to complete: 20 s.
document.readyState == complete after 0.014085054397583008 s.
.test_1_selenium_view_page,Total:34 Passed:34 Failed:0
Waiting for document.readyState is equal to complete: 20 s.
document.readyState == complete after 0.041545867919921875 s.
.test_1_selenium_view_page_from_cache,Total:35 Passed:35 Failed:0
Waiting for document.readyState is equal to complete: 20 s.
document.readyState == complete after 0.001856088638305664 s.
.test_1_selenium_create_page,Total:36 Passed:36 Failed:0
.test_1_selenium_edit_by_url,Total:37 Passed:37 Failed:0
Waiting for resources to be loaded: 5 s.
Resources are loaded after 0.25554943084716797 s.
Waiting for document.readyState is equal to complete: 20 s.
document.readyState == complete after 0.001964569091796875 s.
.test_1_selenium_edit_page_quick_edit,Total:38 Passed:38 Failed:0
Waiting for document.readyState is equal to complete: 20 s.
document.readyState == complete after 0.05665230751037598 s.
1673260335821,803,selenium_create_comment:write_comment,Success,True
1673260336395,574,selenium_create_comment:save_comment,Success,True
1673260336395,1820,selenium_create_comment,Success,True
.test_1_selenium_create_inline_comment,Total:39 Passed:39 Failed:0
1673260336567,170,selenium_log_out,Success,True
.test_2_selenium_z_log_out,Total:40 Passed:40 Failed:0


=============================== warnings summary ===============================
../../root/.bzt/python-packages/3.10.9/_pytest/config/__init__.py:1171
  /root/.bzt/python-packages/3.10.9/_pytest/config/__init__.py:1171: PytestAssertRewriteWarning: Module already imported so cannot be rewritten: apiritif
    self._mark_plugins_for_rewrite(hook)

selenium_ui/confluence_ui.py: 156 warnings
  /dc-app-performance-toolkit/app/results/confluence/2023-01-09_10-30-13/python-packages/3.10.9/selenium/webdriver/remote/remote_connection.py:376: DeprecationWarning: HTTPResponse.getheader() is deprecated and will be removed in urllib3 v2.1.0. Instead use HTTResponse.headers.get(name, default).
    if resp.getheader('Content-Type'):

selenium_ui/confluence_ui.py: 156 warnings
  /dc-app-performance-toolkit/app/results/confluence/2023-01-09_10-30-13/python-packages/3.10.9/selenium/webdriver/remote/remote_connection.py:377: DeprecationWarning: HTTPResponse.getheader() is deprecated and will be removed in urllib3 v2.1.0. Instead use HTTResponse.headers.get(name, default).
    content_type = resp.getheader('Content-Type').split(';')

-- Docs: https://docs.pytest.org/en/stable/how-to/capture-warnings.html
====================== 10 passed, 313 warnings in 13.05s =======================
============================= test session starts ==============================
platform linux -- Python 3.10.9, pytest-7.2.0, pluggy-1.0.0
rootdir: /dc-app-performance-toolkit/app
plugins: xdist-3.1.0, apiritif-1.1.3
collected 10 items

selenium_ui/confluence_ui.py get driver from global
clear browser cookies
node_id:36002abc
.test_0_selenium_a_login,Total:41 Passed:41 Failed:0
Waiting for document.readyState is equal to complete: 20 s.
document.readyState == complete after 0.0019063949584960938 s.
.test_1_selenium_view_blog,Total:42 Passed:42 Failed:0
.test_1_selenium_view_dashboard,Total:43 Passed:43 Failed:0
Waiting for document.readyState is equal to complete: 20 s.
document.readyState == complete after 0.012406587600708008 s.
.test_1_selenium_view_page,Total:44 Passed:44 Failed:0
Waiting for document.readyState is equal to complete: 20 s.
document.readyState == complete after 0.0021719932556152344 s.
.test_1_selenium_view_page_from_cache,Total:45 Passed:45 Failed:0
Waiting for document.readyState is equal to complete: 20 s.
document.readyState == complete after 0.002127408981323242 s.
.test_1_selenium_create_page,Total:46 Passed:46 Failed:0
.test_1_selenium_edit_by_url,Total:47 Passed:47 Failed:0
Waiting for resources to be loaded: 5 s.
Resources are loaded after 0.28673434257507324 s.
Waiting for document.readyState is equal to complete: 20 s.
document.readyState == complete after 0.0022881031036376953 s.
.test_1_selenium_edit_page_quick_edit,Total:48 Passed:48 Failed:0
Waiting for document.readyState is equal to complete: 20 s.
document.readyState == complete after 0.01584625244140625 s.
1673260352029,618,selenium_create_comment:write_comment,Success,True
1673260352601,572,selenium_create_comment:save_comment,Success,True
1673260352601,1778,selenium_create_comment,Success,True
.test_1_selenium_create_inline_comment,Total:49 Passed:49 Failed:0
1673260352730,127,selenium_log_out,Success,True
.test_2_selenium_z_log_out,Total:50 Passed:50 Failed:0


=============================== warnings summary ===============================
../../root/.bzt/python-packages/3.10.9/_pytest/config/__init__.py:1171
  /root/.bzt/python-packages/3.10.9/_pytest/config/__init__.py:1171: PytestAssertRewriteWarning: Module already imported so cannot be rewritten: apiritif
    self._mark_plugins_for_rewrite(hook)

selenium_ui/confluence_ui.py: 176 warnings
  /dc-app-performance-toolkit/app/results/confluence/2023-01-09_10-30-13/python-packages/3.10.9/selenium/webdriver/remote/remote_connection.py:376: DeprecationWarning: HTTPResponse.getheader() is deprecated and will be removed in urllib3 v2.1.0. Instead use HTTResponse.headers.get(name, default).
    if resp.getheader('Content-Type'):

selenium_ui/confluence_ui.py: 176 warnings
  /dc-app-performance-toolkit/app/results/confluence/2023-01-09_10-30-13/python-packages/3.10.9/selenium/webdriver/remote/remote_connection.py:377: DeprecationWarning: HTTPResponse.getheader() is deprecated and will be removed in urllib3 v2.1.0. Instead use HTTResponse.headers.get(name, default).
    content_type = resp.getheader('Content-Type').split(';')

-- Docs: https://docs.pytest.org/en/stable/how-to/capture-warnings.html
====================== 10 passed, 353 warnings in 16.13s =======================
============================= test session starts ==============================
platform linux -- Python 3.10.9, pytest-7.2.0, pluggy-1.0.0
rootdir: /dc-app-performance-toolkit/app
plugins: xdist-3.1.0, apiritif-1.1.3
collected 10 items

selenium_ui/confluence_ui.py get driver from global
clear browser cookies
node_id:36005db7
.test_0_selenium_a_login,Total:51 Passed:51 Failed:0
Waiting for document.readyState is equal to complete: 20 s.
document.readyState == complete after 0.0023050308227539062 s.
.test_1_selenium_view_blog,Total:52 Passed:52 Failed:0
.test_1_selenium_view_dashboard,Total:53 Passed:53 Failed:0
Waiting for document.readyState is equal to complete: 20 s.
document.readyState == complete after 0.0021331310272216797 s.
.test_1_selenium_view_page,Total:54 Passed:54 Failed:0
Waiting for document.readyState is equal to complete: 20 s.
document.readyState == complete after 0.0019228458404541016 s.
.test_1_selenium_view_page_from_cache,Total:55 Passed:55 Failed:0
Waiting for document.readyState is equal to complete: 20 s.
document.readyState == complete after 0.0023543834686279297 s.
.test_1_selenium_create_page,Total:56 Passed:56 Failed:0
.test_1_selenium_edit_by_url,Total:57 Passed:57 Failed:0
Waiting for resources to be loaded: 5 s.
Resources are loaded after 0.18079471588134766 s.
Waiting for document.readyState is equal to complete: 20 s.
document.readyState == complete after 0.0020139217376708984 s.
.test_1_selenium_edit_page_quick_edit,Total:58 Passed:58 Failed:0
Waiting for document.readyState is equal to complete: 20 s.
document.readyState == complete after 0.05048179626464844 s.
1673260372502,663,selenium_create_comment:write_comment,Success,True
1673260373078,575,selenium_create_comment:save_comment,Success,True
1673260373078,1644,selenium_create_comment,Success,True
.test_1_selenium_create_inline_comment,Total:59 Passed:59 Failed:0
1673260373231,151,selenium_log_out,Success,True
.test_2_selenium_z_log_out,Total:60 Passed:60 Failed:0


=============================== warnings summary ===============================
../../root/.bzt/python-packages/3.10.9/_pytest/config/__init__.py:1171
  /root/.bzt/python-packages/3.10.9/_pytest/config/__init__.py:1171: PytestAssertRewriteWarning: Module already imported so cannot be rewritten: apiritif
    self._mark_plugins_for_rewrite(hook)

selenium_ui/confluence_ui.py: 228 warnings
  /dc-app-performance-toolkit/app/results/confluence/2023-01-09_10-30-13/python-packages/3.10.9/selenium/webdriver/remote/remote_connection.py:376: DeprecationWarning: HTTPResponse.getheader() is deprecated and will be removed in urllib3 v2.1.0. Instead use HTTResponse.headers.get(name, default).
    if resp.getheader('Content-Type'):

selenium_ui/confluence_ui.py: 228 warnings
  /dc-app-performance-toolkit/app/results/confluence/2023-01-09_10-30-13/python-packages/3.10.9/selenium/webdriver/remote/remote_connection.py:377: DeprecationWarning: HTTPResponse.getheader() is deprecated and will be removed in urllib3 v2.1.0. Instead use HTTResponse.headers.get(name, default).
    content_type = resp.getheader('Content-Type').split(';')

-- Docs: https://docs.pytest.org/en/stable/how-to/capture-warnings.html
====================== 10 passed, 457 warnings in 20.47s =======================
============================= test session starts ==============================
platform linux -- Python 3.10.9, pytest-7.2.0, pluggy-1.0.0
rootdir: /dc-app-performance-toolkit/app
plugins: xdist-3.1.0, apiritif-1.1.3
collected 10 items

selenium_ui/confluence_ui.py get driver from global
clear browser cookies
node_id:36008b20
.test_0_selenium_a_login,Total:61 Passed:61 Failed:0
Waiting for document.readyState is equal to complete: 20 s.
document.readyState == complete after 0.03349947929382324 s.
.test_1_selenium_view_blog,Total:62 Passed:62 Failed:0
.test_1_selenium_view_dashboard,Total:63 Passed:63 Failed:0
Waiting for document.readyState is equal to complete: 20 s.
document.readyState == complete after 0.0040283203125 s.
.test_1_selenium_view_page,Total:64 Passed:64 Failed:0
Waiting for document.readyState is equal to complete: 20 s.
document.readyState == complete after 0.0038454532623291016 s.
.test_1_selenium_view_page_from_cache,Total:65 Passed:65 Failed:0
Waiting for document.readyState is equal to complete: 20 s.
document.readyState == complete after 0.007630825042724609 s.
.test_1_selenium_create_page,Total:66 Passed:66 Failed:0
.test_1_selenium_edit_by_url,Total:67 Passed:67 Failed:0
Waiting for resources to be loaded: 5 s.
Resources are loaded after 0.2666177749633789 s.
Waiting for document.readyState is equal to complete: 20 s.
document.readyState == complete after 0.0019202232360839844 s.
.test_1_selenium_edit_page_quick_edit,Total:68 Passed:68 Failed:0
Waiting for document.readyState is equal to complete: 20 s.
document.readyState == complete after 0.0019791126251220703 s.
1673260392897,560,selenium_create_comment:write_comment,Success,True
1673260393477,579,selenium_create_comment:save_comment,Success,True
1673260393477,1742,selenium_create_comment,Success,True
.test_1_selenium_create_inline_comment,Total:69 Passed:69 Failed:0
1673260393607,129,selenium_log_out,Success,True
.test_2_selenium_z_log_out,Total:70 Passed:70 Failed:0


=============================== warnings summary ===============================
../../root/.bzt/python-packages/3.10.9/_pytest/config/__init__.py:1171
  /root/.bzt/python-packages/3.10.9/_pytest/config/__init__.py:1171: PytestAssertRewriteWarning: Module already imported so cannot be rewritten: apiritif
    self._mark_plugins_for_rewrite(hook)

selenium_ui/confluence_ui.py: 217 warnings
  /dc-app-performance-toolkit/app/results/confluence/2023-01-09_10-30-13/python-packages/3.10.9/selenium/webdriver/remote/remote_connection.py:376: DeprecationWarning: HTTPResponse.getheader() is deprecated and will be removed in urllib3 v2.1.0. Instead use HTTResponse.headers.get(name, default).
    if resp.getheader('Content-Type'):

selenium_ui/confluence_ui.py: 217 warnings
  /dc-app-performance-toolkit/app/results/confluence/2023-01-09_10-30-13/python-packages/3.10.9/selenium/webdriver/remote/remote_connection.py:377: DeprecationWarning: HTTPResponse.getheader() is deprecated and will be removed in urllib3 v2.1.0. Instead use HTTResponse.headers.get(name, default).
    content_type = resp.getheader('Content-Type').split(';')

-- Docs: https://docs.pytest.org/en/stable/how-to/capture-warnings.html
====================== 10 passed, 435 warnings in 20.35s =======================
============================= test session starts ==============================
platform linux -- Python 3.10.9, pytest-7.2.0, pluggy-1.0.0
rootdir: /dc-app-performance-toolkit/app
plugins: xdist-3.1.0, apiritif-1.1.3
collected 10 items

selenium_ui/confluence_ui.py get driver from global
clear browser cookies
node_id:36008b20
.test_0_selenium_a_login,Total:71 Passed:71 Failed:0
Waiting for document.readyState is equal to complete: 20 s.
document.readyState == complete after 0.0020792484283447266 s.
.test_1_selenium_view_blog,Total:72 Passed:72 Failed:0
.test_1_selenium_view_dashboard,Total:73 Passed:73 Failed:0
Waiting for document.readyState is equal to complete: 20 s.
document.readyState == complete after 0.0020380020141601562 s.
.test_1_selenium_view_page,Total:74 Passed:74 Failed:0
Waiting for document.readyState is equal to complete: 20 s.
document.readyState == complete after 0.002965211868286133 s.
.test_1_selenium_view_page_from_cache,Total:75 Passed:75 Failed:0
Waiting for document.readyState is equal to complete: 20 s.
document.readyState == complete after 0.003383159637451172 s.
.test_1_selenium_create_page,Total:76 Passed:76 Failed:0
.test_1_selenium_edit_by_url,Total:77 Passed:77 Failed:0
Waiting for resources to be loaded: 5 s.
Resources are loaded after 0.36243581771850586 s.
Waiting for document.readyState is equal to complete: 20 s.
document.readyState == complete after 0.0020208358764648438 s.
.test_1_selenium_edit_page_quick_edit,Total:78 Passed:78 Failed:0
Waiting for document.readyState is equal to complete: 20 s.
document.readyState == complete after 0.002435445785522461 s.
1673260410849,619,selenium_create_comment:write_comment,Success,True
1673260411427,577,selenium_create_comment:save_comment,Success,True
1673260411427,1625,selenium_create_comment,Success,True
.test_1_selenium_create_inline_comment,Total:79 Passed:79 Failed:0
1673260411564,135,selenium_log_out,Success,True
.test_2_selenium_z_log_out,Total:80 Passed:80 Failed:0


=============================== warnings summary ===============================
../../root/.bzt/python-packages/3.10.9/_pytest/config/__init__.py:1171
  /root/.bzt/python-packages/3.10.9/_pytest/config/__init__.py:1171: PytestAssertRewriteWarning: Module already imported so cannot be rewritten: apiritif
    self._mark_plugins_for_rewrite(hook)

selenium_ui/confluence_ui.py: 242 warnings
  /dc-app-performance-toolkit/app/results/confluence/2023-01-09_10-30-13/python-packages/3.10.9/selenium/webdriver/remote/remote_connection.py:376: DeprecationWarning: HTTPResponse.getheader() is deprecated and will be removed in urllib3 v2.1.0. Instead use HTTResponse.headers.get(name, default).
    if resp.getheader('Content-Type'):

selenium_ui/confluence_ui.py: 242 warnings
  /dc-app-performance-toolkit/app/results/confluence/2023-01-09_10-30-13/python-packages/3.10.9/selenium/webdriver/remote/remote_connection.py:377: DeprecationWarning: HTTPResponse.getheader() is deprecated and will be removed in urllib3 v2.1.0. Instead use HTTResponse.headers.get(name, default).
    content_type = resp.getheader('Content-Type').split(';')

-- Docs: https://docs.pytest.org/en/stable/how-to/capture-warnings.html
====================== 10 passed, 485 warnings in 17.93s =======================
============================= test session starts ==============================
platform linux -- Python 3.10.9, pytest-7.2.0, pluggy-1.0.0
rootdir: /dc-app-performance-toolkit/app
plugins: xdist-3.1.0, apiritif-1.1.3
collected 10 items

selenium_ui/confluence_ui.py get driver from global
clear browser cookies
node_id:36002abc
.test_0_selenium_a_login,Total:81 Passed:81 Failed:0
Waiting for document.readyState is equal to complete: 20 s.
document.readyState == complete after 0.002189159393310547 s.
.test_1_selenium_view_blog,Total:82 Passed:82 Failed:0
.test_1_selenium_view_dashboard,Total:83 Passed:83 Failed:0
Waiting for document.readyState is equal to complete: 20 s.
document.readyState == complete after 0.011063814163208008 s.
.test_1_selenium_view_page,Total:84 Passed:84 Failed:0
Waiting for document.readyState is equal to complete: 20 s.
document.readyState == complete after 0.002819061279296875 s.
.test_1_selenium_view_page_from_cache,Total:85 Passed:85 Failed:0
Waiting for document.readyState is equal to complete: 20 s.
document.readyState == complete after 0.0021238327026367188 s.
.test_1_selenium_create_page,Total:86 Passed:86 Failed:0
.test_1_selenium_edit_by_url,Total:87 Passed:87 Failed:0
Waiting for resources to be loaded: 5 s.
Resources are loaded after 0.3454267978668213 s.
Waiting for document.readyState is equal to complete: 20 s.
document.readyState == complete after 0.0019991397857666016 s.
.test_1_selenium_edit_page_quick_edit,Total:88 Passed:88 Failed:0
Waiting for document.readyState is equal to complete: 20 s.
document.readyState == complete after 0.058626413345336914 s.
1673260423144,655,selenium_create_comment:write_comment,Success,True
1673260423724,579,selenium_create_comment:save_comment,Success,True
1673260423724,2273,selenium_create_comment,Success,True
.test_1_selenium_create_inline_comment,Total:89 Passed:89 Failed:0
1673260423852,126,selenium_log_out,Success,True
.test_2_selenium_z_log_out,Total:90 Passed:90 Failed:0


=============================== warnings summary ===============================
../../root/.bzt/python-packages/3.10.9/_pytest/config/__init__.py:1171
  /root/.bzt/python-packages/3.10.9/_pytest/config/__init__.py:1171: PytestAssertRewriteWarning: Module already imported so cannot be rewritten: apiritif
    self._mark_plugins_for_rewrite(hook)

selenium_ui/confluence_ui.py: 184 warnings
  /dc-app-performance-toolkit/app/results/confluence/2023-01-09_10-30-13/python-packages/3.10.9/selenium/webdriver/remote/remote_connection.py:376: DeprecationWarning: HTTPResponse.getheader() is deprecated and will be removed in urllib3 v2.1.0. Instead use HTTResponse.headers.get(name, default).
    if resp.getheader('Content-Type'):

selenium_ui/confluence_ui.py: 184 warnings
  /dc-app-performance-toolkit/app/results/confluence/2023-01-09_10-30-13/python-packages/3.10.9/selenium/webdriver/remote/remote_connection.py:377: DeprecationWarning: HTTPResponse.getheader() is deprecated and will be removed in urllib3 v2.1.0. Instead use HTTResponse.headers.get(name, default).
    content_type = resp.getheader('Content-Type').split(';')

-- Docs: https://docs.pytest.org/en/stable/how-to/capture-warnings.html
====================== 10 passed, 369 warnings in 12.23s =======================
============================= test session starts ==============================
platform linux -- Python 3.10.9, pytest-7.2.0, pluggy-1.0.0
rootdir: /dc-app-performance-toolkit/app
plugins: xdist-3.1.0, apiritif-1.1.3
collected 10 items

selenium_ui/confluence_ui.py get driver from global
clear browser cookies
node_id:36002abc
.test_0_selenium_a_login,Total:91 Passed:91 Failed:0
Waiting for document.readyState is equal to complete: 20 s.
document.readyState == complete after 0.0019817352294921875 s.
.test_1_selenium_view_blog,Total:92 Passed:92 Failed:0
.test_1_selenium_view_dashboard,Total:93 Passed:93 Failed:0
Waiting for document.readyState is equal to complete: 20 s.
document.readyState == complete after 0.021291255950927734 s.
.test_1_selenium_view_page,Total:94 Passed:94 Failed:0
Waiting for document.readyState is equal to complete: 20 s.
document.readyState == complete after 0.05051064491271973 s.
.test_1_selenium_view_page_from_cache,Total:95 Passed:95 Failed:0
Waiting for document.readyState is equal to complete: 20 s.
document.readyState == complete after 0.002217531204223633 s.
.test_1_selenium_create_page,Total:96 Passed:96 Failed:0
.test_1_selenium_edit_by_url,Total:97 Passed:97 Failed:0
Waiting for resources to be loaded: 5 s.
Resources are loaded after 0.2674381732940674 s.
Waiting for document.readyState is equal to complete: 20 s.
document.readyState == complete after 0.001943826675415039 s.
.test_1_selenium_edit_page_quick_edit,Total:98 Passed:98 Failed:0
Waiting for document.readyState is equal to complete: 20 s.
document.readyState == complete after 0.028547048568725586 s.
1673260434980,698,selenium_create_comment:write_comment,Success,True
1673260435557,576,selenium_create_comment:save_comment,Success,True
1673260435557,1657,selenium_create_comment,Success,True
.test_1_selenium_create_inline_comment,Total:99 Passed:99 Failed:0
1673260435696,137,selenium_log_out,Success,True
.test_2_selenium_z_log_out,Total:100 Passed:100 Failed:0


=============================== warnings summary ===============================
../../root/.bzt/python-packages/3.10.9/_pytest/config/__init__.py:1171
  /root/.bzt/python-packages/3.10.9/_pytest/config/__init__.py:1171: PytestAssertRewriteWarning: Module already imported so cannot be rewritten: apiritif
    self._mark_plugins_for_rewrite(hook)

selenium_ui/confluence_ui.py: 158 warnings
  /dc-app-performance-toolkit/app/results/confluence/2023-01-09_10-30-13/python-packages/3.10.9/selenium/webdriver/remote/remote_connection.py:376: DeprecationWarning: HTTPResponse.getheader() is deprecated and will be removed in urllib3 v2.1.0. Instead use HTTResponse.headers.get(name, default).
    if resp.getheader('Content-Type'):

selenium_ui/confluence_ui.py: 158 warnings
  /dc-app-performance-toolkit/app/results/confluence/2023-01-09_10-30-13/python-packages/3.10.9/selenium/webdriver/remote/remote_connection.py:377: DeprecationWarning: HTTPResponse.getheader() is deprecated and will be removed in urllib3 v2.1.0. Instead use HTTResponse.headers.get(name, default).
    content_type = resp.getheader('Content-Type').split(';')

-- Docs: https://docs.pytest.org/en/stable/how-to/capture-warnings.html
====================== 10 passed, 317 warnings in 11.81s =======================
============================= test session starts ==============================
platform linux -- Python 3.10.9, pytest-7.2.0, pluggy-1.0.0
rootdir: /dc-app-performance-toolkit/app
plugins: xdist-3.1.0, apiritif-1.1.3
collected 10 items

selenium_ui/confluence_ui.py get driver from global
clear browser cookies
node_id:36002abc
.test_0_selenium_a_login,Total:101 Passed:101 Failed:0
Waiting for document.readyState is equal to complete: 20 s.
document.readyState == complete after 0.0043468475341796875 s.
.test_1_selenium_view_blog,Total:102 Passed:102 Failed:0
.test_1_selenium_view_dashboard,Total:103 Passed:103 Failed:0
Waiting for document.readyState is equal to complete: 20 s.
document.readyState == complete after 0.00964975357055664 s.
.test_1_selenium_view_page,Total:104 Passed:104 Failed:0
Waiting for document.readyState is equal to complete: 20 s.
document.readyState == complete after 0.12264728546142578 s.
.test_1_selenium_view_page_from_cache,Total:105 Passed:105 Failed:0
Waiting for document.readyState is equal to complete: 20 s.
document.readyState == complete after 0.001882314682006836 s.
.test_1_selenium_create_page,Total:106 Passed:106 Failed:0
.test_1_selenium_edit_by_url,Total:107 Passed:107 Failed:0
Waiting for resources to be loaded: 5 s.
Resources are loaded after 0.2370455265045166 s.
Waiting for document.readyState is equal to complete: 20 s.
document.readyState == complete after 0.003114461898803711 s.
.test_1_selenium_edit_page_quick_edit,Total:108 Passed:108 Failed:0
Waiting for document.readyState is equal to complete: 20 s.
document.readyState == complete after 0.0032606124877929688 s.
1673260446094,618,selenium_create_comment:write_comment,Success,True
1673260446665,570,selenium_create_comment:save_comment,Success,True
1673260446667,1718,selenium_create_comment,Success,True
.test_1_selenium_create_inline_comment,Total:109 Passed:109 Failed:0
1673260446797,128,selenium_log_out,Success,True
.test_2_selenium_z_log_out,Total:110 Passed:110 Failed:0


=============================== warnings summary ===============================
../../root/.bzt/python-packages/3.10.9/_pytest/config/__init__.py:1171
  /root/.bzt/python-packages/3.10.9/_pytest/config/__init__.py:1171: PytestAssertRewriteWarning: Module already imported so cannot be rewritten: apiritif
    self._mark_plugins_for_rewrite(hook)

selenium_ui/confluence_ui.py: 154 warnings
  /dc-app-performance-toolkit/app/results/confluence/2023-01-09_10-30-13/python-packages/3.10.9/selenium/webdriver/remote/remote_connection.py:376: DeprecationWarning: HTTPResponse.getheader() is deprecated and will be removed in urllib3 v2.1.0. Instead use HTTResponse.headers.get(name, default).
    if resp.getheader('Content-Type'):

selenium_ui/confluence_ui.py: 154 warnings
  /dc-app-performance-toolkit/app/results/confluence/2023-01-09_10-30-13/python-packages/3.10.9/selenium/webdriver/remote/remote_connection.py:377: DeprecationWarning: HTTPResponse.getheader() is deprecated and will be removed in urllib3 v2.1.0. Instead use HTTResponse.headers.get(name, default).
    content_type = resp.getheader('Content-Type').split(';')

-- Docs: https://docs.pytest.org/en/stable/how-to/capture-warnings.html
====================== 10 passed, 309 warnings in 11.07s =======================
============================= test session starts ==============================
platform linux -- Python 3.10.9, pytest-7.2.0, pluggy-1.0.0
rootdir: /dc-app-performance-toolkit/app
plugins: xdist-3.1.0, apiritif-1.1.3
collected 10 items

selenium_ui/confluence_ui.py get driver from global
clear browser cookies
node_id:36005db7
.test_0_selenium_a_login,Total:111 Passed:111 Failed:0
Waiting for document.readyState is equal to complete: 20 s.
document.readyState == complete after 0.025456905364990234 s.
.test_1_selenium_view_blog,Total:112 Passed:112 Failed:0
.test_1_selenium_view_dashboard,Total:113 Passed:113 Failed:0
Waiting for document.readyState is equal to complete: 20 s.
document.readyState == complete after 0.02001023292541504 s.
.test_1_selenium_view_page,Total:114 Passed:114 Failed:0
Waiting for document.readyState is equal to complete: 20 s.
document.readyState == complete after 0.02069878578186035 s.
.test_1_selenium_view_page_from_cache,Total:115 Passed:115 Failed:0
Waiting for document.readyState is equal to complete: 20 s.
document.readyState == complete after 0.0022287368774414062 s.
.test_1_selenium_create_page,Total:116 Passed:116 Failed:0
.test_1_selenium_edit_by_url,Total:117 Passed:117 Failed:0
Waiting for resources to be loaded: 5 s.
Resources are loaded after 0.26302504539489746 s.
Waiting for document.readyState is equal to complete: 20 s.
document.readyState == complete after 0.0020284652709960938 s.
.test_1_selenium_edit_page_quick_edit,Total:118 Passed:118 Failed:0
Waiting for document.readyState is equal to complete: 20 s.
document.readyState == complete after 0.02492833137512207 s.
1673260458578,650,selenium_create_comment:write_comment,Success,True
1673260459151,572,selenium_create_comment:save_comment,Success,True
1673260459151,1642,selenium_create_comment,Success,True
.test_1_selenium_create_inline_comment,Total:119 Passed:119 Failed:0
1673260459287,133,selenium_log_out,Success,True
.test_2_selenium_z_log_out,Total:120 Passed:120 Failed:0


=============================== warnings summary ===============================
../../root/.bzt/python-packages/3.10.9/_pytest/config/__init__.py:1171
  /root/.bzt/python-packages/3.10.9/_pytest/config/__init__.py:1171: PytestAssertRewriteWarning: Module already imported so cannot be rewritten: apiritif
    self._mark_plugins_for_rewrite(hook)

selenium_ui/confluence_ui.py: 151 warnings
  /dc-app-performance-toolkit/app/results/confluence/2023-01-09_10-30-13/python-packages/3.10.9/selenium/webdriver/remote/remote_connection.py:376: DeprecationWarning: HTTPResponse.getheader() is deprecated and will be removed in urllib3 v2.1.0. Instead use HTTResponse.headers.get(name, default).
    if resp.getheader('Content-Type'):

selenium_ui/confluence_ui.py: 151 warnings
  /dc-app-performance-toolkit/app/results/confluence/2023-01-09_10-30-13/python-packages/3.10.9/selenium/webdriver/remote/remote_connection.py:377: DeprecationWarning: HTTPResponse.getheader() is deprecated and will be removed in urllib3 v2.1.0. Instead use HTTResponse.headers.get(name, default).
    content_type = resp.getheader('Content-Type').split(';')

-- Docs: https://docs.pytest.org/en/stable/how-to/capture-warnings.html
====================== 10 passed, 303 warnings in 12.46s =======================
============================= test session starts ==============================
platform linux -- Python 3.10.9, pytest-7.2.0, pluggy-1.0.0
rootdir: /dc-app-performance-toolkit/app
plugins: xdist-3.1.0, apiritif-1.1.3
collected 10 items

selenium_ui/confluence_ui.py get driver from global
clear browser cookies
node_id:36005db7
.test_0_selenium_a_login,Total:121 Passed:121 Failed:0
Waiting for document.readyState is equal to complete: 20 s.
document.readyState == complete after 0.002112865447998047 s.
.test_1_selenium_view_blog,Total:122 Passed:122 Failed:0
.test_1_selenium_view_dashboard,Total:123 Passed:123 Failed:0
Waiting for document.readyState is equal to complete: 20 s.
document.readyState == complete after 0.0022034645080566406 s.
.test_1_selenium_view_page,Total:124 Passed:124 Failed:0
Waiting for document.readyState is equal to complete: 20 s.
document.readyState == complete after 0.0021207332611083984 s.
.test_1_selenium_view_page_from_cache,Total:125 Passed:125 Failed:0
Waiting for document.readyState is equal to complete: 20 s.
document.readyState == complete after 0.0018742084503173828 s.
.test_1_selenium_create_page,Total:126 Passed:126 Failed:0
.test_1_selenium_edit_by_url,Total:127 Passed:127 Failed:0
Waiting for resources to be loaded: 5 s.
Resources are loaded after 0.24240851402282715 s.
Waiting for document.readyState is equal to complete: 20 s.
document.readyState == complete after 0.001861572265625 s.
.test_1_selenium_edit_page_quick_edit,Total:128 Passed:128 Failed:0
Waiting for document.readyState is equal to complete: 20 s.
document.readyState == complete after 0.0026230812072753906 s.
1673260474026,612,selenium_create_comment:write_comment,Success,True
1673260474599,572,selenium_create_comment:save_comment,Success,True
1673260474599,1591,selenium_create_comment,Success,True
.test_1_selenium_create_inline_comment,Total:129 Passed:129 Failed:0
1673260474730,129,selenium_log_out,Success,True
.test_2_selenium_z_log_out,Total:130 Passed:130 Failed:0


=============================== warnings summary ===============================
../../root/.bzt/python-packages/3.10.9/_pytest/config/__init__.py:1171
  /root/.bzt/python-packages/3.10.9/_pytest/config/__init__.py:1171: PytestAssertRewriteWarning: Module already imported so cannot be rewritten: apiritif
    self._mark_plugins_for_rewrite(hook)

selenium_ui/confluence_ui.py: 205 warnings
  /dc-app-performance-toolkit/app/results/confluence/2023-01-09_10-30-13/python-packages/3.10.9/selenium/webdriver/remote/remote_connection.py:376: DeprecationWarning: HTTPResponse.getheader() is deprecated and will be removed in urllib3 v2.1.0. Instead use HTTResponse.headers.get(name, default).
    if resp.getheader('Content-Type'):

selenium_ui/confluence_ui.py: 205 warnings
  /dc-app-performance-toolkit/app/results/confluence/2023-01-09_10-30-13/python-packages/3.10.9/selenium/webdriver/remote/remote_connection.py:377: DeprecationWarning: HTTPResponse.getheader() is deprecated and will be removed in urllib3 v2.1.0. Instead use HTTResponse.headers.get(name, default).
    content_type = resp.getheader('Content-Type').split(';')

-- Docs: https://docs.pytest.org/en/stable/how-to/capture-warnings.html
====================== 10 passed, 411 warnings in 15.41s =======================
============================= test session starts ==============================
platform linux -- Python 3.10.9, pytest-7.2.0, pluggy-1.0.0
rootdir: /dc-app-performance-toolkit/app
plugins: xdist-3.1.0, apiritif-1.1.3
collected 10 items

selenium_ui/confluence_ui.py get driver from global
clear browser cookies
node_id:36008b20
.test_0_selenium_a_login,Total:131 Passed:131 Failed:0
Waiting for document.readyState is equal to complete: 20 s.
document.readyState == complete after 0.002028226852416992 s.
.test_1_selenium_view_blog,Total:132 Passed:132 Failed:0
.test_1_selenium_view_dashboard,Total:133 Passed:133 Failed:0
Waiting for document.readyState is equal to complete: 20 s.
document.readyState == complete after 0.0022537708282470703 s.
.test_1_selenium_view_page,Total:134 Passed:134 Failed:0
Waiting for document.readyState is equal to complete: 20 s.
document.readyState == complete after 0.0022020339965820312 s.
.test_1_selenium_view_page_from_cache,Total:135 Passed:135 Failed:0
Waiting for document.readyState is equal to complete: 20 s.
document.readyState == complete after 0.0018830299377441406 s.
.test_1_selenium_create_page,Total:136 Passed:136 Failed:0
.test_1_selenium_edit_by_url,Total:137 Passed:137 Failed:0
Waiting for resources to be loaded: 5 s.
Resources are loaded after 0.18155550956726074 s.
Waiting for document.readyState is equal to complete: 20 s.
document.readyState == complete after 0.0019600391387939453 s.
.test_1_selenium_edit_page_quick_edit,Total:138 Passed:138 Failed:0
Waiting for document.readyState is equal to complete: 20 s.
document.readyState == complete after 0.022083282470703125 s.
1673260490432,718,selenium_create_comment:write_comment,Success,True
1673260491011,579,selenium_create_comment:save_comment,Success,True
1673260491011,1699,selenium_create_comment,Success,True
.test_1_selenium_create_inline_comment,Total:139 Passed:139 Failed:0
1673260491140,127,selenium_log_out,Success,True
.test_2_selenium_z_log_out,Total:140 Passed:140 Failed:0


=============================== warnings summary ===============================
../../root/.bzt/python-packages/3.10.9/_pytest/config/__init__.py:1171
  /root/.bzt/python-packages/3.10.9/_pytest/config/__init__.py:1171: PytestAssertRewriteWarning: Module already imported so cannot be rewritten: apiritif
    self._mark_plugins_for_rewrite(hook)

selenium_ui/confluence_ui.py: 219 warnings
  /dc-app-performance-toolkit/app/results/confluence/2023-01-09_10-30-13/python-packages/3.10.9/selenium/webdriver/remote/remote_connection.py:376: DeprecationWarning: HTTPResponse.getheader() is deprecated and will be removed in urllib3 v2.1.0. Instead use HTTResponse.headers.get(name, default).
    if resp.getheader('Content-Type'):

selenium_ui/confluence_ui.py: 219 warnings
  /dc-app-performance-toolkit/app/results/confluence/2023-01-09_10-30-13/python-packages/3.10.9/selenium/webdriver/remote/remote_connection.py:377: DeprecationWarning: HTTPResponse.getheader() is deprecated and will be removed in urllib3 v2.1.0. Instead use HTTResponse.headers.get(name, default).
    content_type = resp.getheader('Content-Type').split(';')

-- Docs: https://docs.pytest.org/en/stable/how-to/capture-warnings.html
====================== 10 passed, 439 warnings in 16.38s =======================
============================= test session starts ==============================
platform linux -- Python 3.10.9, pytest-7.2.0, pluggy-1.0.0
rootdir: /dc-app-performance-toolkit/app
plugins: xdist-3.1.0, apiritif-1.1.3
collected 10 items

selenium_ui/confluence_ui.py get driver from global
clear browser cookies
node_id:36005db7
.test_0_selenium_a_login,Total:141 Passed:141 Failed:0
Waiting for document.readyState is equal to complete: 20 s.
document.readyState == complete after 0.030699491500854492 s.
.test_1_selenium_view_blog,Total:142 Passed:142 Failed:0
.test_1_selenium_view_dashboard,Total:143 Passed:143 Failed:0
Waiting for document.readyState is equal to complete: 20 s.
document.readyState == complete after 0.04542732238769531 s.
.test_1_selenium_view_page,Total:144 Passed:144 Failed:0
Waiting for document.readyState is equal to complete: 20 s.
document.readyState == complete after 0.0020542144775390625 s.
.test_1_selenium_view_page_from_cache,Total:145 Passed:145 Failed:0
Waiting for document.readyState is equal to complete: 20 s.
document.readyState == complete after 0.0018842220306396484 s.
.test_1_selenium_create_page,Total:146 Passed:146 Failed:0
.test_1_selenium_edit_by_url,Total:147 Passed:147 Failed:0
Waiting for resources to be loaded: 5 s.
Resources are loaded after 0.27588796615600586 s.
Waiting for document.readyState is equal to complete: 20 s.
document.readyState == complete after 0.002291440963745117 s.
.test_1_selenium_edit_page_quick_edit,Total:148 Passed:148 Failed:0
Waiting for document.readyState is equal to complete: 20 s.
document.readyState == complete after 0.002245664596557617 s.
1673260508990,671,selenium_create_comment:write_comment,Success,True
1673260509562,571,selenium_create_comment:save_comment,Success,True
1673260509562,1683,selenium_create_comment,Success,True
.test_1_selenium_create_inline_comment,Total:149 Passed:149 Failed:0
1673260509684,120,selenium_log_out,Success,True
.test_2_selenium_z_log_out,Total:150 Passed:150 Failed:0


=============================== warnings summary ===============================
../../root/.bzt/python-packages/3.10.9/_pytest/config/__init__.py:1171
  /root/.bzt/python-packages/3.10.9/_pytest/config/__init__.py:1171: PytestAssertRewriteWarning: Module already imported so cannot be rewritten: apiritif
    self._mark_plugins_for_rewrite(hook)

selenium_ui/confluence_ui.py: 206 warnings
  /dc-app-performance-toolkit/app/results/confluence/2023-01-09_10-30-13/python-packages/3.10.9/selenium/webdriver/remote/remote_connection.py:376: DeprecationWarning: HTTPResponse.getheader() is deprecated and will be removed in urllib3 v2.1.0. Instead use HTTResponse.headers.get(name, default).
    if resp.getheader('Content-Type'):

selenium_ui/confluence_ui.py: 206 warnings
  /dc-app-performance-toolkit/app/results/confluence/2023-01-09_10-30-13/python-packages/3.10.9/selenium/webdriver/remote/remote_connection.py:377: DeprecationWarning: HTTPResponse.getheader() is deprecated and will be removed in urllib3 v2.1.0. Instead use HTTResponse.headers.get(name, default).
    content_type = resp.getheader('Content-Type').split(';')

-- Docs: https://docs.pytest.org/en/stable/how-to/capture-warnings.html
====================== 10 passed, 413 warnings in 18.51s =======================
============================= test session starts ==============================
platform linux -- Python 3.10.9, pytest-7.2.0, pluggy-1.0.0
rootdir: /dc-app-performance-toolkit/app
plugins: xdist-3.1.0, apiritif-1.1.3
collected 10 items

selenium_ui/confluence_ui.py get driver from global
clear browser cookies
node_id:36008b20
.test_0_selenium_a_login,Total:151 Passed:151 Failed:0
Waiting for document.readyState is equal to complete: 20 s.
document.readyState == complete after 0.05723881721496582 s.
.test_1_selenium_view_blog,Total:152 Passed:152 Failed:0
.test_1_selenium_view_dashboard,Total:153 Passed:153 Failed:0
Waiting for document.readyState is equal to complete: 20 s.
document.readyState == complete after 0.005913734436035156 s.
.test_1_selenium_view_page,Total:154 Passed:154 Failed:0
Waiting for document.readyState is equal to complete: 20 s.
document.readyState == complete after 0.06645631790161133 s.
.test_1_selenium_view_page_from_cache,Total:155 Passed:155 Failed:0
Waiting for document.readyState is equal to complete: 20 s.
document.readyState == complete after 0.0020232200622558594 s.
.test_1_selenium_create_page,Total:156 Passed:156 Failed:0
.test_1_selenium_edit_by_url,Total:157 Passed:157 Failed:0
Waiting for resources to be loaded: 5 s.
Resources are loaded after 0.25459861755371094 s.
Waiting for document.readyState is equal to complete: 20 s.
document.readyState == complete after 0.0020356178283691406 s.
.test_1_selenium_edit_page_quick_edit,Total:158 Passed:158 Failed:0
Waiting for document.readyState is equal to complete: 20 s.
document.readyState == complete after 0.004475116729736328 s.
1673260526346,700,selenium_create_comment:write_comment,Success,True
1673260526920,573,selenium_create_comment:save_comment,Success,True
1673260526920,2032,selenium_create_comment,Success,True
.test_1_selenium_create_inline_comment,Total:159 Passed:159 Failed:0
1673260527049,127,selenium_log_out,Success,True
.test_2_selenium_z_log_out,Total:160 Passed:160 Failed:0


=============================== warnings summary ===============================
../../root/.bzt/python-packages/3.10.9/_pytest/config/__init__.py:1171
  /root/.bzt/python-packages/3.10.9/_pytest/config/__init__.py:1171: PytestAssertRewriteWarning: Module already imported so cannot be rewritten: apiritif
    self._mark_plugins_for_rewrite(hook)

selenium_ui/confluence_ui.py: 202 warnings
  /dc-app-performance-toolkit/app/results/confluence/2023-01-09_10-30-13/python-packages/3.10.9/selenium/webdriver/remote/remote_connection.py:376: DeprecationWarning: HTTPResponse.getheader() is deprecated and will be removed in urllib3 v2.1.0. Instead use HTTResponse.headers.get(name, default).
    if resp.getheader('Content-Type'):

selenium_ui/confluence_ui.py: 202 warnings
  /dc-app-performance-toolkit/app/results/confluence/2023-01-09_10-30-13/python-packages/3.10.9/selenium/webdriver/remote/remote_connection.py:377: DeprecationWarning: HTTPResponse.getheader() is deprecated and will be removed in urllib3 v2.1.0. Instead use HTTResponse.headers.get(name, default).
    content_type = resp.getheader('Content-Type').split(';')

-- Docs: https://docs.pytest.org/en/stable/how-to/capture-warnings.html
====================== 10 passed, 405 warnings in 17.34s =======================
============================= test session starts ==============================
platform linux -- Python 3.10.9, pytest-7.2.0, pluggy-1.0.0
rootdir: /dc-app-performance-toolkit/app
plugins: xdist-3.1.0, apiritif-1.1.3
collected 10 items

selenium_ui/confluence_ui.py get driver from global
clear browser cookies
node_id:36002abc
.test_0_selenium_a_login,Total:161 Passed:161 Failed:0
Waiting for document.readyState is equal to complete: 20 s.
document.readyState == complete after 0.02350139617919922 s.
.test_1_selenium_view_blog,Total:162 Passed:162 Failed:0
.test_1_selenium_view_dashboard,Total:163 Passed:163 Failed:0
Waiting for document.readyState is equal to complete: 20 s.
document.readyState == complete after 0.004076242446899414 s.
.test_1_selenium_view_page,Total:164 Passed:164 Failed:0
Waiting for document.readyState is equal to complete: 20 s.
document.readyState == complete after 0.08449983596801758 s.
.test_1_selenium_view_page_from_cache,Total:165 Passed:165 Failed:0
Waiting for document.readyState is equal to complete: 20 s.
document.readyState == complete after 0.04952716827392578 s.
.test_1_selenium_create_page,Total:166 Passed:166 Failed:0
.test_1_selenium_edit_by_url,Total:167 Passed:167 Failed:0
Waiting for resources to be loaded: 5 s.
Resources are loaded after 0.26737356185913086 s.
Waiting for document.readyState is equal to complete: 20 s.
document.readyState == complete after 0.002941131591796875 s.
.test_1_selenium_edit_page_quick_edit,Total:168 Passed:168 Failed:0
Waiting for document.readyState is equal to complete: 20 s.
document.readyState == complete after 0.019440174102783203 s.
1673260537662,725,selenium_create_comment:write_comment,Success,True
1673260538235,572,selenium_create_comment:save_comment,Success,True
1673260538235,1820,selenium_create_comment,Success,True
.test_1_selenium_create_inline_comment,Total:169 Passed:169 Failed:0
1673260538381,144,selenium_log_out,Success,True
.test_2_selenium_z_log_out,Total:170 Passed:170 Failed:0


=============================== warnings summary ===============================
../../root/.bzt/python-packages/3.10.9/_pytest/config/__init__.py:1171
  /root/.bzt/python-packages/3.10.9/_pytest/config/__init__.py:1171: PytestAssertRewriteWarning: Module already imported so cannot be rewritten: apiritif
    self._mark_plugins_for_rewrite(hook)

selenium_ui/confluence_ui.py: 141 warnings
  /dc-app-performance-toolkit/app/results/confluence/2023-01-09_10-30-13/python-packages/3.10.9/selenium/webdriver/remote/remote_connection.py:376: DeprecationWarning: HTTPResponse.getheader() is deprecated and will be removed in urllib3 v2.1.0. Instead use HTTResponse.headers.get(name, default).
    if resp.getheader('Content-Type'):

selenium_ui/confluence_ui.py: 141 warnings
  /dc-app-performance-toolkit/app/results/confluence/2023-01-09_10-30-13/python-packages/3.10.9/selenium/webdriver/remote/remote_connection.py:377: DeprecationWarning: HTTPResponse.getheader() is deprecated and will be removed in urllib3 v2.1.0. Instead use HTTResponse.headers.get(name, default).
    content_type = resp.getheader('Content-Type').split(';')

-- Docs: https://docs.pytest.org/en/stable/how-to/capture-warnings.html
====================== 10 passed, 283 warnings in 11.30s =======================
============================= test session starts ==============================
platform linux -- Python 3.10.9, pytest-7.2.0, pluggy-1.0.0
rootdir: /dc-app-performance-toolkit/app
plugins: xdist-3.1.0, apiritif-1.1.3
collected 10 items

selenium_ui/confluence_ui.py get driver from global
clear browser cookies
node_id:36008b20
.test_0_selenium_a_login,Total:171 Passed:171 Failed:0
Waiting for document.readyState is equal to complete: 20 s.
document.readyState == complete after 0.0024356842041015625 s.
.test_1_selenium_view_blog,Total:172 Passed:172 Failed:0
.test_1_selenium_view_dashboard,Total:173 Passed:173 Failed:0
Waiting for document.readyState is equal to complete: 20 s.
document.readyState == complete after 0.009416818618774414 s.
.test_1_selenium_view_page,Total:174 Passed:174 Failed:0
Waiting for document.readyState is equal to complete: 20 s.
document.readyState == complete after 0.051534414291381836 s.
.test_1_selenium_view_page_from_cache,Total:175 Passed:175 Failed:0
Waiting for document.readyState is equal to complete: 20 s.
document.readyState == complete after 0.002127408981323242 s.
.test_1_selenium_create_page,Total:176 Passed:176 Failed:0
.test_1_selenium_edit_by_url,Total:177 Passed:177 Failed:0
Waiting for resources to be loaded: 5 s.
Resources are loaded after 0.20032691955566406 s.
Waiting for document.readyState is equal to complete: 20 s.
document.readyState == complete after 0.003304004669189453 s.
.test_1_selenium_edit_page_quick_edit,Total:178 Passed:178 Failed:0
Waiting for document.readyState is equal to complete: 20 s.
document.readyState == complete after 0.0020585060119628906 s.
1673260548905,686,selenium_create_comment:write_comment,Success,True
1673260549480,574,selenium_create_comment:save_comment,Success,True
1673260549480,1714,selenium_create_comment,Success,True
.test_1_selenium_create_inline_comment,Total:179 Passed:179 Failed:0
1673260549619,136,selenium_log_out,Success,True
.test_2_selenium_z_log_out,Total:180 Passed:180 Failed:0


=============================== warnings summary ===============================
../../root/.bzt/python-packages/3.10.9/_pytest/config/__init__.py:1171
  /root/.bzt/python-packages/3.10.9/_pytest/config/__init__.py:1171: PytestAssertRewriteWarning: Module already imported so cannot be rewritten: apiritif
    self._mark_plugins_for_rewrite(hook)

selenium_ui/confluence_ui.py: 156 warnings
  /dc-app-performance-toolkit/app/results/confluence/2023-01-09_10-30-13/python-packages/3.10.9/selenium/webdriver/remote/remote_connection.py:376: DeprecationWarning: HTTPResponse.getheader() is deprecated and will be removed in urllib3 v2.1.0. Instead use HTTResponse.headers.get(name, default).
    if resp.getheader('Content-Type'):

selenium_ui/confluence_ui.py: 156 warnings
  /dc-app-performance-toolkit/app/results/confluence/2023-01-09_10-30-13/python-packages/3.10.9/selenium/webdriver/remote/remote_connection.py:377: DeprecationWarning: HTTPResponse.getheader() is deprecated and will be removed in urllib3 v2.1.0. Instead use HTTResponse.headers.get(name, default).
    content_type = resp.getheader('Content-Type').split(';')

-- Docs: https://docs.pytest.org/en/stable/how-to/capture-warnings.html
====================== 10 passed, 313 warnings in 11.21s =======================
============================= test session starts ==============================
platform linux -- Python 3.10.9, pytest-7.2.0, pluggy-1.0.0
rootdir: /dc-app-performance-toolkit/app
plugins: xdist-3.1.0, apiritif-1.1.3
collected 10 items

selenium_ui/confluence_ui.py get driver from global
clear browser cookies
node_id:36002abc
.test_0_selenium_a_login,Total:181 Passed:181 Failed:0
Waiting for document.readyState is equal to complete: 20 s.
document.readyState == complete after 0.04417848587036133 s.
.test_1_selenium_view_blog,Total:182 Passed:182 Failed:0
.test_1_selenium_view_dashboard,Total:183 Passed:183 Failed:0
Waiting for document.readyState is equal to complete: 20 s.
document.readyState == complete after 0.001901388168334961 s.
.test_1_selenium_view_page,Total:184 Passed:184 Failed:0
Waiting for document.readyState is equal to complete: 20 s.
document.readyState == complete after 0.001956939697265625 s.
.test_1_selenium_view_page_from_cache,Total:185 Passed:185 Failed:0
Waiting for document.readyState is equal to complete: 20 s.
document.readyState == complete after 0.006347179412841797 s.
.test_1_selenium_create_page,Total:186 Passed:186 Failed:0
.test_1_selenium_edit_by_url,Total:187 Passed:187 Failed:0
Waiting for resources to be loaded: 5 s.
Resources are loaded after 0.2014636993408203 s.
Waiting for document.readyState is equal to complete: 20 s.
document.readyState == complete after 0.002638101577758789 s.
.test_1_selenium_edit_page_quick_edit,Total:188 Passed:188 Failed:0
Waiting for document.readyState is equal to complete: 20 s.
document.readyState == complete after 0.037064313888549805 s.
1673260559615,674,selenium_create_comment:write_comment,Success,True
1673260560190,574,selenium_create_comment:save_comment,Success,True
1673260560190,1803,selenium_create_comment,Success,True
.test_1_selenium_create_inline_comment,Total:189 Passed:189 Failed:0
1673260560337,146,selenium_log_out,Success,True
.test_2_selenium_z_log_out,Total:190 Passed:190 Failed:0


=============================== warnings summary ===============================
../../root/.bzt/python-packages/3.10.9/_pytest/config/__init__.py:1171
  /root/.bzt/python-packages/3.10.9/_pytest/config/__init__.py:1171: PytestAssertRewriteWarning: Module already imported so cannot be rewritten: apiritif
    self._mark_plugins_for_rewrite(hook)

selenium_ui/confluence_ui.py: 147 warnings
  /dc-app-performance-toolkit/app/results/confluence/2023-01-09_10-30-13/python-packages/3.10.9/selenium/webdriver/remote/remote_connection.py:376: DeprecationWarning: HTTPResponse.getheader() is deprecated and will be removed in urllib3 v2.1.0. Instead use HTTResponse.headers.get(name, default).
    if resp.getheader('Content-Type'):

selenium_ui/confluence_ui.py: 147 warnings
  /dc-app-performance-toolkit/app/results/confluence/2023-01-09_10-30-13/python-packages/3.10.9/selenium/webdriver/remote/remote_connection.py:377: DeprecationWarning: HTTPResponse.getheader() is deprecated and will be removed in urllib3 v2.1.0. Instead use HTTResponse.headers.get(name, default).
    content_type = resp.getheader('Content-Type').split(';')

-- Docs: https://docs.pytest.org/en/stable/how-to/capture-warnings.html
====================== 10 passed, 295 warnings in 10.69s =======================
============================= test session starts ==============================
platform linux -- Python 3.10.9, pytest-7.2.0, pluggy-1.0.0
rootdir: /dc-app-performance-toolkit/app
plugins: xdist-3.1.0, apiritif-1.1.3
collected 10 items

selenium_ui/confluence_ui.py get driver from global
clear browser cookies
node_id:36002abc
.test_0_selenium_a_login,Total:191 Passed:191 Failed:0
Waiting for document.readyState is equal to complete: 20 s.
document.readyState == complete after 0.03261137008666992 s.
.test_1_selenium_view_blog,Total:192 Passed:192 Failed:0
.test_1_selenium_view_dashboard,Total:193 Passed:193 Failed:0
Waiting for document.readyState is equal to complete: 20 s.
document.readyState == complete after 0.03302502632141113 s.
.test_1_selenium_view_page,Total:194 Passed:194 Failed:0
Waiting for document.readyState is equal to complete: 20 s.
document.readyState == complete after 0.1014106273651123 s.
.test_1_selenium_view_page_from_cache,Total:195 Passed:195 Failed:0
Waiting for document.readyState is equal to complete: 20 s.
document.readyState == complete after 0.0022389888763427734 s.
.test_1_selenium_create_page,Total:196 Passed:196 Failed:0
.test_1_selenium_edit_by_url,Total:197 Passed:197 Failed:0
Waiting for resources to be loaded: 5 s.
Resources are loaded after 0.22610807418823242 s.
Waiting for document.readyState is equal to complete: 20 s.
document.readyState == complete after 0.0019698143005371094 s.
.test_1_selenium_edit_page_quick_edit,Total:198 Passed:198 Failed:0
Waiting for document.readyState is equal to complete: 20 s.
document.readyState == complete after 0.10433530807495117 s.
1673260570545,601,selenium_create_comment:write_comment,Success,True
1673260571116,571,selenium_create_comment:save_comment,Success,True
1673260571116,1654,selenium_create_comment,Success,True
.test_1_selenium_create_inline_comment,Total:199 Passed:199 Failed:0
1673260571258,140,selenium_log_out,Success,True
.test_2_selenium_z_log_out,Total:200 Passed:200 Failed:0


=============================== warnings summary ===============================
../../root/.bzt/python-packages/3.10.9/_pytest/config/__init__.py:1171
  /root/.bzt/python-packages/3.10.9/_pytest/config/__init__.py:1171: PytestAssertRewriteWarning: Module already imported so cannot be rewritten: apiritif
    self._mark_plugins_for_rewrite(hook)

selenium_ui/confluence_ui.py: 145 warnings
  /dc-app-performance-toolkit/app/results/confluence/2023-01-09_10-30-13/python-packages/3.10.9/selenium/webdriver/remote/remote_connection.py:376: DeprecationWarning: HTTPResponse.getheader() is deprecated and will be removed in urllib3 v2.1.0. Instead use HTTResponse.headers.get(name, default).
    if resp.getheader('Content-Type'):

selenium_ui/confluence_ui.py: 145 warnings
  /dc-app-performance-toolkit/app/results/confluence/2023-01-09_10-30-13/python-packages/3.10.9/selenium/webdriver/remote/remote_connection.py:377: DeprecationWarning: HTTPResponse.getheader() is deprecated and will be removed in urllib3 v2.1.0. Instead use HTTResponse.headers.get(name, default).
    content_type = resp.getheader('Content-Type').split(';')

-- Docs: https://docs.pytest.org/en/stable/how-to/capture-warnings.html
====================== 10 passed, 291 warnings in 10.89s =======================
============================= test session starts ==============================
platform linux -- Python 3.10.9, pytest-7.2.0, pluggy-1.0.0
rootdir: /dc-app-performance-toolkit/app
plugins: xdist-3.1.0, apiritif-1.1.3
collected 10 items

selenium_ui/confluence_ui.py get driver from global
clear browser cookies
node_id:36002abc
.test_0_selenium_a_login,Total:201 Passed:201 Failed:0
Waiting for document.readyState is equal to complete: 20 s.
document.readyState == complete after 0.0019829273223876953 s.
.test_1_selenium_view_blog,Total:202 Passed:202 Failed:0
.test_1_selenium_view_dashboard,Total:203 Passed:203 Failed:0
Waiting for document.readyState is equal to complete: 20 s.
document.readyState == complete after 0.002596616744995117 s.
.test_1_selenium_view_page,Total:204 Passed:204 Failed:0
Waiting for document.readyState is equal to complete: 20 s.
document.readyState == complete after 0.09200000762939453 s.
.test_1_selenium_view_page_from_cache,Total:205 Passed:205 Failed:0
Waiting for document.readyState is equal to complete: 20 s.
document.readyState == complete after 0.055243730545043945 s.
.test_1_selenium_create_page,Total:206 Passed:206 Failed:0
.test_1_selenium_edit_by_url,Total:207 Passed:207 Failed:0
Waiting for resources to be loaded: 5 s.
Resources are loaded after 0.23073267936706543 s.
Waiting for document.readyState is equal to complete: 20 s.
document.readyState == complete after 0.001966238021850586 s.
.test_1_selenium_edit_page_quick_edit,Total:208 Passed:208 Failed:0
Waiting for document.readyState is equal to complete: 20 s.
document.readyState == complete after 0.06128406524658203 s.
1673260585221,730,selenium_create_comment:write_comment,Success,True
1673260585795,573,selenium_create_comment:save_comment,Success,True
1673260585795,1808,selenium_create_comment,Success,True
.test_1_selenium_create_inline_comment,Total:209 Passed:209 Failed:0
1673260585915,119,selenium_log_out,Success,True
.test_2_selenium_z_log_out,Total:210 Passed:210 Failed:0


=============================== warnings summary ===============================
../../root/.bzt/python-packages/3.10.9/_pytest/config/__init__.py:1171
  /root/.bzt/python-packages/3.10.9/_pytest/config/__init__.py:1171: PytestAssertRewriteWarning: Module already imported so cannot be rewritten: apiritif
    self._mark_plugins_for_rewrite(hook)

selenium_ui/confluence_ui.py: 183 warnings
  /dc-app-performance-toolkit/app/results/confluence/2023-01-09_10-30-13/python-packages/3.10.9/selenium/webdriver/remote/remote_connection.py:376: DeprecationWarning: HTTPResponse.getheader() is deprecated and will be removed in urllib3 v2.1.0. Instead use HTTResponse.headers.get(name, default).
    if resp.getheader('Content-Type'):

selenium_ui/confluence_ui.py: 183 warnings
  /dc-app-performance-toolkit/app/results/confluence/2023-01-09_10-30-13/python-packages/3.10.9/selenium/webdriver/remote/remote_connection.py:377: DeprecationWarning: HTTPResponse.getheader() is deprecated and will be removed in urllib3 v2.1.0. Instead use HTTResponse.headers.get(name, default).
    content_type = resp.getheader('Content-Type').split(';')

-- Docs: https://docs.pytest.org/en/stable/how-to/capture-warnings.html
====================== 10 passed, 367 warnings in 14.59s =======================
============================= test session starts ==============================
platform linux -- Python 3.10.9, pytest-7.2.0, pluggy-1.0.0
rootdir: /dc-app-performance-toolkit/app
plugins: xdist-3.1.0, apiritif-1.1.3
collected 10 items

selenium_ui/confluence_ui.py get driver from global
clear browser cookies
node_id:36002abc
.test_0_selenium_a_login,Total:211 Passed:211 Failed:0
Waiting for document.readyState is equal to complete: 20 s.
document.readyState == complete after 0.01266789436340332 s.
.test_1_selenium_view_blog,Total:212 Passed:212 Failed:0
.test_1_selenium_view_dashboard,Total:213 Passed:213 Failed:0
Waiting for document.readyState is equal to complete: 20 s.
document.readyState == complete after 0.01009225845336914 s.
.test_1_selenium_view_page,Total:214 Passed:214 Failed:0
Waiting for document.readyState is equal to complete: 20 s.
document.readyState == complete after 0.0336911678314209 s.
.test_1_selenium_view_page_from_cache,Total:215 Passed:215 Failed:0
Waiting for document.readyState is equal to complete: 20 s.
document.readyState == complete after 0.0020682811737060547 s.
.test_1_selenium_create_page,Total:216 Passed:216 Failed:0
.test_1_selenium_edit_by_url,Total:217 Passed:217 Failed:0
Waiting for resources to be loaded: 5 s.
Resources are loaded after 0.26367807388305664 s.
Waiting for document.readyState is equal to complete: 20 s.
document.readyState == complete after 0.0019767284393310547 s.
.test_1_selenium_edit_page_quick_edit,Total:218 Passed:218 Failed:0
Waiting for document.readyState is equal to complete: 20 s.
document.readyState == complete after 0.05906939506530762 s.
1673260606232,711,selenium_create_comment:write_comment,Success,True
1673260606805,572,selenium_create_comment:save_comment,Success,True
1673260606805,1869,selenium_create_comment,Success,True
.test_1_selenium_create_inline_comment,Total:219 Passed:219 Failed:0
1673260606929,123,selenium_log_out,Success,True
.test_2_selenium_z_log_out,Total:220 Passed:220 Failed:0


=============================== warnings summary ===============================
../../root/.bzt/python-packages/3.10.9/_pytest/config/__init__.py:1171
  /root/.bzt/python-packages/3.10.9/_pytest/config/__init__.py:1171: PytestAssertRewriteWarning: Module already imported so cannot be rewritten: apiritif
    self._mark_plugins_for_rewrite(hook)

selenium_ui/confluence_ui.py: 215 warnings
  /dc-app-performance-toolkit/app/results/confluence/2023-01-09_10-30-13/python-packages/3.10.9/selenium/webdriver/remote/remote_connection.py:376: DeprecationWarning: HTTPResponse.getheader() is deprecated and will be removed in urllib3 v2.1.0. Instead use HTTResponse.headers.get(name, default).
    if resp.getheader('Content-Type'):

selenium_ui/confluence_ui.py: 215 warnings
  /dc-app-performance-toolkit/app/results/confluence/2023-01-09_10-30-13/python-packages/3.10.9/selenium/webdriver/remote/remote_connection.py:377: DeprecationWarning: HTTPResponse.getheader() is deprecated and will be removed in urllib3 v2.1.0. Instead use HTTResponse.headers.get(name, default).
    content_type = resp.getheader('Content-Type').split(';')

-- Docs: https://docs.pytest.org/en/stable/how-to/capture-warnings.html
====================== 10 passed, 431 warnings in 20.98s =======================
============================= test session starts ==============================
platform linux -- Python 3.10.9, pytest-7.2.0, pluggy-1.0.0
rootdir: /dc-app-performance-toolkit/app
plugins: xdist-3.1.0, apiritif-1.1.3
collected 10 items

selenium_ui/confluence_ui.py get driver from global
clear browser cookies
node_id:36002abc
.test_0_selenium_a_login,Total:221 Passed:221 Failed:0
Waiting for document.readyState is equal to complete: 20 s.
document.readyState == complete after 0.0022470951080322266 s.
.test_1_selenium_view_blog,Total:222 Passed:222 Failed:0
.test_1_selenium_view_dashboard,Total:223 Passed:223 Failed:0
Waiting for document.readyState is equal to complete: 20 s.
document.readyState == complete after 0.0017533302307128906 s.
.test_1_selenium_view_page,Total:224 Passed:224 Failed:0
Waiting for document.readyState is equal to complete: 20 s.
document.readyState == complete after 0.006649017333984375 s.
.test_1_selenium_view_page_from_cache,Total:225 Passed:225 Failed:0
Waiting for document.readyState is equal to complete: 20 s.
document.readyState == complete after 0.001912832260131836 s.
.test_1_selenium_create_page,Total:226 Passed:226 Failed:0
.test_1_selenium_edit_by_url,Total:227 Passed:227 Failed:0
Waiting for resources to be loaded: 5 s.
Resources are loaded after 0.18159747123718262 s.
Waiting for document.readyState is equal to complete: 20 s.
document.readyState == complete after 0.002208232879638672 s.
.test_1_selenium_edit_page_quick_edit,Total:228 Passed:228 Failed:0
Waiting for document.readyState is equal to complete: 20 s.
document.readyState == complete after 0.0021109580993652344 s.
1673260623039,661,selenium_create_comment:write_comment,Success,True
1673260623616,576,selenium_create_comment:save_comment,Success,True
1673260623616,1751,selenium_create_comment,Success,True
.test_1_selenium_create_inline_comment,Total:229 Passed:229 Failed:0
1673260623741,123,selenium_log_out,Success,True
.test_2_selenium_z_log_out,Total:230 Passed:230 Failed:0


=============================== warnings summary ===============================
../../root/.bzt/python-packages/3.10.9/_pytest/config/__init__.py:1171
  /root/.bzt/python-packages/3.10.9/_pytest/config/__init__.py:1171: PytestAssertRewriteWarning: Module already imported so cannot be rewritten: apiritif
    self._mark_plugins_for_rewrite(hook)

selenium_ui/confluence_ui.py: 192 warnings
  /dc-app-performance-toolkit/app/results/confluence/2023-01-09_10-30-13/python-packages/3.10.9/selenium/webdriver/remote/remote_connection.py:376: DeprecationWarning: HTTPResponse.getheader() is deprecated and will be removed in urllib3 v2.1.0. Instead use HTTResponse.headers.get(name, default).
    if resp.getheader('Content-Type'):

selenium_ui/confluence_ui.py: 192 warnings
  /dc-app-performance-toolkit/app/results/confluence/2023-01-09_10-30-13/python-packages/3.10.9/selenium/webdriver/remote/remote_connection.py:377: DeprecationWarning: HTTPResponse.getheader() is deprecated and will be removed in urllib3 v2.1.0. Instead use HTTResponse.headers.get(name, default).
    content_type = resp.getheader('Content-Type').split(';')

-- Docs: https://docs.pytest.org/en/stable/how-to/capture-warnings.html
====================== 10 passed, 385 warnings in 16.78s =======================
============================= test session starts ==============================
platform linux -- Python 3.10.9, pytest-7.2.0, pluggy-1.0.0
rootdir: /dc-app-performance-toolkit/app
plugins: xdist-3.1.0, apiritif-1.1.3
collected 10 items

selenium_ui/confluence_ui.py get driver from global
clear browser cookies
node_id:36008b20
.test_0_selenium_a_login,Total:231 Passed:231 Failed:0
Waiting for document.readyState is equal to complete: 20 s.
document.readyState == complete after 0.0021169185638427734 s.
.test_1_selenium_view_blog,Total:232 Passed:232 Failed:0
.test_1_selenium_view_dashboard,Total:233 Passed:233 Failed:0
Waiting for document.readyState is equal to complete: 20 s.
document.readyState == complete after 0.009704828262329102 s.
.test_1_selenium_view_page,Total:234 Passed:234 Failed:0
Waiting for document.readyState is equal to complete: 20 s.
document.readyState == complete after 0.11289000511169434 s.
.test_1_selenium_view_page_from_cache,Total:235 Passed:235 Failed:0
Waiting for document.readyState is equal to complete: 20 s.
document.readyState == complete after 0.0019164085388183594 s.
.test_1_selenium_create_page,Total:236 Passed:236 Failed:0
.test_1_selenium_edit_by_url,Total:237 Passed:237 Failed:0
Waiting for resources to be loaded: 5 s.
Resources are loaded after 0.16105008125305176 s.
Waiting for document.readyState is equal to complete: 20 s.
document.readyState == complete after 0.0019872188568115234 s.
.test_1_selenium_edit_page_quick_edit,Total:238 Passed:238 Failed:0
Waiting for document.readyState is equal to complete: 20 s.
document.readyState == complete after 0.09061264991760254 s.
1673260640970,772,selenium_create_comment:write_comment,Success,True
1673260641549,578,selenium_create_comment:save_comment,Success,True
1673260641549,1902,selenium_create_comment,Success,True
.test_1_selenium_create_inline_comment,Total:239 Passed:239 Failed:0
1673260641678,127,selenium_log_out,Success,True
.test_2_selenium_z_log_out,Total:240 Passed:240 Failed:0


=============================== warnings summary ===============================
../../root/.bzt/python-packages/3.10.9/_pytest/config/__init__.py:1171
  /root/.bzt/python-packages/3.10.9/_pytest/config/__init__.py:1171: PytestAssertRewriteWarning: Module already imported so cannot be rewritten: apiritif
    self._mark_plugins_for_rewrite(hook)

selenium_ui/confluence_ui.py: 207 warnings
  /dc-app-performance-toolkit/app/results/confluence/2023-01-09_10-30-13/python-packages/3.10.9/selenium/webdriver/remote/remote_connection.py:376: DeprecationWarning: HTTPResponse.getheader() is deprecated and will be removed in urllib3 v2.1.0. Instead use HTTResponse.headers.get(name, default).
    if resp.getheader('Content-Type'):

selenium_ui/confluence_ui.py: 207 warnings
  /dc-app-performance-toolkit/app/results/confluence/2023-01-09_10-30-13/python-packages/3.10.9/selenium/webdriver/remote/remote_connection.py:377: DeprecationWarning: HTTPResponse.getheader() is deprecated and will be removed in urllib3 v2.1.0. Instead use HTTResponse.headers.get(name, default).
    content_type = resp.getheader('Content-Type').split(';')

-- Docs: https://docs.pytest.org/en/stable/how-to/capture-warnings.html
====================== 10 passed, 415 warnings in 17.91s =======================
============================= test session starts ==============================
platform linux -- Python 3.10.9, pytest-7.2.0, pluggy-1.0.0
rootdir: /dc-app-performance-toolkit/app
plugins: xdist-3.1.0, apiritif-1.1.3
collected 10 items

selenium_ui/confluence_ui.py get driver from global
clear browser cookies
node_id:36002abc
.test_0_selenium_a_login,Total:241 Passed:241 Failed:0
Waiting for document.readyState is equal to complete: 20 s.
document.readyState == complete after 0.010201215744018555 s.
.test_1_selenium_view_blog,Total:242 Passed:242 Failed:0
.test_1_selenium_view_dashboard,Total:243 Passed:243 Failed:0
Waiting for document.readyState is equal to complete: 20 s.
document.readyState == complete after 0.0025234222412109375 s.
.test_1_selenium_view_page,Total:244 Passed:244 Failed:0
[...]
====================== 10 passed, 367 warnings in 20.05s =======================
============================= test session starts ==============================
platform linux -- Python 3.10.9, pytest-7.2.0, pluggy-1.0.0
rootdir: /dc-app-performance-toolkit/app
plugins: xdist-3.1.0, apiritif-1.1.3
collected 10 items

selenium_ui/confluence_ui.py get driver from global
clear browser cookies
node_id:36005db7
.test_0_selenium_a_login,Total:1471 Passed:1471 Failed:0
Waiting for document.readyState is equal to complete: 20 s.
document.readyState == complete after 0.002135038375854492 s.
.test_1_selenium_view_blog,Total:1472 Passed:1472 Failed:0
.test_1_selenium_view_dashboard,Total:1473 Passed:1473 Failed:0
Waiting for document.readyState is equal to complete: 20 s.
document.readyState == complete after 0.0030586719512939453 s.
.test_1_selenium_view_page,Total:1474 Passed:1474 Failed:0
Waiting for document.readyState is equal to complete: 20 s.
document.readyState == complete after 0.010288715362548828 s.
.test_1_selenium_view_page_from_cache,Total:1475 Passed:1475 Failed:0
Waiting for document.readyState is equal to complete: 20 s.
document.readyState == complete after 0.0018939971923828125 s.
.test_1_selenium_create_page,Total:1476 Passed:1476 Failed:0
.test_1_selenium_edit_by_url,Total:1477 Passed:1477 Failed:0
Waiting for resources to be loaded: 5 s.
Resources are loaded after 0.24514269828796387 s.
Waiting for document.readyState is equal to complete: 20 s.
document.readyState == complete after 0.001934051513671875 s.
.test_1_selenium_edit_page_quick_edit,Total:1478 Passed:1478 Failed:0
Waiting for document.readyState is equal to complete: 20 s.
document.readyState == complete after 0.013407230377197266 s.
1673262882791,1017,selenium_create_comment:write_comment,Success,True
1673262883370,578,selenium_create_comment:save_comment,Success,True
1673262883370,2080,selenium_create_comment,Success,True
.test_1_selenium_create_inline_comment,Total:1479 Passed:1479 Failed:0
1673262883495,123,selenium_log_out,Success,True
.test_2_selenium_z_log_out,Total:1480 Passed:1480 Failed:0


=============================== warnings summary ===============================
../../root/.bzt/python-packages/3.10.9/_pytest/config/__init__.py:1171
  /root/.bzt/python-packages/3.10.9/_pytest/config/__init__.py:1171: PytestAssertRewriteWarning: Module already imported so cannot be rewritten: apiritif
    self._mark_plugins_for_rewrite(hook)

selenium_ui/confluence_ui.py: 190 warnings
  /dc-app-performance-toolkit/app/results/confluence/2023-01-09_10-30-13/python-packages/3.10.9/selenium/webdriver/remote/remote_connection.py:376: DeprecationWarning: HTTPResponse.getheader() is deprecated and will be removed in urllib3 v2.1.0. Instead use HTTResponse.headers.get(name, default).
    if resp.getheader('Content-Type'):

selenium_ui/confluence_ui.py: 190 warnings
  /dc-app-performance-toolkit/app/results/confluence/2023-01-09_10-30-13/python-packages/3.10.9/selenium/webdriver/remote/remote_connection.py:377: DeprecationWarning: HTTPResponse.getheader() is deprecated and will be removed in urllib3 v2.1.0. Instead use HTTResponse.headers.get(name, default).
    content_type = resp.getheader('Content-Type').split(';')

-- Docs: https://docs.pytest.org/en/stable/how-to/capture-warnings.html
====================== 10 passed, 381 warnings in 24.37s =======================
============================= test session starts ==============================
platform linux -- Python 3.10.9, pytest-7.2.0, pluggy-1.0.0
rootdir: /dc-app-performance-toolkit/app
plugins: xdist-3.1.0, apiritif-1.1.3
collected 10 items

selenium_ui/confluence_ui.py get driver from global
clear browser cookies
node_id:36005db7
.test_0_selenium_a_login,Total:1481 Passed:1481 Failed:0
Waiting for document.readyState is equal to complete: 20 s.
document.readyState == complete after 0.029031038284301758 s.
.test_1_selenium_view_blog,Total:1482 Passed:1482 Failed:0
.test_1_selenium_view_dashboard,Total:1483 Passed:1483 Failed:0
Waiting for document.readyState is equal to complete: 20 s.
document.readyState == complete after 0.0028188228607177734 s.
.test_1_selenium_view_page,Total:1484 Passed:1484 Failed:0
Waiting for document.readyState is equal to complete: 20 s.
document.readyState == complete after 0.1064150333404541 s.
.test_1_selenium_view_page_from_cache,Total:1485 Passed:1485 Failed:0
Waiting for document.readyState is equal to complete: 20 s.
document.readyState == complete after 0.0020952224731445312 s.
.test_1_selenium_create_page,Total:1486 Passed:1486 Failed:0
.test_1_selenium_edit_by_url,Total:1487 Passed:1487 Failed:0
Waiting for resources to be loaded: 5 s.
Resources are loaded after 0.24728822708129883 s.
Waiting for document.readyState is equal to complete: 20 s.
document.readyState == complete after 0.0020291805267333984 s.
.test_1_selenium_edit_page_quick_edit,Total:1488 Passed:1488 Failed:0
Waiting for document.readyState is equal to complete: 20 s.
document.readyState == complete after 0.0018053054809570312 s.
1673262907713,1072,selenium_create_comment:write_comment,Success,True
1673262908287,574,selenium_create_comment:save_comment,Success,True
1673262908288,1933,selenium_create_comment,Success,True
.test_1_selenium_create_inline_comment,Total:1489 Passed:1489 Failed:0
1673262908416,126,selenium_log_out,Success,True
.test_2_selenium_z_log_out,Total:1490 Passed:1490 Failed:0


=============================== warnings summary ===============================
../../root/.bzt/python-packages/3.10.9/_pytest/config/__init__.py:1171
  /root/.bzt/python-packages/3.10.9/_pytest/config/__init__.py:1171: PytestAssertRewriteWarning: Module already imported so cannot be rewritten: apiritif
    self._mark_plugins_for_rewrite(hook)

selenium_ui/confluence_ui.py: 207 warnings
  /dc-app-performance-toolkit/app/results/confluence/2023-01-09_10-30-13/python-packages/3.10.9/selenium/webdriver/remote/remote_connection.py:376: DeprecationWarning: HTTPResponse.getheader() is deprecated and will be removed in urllib3 v2.1.0. Instead use HTTResponse.headers.get(name, default).
    if resp.getheader('Content-Type'):

selenium_ui/confluence_ui.py: 207 warnings
  /dc-app-performance-toolkit/app/results/confluence/2023-01-09_10-30-13/python-packages/3.10.9/selenium/webdriver/remote/remote_connection.py:377: DeprecationWarning: HTTPResponse.getheader() is deprecated and will be removed in urllib3 v2.1.0. Instead use HTTResponse.headers.get(name, default).
    content_type = resp.getheader('Content-Type').split(';')

-- Docs: https://docs.pytest.org/en/stable/how-to/capture-warnings.html
====================== 10 passed, 415 warnings in 24.89s =======================
============================= test session starts ==============================
platform linux -- Python 3.10.9, pytest-7.2.0, pluggy-1.0.0
rootdir: /dc-app-performance-toolkit/app
plugins: xdist-3.1.0, apiritif-1.1.3
collected 10 items

selenium_ui/confluence_ui.py get driver from global
clear browser cookies
node_id:36008b20
.test_0_selenium_a_login,Total:1491 Passed:1491 Failed:0
Waiting for document.readyState is equal to complete: 20 s.
document.readyState == complete after 0.002129077911376953 s.
.test_1_selenium_view_blog,Total:1492 Passed:1492 Failed:0
.test_1_selenium_view_dashboard,Total:1493 Passed:1493 Failed:0
Waiting for document.readyState is equal to complete: 20 s.
document.readyState == complete after 0.0025174617767333984 s.
.test_1_selenium_view_page,Total:1494 Passed:1494 Failed:0
Waiting for document.readyState is equal to complete: 20 s.
document.readyState == complete after 0.0019745826721191406 s.
.test_1_selenium_view_page_from_cache,Total:1495 Passed:1495 Failed:0
Waiting for document.readyState is equal to complete: 20 s.
document.readyState == complete after 0.0018856525421142578 s.
.test_1_selenium_create_page,Total:1496 Passed:1496 Failed:0
.test_1_selenium_edit_by_url,Total:1497 Passed:1497 Failed:0
Waiting for resources to be loaded: 5 s.
Resources are loaded after 0.21138310432434082 s.
Waiting for document.readyState is equal to complete: 20 s.
document.readyState == complete after 0.0019352436065673828 s.
.test_1_selenium_edit_page_quick_edit,Total:1498 Passed:1498 Failed:0
Waiting for document.readyState is equal to complete: 20 s.
document.readyState == complete after 0.0019974708557128906 s.
1673262928885,1022,selenium_create_comment:write_comment,Success,True
1673262929458,572,selenium_create_comment:save_comment,Success,True
1673262929458,1927,selenium_create_comment,Success,True
.test_1_selenium_create_inline_comment,Total:1499 Passed:1499 Failed:0
1673262929580,120,selenium_log_out,Success,True
.test_2_selenium_z_log_out,Total:1500 Passed:1500 Failed:0


=============================== warnings summary ===============================
../../root/.bzt/python-packages/3.10.9/_pytest/config/__init__.py:1171
  /root/.bzt/python-packages/3.10.9/_pytest/config/__init__.py:1171: PytestAssertRewriteWarning: Module already imported so cannot be rewritten: apiritif
    self._mark_plugins_for_rewrite(hook)

selenium_ui/confluence_ui.py: 195 warnings
  /dc-app-performance-toolkit/app/results/confluence/2023-01-09_10-30-13/python-packages/3.10.9/selenium/webdriver/remote/remote_connection.py:376: DeprecationWarning: HTTPResponse.getheader() is deprecated and will be removed in urllib3 v2.1.0. Instead use HTTResponse.headers.get(name, default).
    if resp.getheader('Content-Type'):

selenium_ui/confluence_ui.py: 195 warnings
  /dc-app-performance-toolkit/app/results/confluence/2023-01-09_10-30-13/python-packages/3.10.9/selenium/webdriver/remote/remote_connection.py:377: DeprecationWarning: HTTPResponse.getheader() is deprecated and will be removed in urllib3 v2.1.0. Instead use HTTResponse.headers.get(name, default).
    content_type = resp.getheader('Content-Type').split(';')

-- Docs: https://docs.pytest.org/en/stable/how-to/capture-warnings.html
====================== 10 passed, 391 warnings in 21.13s =======================
============================= test session starts ==============================
platform linux -- Python 3.10.9, pytest-7.2.0, pluggy-1.0.0
rootdir: /dc-app-performance-toolkit/app
plugins: xdist-3.1.0, apiritif-1.1.3
collected 10 items

selenium_ui/confluence_ui.py get driver from global
clear browser cookies
node_id:36008b20
.test_0_selenium_a_login,Total:1501 Passed:1501 Failed:0
Waiting for document.readyState is equal to complete: 20 s.
document.readyState == complete after 0.002370119094848633 s.
.test_1_selenium_view_blog,Total:1502 Passed:1502 Failed:0
.test_1_selenium_view_dashboard,Total:1503 Passed:1503 Failed:0
Waiting for document.readyState is equal to complete: 20 s.
document.readyState == complete after 0.0027103424072265625 s.
.test_1_selenium_view_page,Total:1504 Passed:1504 Failed:0
Waiting for document.readyState is equal to complete: 20 s.
document.readyState == complete after 0.0019998550415039062 s.
.test_1_selenium_view_page_from_cache,Total:1505 Passed:1505 Failed:0
Waiting for document.readyState is equal to complete: 20 s.
document.readyState == complete after 0.0018477439880371094 s.
.test_1_selenium_create_page,Total:1506 Passed:1506 Failed:0
.test_1_selenium_edit_by_url,Total:1507 Passed:1507 Failed:0
Waiting for resources to be loaded: 5 s.
Resources are loaded after 0.1620628833770752 s.
Waiting for document.readyState is equal to complete: 20 s.
document.readyState == complete after 0.0019245147705078125 s.
.test_1_selenium_edit_page_quick_edit,Total:1508 Passed:1508 Failed:0
Waiting for document.readyState is equal to complete: 20 s.
document.readyState == complete after 0.0020008087158203125 s.
1673262950893,1020,selenium_create_comment:write_comment,Success,True
1673262951465,571,selenium_create_comment:save_comment,Success,True
1673262951465,1897,selenium_create_comment,Success,True
.test_1_selenium_create_inline_comment,Total:1509 Passed:1509 Failed:0
1673262951593,126,selenium_log_out,Success,True
.test_2_selenium_z_log_out,Total:1510 Passed:1510 Failed:0


=============================== warnings summary ===============================
../../root/.bzt/python-packages/3.10.9/_pytest/config/__init__.py:1171
  /root/.bzt/python-packages/3.10.9/_pytest/config/__init__.py:1171: PytestAssertRewriteWarning: Module already imported so cannot be rewritten: apiritif
    self._mark_plugins_for_rewrite(hook)

selenium_ui/confluence_ui.py: 200 warnings
  /dc-app-performance-toolkit/app/results/confluence/2023-01-09_10-30-13/python-packages/3.10.9/selenium/webdriver/remote/remote_connection.py:376: DeprecationWarning: HTTPResponse.getheader() is deprecated and will be removed in urllib3 v2.1.0. Instead use HTTResponse.headers.get(name, default).
    if resp.getheader('Content-Type'):

selenium_ui/confluence_ui.py: 200 warnings
  /dc-app-performance-toolkit/app/results/confluence/2023-01-09_10-30-13/python-packages/3.10.9/selenium/webdriver/remote/remote_connection.py:377: DeprecationWarning: HTTPResponse.getheader() is deprecated and will be removed in urllib3 v2.1.0. Instead use HTTResponse.headers.get(name, default).
    content_type = resp.getheader('Content-Type').split(';')

-- Docs: https://docs.pytest.org/en/stable/how-to/capture-warnings.html
====================== 10 passed, 401 warnings in 21.98s =======================
============================= test session starts ==============================
platform linux -- Python 3.10.9, pytest-7.2.0, pluggy-1.0.0
rootdir: /dc-app-performance-toolkit/app
plugins: xdist-3.1.0, apiritif-1.1.3
collected 10 items

selenium_ui/confluence_ui.py get driver from global
clear browser cookies
node_id:36008b20
.test_0_selenium_a_login,Total:1511 Passed:1511 Failed:0
Waiting for document.readyState is equal to complete: 20 s.
document.readyState == complete after 0.002105712890625 s.
.test_1_selenium_view_blog,Total:1512 Passed:1512 Failed:0
.test_1_selenium_view_dashboard,Total:1513 Passed:1513 Failed:0
Waiting for document.readyState is equal to complete: 20 s.
document.readyState == complete after 0.0020864009857177734 s.
.test_1_selenium_view_page,Total:1514 Passed:1514 Failed:0
Waiting for document.readyState is equal to complete: 20 s.
document.readyState == complete after 0.005747556686401367 s.
.test_1_selenium_view_page_from_cache,Total:1515 Passed:1515 Failed:0
Waiting for document.readyState is equal to complete: 20 s.
document.readyState == complete after 0.0020847320556640625 s.
.test_1_selenium_create_page,Total:1516 Passed:1516 Failed:0
.test_1_selenium_edit_by_url,Total:1517 Passed:1517 Failed:0
Waiting for resources to be loaded: 5 s.
Resources are loaded after 0.17592072486877441 s.
Waiting for document.readyState is equal to complete: 20 s.
document.readyState == complete after 0.001974821090698242 s.
.test_1_selenium_edit_page_quick_edit,Total:1518 Passed:1518 Failed:0
Waiting for document.readyState is equal to complete: 20 s.
document.readyState == complete after 0.0019681453704833984 s.
1673262965911,1012,selenium_create_comment:write_comment,Success,True
1673262966482,571,selenium_create_comment:save_comment,Success,True
1673262966483,1926,selenium_create_comment,Success,True
.test_1_selenium_create_inline_comment,Total:1519 Passed:1519 Failed:0
1673262966609,125,selenium_log_out,Success,True
.test_2_selenium_z_log_out,Total:1520 Passed:1520 Failed:0


=============================== warnings summary ===============================
../../root/.bzt/python-packages/3.10.9/_pytest/config/__init__.py:1171
  /root/.bzt/python-packages/3.10.9/_pytest/config/__init__.py:1171: PytestAssertRewriteWarning: Module already imported so cannot be rewritten: apiritif
    self._mark_plugins_for_rewrite(hook)

selenium_ui/confluence_ui.py: 165 warnings
  /dc-app-performance-toolkit/app/results/confluence/2023-01-09_10-30-13/python-packages/3.10.9/selenium/webdriver/remote/remote_connection.py:376: DeprecationWarning: HTTPResponse.getheader() is deprecated and will be removed in urllib3 v2.1.0. Instead use HTTResponse.headers.get(name, default).
    if resp.getheader('Content-Type'):

selenium_ui/confluence_ui.py: 165 warnings
  /dc-app-performance-toolkit/app/results/confluence/2023-01-09_10-30-13/python-packages/3.10.9/selenium/webdriver/remote/remote_connection.py:377: DeprecationWarning: HTTPResponse.getheader() is deprecated and will be removed in urllib3 v2.1.0. Instead use HTTResponse.headers.get(name, default).
    content_type = resp.getheader('Content-Type').split(';')

-- Docs: https://docs.pytest.org/en/stable/how-to/capture-warnings.html
====================== 10 passed, 331 warnings in 14.99s =======================
============================= test session starts ==============================
platform linux -- Python 3.10.9, pytest-7.2.0, pluggy-1.0.0
rootdir: /dc-app-performance-toolkit/app
plugins: xdist-3.1.0, apiritif-1.1.3
collected 10 items

selenium_ui/confluence_ui.py get driver from global
clear browser cookies
node_id:36008b20
.test_0_selenium_a_login,Total:1521 Passed:1521 Failed:0
Waiting for document.readyState is equal to complete: 20 s.
document.readyState == complete after 0.025327444076538086 s.
.test_1_selenium_view_blog,Total:1522 Passed:1522 Failed:0
.test_1_selenium_view_dashboard,Total:1523 Passed:1523 Failed:0
Waiting for document.readyState is equal to complete: 20 s.
document.readyState == complete after 0.002318143844604492 s.
.test_1_selenium_view_page,Total:1524 Passed:1524 Failed:0
Waiting for document.readyState is equal to complete: 20 s.
document.readyState == complete after 0.0026841163635253906 s.
.test_1_selenium_view_page_from_cache,Total:1525 Passed:1525 Failed:0
Waiting for document.readyState is equal to complete: 20 s.
document.readyState == complete after 0.0018453598022460938 s.
.test_1_selenium_create_page,Total:1526 Passed:1526 Failed:0
.test_1_selenium_edit_by_url,Total:1527 Passed:1527 Failed:0
Waiting for resources to be loaded: 5 s.
Resources are loaded after 0.2160356044769287 s.
Waiting for document.readyState is equal to complete: 20 s.
document.readyState == complete after 0.002136707305908203 s.
.test_1_selenium_edit_page_quick_edit,Total:1528 Passed:1528 Failed:0
Waiting for document.readyState is equal to complete: 20 s.
document.readyState == complete after 0.0021228790283203125 s.
1673262983489,1033,selenium_create_comment:write_comment,Success,True
1673262984066,576,selenium_create_comment:save_comment,Success,True
1673262984066,1917,selenium_create_comment,Success,True
.test_1_selenium_create_inline_comment,Total:1529 Passed:1529 Failed:0
1673262984194,127,selenium_log_out,Success,True
.test_2_selenium_z_log_out,Total:1530 Passed:1530 Failed:0


=============================== warnings summary ===============================
../../root/.bzt/python-packages/3.10.9/_pytest/config/__init__.py:1171
  /root/.bzt/python-packages/3.10.9/_pytest/config/__init__.py:1171: PytestAssertRewriteWarning: Module already imported so cannot be rewritten: apiritif
    self._mark_plugins_for_rewrite(hook)

selenium_ui/confluence_ui.py: 145 warnings
  /dc-app-performance-toolkit/app/results/confluence/2023-01-09_10-30-13/python-packages/3.10.9/selenium/webdriver/remote/remote_connection.py:376: DeprecationWarning: HTTPResponse.getheader() is deprecated and will be removed in urllib3 v2.1.0. Instead use HTTResponse.headers.get(name, default).
    if resp.getheader('Content-Type'):

selenium_ui/confluence_ui.py: 145 warnings
  /dc-app-performance-toolkit/app/results/confluence/2023-01-09_10-30-13/python-packages/3.10.9/selenium/webdriver/remote/remote_connection.py:377: DeprecationWarning: HTTPResponse.getheader() is deprecated and will be removed in urllib3 v2.1.0. Instead use HTTResponse.headers.get(name, default).
    content_type = resp.getheader('Content-Type').split(';')

-- Docs: https://docs.pytest.org/en/stable/how-to/capture-warnings.html
====================== 10 passed, 291 warnings in 17.56s =======================
