============================= test session starts ==============================
platform linux -- Python 3.10.9, pytest-7.2.0, pluggy-1.0.0
rootdir: /dc-app-performance-toolkit/app
plugins: xdist-3.1.0, apiritif-1.1.3
collected 10 items

selenium_ui/confluence_ui.py first driver inits
node_id:36005db7
.test_0_selenium_a_login,Total:1 Passed:1 Failed:0
Waiting for document.readyState is equal to complete: 20 s.
document.readyState == complete after 0.0035829544067382812 s.
.test_1_selenium_view_blog,Total:2 Passed:2 Failed:0
.test_1_selenium_view_dashboard,Total:3 Passed:3 Failed:0
Waiting for document.readyState is equal to complete: 20 s.
document.readyState == complete after 0.014435529708862305 s.
.test_1_selenium_view_page,Total:4 Passed:4 Failed:0
Waiting for document.readyState is equal to complete: 20 s.
document.readyState == complete after 0.002074003219604492 s.
.test_1_selenium_view_page_from_cache,Total:5 Passed:5 Failed:0
Waiting for document.readyState is equal to complete: 20 s.
document.readyState == complete after 0.012269735336303711 s.
.test_1_selenium_create_page,Total:6 Passed:6 Failed:0
.test_1_selenium_edit_by_url,Total:7 Passed:7 Failed:0
Waiting for resources to be loaded: 5 s.
Resources are loaded after 0.22382736206054688 s.
Waiting for document.readyState is equal to complete: 20 s.
document.readyState == complete after 0.0019402503967285156 s.
.test_1_selenium_edit_page_quick_edit,Total:8 Passed:8 Failed:0
Waiting for document.readyState is equal to complete: 20 s.
document.readyState == complete after 0.0026390552520751953 s.
1673207676682,621,selenium_create_comment:write_comment,Success,True
1673207677259,576,selenium_create_comment:save_comment,Success,True
1673207677260,1528,selenium_create_comment,Success,True
.test_1_selenium_create_inline_comment,Total:9 Passed:9 Failed:0
1673207677394,132,selenium_log_out,Success,True
.test_2_selenium_z_log_out,Total:10 Passed:10 Failed:0


=============================== warnings summary ===============================
../../root/.bzt/python-packages/3.10.9/_pytest/config/__init__.py:1171
  /root/.bzt/python-packages/3.10.9/_pytest/config/__init__.py:1171: PytestAssertRewriteWarning: Module already imported so cannot be rewritten: apiritif
    self._mark_plugins_for_rewrite(hook)

selenium_ui/confluence_ui.py::test_0_selenium_a_login
  /dc-app-performance-toolkit/app/results/confluence/2023-01-08_19-53-18/python-packages/3.10.9/selenium/webdriver/chrome/webdriver.py:70: DeprecationWarning: desired_capabilities has been deprecated, please pass in a Service object
    super(WebDriver, self).__init__(DesiredCapabilities.CHROME['browserName'], "goog",

selenium_ui/confluence_ui.py: 148 warnings
  /dc-app-performance-toolkit/app/results/confluence/2023-01-08_19-53-18/python-packages/3.10.9/selenium/webdriver/remote/remote_connection.py:376: DeprecationWarning: HTTPResponse.getheader() is deprecated and will be removed in urllib3 v2.1.0. Instead use HTTResponse.headers.get(name, default).
    if resp.getheader('Content-Type'):

selenium_ui/confluence_ui.py: 148 warnings
  /dc-app-performance-toolkit/app/results/confluence/2023-01-08_19-53-18/python-packages/3.10.9/selenium/webdriver/remote/remote_connection.py:377: DeprecationWarning: HTTPResponse.getheader() is deprecated and will be removed in urllib3 v2.1.0. Instead use HTTResponse.headers.get(name, default).
    content_type = resp.getheader('Content-Type').split(';')

-- Docs: https://docs.pytest.org/en/stable/how-to/capture-warnings.html
====================== 10 passed, 298 warnings in 12.82s =======================
============================= test session starts ==============================
platform linux -- Python 3.10.9, pytest-7.2.0, pluggy-1.0.0
rootdir: /dc-app-performance-toolkit/app
plugins: xdist-3.1.0, apiritif-1.1.3
collected 10 items

selenium_ui/confluence_ui.py get driver from global
clear browser cookies
node_id:36005db7
.test_0_selenium_a_login,Total:11 Passed:11 Failed:0
Waiting for document.readyState is equal to complete: 20 s.
document.readyState == complete after 0.005471229553222656 s.
.test_1_selenium_view_blog,Total:12 Passed:12 Failed:0
.test_1_selenium_view_dashboard,Total:13 Passed:13 Failed:0
Waiting for document.readyState is equal to complete: 20 s.
document.readyState == complete after 0.013210058212280273 s.
.test_1_selenium_view_page,Total:14 Passed:14 Failed:0
Waiting for document.readyState is equal to complete: 20 s.
document.readyState == complete after 0.0019800662994384766 s.
.test_1_selenium_view_page_from_cache,Total:15 Passed:15 Failed:0
Waiting for document.readyState is equal to complete: 20 s.
document.readyState == complete after 0.002153158187866211 s.
.test_1_selenium_create_page,Total:16 Passed:16 Failed:0
.test_1_selenium_edit_by_url,Total:17 Passed:17 Failed:0
Waiting for resources to be loaded: 5 s.
Resources are loaded after 0.23303484916687012 s.
Waiting for document.readyState is equal to complete: 20 s.
document.readyState == complete after 0.00203704833984375 s.
.test_1_selenium_edit_page_quick_edit,Total:18 Passed:18 Failed:0
Waiting for document.readyState is equal to complete: 20 s.
document.readyState == complete after 0.002106904983520508 s.
1673207688757,636,selenium_create_comment:write_comment,Success,True
1673207689334,577,selenium_create_comment:save_comment,Success,True
1673207689334,1599,selenium_create_comment,Success,True
.test_1_selenium_create_inline_comment,Total:19 Passed:19 Failed:0
1673207689460,124,selenium_log_out,Success,True
.test_2_selenium_z_log_out,Total:20 Passed:20 Failed:0


=============================== warnings summary ===============================
../../root/.bzt/python-packages/3.10.9/_pytest/config/__init__.py:1171
  /root/.bzt/python-packages/3.10.9/_pytest/config/__init__.py:1171: PytestAssertRewriteWarning: Module already imported so cannot be rewritten: apiritif
    self._mark_plugins_for_rewrite(hook)

selenium_ui/confluence_ui.py: 190 warnings
  /dc-app-performance-toolkit/app/results/confluence/2023-01-08_19-53-18/python-packages/3.10.9/selenium/webdriver/remote/remote_connection.py:376: DeprecationWarning: HTTPResponse.getheader() is deprecated and will be removed in urllib3 v2.1.0. Instead use HTTResponse.headers.get(name, default).
    if resp.getheader('Content-Type'):

selenium_ui/confluence_ui.py: 190 warnings
  /dc-app-performance-toolkit/app/results/confluence/2023-01-08_19-53-18/python-packages/3.10.9/selenium/webdriver/remote/remote_connection.py:377: DeprecationWarning: HTTPResponse.getheader() is deprecated and will be removed in urllib3 v2.1.0. Instead use HTTResponse.headers.get(name, default).
    content_type = resp.getheader('Content-Type').split(';')

-- Docs: https://docs.pytest.org/en/stable/how-to/capture-warnings.html
====================== 10 passed, 381 warnings in 12.04s =======================
============================= test session starts ==============================
platform linux -- Python 3.10.9, pytest-7.2.0, pluggy-1.0.0
rootdir: /dc-app-performance-toolkit/app
plugins: xdist-3.1.0, apiritif-1.1.3
collected 10 items

selenium_ui/confluence_ui.py get driver from global
clear browser cookies
node_id:36005db7
.test_0_selenium_a_login,Total:21 Passed:21 Failed:0
Waiting for document.readyState is equal to complete: 20 s.
document.readyState == complete after 0.0025408267974853516 s.
.test_1_selenium_view_blog,Total:22 Passed:22 Failed:0
.test_1_selenium_view_dashboard,Total:23 Passed:23 Failed:0
Waiting for document.readyState is equal to complete: 20 s.
document.readyState == complete after 0.00451970100402832 s.
.test_1_selenium_view_page,Total:24 Passed:24 Failed:0
Waiting for document.readyState is equal to complete: 20 s.
document.readyState == complete after 0.002077817916870117 s.
.test_1_selenium_view_page_from_cache,Total:25 Passed:25 Failed:0
Waiting for document.readyState is equal to complete: 20 s.
document.readyState == complete after 0.02264237403869629 s.
.test_1_selenium_create_page,Total:26 Passed:26 Failed:0
.test_1_selenium_edit_by_url,Total:27 Passed:27 Failed:0
Waiting for resources to be loaded: 5 s.
Resources are loaded after 0.42159390449523926 s.
Waiting for document.readyState is equal to complete: 20 s.
document.readyState == complete after 0.0019328594207763672 s.
.test_1_selenium_edit_page_quick_edit,Total:28 Passed:28 Failed:0
Waiting for document.readyState is equal to complete: 20 s.
document.readyState == complete after 0.0018956661224365234 s.
1673207699706,666,selenium_create_comment:write_comment,Success,True
1673207700287,580,selenium_create_comment:save_comment,Success,True
1673207700287,1623,selenium_create_comment,Success,True
.test_1_selenium_create_inline_comment,Total:29 Passed:29 Failed:0
1673207700421,132,selenium_log_out,Success,True
.test_2_selenium_z_log_out,Total:30 Passed:30 Failed:0


=============================== warnings summary ===============================
../../root/.bzt/python-packages/3.10.9/_pytest/config/__init__.py:1171
  /root/.bzt/python-packages/3.10.9/_pytest/config/__init__.py:1171: PytestAssertRewriteWarning: Module already imported so cannot be rewritten: apiritif
    self._mark_plugins_for_rewrite(hook)

selenium_ui/confluence_ui.py: 184 warnings
  /dc-app-performance-toolkit/app/results/confluence/2023-01-08_19-53-18/python-packages/3.10.9/selenium/webdriver/remote/remote_connection.py:376: DeprecationWarning: HTTPResponse.getheader() is deprecated and will be removed in urllib3 v2.1.0. Instead use HTTResponse.headers.get(name, default).
    if resp.getheader('Content-Type'):

selenium_ui/confluence_ui.py: 184 warnings
  /dc-app-performance-toolkit/app/results/confluence/2023-01-08_19-53-18/python-packages/3.10.9/selenium/webdriver/remote/remote_connection.py:377: DeprecationWarning: HTTPResponse.getheader() is deprecated and will be removed in urllib3 v2.1.0. Instead use HTTResponse.headers.get(name, default).
    content_type = resp.getheader('Content-Type').split(';')

-- Docs: https://docs.pytest.org/en/stable/how-to/capture-warnings.html
====================== 10 passed, 369 warnings in 10.93s =======================
============================= test session starts ==============================
platform linux -- Python 3.10.9, pytest-7.2.0, pluggy-1.0.0
rootdir: /dc-app-performance-toolkit/app
plugins: xdist-3.1.0, apiritif-1.1.3
collected 10 items

selenium_ui/confluence_ui.py get driver from global
clear browser cookies
node_id:36005db7
.test_0_selenium_a_login,Total:31 Passed:31 Failed:0
Waiting for document.readyState is equal to complete: 20 s.
document.readyState == complete after 0.0029036998748779297 s.
.test_1_selenium_view_blog,Total:32 Passed:32 Failed:0
.test_1_selenium_view_dashboard,Total:33 Passed:33 Failed:0
Waiting for document.readyState is equal to complete: 20 s.
document.readyState == complete after 0.058304786682128906 s.
.test_1_selenium_view_page,Total:34 Passed:34 Failed:0
Waiting for document.readyState is equal to complete: 20 s.
document.readyState == complete after 0.0019757747650146484 s.
.test_1_selenium_view_page_from_cache,Total:35 Passed:35 Failed:0
Waiting for document.readyState is equal to complete: 20 s.
document.readyState == complete after 0.0344851016998291 s.
.test_1_selenium_create_page,Total:36 Passed:36 Failed:0
.test_1_selenium_edit_by_url,Total:37 Passed:37 Failed:0
Waiting for resources to be loaded: 5 s.
Resources are loaded after 0.26929759979248047 s.
Waiting for document.readyState is equal to complete: 20 s.
document.readyState == complete after 0.0018546581268310547 s.
.test_1_selenium_edit_page_quick_edit,Total:38 Passed:38 Failed:0
Waiting for document.readyState is equal to complete: 20 s.
document.readyState == complete after 0.002013683319091797 s.
1673207711114,697,selenium_create_comment:write_comment,Success,True
1673207711698,583,selenium_create_comment:save_comment,Success,True
1673207711698,1630,selenium_create_comment,Success,True
.test_1_selenium_create_inline_comment,Total:39 Passed:39 Failed:0
1673207711830,130,selenium_log_out,Success,True
.test_2_selenium_z_log_out,Total:40 Passed:40 Failed:0


=============================== warnings summary ===============================
../../root/.bzt/python-packages/3.10.9/_pytest/config/__init__.py:1171
  /root/.bzt/python-packages/3.10.9/_pytest/config/__init__.py:1171: PytestAssertRewriteWarning: Module already imported so cannot be rewritten: apiritif
    self._mark_plugins_for_rewrite(hook)

selenium_ui/confluence_ui.py: 148 warnings
  /dc-app-performance-toolkit/app/results/confluence/2023-01-08_19-53-18/python-packages/3.10.9/selenium/webdriver/remote/remote_connection.py:376: DeprecationWarning: HTTPResponse.getheader() is deprecated and will be removed in urllib3 v2.1.0. Instead use HTTResponse.headers.get(name, default).
    if resp.getheader('Content-Type'):

selenium_ui/confluence_ui.py: 148 warnings
  /dc-app-performance-toolkit/app/results/confluence/2023-01-08_19-53-18/python-packages/3.10.9/selenium/webdriver/remote/remote_connection.py:377: DeprecationWarning: HTTPResponse.getheader() is deprecated and will be removed in urllib3 v2.1.0. Instead use HTTResponse.headers.get(name, default).
    content_type = resp.getheader('Content-Type').split(';')

-- Docs: https://docs.pytest.org/en/stable/how-to/capture-warnings.html
====================== 10 passed, 297 warnings in 11.38s =======================
