============================= test session starts ==============================
platform linux -- Python 3.11.3, pytest-7.4.0, pluggy-1.2.0
rootdir: /dc-app-performance-toolkit/app
plugins: xdist-3.3.1, apiritif-1.1.3
collected 14 items

selenium_ui/jira_ui.py first driver inits
1691073124714,823,selenium_login:open_login_page,Success,True,
node_id:jira-0
1691073161164,36449,selenium_login:login_and_view_dashboard,Success,True,
1691073161164,37274,selenium_login,Success,True,
.test_0_selenium_a_login,Total:1 Passed:1 Failed:0
1691073164737,3553,selenium_project_summary,Success,True,
.test_1_selenium_view_project_summary,Total:2 Passed:2 Failed:0
1691073165065,327,selenium_browse_projects_list,Success,True,
.test_1_selenium_browse_projects_list,Total:3 Passed:3 Failed:0
1691073167310,2242,selenium_browse_boards_list,Success,True,
.test_1_selenium_browse_boards_list,Total:4 Passed:4 Failed:0
1691073168513,1177,selenium_create_issue:open_quick_create,Success,True,
1691073170851,1680,selenium_create_issue:fill_and_submit_issue_form:submit_issue_form,Success,True,
1691073170851,2337,selenium_create_issue:fill_and_submit_issue_form,Success,True,
1691073170851,3515,selenium_create_issue,Success,True,
.test_1_selenium_create_issue,Total:5 Passed:5 Failed:0
1691073172452,1581,selenium_edit_issue:open_edit_issue_form,Success,True,
1691073173768,541,selenium_edit_issue:save_edit_issue_form,Success,True,
1691073173768,2897,selenium_edit_issue,Success,True,
.test_1_selenium_edit_issue,Total:6 Passed:6 Failed:0
1691073174119,350,selenium_save_comment:open_comment_form,Success,True,
1691073177755,3033,selenium_save_comment:submit_form,Success,True,
1691073177756,3986,selenium_save_comment,Success,True,
.test_1_selenium_save_comment,Total:7 Passed:7 Failed:0
1691073180714,2957,selenium_search_jql,Success,True,
.test_1_selenium_search_jql,Total:8 Passed:8 Failed:0
1691073185413,4697,selenium_view_scrum_board_backlog,Success,True,
.test_1_selenium_view_backlog_for_scrum_board,Total:9 Passed:9 Failed:0
1691073188627,3212,selenium_view_scrum_board,Success,True,
.test_1_selenium_view_scrum_board,Total:10 Passed:10 Failed:0
1691073189414,785,selenium_view_kanban_board,Success,True,
.test_1_selenium_view_kanban_board,Total:11 Passed:11 Failed:0
1691073189724,308,selenium_view_dashboard,Success,True,
.test_1_selenium_view_dashboard,Total:12 Passed:12 Failed:0
1691073190350,624,selenium_view_issue,Success,True,
.test_1_selenium_view_issue,Total:13 Passed:13 Failed:0
1691073190781,430,selenium_log_out,Success,True,
.test_2_selenium_z_log_out,Total:14 Passed:14 Failed:0


=============================== warnings summary ===============================
../../root/.bzt/python-packages/3.11.3/_pytest/config/__init__.py:1204
  /root/.bzt/python-packages/3.11.3/_pytest/config/__init__.py:1204: PytestAssertRewriteWarning: Module already imported so cannot be rewritten: apiritif
    self._mark_plugins_for_rewrite(hook)

selenium_ui/jira_ui.py::test_0_selenium_a_login
  /usr/local/lib/python3.11/site-packages/selenium/webdriver/chrome/webdriver.py:84: DeprecationWarning: desired_capabilities has been deprecated, please pass in a Service object
    super().__init__(

-- Docs: https://docs.pytest.org/en/stable/how-to/capture-warnings.html
================== 14 passed, 2 warnings in 67.70s (0:01:07) ===================
============================= test session starts ==============================
platform linux -- Python 3.11.3, pytest-7.4.0, pluggy-1.2.0
rootdir: /dc-app-performance-toolkit/app
plugins: xdist-3.3.1, apiritif-1.1.3
collected 14 items

selenium_ui/jira_ui.py get driver from global
clear browser cookies
1691073190978,149,selenium_login:open_login_page,Success,True,
node_id:jira-0
1691073192857,1878,selenium_login:login_and_view_dashboard,Success,True,
1691073192857,2028,selenium_login,Success,True,
.test_0_selenium_a_login,Total:15 Passed:15 Failed:0
1691073193300,350,selenium_project_summary,Success,True,
.test_1_selenium_view_project_summary,Total:16 Passed:16 Failed:0
1691073193647,345,selenium_browse_projects_list,Success,True,
.test_1_selenium_browse_projects_list,Total:17 Passed:17 Failed:0
1691073194472,823,selenium_browse_boards_list,Success,True,
.test_1_selenium_browse_boards_list,Total:18 Passed:18 Failed:0
1691073195246,742,selenium_create_issue:open_quick_create,Success,True,
1691073197043,1114,selenium_create_issue:fill_and_submit_issue_form:submit_issue_form,Success,True,
1691073197043,1797,selenium_create_issue:fill_and_submit_issue_form,Success,True,
1691073197043,2540,selenium_create_issue,Success,True,
.test_1_selenium_create_issue,Total:19 Passed:19 Failed:0
1691073197552,476,selenium_edit_issue:open_edit_issue_form,Success,True,
1691073198803,490,selenium_edit_issue:save_edit_issue_form,Success,True,
1691073198803,1728,selenium_edit_issue,Success,True,
.test_1_selenium_edit_issue,Total:20 Passed:20 Failed:0
1691073199038,233,selenium_save_comment:open_comment_form,Success,True,
1691073200428,778,selenium_save_comment:submit_form,Success,True,
1691073200428,1623,selenium_save_comment,Success,True,
.test_1_selenium_save_comment,Total:21 Passed:21 Failed:0
1691073201907,1477,selenium_search_jql,Success,True,
.test_1_selenium_search_jql,Total:22 Passed:22 Failed:0
1691073202764,856,selenium_view_scrum_board_backlog,Success,True,
.test_1_selenium_view_backlog_for_scrum_board,Total:23 Passed:23 Failed:0
1691073203531,765,selenium_view_scrum_board,Success,True,
.test_1_selenium_view_scrum_board,Total:24 Passed:24 Failed:0
1691073204311,778,selenium_view_kanban_board,Success,True,
.test_1_selenium_view_kanban_board,Total:25 Passed:25 Failed:0
1691073204586,274,selenium_view_dashboard,Success,True,
.test_1_selenium_view_dashboard,Total:26 Passed:26 Failed:0
1691073205144,556,selenium_view_issue,Success,True,
.test_1_selenium_view_issue,Total:27 Passed:27 Failed:0
1691073205477,331,selenium_log_out,Success,True,
.test_2_selenium_z_log_out,Total:28 Passed:28 Failed:0


=============================== warnings summary ===============================
../../root/.bzt/python-packages/3.11.3/_pytest/config/__init__.py:1204
  /root/.bzt/python-packages/3.11.3/_pytest/config/__init__.py:1204: PytestAssertRewriteWarning: Module already imported so cannot be rewritten: apiritif
    self._mark_plugins_for_rewrite(hook)

-- Docs: https://docs.pytest.org/en/stable/how-to/capture-warnings.html
======================== 14 passed, 1 warning in 14.66s ========================
============================= test session starts ==============================
platform linux -- Python 3.11.3, pytest-7.4.0, pluggy-1.2.0
rootdir: /dc-app-performance-toolkit/app
plugins: xdist-3.3.1, apiritif-1.1.3
collected 14 items

selenium_ui/jira_ui.py get driver from global
clear browser cookies
1691073205672,150,selenium_login:open_login_page,Success,True,
node_id:jira-0
1691073207554,1881,selenium_login:login_and_view_dashboard,Success,True,
1691073207554,2032,selenium_login,Success,True,
.test_0_selenium_a_login,Total:29 Passed:29 Failed:0
1691073208151,470,selenium_project_summary,Success,True,
.test_1_selenium_view_project_summary,Total:30 Passed:30 Failed:0
1691073208507,354,selenium_browse_projects_list,Success,True,
.test_1_selenium_browse_projects_list,Total:31 Passed:31 Failed:0
1691073209606,1098,selenium_browse_boards_list,Success,True,
.test_1_selenium_browse_boards_list,Total:32 Passed:32 Failed:0
1691073210550,883,selenium_create_issue:open_quick_create,Success,True,
1691073211719,597,selenium_create_issue:fill_and_submit_issue_form:submit_issue_form,Success,True,
1691073211719,1169,selenium_create_issue:fill_and_submit_issue_form,Success,True,
1691073211719,2053,selenium_create_issue,Success,True,
.test_1_selenium_create_issue,Total:33 Passed:33 Failed:0
1691073212193,435,selenium_edit_issue:open_edit_issue_form,Success,True,
1691073213448,492,selenium_edit_issue:save_edit_issue_form,Success,True,
1691073213448,1690,selenium_edit_issue,Success,True,
.test_1_selenium_edit_issue,Total:34 Passed:34 Failed:0
1691073213682,232,selenium_save_comment:open_comment_form,Success,True,
1691073215128,826,selenium_save_comment:submit_form,Success,True,
1691073215128,1678,selenium_save_comment,Success,True,
.test_1_selenium_save_comment,Total:35 Passed:35 Failed:0
1691073216493,1363,selenium_search_jql,Success,True,
.test_1_selenium_search_jql,Total:36 Passed:36 Failed:0
1691073217367,872,selenium_view_scrum_board_backlog,Success,True,
.test_1_selenium_view_backlog_for_scrum_board,Total:37 Passed:37 Failed:0
1691073218146,778,selenium_view_scrum_board,Success,True,
.test_1_selenium_view_scrum_board,Total:38 Passed:38 Failed:0
1691073218923,775,selenium_view_kanban_board,Success,True,
.test_1_selenium_view_kanban_board,Total:39 Passed:39 Failed:0
1691073219258,333,selenium_view_dashboard,Success,True,
.test_1_selenium_view_dashboard,Total:40 Passed:40 Failed:0
1691073219839,579,selenium_view_issue,Success,True,
.test_1_selenium_view_issue,Total:41 Passed:41 Failed:0
1691073220197,357,selenium_log_out,Success,True,
.test_2_selenium_z_log_out,Total:42 Passed:42 Failed:0


=============================== warnings summary ===============================
../../root/.bzt/python-packages/3.11.3/_pytest/config/__init__.py:1204
  /root/.bzt/python-packages/3.11.3/_pytest/config/__init__.py:1204: PytestAssertRewriteWarning: Module already imported so cannot be rewritten: apiritif
    self._mark_plugins_for_rewrite(hook)

-- Docs: https://docs.pytest.org/en/stable/how-to/capture-warnings.html
======================== 14 passed, 1 warning in 14.69s ========================
============================= test session starts ==============================
platform linux -- Python 3.11.3, pytest-7.4.0, pluggy-1.2.0
rootdir: /dc-app-performance-toolkit/app
plugins: xdist-3.3.1, apiritif-1.1.3
collected 14 items

selenium_ui/jira_ui.py get driver from global
clear browser cookies
1691073220444,200,selenium_login:open_login_page,Success,True,
node_id:jira-0
1691073222801,2356,selenium_login:login_and_view_dashboard,Success,True,
1691073222802,2557,selenium_login,Success,True,
.test_0_selenium_a_login,Total:43 Passed:43 Failed:0
1691073223519,575,selenium_project_summary,Success,True,
.test_1_selenium_view_project_summary,Total:44 Passed:44 Failed:0
1691073223907,386,selenium_browse_projects_list,Success,True,
.test_1_selenium_browse_projects_list,Total:45 Passed:45 Failed:0
1691073224725,817,selenium_browse_boards_list,Success,True,
.test_1_selenium_browse_boards_list,Total:46 Passed:46 Failed:0
1691073225604,803,selenium_create_issue:open_quick_create,Success,True,
1691073226782,605,selenium_create_issue:fill_and_submit_issue_form:submit_issue_form,Success,True,
1691073226782,1177,selenium_create_issue:fill_and_submit_issue_form,Success,True,
1691073226782,1981,selenium_create_issue,Success,True,
.test_1_selenium_create_issue,Total:47 Passed:47 Failed:0
1691073227271,442,selenium_edit_issue:open_edit_issue_form,Success,True,
1691073228511,472,selenium_edit_issue:save_edit_issue_form,Success,True,
1691073228512,1683,selenium_edit_issue,Success,True,
.test_1_selenium_edit_issue,Total:48 Passed:48 Failed:0
1691073228735,221,selenium_save_comment:open_comment_form,Success,True,
1691073230123,772,selenium_save_comment:submit_form,Success,True,
1691073230123,1610,selenium_save_comment,Success,True,
.test_1_selenium_save_comment,Total:49 Passed:49 Failed:0
1691073231465,1340,selenium_search_jql,Success,True,
.test_1_selenium_search_jql,Total:50 Passed:50 Failed:0
1691073232298,832,selenium_view_scrum_board_backlog,Success,True,
.test_1_selenium_view_backlog_for_scrum_board,Total:51 Passed:51 Failed:0
1691073233103,803,selenium_view_scrum_board,Success,True,
.test_1_selenium_view_scrum_board,Total:52 Passed:52 Failed:0
1691073233908,804,selenium_view_kanban_board,Success,True,
.test_1_selenium_view_kanban_board,Total:53 Passed:53 Failed:0
1691073234173,263,selenium_view_dashboard,Success,True,
.test_1_selenium_view_dashboard,Total:54 Passed:54 Failed:0
1691073234712,538,selenium_view_issue,Success,True,
.test_1_selenium_view_issue,Total:55 Passed:55 Failed:0
1691073235241,528,selenium_log_out,Success,True,
.test_2_selenium_z_log_out,Total:56 Passed:56 Failed:0


=============================== warnings summary ===============================
../../root/.bzt/python-packages/3.11.3/_pytest/config/__init__.py:1204
  /root/.bzt/python-packages/3.11.3/_pytest/config/__init__.py:1204: PytestAssertRewriteWarning: Module already imported so cannot be rewritten: apiritif
    self._mark_plugins_for_rewrite(hook)

-- Docs: https://docs.pytest.org/en/stable/how-to/capture-warnings.html
======================== 14 passed, 1 warning in 15.01s ========================
============================= test session starts ==============================
platform linux -- Python 3.11.3, pytest-7.4.0, pluggy-1.2.0
rootdir: /dc-app-performance-toolkit/app
plugins: xdist-3.3.1, apiritif-1.1.3
collected 14 items

selenium_ui/jira_ui.py get driver from global
clear browser cookies
1691073235640,351,selenium_login:open_login_page,Success,True,
node_id:jira-0
1691073238043,2402,selenium_login:login_and_view_dashboard,Success,True,
1691073238043,2754,selenium_login,Success,True,
.test_0_selenium_a_login,Total:57 Passed:57 Failed:0
1691073238646,483,selenium_project_summary,Success,True,
.test_1_selenium_view_project_summary,Total:58 Passed:58 Failed:0
1691073239012,365,selenium_browse_projects_list,Success,True,
.test_1_selenium_browse_projects_list,Total:59 Passed:59 Failed:0
1691073239784,770,selenium_browse_boards_list,Success,True,
.test_1_selenium_browse_boards_list,Total:60 Passed:60 Failed:0
1691073240610,743,selenium_create_issue:open_quick_create,Success,True,
1691073241796,605,selenium_create_issue:fill_and_submit_issue_form:submit_issue_form,Success,True,
1691073241796,1186,selenium_create_issue:fill_and_submit_issue_form,Success,True,
1691073241796,1930,selenium_create_issue,Success,True,
.test_1_selenium_create_issue,Total:61 Passed:61 Failed:0
1691073242270,420,selenium_edit_issue:open_edit_issue_form,Success,True,
1691073243584,516,selenium_edit_issue:save_edit_issue_form,Success,True,
1691073243584,1734,selenium_edit_issue,Success,True,
.test_1_selenium_edit_issue,Total:62 Passed:62 Failed:0
1691073243810,224,selenium_save_comment:open_comment_form,Success,True,
1691073245340,905,selenium_save_comment:submit_form,Success,True,
1691073245340,1755,selenium_save_comment,Success,True,
.test_1_selenium_save_comment,Total:63 Passed:63 Failed:0
1691073246946,1603,selenium_search_jql,Success,True,
.test_1_selenium_search_jql,Total:64 Passed:64 Failed:0
1691073247808,861,selenium_view_scrum_board_backlog,Success,True,
.test_1_selenium_view_backlog_for_scrum_board,Total:65 Passed:65 Failed:0
1691073249110,1300,selenium_view_scrum_board,Success,True,
.test_1_selenium_view_scrum_board,Total:66 Passed:66 Failed:0
1691073250137,1025,selenium_view_kanban_board,Success,True,
.test_1_selenium_view_kanban_board,Total:67 Passed:67 Failed:0
1691073250575,436,selenium_view_dashboard,Success,True,
.test_1_selenium_view_dashboard,Total:68 Passed:68 Failed:0
1691073251176,599,selenium_view_issue,Success,True,
.test_1_selenium_view_issue,Total:69 Passed:69 Failed:0
1691073251746,568,selenium_log_out,Success,True,
.test_2_selenium_z_log_out,Total:70 Passed:70 Failed:0


=============================== warnings summary ===============================
../../root/.bzt/python-packages/3.11.3/_pytest/config/__init__.py:1204
  /root/.bzt/python-packages/3.11.3/_pytest/config/__init__.py:1204: PytestAssertRewriteWarning: Module already imported so cannot be rewritten: apiritif
    self._mark_plugins_for_rewrite(hook)

-- Docs: https://docs.pytest.org/en/stable/how-to/capture-warnings.html
======================== 14 passed, 1 warning in 16.48s ========================
============================= test session starts ==============================
platform linux -- Python 3.11.3, pytest-7.4.0, pluggy-1.2.0
rootdir: /dc-app-performance-toolkit/app
plugins: xdist-3.3.1, apiritif-1.1.3
collected 14 items

selenium_ui/jira_ui.py get driver from global
clear browser cookies
1691073251945,151,selenium_login:open_login_page,Success,True,
node_id:jira-0
1691073253851,1905,selenium_login:login_and_view_dashboard,Success,True,
1691073253851,2057,selenium_login,Success,True,
.test_0_selenium_a_login,Total:71 Passed:71 Failed:0
1691073254466,465,selenium_project_summary,Success,True,
.test_1_selenium_view_project_summary,Total:72 Passed:72 Failed:0
1691073254807,340,selenium_browse_projects_list,Success,True,
.test_1_selenium_browse_projects_list,Total:73 Passed:73 Failed:0
1691073255550,741,selenium_browse_boards_list,Success,True,
.test_1_selenium_browse_boards_list,Total:74 Passed:74 Failed:0
1691073256391,747,selenium_create_issue:open_quick_create,Success,True,
1691073257680,612,selenium_create_issue:fill_and_submit_issue_form:submit_issue_form,Success,True,
1691073257680,1289,selenium_create_issue:fill_and_submit_issue_form,Success,True,
1691073257680,2037,selenium_create_issue,Success,True,
.test_1_selenium_create_issue,Total:75 Passed:75 Failed:0
1691073258203,459,selenium_edit_issue:open_edit_issue_form,Success,True,
1691073259471,445,selenium_edit_issue:save_edit_issue_form,Success,True,
1691073259471,1727,selenium_edit_issue,Success,True,
.test_1_selenium_edit_issue,Total:76 Passed:76 Failed:0
1691073259734,261,selenium_save_comment:open_comment_form,Success,True,
1691073261196,848,selenium_save_comment:submit_form,Success,True,
1691073261196,1723,selenium_save_comment,Success,True,
.test_1_selenium_save_comment,Total:77 Passed:77 Failed:0
1691073263629,2431,selenium_search_jql,Success,True,
.test_1_selenium_search_jql,Total:78 Passed:78 Failed:0
1691073264616,986,selenium_view_scrum_board_backlog,Success,True,
.test_1_selenium_view_backlog_for_scrum_board,Total:79 Passed:79 Failed:0
1691073265990,1372,selenium_view_scrum_board,Success,True,
.test_1_selenium_view_scrum_board,Total:80 Passed:80 Failed:0
1691073266793,801,selenium_view_kanban_board,Success,True,
.test_1_selenium_view_kanban_board,Total:81 Passed:81 Failed:0
1691073267062,267,selenium_view_dashboard,Success,True,
.test_1_selenium_view_dashboard,Total:82 Passed:82 Failed:0
1691073267567,504,selenium_view_issue,Success,True,
.test_1_selenium_view_issue,Total:83 Passed:83 Failed:0
1691073267904,336,selenium_log_out,Success,True,
.test_2_selenium_z_log_out,Total:84 Passed:84 Failed:0


=============================== warnings summary ===============================
../../root/.bzt/python-packages/3.11.3/_pytest/config/__init__.py:1204
  /root/.bzt/python-packages/3.11.3/_pytest/config/__init__.py:1204: PytestAssertRewriteWarning: Module already imported so cannot be rewritten: apiritif
    self._mark_plugins_for_rewrite(hook)

-- Docs: https://docs.pytest.org/en/stable/how-to/capture-warnings.html
======================== 14 passed, 1 warning in 16.13s ========================
============================= test session starts ==============================
platform linux -- Python 3.11.3, pytest-7.4.0, pluggy-1.2.0
rootdir: /dc-app-performance-toolkit/app
plugins: xdist-3.3.1, apiritif-1.1.3
collected 14 items

selenium_ui/jira_ui.py get driver from global
clear browser cookies
1691073268086,136,selenium_login:open_login_page,Success,True,
node_id:jira-0
1691073270057,1970,selenium_login:login_and_view_dashboard,Success,True,
1691073270057,2106,selenium_login,Success,True,
.test_0_selenium_a_login,Total:85 Passed:85 Failed:0
1691073270696,511,selenium_project_summary,Success,True,
.test_1_selenium_view_project_summary,Total:86 Passed:86 Failed:0
1691073270990,293,selenium_browse_projects_list,Success,True,
.test_1_selenium_browse_projects_list,Total:87 Passed:87 Failed:0
1691073271743,751,selenium_browse_boards_list,Success,True,
.test_1_selenium_browse_boards_list,Total:88 Passed:88 Failed:0
1691073272564,725,selenium_create_issue:open_quick_create,Success,True,
1691073273702,619,selenium_create_issue:fill_and_submit_issue_form:submit_issue_form,Success,True,
1691073273703,1138,selenium_create_issue:fill_and_submit_issue_form,Success,True,
1691073273703,1864,selenium_create_issue,Success,True,
.test_1_selenium_create_issue,Total:89 Passed:89 Failed:0
1691073274209,411,selenium_edit_issue:open_edit_issue_form,Success,True,
1691073275778,789,selenium_edit_issue:save_edit_issue_form,Success,True,
1691073275778,1980,selenium_edit_issue,Success,True,
.test_1_selenium_edit_issue,Total:90 Passed:90 Failed:0
1691073276179,399,selenium_save_comment:open_comment_form,Success,True,
1691073277972,1147,selenium_save_comment:submit_form,Success,True,
1691073277972,2193,selenium_save_comment,Success,True,
.test_1_selenium_save_comment,Total:91 Passed:91 Failed:0
1691073279735,1761,selenium_search_jql,Success,True,
.test_1_selenium_search_jql,Total:92 Passed:92 Failed:0
1691073280618,882,selenium_view_scrum_board_backlog,Success,True,
.test_1_selenium_view_backlog_for_scrum_board,Total:93 Passed:93 Failed:0
1691073281473,853,selenium_view_scrum_board,Success,True,
.test_1_selenium_view_scrum_board,Total:94 Passed:94 Failed:0
1691073282310,834,selenium_view_kanban_board,Success,True,
.test_1_selenium_view_kanban_board,Total:95 Passed:95 Failed:0
1691073282605,294,selenium_view_dashboard,Success,True,
.test_1_selenium_view_dashboard,Total:96 Passed:96 Failed:0
1691073283114,507,selenium_view_issue,Success,True,
.test_1_selenium_view_issue,Total:97 Passed:97 Failed:0
1691073283488,372,selenium_log_out,Success,True,
.test_2_selenium_z_log_out,Total:98 Passed:98 Failed:0


=============================== warnings summary ===============================
../../root/.bzt/python-packages/3.11.3/_pytest/config/__init__.py:1204
  /root/.bzt/python-packages/3.11.3/_pytest/config/__init__.py:1204: PytestAssertRewriteWarning: Module already imported so cannot be rewritten: apiritif
    self._mark_plugins_for_rewrite(hook)

-- Docs: https://docs.pytest.org/en/stable/how-to/capture-warnings.html
======================== 14 passed, 1 warning in 15.55s ========================
============================= test session starts ==============================
platform linux -- Python 3.11.3, pytest-7.4.0, pluggy-1.2.0
rootdir: /dc-app-performance-toolkit/app
plugins: xdist-3.3.1, apiritif-1.1.3
collected 14 items

selenium_ui/jira_ui.py get driver from global
clear browser cookies
1691073283726,190,selenium_login:open_login_page,Success,True,
node_id:jira-0
1691073285653,1926,selenium_login:login_and_view_dashboard,Success,True,
1691073285653,2117,selenium_login,Success,True,
.test_0_selenium_a_login,Total:99 Passed:99 Failed:0
1691073286232,475,selenium_project_summary,Success,True,
.test_1_selenium_view_project_summary,Total:100 Passed:100 Failed:0
1691073286576,342,selenium_browse_projects_list,Success,True,
.test_1_selenium_browse_projects_list,Total:101 Passed:101 Failed:0
1691073287343,766,selenium_browse_boards_list,Success,True,
.test_1_selenium_browse_boards_list,Total:102 Passed:102 Failed:0
1691073288618,1169,selenium_create_issue:open_quick_create,Success,True,
1691073290276,1139,selenium_create_issue:fill_and_submit_issue_form:submit_issue_form,Success,True,
1691073290276,1658,selenium_create_issue:fill_and_submit_issue_form,Success,True,
1691073290276,2827,selenium_create_issue,Success,True,
.test_1_selenium_create_issue,Total:103 Passed:103 Failed:0
1691073290927,544,selenium_edit_issue:open_edit_issue_form,Success,True,
1691073292328,502,selenium_edit_issue:save_edit_issue_form,Success,True,
1691073292328,1944,selenium_edit_issue,Success,True,
.test_1_selenium_edit_issue,Total:104 Passed:104 Failed:0
1691073292705,376,selenium_save_comment:open_comment_form,Success,True,
1691073294129,786,selenium_save_comment:submit_form,Success,True,
1691073294129,1800,selenium_save_comment,Success,True,
.test_1_selenium_save_comment,Total:105 Passed:105 Failed:0
1691073295840,1709,selenium_search_jql,Success,True,
.test_1_selenium_search_jql,Total:106 Passed:106 Failed:0
1691073296655,813,selenium_view_scrum_board_backlog,Success,True,
.test_1_selenium_view_backlog_for_scrum_board,Total:107 Passed:107 Failed:0
1691073297453,797,selenium_view_scrum_board,Success,True,
.test_1_selenium_view_scrum_board,Total:108 Passed:108 Failed:0
1691073298418,963,selenium_view_kanban_board,Success,True,
.test_1_selenium_view_kanban_board,Total:109 Passed:109 Failed:0
1691073298690,270,selenium_view_dashboard,Success,True,
.test_1_selenium_view_dashboard,Total:110 Passed:110 Failed:0
1691073299270,578,selenium_view_issue,Success,True,
.test_1_selenium_view_issue,Total:111 Passed:111 Failed:0
1691073299636,365,selenium_log_out,Success,True,
.test_2_selenium_z_log_out,Total:112 Passed:112 Failed:0


=============================== warnings summary ===============================
../../root/.bzt/python-packages/3.11.3/_pytest/config/__init__.py:1204
  /root/.bzt/python-packages/3.11.3/_pytest/config/__init__.py:1204: PytestAssertRewriteWarning: Module already imported so cannot be rewritten: apiritif
    self._mark_plugins_for_rewrite(hook)

-- Docs: https://docs.pytest.org/en/stable/how-to/capture-warnings.html
======================== 14 passed, 1 warning in 16.12s ========================
============================= test session starts ==============================
platform linux -- Python 3.11.3, pytest-7.4.0, pluggy-1.2.0
rootdir: /dc-app-performance-toolkit/app
plugins: xdist-3.3.1, apiritif-1.1.3
collected 14 items

selenium_ui/jira_ui.py get driver from global
clear browser cookies
1691073299841,157,selenium_login:open_login_page,Success,True,
node_id:jira-0
1691073302504,2662,selenium_login:login_and_view_dashboard,Success,True,
1691073302504,2820,selenium_login,Success,True,
.test_0_selenium_a_login,Total:113 Passed:113 Failed:0
1691073303415,708,selenium_project_summary,Success,True,
.test_1_selenium_view_project_summary,Total:114 Passed:114 Failed:0
1691073303821,404,selenium_browse_projects_list,Success,True,
.test_1_selenium_browse_projects_list,Total:115 Passed:115 Failed:0
1691073304722,900,selenium_browse_boards_list,Success,True,
.test_1_selenium_browse_boards_list,Total:116 Passed:116 Failed:0
1691073305515,679,selenium_create_issue:open_quick_create,Success,True,
1691073306908,633,selenium_create_issue:fill_and_submit_issue_form:submit_issue_form,Success,True,
1691073306908,1392,selenium_create_issue:fill_and_submit_issue_form,Success,True,
1691073306908,2072,selenium_create_issue,Success,True,
.test_1_selenium_create_issue,Total:117 Passed:117 Failed:0
1691073307424,429,selenium_edit_issue:open_edit_issue_form,Success,True,
1691073308874,458,selenium_edit_issue:save_edit_issue_form,Success,True,
1691073308874,1879,selenium_edit_issue,Success,True,
.test_1_selenium_edit_issue,Total:118 Passed:118 Failed:0
1691073309087,211,selenium_save_comment:open_comment_form,Success,True,
1691073310564,836,selenium_save_comment:submit_form,Success,True,
1691073310564,1688,selenium_save_comment,Success,True,
.test_1_selenium_save_comment,Total:119 Passed:119 Failed:0
1691073311968,1402,selenium_search_jql,Success,True,
.test_1_selenium_search_jql,Total:120 Passed:120 Failed:0
1691073313091,1122,selenium_view_scrum_board_backlog,Success,True,
.test_1_selenium_view_backlog_for_scrum_board,Total:121 Passed:121 Failed:0
1691073313873,780,selenium_view_scrum_board,Success,True,
.test_1_selenium_view_scrum_board,Total:122 Passed:122 Failed:0
1691073314655,780,selenium_view_kanban_board,Success,True,
.test_1_selenium_view_kanban_board,Total:123 Passed:123 Failed:0
1691073315204,548,selenium_view_dashboard,Success,True,
.test_1_selenium_view_dashboard,Total:124 Passed:124 Failed:0
1691073315948,742,selenium_view_issue,Success,True,
.test_1_selenium_view_issue,Total:125 Passed:125 Failed:0
1691073316461,511,selenium_log_out,Success,True,
.test_2_selenium_z_log_out,Total:126 Passed:126 Failed:0


=============================== warnings summary ===============================
../../root/.bzt/python-packages/3.11.3/_pytest/config/__init__.py:1204
  /root/.bzt/python-packages/3.11.3/_pytest/config/__init__.py:1204: PytestAssertRewriteWarning: Module already imported so cannot be rewritten: apiritif
    self._mark_plugins_for_rewrite(hook)

-- Docs: https://docs.pytest.org/en/stable/how-to/capture-warnings.html
======================== 14 passed, 1 warning in 16.79s ========================
============================= test session starts ==============================
platform linux -- Python 3.11.3, pytest-7.4.0, pluggy-1.2.0
rootdir: /dc-app-performance-toolkit/app
plugins: xdist-3.3.1, apiritif-1.1.3
collected 14 items

selenium_ui/jira_ui.py get driver from global
clear browser cookies
1691073316663,158,selenium_login:open_login_page,Success,True,
node_id:jira-0
1691073318706,2043,selenium_login:login_and_view_dashboard,Success,True,
1691073318706,2202,selenium_login,Success,True,
.test_0_selenium_a_login,Total:127 Passed:127 Failed:0
1691073319412,536,selenium_project_summary,Success,True,
.test_1_selenium_view_project_summary,Total:128 Passed:128 Failed:0
1691073319718,304,selenium_browse_projects_list,Success,True,
.test_1_selenium_browse_projects_list,Total:129 Passed:129 Failed:0
1691073320503,783,selenium_browse_boards_list,Success,True,
.test_1_selenium_browse_boards_list,Total:130 Passed:130 Failed:0
1691073321374,742,selenium_create_issue:open_quick_create,Success,True,
1691073322687,634,selenium_create_issue:fill_and_submit_issue_form:submit_issue_form,Success,True,
1691073322687,1313,selenium_create_issue:fill_and_submit_issue_form,Success,True,
1691073322687,2055,selenium_create_issue,Success,True,
.test_1_selenium_create_issue,Total:131 Passed:131 Failed:0
1691073323308,487,selenium_edit_issue:open_edit_issue_form,Success,True,
1691073324669,546,selenium_edit_issue:save_edit_issue_form,Success,True,
1691073324669,1849,selenium_edit_issue,Success,True,
.test_1_selenium_edit_issue,Total:132 Passed:132 Failed:0
1691073325028,357,selenium_save_comment:open_comment_form,Success,True,
1691073326393,707,selenium_save_comment:submit_form,Success,True,
1691073326393,1723,selenium_save_comment,Success,True,
.test_1_selenium_save_comment,Total:133 Passed:133 Failed:0
1691073327837,1442,selenium_search_jql,Success,True,
.test_1_selenium_search_jql,Total:134 Passed:134 Failed:0
1691073328889,1050,selenium_view_scrum_board_backlog,Success,True,
.test_1_selenium_view_backlog_for_scrum_board,Total:135 Passed:135 Failed:0
1691073329803,912,selenium_view_scrum_board,Success,True,
.test_1_selenium_view_scrum_board,Total:136 Passed:136 Failed:0
1691073330704,900,selenium_view_kanban_board,Success,True,
.test_1_selenium_view_kanban_board,Total:137 Passed:137 Failed:0
1691073330986,281,selenium_view_dashboard,Success,True,
.test_1_selenium_view_dashboard,Total:138 Passed:138 Failed:0
1691073331710,722,selenium_view_issue,Success,True,
.test_1_selenium_view_issue,Total:139 Passed:139 Failed:0
1691073332085,373,selenium_log_out,Success,True,
.test_2_selenium_z_log_out,Total:140 Passed:140 Failed:0


=============================== warnings summary ===============================
../../root/.bzt/python-packages/3.11.3/_pytest/config/__init__.py:1204
  /root/.bzt/python-packages/3.11.3/_pytest/config/__init__.py:1204: PytestAssertRewriteWarning: Module already imported so cannot be rewritten: apiritif
    self._mark_plugins_for_rewrite(hook)

-- Docs: https://docs.pytest.org/en/stable/how-to/capture-warnings.html
======================== 14 passed, 1 warning in 15.59s ========================
============================= test session starts ==============================
platform linux -- Python 3.11.3, pytest-7.4.0, pluggy-1.2.0
rootdir: /dc-app-performance-toolkit/app
plugins: xdist-3.3.1, apiritif-1.1.3
collected 14 items

selenium_ui/jira_ui.py get driver from global
clear browser cookies
1691073332312,180,selenium_login:open_login_page,Success,True,
node_id:jira-0
1691073334330,2017,selenium_login:login_and_view_dashboard,Success,True,
1691073334330,2198,selenium_login,Success,True,
.test_0_selenium_a_login,Total:141 Passed:141 Failed:0
1691073334910,451,selenium_project_summary,Success,True,
.test_1_selenium_view_project_summary,Total:142 Passed:142 Failed:0
1691073335217,306,selenium_browse_projects_list,Success,True,
.test_1_selenium_browse_projects_list,Total:143 Passed:143 Failed:0
1691073336026,807,selenium_browse_boards_list,Success,True,
.test_1_selenium_browse_boards_list,Total:144 Passed:144 Failed:0
1691073336903,731,selenium_create_issue:open_quick_create,Success,True,
1691073338148,639,selenium_create_issue:fill_and_submit_issue_form:submit_issue_form,Success,True,
1691073338148,1245,selenium_create_issue:fill_and_submit_issue_form,Success,True,
1691073338148,1977,selenium_create_issue,Success,True,
.test_1_selenium_create_issue,Total:145 Passed:145 Failed:0
1691073338715,420,selenium_edit_issue:open_edit_issue_form,Success,True,
1691073340186,489,selenium_edit_issue:save_edit_issue_form,Success,True,
1691073340186,1891,selenium_edit_issue,Success,True,
.test_1_selenium_edit_issue,Total:146 Passed:146 Failed:0
1691073340420,232,selenium_save_comment:open_comment_form,Success,True,
1691073342496,1428,selenium_save_comment:submit_form,Success,True,
1691073342496,2308,selenium_save_comment,Success,True,
.test_1_selenium_save_comment,Total:147 Passed:147 Failed:0
1691073344087,1589,selenium_search_jql,Success,True,
.test_1_selenium_search_jql,Total:148 Passed:148 Failed:0
1691073345412,1324,selenium_view_scrum_board_backlog,Success,True,
.test_1_selenium_view_backlog_for_scrum_board,Total:149 Passed:149 Failed:0
1691073346246,833,selenium_view_scrum_board,Success,True,
.test_1_selenium_view_scrum_board,Total:150 Passed:150 Failed:0
1691073347122,874,selenium_view_kanban_board,Success,True,
.test_1_selenium_view_kanban_board,Total:151 Passed:151 Failed:0
1691073347415,291,selenium_view_dashboard,Success,True,
.test_1_selenium_view_dashboard,Total:152 Passed:152 Failed:0
1691073347913,496,selenium_view_issue,Success,True,
.test_1_selenium_view_issue,Total:153 Passed:153 Failed:0
1691073348303,388,selenium_log_out,Success,True,
.test_2_selenium_z_log_out,Total:154 Passed:154 Failed:0


=============================== warnings summary ===============================
../../root/.bzt/python-packages/3.11.3/_pytest/config/__init__.py:1204
  /root/.bzt/python-packages/3.11.3/_pytest/config/__init__.py:1204: PytestAssertRewriteWarning: Module already imported so cannot be rewritten: apiritif
    self._mark_plugins_for_rewrite(hook)

-- Docs: https://docs.pytest.org/en/stable/how-to/capture-warnings.html
======================== 14 passed, 1 warning in 16.19s ========================
============================= test session starts ==============================
platform linux -- Python 3.11.3, pytest-7.4.0, pluggy-1.2.0
rootdir: /dc-app-performance-toolkit/app
plugins: xdist-3.3.1, apiritif-1.1.3
collected 14 items

selenium_ui/jira_ui.py get driver from global
clear browser cookies
1691073348492,145,selenium_login:open_login_page,Success,True,
node_id:jira-0
1691073350458,1964,selenium_login:login_and_view_dashboard,Success,True,
1691073350458,2110,selenium_login,Success,True,
.test_0_selenium_a_login,Total:155 Passed:155 Failed:0
1691073351102,482,selenium_project_summary,Success,True,
.test_1_selenium_view_project_summary,Total:156 Passed:156 Failed:0
1691073351432,328,selenium_browse_projects_list,Success,True,
.test_1_selenium_browse_projects_list,Total:157 Passed:157 Failed:0
1691073352242,808,selenium_browse_boards_list,Success,True,
.test_1_selenium_browse_boards_list,Total:158 Passed:158 Failed:0
1691073353072,674,selenium_create_issue:open_quick_create,Success,True,
1691073354830,1153,selenium_create_issue:fill_and_submit_issue_form:submit_issue_form,Success,True,
1691073354830,1757,selenium_create_issue:fill_and_submit_issue_form,Success,True,
1691073354830,2432,selenium_create_issue,Success,True,
.test_1_selenium_create_issue,Total:159 Passed:159 Failed:0
1691073355626,636,selenium_edit_issue:open_edit_issue_form,Success,True,
1691073357162,515,selenium_edit_issue:save_edit_issue_form,Success,True,
1691073357162,2172,selenium_edit_issue,Success,True,
.test_1_selenium_edit_issue,Total:160 Passed:160 Failed:0
1691073357397,234,selenium_save_comment:open_comment_form,Success,True,
1691073358774,716,selenium_save_comment:submit_form,Success,True,
1691073358774,1611,selenium_save_comment,Success,True,
.test_1_selenium_save_comment,Total:161 Passed:161 Failed:0
1691073360295,1519,selenium_search_jql,Success,True,
.test_1_selenium_search_jql,Total:162 Passed:162 Failed:0
1691073361105,808,selenium_view_scrum_board_backlog,Success,True,
.test_1_selenium_view_backlog_for_scrum_board,Total:163 Passed:163 Failed:0
1691073361929,822,selenium_view_scrum_board,Success,True,
.test_1_selenium_view_scrum_board,Total:164 Passed:164 Failed:0
1691073362738,808,selenium_view_kanban_board,Success,True,
.test_1_selenium_view_kanban_board,Total:165 Passed:165 Failed:0
1691073363009,269,selenium_view_dashboard,Success,True,
.test_1_selenium_view_dashboard,Total:166 Passed:166 Failed:0
1691073363575,564,selenium_view_issue,Success,True,
.test_1_selenium_view_issue,Total:167 Passed:167 Failed:0
1691073363972,396,selenium_log_out,Success,True,
.test_2_selenium_z_log_out,Total:168 Passed:168 Failed:0


=============================== warnings summary ===============================
../../root/.bzt/python-packages/3.11.3/_pytest/config/__init__.py:1204
  /root/.bzt/python-packages/3.11.3/_pytest/config/__init__.py:1204: PytestAssertRewriteWarning: Module already imported so cannot be rewritten: apiritif
    self._mark_plugins_for_rewrite(hook)

-- Docs: https://docs.pytest.org/en/stable/how-to/capture-warnings.html
======================== 14 passed, 1 warning in 15.64s ========================
============================= test session starts ==============================
platform linux -- Python 3.11.3, pytest-7.4.0, pluggy-1.2.0
rootdir: /dc-app-performance-toolkit/app
plugins: xdist-3.3.1, apiritif-1.1.3
collected 14 items

selenium_ui/jira_ui.py get driver from global
clear browser cookies
1691073364158,140,selenium_login:open_login_page,Success,True,
node_id:jira-0
1691073366172,2013,selenium_login:login_and_view_dashboard,Success,True,
1691073366172,2154,selenium_login,Success,True,
.test_0_selenium_a_login,Total:169 Passed:169 Failed:0
1691073366728,413,selenium_project_summary,Success,True,
.test_1_selenium_view_project_summary,Total:170 Passed:170 Failed:0
1691073367067,337,selenium_browse_projects_list,Success,True,
.test_1_selenium_browse_projects_list,Total:171 Passed:171 Failed:0
1691073368043,975,selenium_browse_boards_list,Success,True,
.test_1_selenium_browse_boards_list,Total:172 Passed:172 Failed:0
1691073369123,906,selenium_create_issue:open_quick_create,Success,True,
1691073370392,646,selenium_create_issue:fill_and_submit_issue_form:submit_issue_form,Success,True,
1691073370392,1268,selenium_create_issue:fill_and_submit_issue_form,Success,True,
1691073370392,2174,selenium_create_issue,Success,True,
.test_1_selenium_create_issue,Total:173 Passed:173 Failed:0
1691073371076,511,selenium_edit_issue:open_edit_issue_form,Success,True,
1691073372537,469,selenium_edit_issue:save_edit_issue_form,Success,True,
1691073372537,1972,selenium_edit_issue,Success,True,
.test_1_selenium_edit_issue,Total:174 Passed:174 Failed:0
1691073372789,250,selenium_save_comment:open_comment_form,Success,True,
1691073374116,669,selenium_save_comment:submit_form,Success,True,
1691073374118,1580,selenium_save_comment,Success,True,
.test_1_selenium_save_comment,Total:175 Passed:175 Failed:0
1691073375565,1445,selenium_search_jql,Success,True,
.test_1_selenium_search_jql,Total:176 Passed:176 Failed:0
1691073376765,1199,selenium_view_scrum_board_backlog,Success,True,
.test_1_selenium_view_backlog_for_scrum_board,Total:177 Passed:177 Failed:0
1691073377588,821,selenium_view_scrum_board,Success,True,
.test_1_selenium_view_scrum_board,Total:178 Passed:178 Failed:0
1691073378423,834,selenium_view_kanban_board,Success,True,
.test_1_selenium_view_kanban_board,Total:179 Passed:179 Failed:0
1691073378698,273,selenium_view_dashboard,Success,True,
.test_1_selenium_view_dashboard,Total:180 Passed:180 Failed:0
1691073379177,477,selenium_view_issue,Success,True,
.test_1_selenium_view_issue,Total:181 Passed:181 Failed:0
1691073379575,396,selenium_log_out,Success,True,
.test_2_selenium_z_log_out,Total:182 Passed:182 Failed:0


=============================== warnings summary ===============================
../../root/.bzt/python-packages/3.11.3/_pytest/config/__init__.py:1204
  /root/.bzt/python-packages/3.11.3/_pytest/config/__init__.py:1204: PytestAssertRewriteWarning: Module already imported so cannot be rewritten: apiritif
    self._mark_plugins_for_rewrite(hook)

-- Docs: https://docs.pytest.org/en/stable/how-to/capture-warnings.html
======================== 14 passed, 1 warning in 15.57s ========================
============================= test session starts ==============================
platform linux -- Python 3.11.3, pytest-7.4.0, pluggy-1.2.0
rootdir: /dc-app-performance-toolkit/app
plugins: xdist-3.3.1, apiritif-1.1.3
collected 14 items

selenium_ui/jira_ui.py get driver from global
clear browser cookies
1691073379775,154,selenium_login:open_login_page,Success,True,
node_id:jira-0
1691073381982,2206,selenium_login:login_and_view_dashboard,Success,True,
1691073381982,2361,selenium_login,Success,True,
.test_0_selenium_a_login,Total:183 Passed:183 Failed:0
1691073382771,580,selenium_project_summary,Success,True,
.test_1_selenium_view_project_summary,Total:184 Passed:184 Failed:0
1691073383113,340,selenium_browse_projects_list,Success,True,
.test_1_selenium_browse_projects_list,Total:185 Passed:185 Failed:0
1691073383960,845,selenium_browse_boards_list,Success,True,
.test_1_selenium_browse_boards_list,Total:186 Passed:186 Failed:0
1691073384848,700,selenium_create_issue:open_quick_create,Success,True,
1691073386021,645,selenium_create_issue:fill_and_submit_issue_form:submit_issue_form,Success,True,
1691073386021,1173,selenium_create_issue:fill_and_submit_issue_form,Success,True,
1691073386021,1873,selenium_create_issue,Success,True,
.test_1_selenium_create_issue,Total:187 Passed:187 Failed:0
1691073386657,452,selenium_edit_issue:open_edit_issue_form,Success,True,
1691073388019,464,selenium_edit_issue:save_edit_issue_form,Success,True,
1691073388019,1815,selenium_edit_issue,Success,True,
.test_1_selenium_edit_issue,Total:188 Passed:188 Failed:0
1691073388386,365,selenium_save_comment:open_comment_form,Success,True,
1691073389793,727,selenium_save_comment:submit_form,Success,True,
1691073389793,1772,selenium_save_comment,Success,True,
.test_1_selenium_save_comment,Total:189 Passed:189 Failed:0
1691073391293,1498,selenium_search_jql,Success,True,
.test_1_selenium_search_jql,Total:190 Passed:190 Failed:0
1691073392142,848,selenium_view_scrum_board_backlog,Success,True,
.test_1_selenium_view_backlog_for_scrum_board,Total:191 Passed:191 Failed:0
1691073392972,828,selenium_view_scrum_board,Success,True,
.test_1_selenium_view_scrum_board,Total:192 Passed:192 Failed:0
1691073394019,1045,selenium_view_kanban_board,Success,True,
.test_1_selenium_view_kanban_board,Total:193 Passed:193 Failed:0
1691073394682,661,selenium_view_dashboard,Success,True,
.test_1_selenium_view_dashboard,Total:194 Passed:194 Failed:0
1691073395562,879,selenium_view_issue,Success,True,
.test_1_selenium_view_issue,Total:195 Passed:195 Failed:0
1691073395965,401,selenium_log_out,Success,True,
.test_2_selenium_z_log_out,Total:196 Passed:196 Failed:0


=============================== warnings summary ===============================
../../root/.bzt/python-packages/3.11.3/_pytest/config/__init__.py:1204
  /root/.bzt/python-packages/3.11.3/_pytest/config/__init__.py:1204: PytestAssertRewriteWarning: Module already imported so cannot be rewritten: apiritif
    self._mark_plugins_for_rewrite(hook)

-- Docs: https://docs.pytest.org/en/stable/how-to/capture-warnings.html
======================== 14 passed, 1 warning in 16.36s ========================
============================= test session starts ==============================
platform linux -- Python 3.11.3, pytest-7.4.0, pluggy-1.2.0
rootdir: /dc-app-performance-toolkit/app
plugins: xdist-3.3.1, apiritif-1.1.3
collected 14 items

selenium_ui/jira_ui.py get driver from global
clear browser cookies
1691073396232,207,selenium_login:open_login_page,Success,True,
node_id:jira-0
1691073398211,1979,selenium_login:login_and_view_dashboard,Success,True,
1691073398211,2187,selenium_login,Success,True,
.test_0_selenium_a_login,Total:197 Passed:197 Failed:0
1691073398909,458,selenium_project_summary,Success,True,
.test_1_selenium_view_project_summary,Total:198 Passed:198 Failed:0
1691073399296,385,selenium_browse_projects_list,Success,True,
.test_1_selenium_browse_projects_list,Total:199 Passed:199 Failed:0
1691073400086,788,selenium_browse_boards_list,Success,True,
.test_1_selenium_browse_boards_list,Total:200 Passed:200 Failed:0
1691073400916,652,selenium_create_issue:open_quick_create,Success,True,
1691073402182,656,selenium_create_issue:fill_and_submit_issue_form:submit_issue_form,Success,True,
1691073402182,1265,selenium_create_issue:fill_and_submit_issue_form,Success,True,
1691073402182,1918,selenium_create_issue,Success,True,
.test_1_selenium_create_issue,Total:201 Passed:201 Failed:0
1691073402755,435,selenium_edit_issue:open_edit_issue_form,Success,True,
1691073404222,481,selenium_edit_issue:save_edit_issue_form,Success,True,
1691073404222,1902,selenium_edit_issue,Success,True,
.test_1_selenium_edit_issue,Total:202 Passed:202 Failed:0
1691073404458,234,selenium_save_comment:open_comment_form,Success,True,
1691073405911,783,selenium_save_comment:submit_form,Success,True,
1691073405911,1687,selenium_save_comment,Success,True,
.test_1_selenium_save_comment,Total:203 Passed:203 Failed:0
1691073407413,1500,selenium_search_jql,Success,True,
.test_1_selenium_search_jql,Total:204 Passed:204 Failed:0
1691073408562,1147,selenium_view_scrum_board_backlog,Success,True,
.test_1_selenium_view_backlog_for_scrum_board,Total:205 Passed:205 Failed:0
1691073409421,858,selenium_view_scrum_board,Success,True,
.test_1_selenium_view_scrum_board,Total:206 Passed:206 Failed:0
1691073410516,1093,selenium_view_kanban_board,Success,True,
.test_1_selenium_view_kanban_board,Total:207 Passed:207 Failed:0
1691073410824,307,selenium_view_dashboard,Success,True,
.test_1_selenium_view_dashboard,Total:208 Passed:208 Failed:0
1691073411297,471,selenium_view_issue,Success,True,
.test_1_selenium_view_issue,Total:209 Passed:209 Failed:0
1691073411686,387,selenium_log_out,Success,True,
.test_2_selenium_z_log_out,Total:210 Passed:210 Failed:0


=============================== warnings summary ===============================
../../root/.bzt/python-packages/3.11.3/_pytest/config/__init__.py:1204
  /root/.bzt/python-packages/3.11.3/_pytest/config/__init__.py:1204: PytestAssertRewriteWarning: Module already imported so cannot be rewritten: apiritif
    self._mark_plugins_for_rewrite(hook)

-- Docs: https://docs.pytest.org/en/stable/how-to/capture-warnings.html
======================== 14 passed, 1 warning in 15.69s ========================
============================= test session starts ==============================
platform linux -- Python 3.11.3, pytest-7.4.0, pluggy-1.2.0
rootdir: /dc-app-performance-toolkit/app
plugins: xdist-3.3.1, apiritif-1.1.3
collected 14 items

selenium_ui/jira_ui.py get driver from global
clear browser cookies
1691073411931,198,selenium_login:open_login_page,Success,True,
node_id:jira-0
1691073413963,2031,selenium_login:login_and_view_dashboard,Success,True,
1691073413963,2230,selenium_login,Success,True,
.test_0_selenium_a_login,Total:211 Passed:211 Failed:0
1691073414584,450,selenium_project_summary,Success,True,
.test_1_selenium_view_project_summary,Total:212 Passed:212 Failed:0
1691073414902,317,selenium_browse_projects_list,Success,True,
.test_1_selenium_browse_projects_list,Total:213 Passed:213 Failed:0
1691073415694,790,selenium_browse_boards_list,Success,True,
.test_1_selenium_browse_boards_list,Total:214 Passed:214 Failed:0
1691073416641,737,selenium_create_issue:open_quick_create,Success,True,
1691073417941,655,selenium_create_issue:fill_and_submit_issue_form:submit_issue_form,Success,True,
1691073417941,1299,selenium_create_issue:fill_and_submit_issue_form,Success,True,
1691073417941,2037,selenium_create_issue,Success,True,
.test_1_selenium_create_issue,Total:215 Passed:215 Failed:0
1691073418604,454,selenium_edit_issue:open_edit_issue_form,Success,True,
1691073420082,468,selenium_edit_issue:save_edit_issue_form,Success,True,
1691073420082,1931,selenium_edit_issue,Success,True,
.test_1_selenium_edit_issue,Total:216 Passed:216 Failed:0
1691073420614,530,selenium_save_comment:open_comment_form,Success,True,
1691073422130,835,selenium_save_comment:submit_form,Success,True,
1691073422130,2046,selenium_save_comment,Success,True,
.test_1_selenium_save_comment,Total:217 Passed:217 Failed:0
1691073423794,1661,selenium_search_jql,Success,True,
.test_1_selenium_search_jql,Total:218 Passed:218 Failed:0
1691073425090,1295,selenium_view_scrum_board_backlog,Success,True,
.test_1_selenium_view_backlog_for_scrum_board,Total:219 Passed:219 Failed:0
1691073425935,843,selenium_view_scrum_board,Success,True,
.test_1_selenium_view_scrum_board,Total:220 Passed:220 Failed:0
1691073426757,820,selenium_view_kanban_board,Success,True,
.test_1_selenium_view_kanban_board,Total:221 Passed:221 Failed:0
1691073427030,271,selenium_view_dashboard,Success,True,
.test_1_selenium_view_dashboard,Total:222 Passed:222 Failed:0
1691073427512,480,selenium_view_issue,Success,True,
.test_1_selenium_view_issue,Total:223 Passed:223 Failed:0
1691073427892,379,selenium_log_out,Success,True,
.test_2_selenium_z_log_out,Total:224 Passed:224 Failed:0


=============================== warnings summary ===============================
../../root/.bzt/python-packages/3.11.3/_pytest/config/__init__.py:1204
  /root/.bzt/python-packages/3.11.3/_pytest/config/__init__.py:1204: PytestAssertRewriteWarning: Module already imported so cannot be rewritten: apiritif
    self._mark_plugins_for_rewrite(hook)

-- Docs: https://docs.pytest.org/en/stable/how-to/capture-warnings.html
======================== 14 passed, 1 warning in 16.18s ========================
============================= test session starts ==============================
platform linux -- Python 3.11.3, pytest-7.4.0, pluggy-1.2.0
rootdir: /dc-app-performance-toolkit/app
plugins: xdist-3.3.1, apiritif-1.1.3
collected 14 items

selenium_ui/jira_ui.py get driver from global
clear browser cookies
1691073428076,138,selenium_login:open_login_page,Success,True,
node_id:jira-0
1691073430006,1929,selenium_login:login_and_view_dashboard,Success,True,
1691073430006,2067,selenium_login,Success,True,
.test_0_selenium_a_login,Total:225 Passed:225 Failed:0
1691073430690,449,selenium_project_summary,Success,True,
.test_1_selenium_view_project_summary,Total:226 Passed:226 Failed:0
1691073430981,290,selenium_browse_projects_list,Success,True,
.test_1_selenium_browse_projects_list,Total:227 Passed:227 Failed:0
1691073431787,804,selenium_browse_boards_list,Success,True,
.test_1_selenium_browse_boards_list,Total:228 Passed:228 Failed:0
1691073432686,679,selenium_create_issue:open_quick_create,Success,True,
1691073434500,1170,selenium_create_issue:fill_and_submit_issue_form:submit_issue_form,Success,True,
1691073434500,1814,selenium_create_issue:fill_and_submit_issue_form,Success,True,
1691073434500,2493,selenium_create_issue,Success,True,
.test_1_selenium_create_issue,Total:229 Passed:229 Failed:0
1691073435224,500,selenium_edit_issue:open_edit_issue_form,Success,True,
1691073436553,508,selenium_edit_issue:save_edit_issue_form,Success,True,
1691073436553,1829,selenium_edit_issue,Success,True,
.test_1_selenium_edit_issue,Total:230 Passed:230 Failed:0
1691073436847,293,selenium_save_comment:open_comment_form,Success,True,
1691073438329,792,selenium_save_comment:submit_form,Success,True,
1691073438329,1774,selenium_save_comment,Success,True,
.test_1_selenium_save_comment,Total:231 Passed:231 Failed:0
1691073440059,1728,selenium_search_jql,Success,True,
.test_1_selenium_search_jql,Total:232 Passed:232 Failed:0
1691073440909,848,selenium_view_scrum_board_backlog,Success,True,
.test_1_selenium_view_backlog_for_scrum_board,Total:233 Passed:233 Failed:0
1691073441746,835,selenium_view_scrum_board,Success,True,
.test_1_selenium_view_scrum_board,Total:234 Passed:234 Failed:0
1691073442577,830,selenium_view_kanban_board,Success,True,
.test_1_selenium_view_kanban_board,Total:235 Passed:235 Failed:0
1691073442831,252,selenium_view_dashboard,Success,True,
.test_1_selenium_view_dashboard,Total:236 Passed:236 Failed:0
1691073443420,587,selenium_view_issue,Success,True,
.test_1_selenium_view_issue,Total:237 Passed:237 Failed:0
1691073443790,368,selenium_log_out,Success,True,
.test_2_selenium_z_log_out,Total:238 Passed:238 Failed:0


=============================== warnings summary ===============================
../../root/.bzt/python-packages/3.11.3/_pytest/config/__init__.py:1204
  /root/.bzt/python-packages/3.11.3/_pytest/config/__init__.py:1204: PytestAssertRewriteWarning: Module already imported so cannot be rewritten: apiritif
    self._mark_plugins_for_rewrite(hook)

-- Docs: https://docs.pytest.org/en/stable/how-to/capture-warnings.html
======================== 14 passed, 1 warning in 15.87s ========================
============================= test session starts ==============================
platform linux -- Python 3.11.3, pytest-7.4.0, pluggy-1.2.0
rootdir: /dc-app-performance-toolkit/app
plugins: xdist-3.3.1, apiritif-1.1.3
collected 14 items

selenium_ui/jira_ui.py get driver from global
clear browser cookies
1691073443977,141,selenium_login:open_login_page,Success,True,
node_id:jira-0
1691073445955,1978,selenium_login:login_and_view_dashboard,Success,True,
1691073445955,2120,selenium_login,Success,True,
.test_0_selenium_a_login,Total:239 Passed:239 Failed:0
1691073446672,524,selenium_project_summary,Success,True,
.test_1_selenium_view_project_summary,Total:240 Passed:240 Failed:0
1691073447254,580,selenium_browse_projects_list,Success,True,
.test_1_selenium_browse_projects_list,Total:241 Passed:241 Failed:0
1691073448217,961,selenium_browse_boards_list,Success,True,
.test_1_selenium_browse_boards_list,Total:242 Passed:242 Failed:0
1691073449171,712,selenium_create_issue:open_quick_create,Success,True,
1691073450351,669,selenium_create_issue:fill_and_submit_issue_form:submit_issue_form,Success,True,
1691073450351,1179,selenium_create_issue:fill_and_submit_issue_form,Success,True,
1691073450351,1892,selenium_create_issue,Success,True,
.test_1_selenium_create_issue,Total:243 Passed:243 Failed:0
1691073451011,423,selenium_edit_issue:open_edit_issue_form,Success,True,
1691073452509,462,selenium_edit_issue:save_edit_issue_form,Success,True,
1691073452509,1922,selenium_edit_issue,Success,True,
.test_1_selenium_edit_issue,Total:244 Passed:244 Failed:0
1691073452729,218,selenium_save_comment:open_comment_form,Success,True,
1691073454147,720,selenium_save_comment:submit_form,Success,True,
1691073454147,1636,selenium_save_comment,Success,True,
.test_1_selenium_save_comment,Total:245 Passed:245 Failed:0
1691073455766,1617,selenium_search_jql,Success,True,
.test_1_selenium_search_jql,Total:246 Passed:246 Failed:0
1691073456988,1221,selenium_view_scrum_board_backlog,Success,True,
.test_1_selenium_view_backlog_for_scrum_board,Total:247 Passed:247 Failed:0
1691073457827,837,selenium_view_scrum_board,Success,True,
.test_1_selenium_view_scrum_board,Total:248 Passed:248 Failed:0
1691073458714,886,selenium_view_kanban_board,Success,True,
.test_1_selenium_view_kanban_board,Total:249 Passed:249 Failed:0
1691073459008,292,selenium_view_dashboard,Success,True,
.test_1_selenium_view_dashboard,Total:250 Passed:250 Failed:0
1691073459512,502,selenium_view_issue,Success,True,
.test_1_selenium_view_issue,Total:251 Passed:251 Failed:0
1691073460123,608,selenium_log_out,Success,True,
.test_2_selenium_z_log_out,Total:252 Passed:252 Failed:0


=============================== warnings summary ===============================
../../root/.bzt/python-packages/3.11.3/_pytest/config/__init__.py:1204
  /root/.bzt/python-packages/3.11.3/_pytest/config/__init__.py:1204: PytestAssertRewriteWarning: Module already imported so cannot be rewritten: apiritif
    self._mark_plugins_for_rewrite(hook)

-- Docs: https://docs.pytest.org/en/stable/how-to/capture-warnings.html
======================== 14 passed, 1 warning in 16.30s ========================
============================= test session starts ==============================
platform linux -- Python 3.11.3, pytest-7.4.0, pluggy-1.2.0
rootdir: /dc-app-performance-toolkit/app
plugins: xdist-3.3.1, apiritif-1.1.3
collected 14 items

selenium_ui/jira_ui.py get driver from global
clear browser cookies
1691073460456,288,selenium_login:open_login_page,Success,True,
node_id:jira-0
1691073462600,2143,selenium_login:login_and_view_dashboard,Success,True,
1691073462600,2432,selenium_login,Success,True,
.test_0_selenium_a_login,Total:253 Passed:253 Failed:0
1691073463309,486,selenium_project_summary,Success,True,
.test_1_selenium_view_project_summary,Total:254 Passed:254 Failed:0
1691073463651,340,selenium_browse_projects_list,Success,True,
.test_1_selenium_browse_projects_list,Total:255 Passed:255 Failed:0
1691073464464,811,selenium_browse_boards_list,Success,True,
.test_1_selenium_browse_boards_list,Total:256 Passed:256 Failed:0
1691073465483,778,selenium_create_issue:open_quick_create,Success,True,
1691073466734,676,selenium_create_issue:fill_and_submit_issue_form:submit_issue_form,Success,True,
1691073466734,1250,selenium_create_issue:fill_and_submit_issue_form,Success,True,
1691073466734,2029,selenium_create_issue,Success,True,
.test_1_selenium_create_issue,Total:257 Passed:257 Failed:0
1691073467380,406,selenium_edit_issue:open_edit_issue_form,Success,True,
1691073468849,467,selenium_edit_issue:save_edit_issue_form,Success,True,
1691073468849,1875,selenium_edit_issue,Success,True,
.test_1_selenium_edit_issue,Total:258 Passed:258 Failed:0
1691073469068,217,selenium_save_comment:open_comment_form,Success,True,
1691073470494,731,selenium_save_comment:submit_form,Success,True,
1691073470494,1644,selenium_save_comment,Success,True,
.test_1_selenium_save_comment,Total:259 Passed:259 Failed:0
1691073472103,1607,selenium_search_jql,Success,True,
.test_1_selenium_search_jql,Total:260 Passed:260 Failed:0
1691073472962,858,selenium_view_scrum_board_backlog,Success,True,
.test_1_selenium_view_backlog_for_scrum_board,Total:261 Passed:261 Failed:0
1691073474145,1182,selenium_view_scrum_board,Success,True,
.test_1_selenium_view_scrum_board,Total:262 Passed:262 Failed:0
1691073475007,860,selenium_view_kanban_board,Success,True,
.test_1_selenium_view_kanban_board,Total:263 Passed:263 Failed:0
1691073475305,296,selenium_view_dashboard,Success,True,
.test_1_selenium_view_dashboard,Total:264 Passed:264 Failed:0
1691073475902,596,selenium_view_issue,Success,True,
.test_1_selenium_view_issue,Total:265 Passed:265 Failed:0
1691073476261,357,selenium_log_out,Success,True,
.test_2_selenium_z_log_out,Total:266 Passed:266 Failed:0


=============================== warnings summary ===============================
../../root/.bzt/python-packages/3.11.3/_pytest/config/__init__.py:1204
  /root/.bzt/python-packages/3.11.3/_pytest/config/__init__.py:1204: PytestAssertRewriteWarning: Module already imported so cannot be rewritten: apiritif
    self._mark_plugins_for_rewrite(hook)

-- Docs: https://docs.pytest.org/en/stable/how-to/capture-warnings.html
======================== 14 passed, 1 warning in 16.11s ========================
============================= test session starts ==============================
platform linux -- Python 3.11.3, pytest-7.4.0, pluggy-1.2.0
rootdir: /dc-app-performance-toolkit/app
plugins: xdist-3.3.1, apiritif-1.1.3
collected 14 items

selenium_ui/jira_ui.py get driver from global
clear browser cookies
1691073476546,215,selenium_login:open_login_page,Success,True,
node_id:jira-0
1691073478540,1994,selenium_login:login_and_view_dashboard,Success,True,
1691073478540,2210,selenium_login,Success,True,
.test_0_selenium_a_login,Total:267 Passed:267 Failed:0
1691073479257,460,selenium_project_summary,Success,True,
.test_1_selenium_view_project_summary,Total:268 Passed:268 Failed:0
1691073479534,275,selenium_browse_projects_list,Success,True,
.test_1_selenium_browse_projects_list,Total:269 Passed:269 Failed:0
1691073480355,819,selenium_browse_boards_list,Success,True,
.test_1_selenium_browse_boards_list,Total:270 Passed:270 Failed:0
1691073481343,732,selenium_create_issue:open_quick_create,Success,True,
1691073482658,678,selenium_create_issue:fill_and_submit_issue_form:submit_issue_form,Success,True,
1691073482658,1314,selenium_create_issue:fill_and_submit_issue_form,Success,True,
1691073482658,2047,selenium_create_issue,Success,True,
.test_1_selenium_create_issue,Total:271 Passed:271 Failed:0
1691073483330,410,selenium_edit_issue:open_edit_issue_form,Success,True,
1691073484803,465,selenium_edit_issue:save_edit_issue_form,Success,True,
1691073484803,1883,selenium_edit_issue,Success,True,
.test_1_selenium_edit_issue,Total:272 Passed:272 Failed:0
1691073485017,213,selenium_save_comment:open_comment_form,Success,True,
1691073487006,1277,selenium_save_comment:submit_form,Success,True,
1691073487006,2201,selenium_save_comment,Success,True,
.test_1_selenium_save_comment,Total:273 Passed:273 Failed:0
1691073489137,2129,selenium_search_jql,Success,True,
.test_1_selenium_search_jql,Total:274 Passed:274 Failed:0
1691073490037,899,selenium_view_scrum_board_backlog,Success,True,
.test_1_selenium_view_backlog_for_scrum_board,Total:275 Passed:275 Failed:0
1691073490897,858,selenium_view_scrum_board,Success,True,
.test_1_selenium_view_scrum_board,Total:276 Passed:276 Failed:0
1691073491759,861,selenium_view_kanban_board,Success,True,
.test_1_selenium_view_kanban_board,Total:277 Passed:277 Failed:0
1691073492103,342,selenium_view_dashboard,Success,True,
.test_1_selenium_view_dashboard,Total:278 Passed:278 Failed:0
1691073492704,600,selenium_view_issue,Success,True,
.test_1_selenium_view_issue,Total:279 Passed:279 Failed:0
1691073493107,402,selenium_log_out,Success,True,
.test_2_selenium_z_log_out,Total:280 Passed:280 Failed:0


=============================== warnings summary ===============================
../../root/.bzt/python-packages/3.11.3/_pytest/config/__init__.py:1204
  /root/.bzt/python-packages/3.11.3/_pytest/config/__init__.py:1204: PytestAssertRewriteWarning: Module already imported so cannot be rewritten: apiritif
    self._mark_plugins_for_rewrite(hook)

-- Docs: https://docs.pytest.org/en/stable/how-to/capture-warnings.html
======================== 14 passed, 1 warning in 16.79s ========================
============================= test session starts ==============================
platform linux -- Python 3.11.3, pytest-7.4.0, pluggy-1.2.0
rootdir: /dc-app-performance-toolkit/app
plugins: xdist-3.3.1, apiritif-1.1.3
collected 14 items

selenium_ui/jira_ui.py get driver from global
clear browser cookies
1691073493301,150,selenium_login:open_login_page,Success,True,
node_id:jira-0
1691073495354,2052,selenium_login:login_and_view_dashboard,Success,True,
1691073495354,2203,selenium_login,Success,True,
.test_0_selenium_a_login,Total:281 Passed:281 Failed:0
1691073496023,442,selenium_project_summary,Success,True,
.test_1_selenium_view_project_summary,Total:282 Passed:282 Failed:0
1691073496292,267,selenium_browse_projects_list,Success,True,
.test_1_selenium_browse_projects_list,Total:283 Passed:283 Failed:0
1691073497106,812,selenium_browse_boards_list,Success,True,
.test_1_selenium_browse_boards_list,Total:284 Passed:284 Failed:0
1691073498089,712,selenium_create_issue:open_quick_create,Success,True,
1691073499398,675,selenium_create_issue:fill_and_submit_issue_form:submit_issue_form,Success,True,
1691073499398,1309,selenium_create_issue:fill_and_submit_issue_form,Success,True,
1691073499398,2022,selenium_create_issue,Success,True,
.test_1_selenium_create_issue,Total:285 Passed:285 Failed:0
1691073500422,743,selenium_edit_issue:open_edit_issue_form,Success,True,
1691073501923,490,selenium_edit_issue:save_edit_issue_form,Success,True,
1691073501923,2245,selenium_edit_issue,Success,True,
.test_1_selenium_edit_issue,Total:286 Passed:286 Failed:0
1691073502167,242,selenium_save_comment:open_comment_form,Success,True,
1691073503701,822,selenium_save_comment:submit_form,Success,True,
1691073503701,1776,selenium_save_comment,Success,True,
.test_1_selenium_save_comment,Total:287 Passed:287 Failed:0
1691073505396,1693,selenium_search_jql,Success,True,
.test_1_selenium_search_jql,Total:288 Passed:288 Failed:0
1691073506573,1176,selenium_view_scrum_board_backlog,Success,True,
.test_1_selenium_view_backlog_for_scrum_board,Total:289 Passed:289 Failed:0
1691073507439,864,selenium_view_scrum_board,Success,True,
.test_1_selenium_view_scrum_board,Total:290 Passed:290 Failed:0
1691073508323,883,selenium_view_kanban_board,Success,True,
.test_1_selenium_view_kanban_board,Total:291 Passed:291 Failed:0
1691073508582,257,selenium_view_dashboard,Success,True,
.test_1_selenium_view_dashboard,Total:292 Passed:292 Failed:0
1691073509074,490,selenium_view_issue,Success,True,
.test_1_selenium_view_issue,Total:293 Passed:293 Failed:0
1691073509503,427,selenium_log_out,Success,True,
.test_2_selenium_z_log_out,Total:294 Passed:294 Failed:0


=============================== warnings summary ===============================
../../root/.bzt/python-packages/3.11.3/_pytest/config/__init__.py:1204
  /root/.bzt/python-packages/3.11.3/_pytest/config/__init__.py:1204: PytestAssertRewriteWarning: Module already imported so cannot be rewritten: apiritif
    self._mark_plugins_for_rewrite(hook)

-- Docs: https://docs.pytest.org/en/stable/how-to/capture-warnings.html
======================== 14 passed, 1 warning in 16.37s ========================
============================= test session starts ==============================
platform linux -- Python 3.11.3, pytest-7.4.0, pluggy-1.2.0
rootdir: /dc-app-performance-toolkit/app
plugins: xdist-3.3.1, apiritif-1.1.3
collected 14 items

selenium_ui/jira_ui.py get driver from global
clear browser cookies
1691073509690,140,selenium_login:open_login_page,Success,True,
node_id:jira-0
1691073510250,560,selenium_login:login_and_view_dashboard,Success,True,
1691073510250,700,selenium_login,Success,True,
.test_0_selenium_a_login,Total:295 Passed:295 Failed:0
1691073511015,435,selenium_project_summary,Success,True,
.test_1_selenium_view_project_summary,Total:296 Passed:296 Failed:0
1691073511342,326,selenium_browse_projects_list,Success,True,
.test_1_selenium_browse_projects_list,Total:297 Passed:297 Failed:0
1691073512184,840,selenium_browse_boards_list,Success,True,
.test_1_selenium_browse_boards_list,Total:298 Passed:298 Failed:0
1691073513501,1017,selenium_create_issue:open_quick_create,Success,True,
1691073514709,683,selenium_create_issue:fill_and_submit_issue_form:submit_issue_form,Success,True,
1691073514709,1208,selenium_create_issue:fill_and_submit_issue_form,Success,True,
1691073514709,2225,selenium_create_issue,Success,True,
.test_1_selenium_create_issue,Total:299 Passed:299 Failed:0
1691073515445,452,selenium_edit_issue:open_edit_issue_form,Success,True,
1691073516929,492,selenium_edit_issue:save_edit_issue_form,Success,True,
1691073516930,1937,selenium_edit_issue,Success,True,
.test_1_selenium_edit_issue,Total:300 Passed:300 Failed:0
1691073517190,259,selenium_save_comment:open_comment_form,Success,True,
1691073518648,668,selenium_save_comment:submit_form,Success,True,
1691073518648,1717,selenium_save_comment,Success,True,
.test_1_selenium_save_comment,Total:301 Passed:301 Failed:0
1691073520363,1713,selenium_search_jql,Success,True,
.test_1_selenium_search_jql,Total:302 Passed:302 Failed:0
1691073521509,1144,selenium_view_scrum_board_backlog,Success,True,
.test_1_selenium_view_backlog_for_scrum_board,Total:303 Passed:303 Failed:0
1691073522368,857,selenium_view_scrum_board,Success,True,
.test_1_selenium_view_scrum_board,Total:304 Passed:304 Failed:0
1691073523261,892,selenium_view_kanban_board,Success,True,
.test_1_selenium_view_kanban_board,Total:305 Passed:305 Failed:0
1691073523547,284,selenium_view_dashboard,Success,True,
.test_1_selenium_view_dashboard,Total:306 Passed:306 Failed:0
1691073524060,511,selenium_view_issue,Success,True,
.test_1_selenium_view_issue,Total:307 Passed:307 Failed:0
1691073524427,365,selenium_log_out,Success,True,
.test_2_selenium_z_log_out,Total:308 Passed:308 Failed:0


=============================== warnings summary ===============================
../../root/.bzt/python-packages/3.11.3/_pytest/config/__init__.py:1204
  /root/.bzt/python-packages/3.11.3/_pytest/config/__init__.py:1204: PytestAssertRewriteWarning: Module already imported so cannot be rewritten: apiritif
    self._mark_plugins_for_rewrite(hook)

-- Docs: https://docs.pytest.org/en/stable/how-to/capture-warnings.html
======================== 14 passed, 1 warning in 14.89s ========================
============================= test session starts ==============================
platform linux -- Python 3.11.3, pytest-7.4.0, pluggy-1.2.0
rootdir: /dc-app-performance-toolkit/app
plugins: xdist-3.3.1, apiritif-1.1.3
collected 14 items

selenium_ui/jira_ui.py get driver from global
clear browser cookies
1691073524632,158,selenium_login:open_login_page,Success,True,
node_id:jira-0
1691073527176,2543,selenium_login:login_and_view_dashboard,Success,True,
1691073527176,2702,selenium_login,Success,True,
.test_0_selenium_a_login,Total:309 Passed:309 Failed:0
1691073528066,520,selenium_project_summary,Success,True,
.test_1_selenium_view_project_summary,Total:310 Passed:310 Failed:0
1691073528400,332,selenium_browse_projects_list,Success,True,
.test_1_selenium_browse_projects_list,Total:311 Passed:311 Failed:0
1691073529349,948,selenium_browse_boards_list,Success,True,
.test_1_selenium_browse_boards_list,Total:312 Passed:312 Failed:0
1691073530293,688,selenium_create_issue:open_quick_create,Success,True,
1691073531577,685,selenium_create_issue:fill_and_submit_issue_form:submit_issue_form,Success,True,
1691073531577,1284,selenium_create_issue:fill_and_submit_issue_form,Success,True,
1691073531577,1973,selenium_create_issue,Success,True,
.test_1_selenium_create_issue,Total:313 Passed:313 Failed:0
1691073532214,433,selenium_edit_issue:open_edit_issue_form,Success,True,
1691073533706,468,selenium_edit_issue:save_edit_issue_form,Success,True,
1691073533706,1925,selenium_edit_issue,Success,True,
.test_1_selenium_edit_issue,Total:314 Passed:314 Failed:0
1691073533931,223,selenium_save_comment:open_comment_form,Success,True,
1691073535419,696,selenium_save_comment:submit_form,Success,True,
1691073535419,1711,selenium_save_comment,Success,True,
.test_1_selenium_save_comment,Total:315 Passed:315 Failed:0
1691073537290,1869,selenium_search_jql,Success,True,
.test_1_selenium_search_jql,Total:316 Passed:316 Failed:0
1691073538452,1160,selenium_view_scrum_board_backlog,Success,True,
.test_1_selenium_view_backlog_for_scrum_board,Total:317 Passed:317 Failed:0
1691073539324,871,selenium_view_scrum_board,Success,True,
.test_1_selenium_view_scrum_board,Total:318 Passed:318 Failed:0
1691073540824,1499,selenium_view_kanban_board,Success,True,
.test_1_selenium_view_kanban_board,Total:319 Passed:319 Failed:0
1691073541162,336,selenium_view_dashboard,Success,True,
.test_1_selenium_view_dashboard,Total:320 Passed:320 Failed:0
1691073541616,452,selenium_view_issue,Success,True,
.test_1_selenium_view_issue,Total:321 Passed:321 Failed:0
1691073542091,474,selenium_log_out,Success,True,
.test_2_selenium_z_log_out,Total:322 Passed:322 Failed:0


=============================== warnings summary ===============================
../../root/.bzt/python-packages/3.11.3/_pytest/config/__init__.py:1204
  /root/.bzt/python-packages/3.11.3/_pytest/config/__init__.py:1204: PytestAssertRewriteWarning: Module already imported so cannot be rewritten: apiritif
    self._mark_plugins_for_rewrite(hook)

-- Docs: https://docs.pytest.org/en/stable/how-to/capture-warnings.html
======================== 14 passed, 1 warning in 17.63s ========================
============================= test session starts ==============================
platform linux -- Python 3.11.3, pytest-7.4.0, pluggy-1.2.0
rootdir: /dc-app-performance-toolkit/app
plugins: xdist-3.3.1, apiritif-1.1.3
collected 14 items

selenium_ui/jira_ui.py get driver from global
clear browser cookies
1691073542306,168,selenium_login:open_login_page,Success,True,
node_id:jira-0
1691073544392,2085,selenium_login:login_and_view_dashboard,Success,True,
1691073544392,2254,selenium_login,Success,True,
.test_0_selenium_a_login,Total:323 Passed:323 Failed:0
1691073545152,483,selenium_project_summary,Success,True,
.test_1_selenium_view_project_summary,Total:324 Passed:324 Failed:0
1691073545472,318,selenium_browse_projects_list,Success,True,
.test_1_selenium_browse_projects_list,Total:325 Passed:325 Failed:0
1691073546324,850,selenium_browse_boards_list,Success,True,
.test_1_selenium_browse_boards_list,Total:326 Passed:326 Failed:0
1691073547431,794,selenium_create_issue:open_quick_create,Success,True,
1691073548837,703,selenium_create_issue:fill_and_submit_issue_form:submit_issue_form,Success,True,
1691073548837,1406,selenium_create_issue:fill_and_submit_issue_form,Success,True,
1691073548837,2201,selenium_create_issue,Success,True,
.test_1_selenium_create_issue,Total:327 Passed:327 Failed:0
1691073549609,464,selenium_edit_issue:open_edit_issue_form,Success,True,
1691073551016,455,selenium_edit_issue:save_edit_issue_form,Success,True,
1691073551016,1871,selenium_edit_issue,Success,True,
.test_1_selenium_edit_issue,Total:328 Passed:328 Failed:0
1691073551229,211,selenium_save_comment:open_comment_form,Success,True,
1691073553222,1224,selenium_save_comment:submit_form,Success,True,
1691073553222,2205,selenium_save_comment,Success,True,
.test_1_selenium_save_comment,Total:329 Passed:329 Failed:0
1691073555146,1923,selenium_search_jql,Success,True,
.test_1_selenium_search_jql,Total:330 Passed:330 Failed:0
1691073556055,907,selenium_view_scrum_board_backlog,Success,True,
.test_1_selenium_view_backlog_for_scrum_board,Total:331 Passed:331 Failed:0
1691073556930,873,selenium_view_scrum_board,Success,True,
.test_1_selenium_view_scrum_board,Total:332 Passed:332 Failed:0
1691073557788,856,selenium_view_kanban_board,Success,True,
.test_1_selenium_view_kanban_board,Total:333 Passed:333 Failed:0
1691073558083,294,selenium_view_dashboard,Success,True,
.test_1_selenium_view_dashboard,Total:334 Passed:334 Failed:0
1691073558585,500,selenium_view_issue,Success,True,
.test_1_selenium_view_issue,Total:335 Passed:335 Failed:0
1691073558963,376,selenium_log_out,Success,True,
.test_2_selenium_z_log_out,Total:336 Passed:336 Failed:0


=============================== warnings summary ===============================
../../root/.bzt/python-packages/3.11.3/_pytest/config/__init__.py:1204
  /root/.bzt/python-packages/3.11.3/_pytest/config/__init__.py:1204: PytestAssertRewriteWarning: Module already imported so cannot be rewritten: apiritif
    self._mark_plugins_for_rewrite(hook)

-- Docs: https://docs.pytest.org/en/stable/how-to/capture-warnings.html
======================== 14 passed, 1 warning in 16.84s ========================
============================= test session starts ==============================
platform linux -- Python 3.11.3, pytest-7.4.0, pluggy-1.2.0
rootdir: /dc-app-performance-toolkit/app
plugins: xdist-3.3.1, apiritif-1.1.3
collected 14 items

selenium_ui/jira_ui.py get driver from global
clear browser cookies
1691073559149,142,selenium_login:open_login_page,Success,True,
node_id:jira-0
1691073561111,1961,selenium_login:login_and_view_dashboard,Success,True,
1691073561111,2104,selenium_login,Success,True,
.test_0_selenium_a_login,Total:337 Passed:337 Failed:0
1691073561903,449,selenium_project_summary,Success,True,
.test_1_selenium_view_project_summary,Total:338 Passed:338 Failed:0
1691073562226,321,selenium_browse_projects_list,Success,True,
.test_1_selenium_browse_projects_list,Total:339 Passed:339 Failed:0
1691073563072,845,selenium_browse_boards_list,Success,True,
.test_1_selenium_browse_boards_list,Total:340 Passed:340 Failed:0
1691073564132,729,selenium_create_issue:open_quick_create,Success,True,
1691073565470,715,selenium_create_issue:fill_and_submit_issue_form:submit_issue_form,Success,True,
1691073565470,1338,selenium_create_issue:fill_and_submit_issue_form,Success,True,
1691073565470,2068,selenium_create_issue,Success,True,
.test_1_selenium_create_issue,Total:341 Passed:341 Failed:0
1691073566445,638,selenium_edit_issue:open_edit_issue_form,Success,True,
1691073568018,584,selenium_edit_issue:save_edit_issue_form,Success,True,
1691073568018,2211,selenium_edit_issue,Success,True,
.test_1_selenium_edit_issue,Total:342 Passed:342 Failed:0
1691073568250,230,selenium_save_comment:open_comment_form,Success,True,
1691073569812,765,selenium_save_comment:submit_form,Success,True,
1691073569812,1792,selenium_save_comment,Success,True,
.test_1_selenium_save_comment,Total:343 Passed:343 Failed:0
1691073571647,1833,selenium_search_jql,Success,True,
.test_1_selenium_search_jql,Total:344 Passed:344 Failed:0
1691073572529,881,selenium_view_scrum_board_backlog,Success,True,
.test_1_selenium_view_backlog_for_scrum_board,Total:345 Passed:345 Failed:0
1691073573406,875,selenium_view_scrum_board,Success,True,
.test_1_selenium_view_scrum_board,Total:346 Passed:346 Failed:0
1691073574273,866,selenium_view_kanban_board,Success,True,
.test_1_selenium_view_kanban_board,Total:347 Passed:347 Failed:0
1691073574522,247,selenium_view_dashboard,Success,True,
.test_1_selenium_view_dashboard,Total:348 Passed:348 Failed:0
1691073575114,591,selenium_view_issue,Success,True,
.test_1_selenium_view_issue,Total:349 Passed:349 Failed:0
1691073575477,361,selenium_log_out,Success,True,
.test_2_selenium_z_log_out,Total:350 Passed:350 Failed:0


=============================== warnings summary ===============================
../../root/.bzt/python-packages/3.11.3/_pytest/config/__init__.py:1204
  /root/.bzt/python-packages/3.11.3/_pytest/config/__init__.py:1204: PytestAssertRewriteWarning: Module already imported so cannot be rewritten: apiritif
    self._mark_plugins_for_rewrite(hook)

-- Docs: https://docs.pytest.org/en/stable/how-to/capture-warnings.html
======================== 14 passed, 1 warning in 16.49s ========================
============================= test session starts ==============================
platform linux -- Python 3.11.3, pytest-7.4.0, pluggy-1.2.0
rootdir: /dc-app-performance-toolkit/app
plugins: xdist-3.3.1, apiritif-1.1.3
collected 14 items

selenium_ui/jira_ui.py get driver from global
clear browser cookies
1691073575668,142,selenium_login:open_login_page,Success,True,
node_id:jira-0
1691073577637,1968,selenium_login:login_and_view_dashboard,Success,True,
1691073577637,2111,selenium_login,Success,True,
.test_0_selenium_a_login,Total:351 Passed:351 Failed:0
1691073578385,450,selenium_project_summary,Success,True,
.test_1_selenium_view_project_summary,Total:352 Passed:352 Failed:0
1691073578935,549,selenium_browse_projects_list,Success,True,
.test_1_selenium_browse_projects_list,Total:353 Passed:353 Failed:0
1691073580039,1101,selenium_browse_boards_list,Success,True,
.test_1_selenium_browse_boards_list,Total:354 Passed:354 Failed:0
1691073581177,781,selenium_create_issue:open_quick_create,Success,True,
[...]
1691075697244,240,selenium_view_dashboard,Success,True,
.test_1_selenium_view_dashboard,Total:1790 Passed:1790 Failed:0
1691075697764,519,selenium_view_issue,Success,True,
.test_1_selenium_view_issue,Total:1791 Passed:1791 Failed:0
1691075698130,364,selenium_log_out,Success,True,
.test_2_selenium_z_log_out,Total:1792 Passed:1792 Failed:0


=============================== warnings summary ===============================
../../root/.bzt/python-packages/3.11.3/_pytest/config/__init__.py:1204
  /root/.bzt/python-packages/3.11.3/_pytest/config/__init__.py:1204: PytestAssertRewriteWarning: Module already imported so cannot be rewritten: apiritif
    self._mark_plugins_for_rewrite(hook)

-- Docs: https://docs.pytest.org/en/stable/how-to/capture-warnings.html
======================== 14 passed, 1 warning in 23.73s ========================
============================= test session starts ==============================
platform linux -- Python 3.11.3, pytest-7.4.0, pluggy-1.2.0
rootdir: /dc-app-performance-toolkit/app
plugins: xdist-3.3.1, apiritif-1.1.3
collected 14 items

selenium_ui/jira_ui.py get driver from global
clear browser cookies
1691075698317,143,selenium_login:open_login_page,Success,True,
node_id:jira-0
1691075698855,537,selenium_login:login_and_view_dashboard,Success,True,
1691075698855,681,selenium_login,Success,True,
.test_0_selenium_a_login,Total:1793 Passed:1793 Failed:0
1691075701239,423,selenium_project_summary,Success,True,
.test_1_selenium_view_project_summary,Total:1794 Passed:1794 Failed:0
1691075701525,285,selenium_browse_projects_list,Success,True,
.test_1_selenium_browse_projects_list,Total:1795 Passed:1795 Failed:0
1691075702890,1363,selenium_browse_boards_list,Success,True,
.test_1_selenium_browse_boards_list,Total:1796 Passed:1796 Failed:0
1691075706165,1330,selenium_create_issue:open_quick_create,Success,True,
1691075708089,1238,selenium_create_issue:fill_and_submit_issue_form:submit_issue_form,Success,True,
1691075708089,1923,selenium_create_issue:fill_and_submit_issue_form,Success,True,
1691075708089,3253,selenium_create_issue,Success,True,
.test_1_selenium_create_issue,Total:1797 Passed:1797 Failed:0
1691075710499,470,selenium_edit_issue:open_edit_issue_form,Success,True,
1691075712454,511,selenium_edit_issue:save_edit_issue_form,Success,True,
1691075712454,2425,selenium_edit_issue,Success,True,
.test_1_selenium_edit_issue,Total:1798 Passed:1798 Failed:0
1691075712671,215,selenium_save_comment:open_comment_form,Success,True,
1691075714603,657,selenium_save_comment:submit_form,Success,True,
1691075714603,2147,selenium_save_comment,Success,True,
.test_1_selenium_save_comment,Total:1799 Passed:1799 Failed:0
1691075716039,1434,selenium_search_jql,Success,True,
.test_1_selenium_search_jql,Total:1800 Passed:1800 Failed:0
1691075717716,1676,selenium_view_scrum_board_backlog,Success,True,
.test_1_selenium_view_backlog_for_scrum_board,Total:1801 Passed:1801 Failed:0
1691075719133,1415,selenium_view_scrum_board,Success,True,
.test_1_selenium_view_scrum_board,Total:1802 Passed:1802 Failed:0
1691075720888,1753,selenium_view_kanban_board,Success,True,
.test_1_selenium_view_kanban_board,Total:1803 Passed:1803 Failed:0
1691075721163,274,selenium_view_dashboard,Success,True,
.test_1_selenium_view_dashboard,Total:1804 Passed:1804 Failed:0
1691075721637,472,selenium_view_issue,Success,True,
.test_1_selenium_view_issue,Total:1805 Passed:1805 Failed:0
1691075722029,390,selenium_log_out,Success,True,
.test_2_selenium_z_log_out,Total:1806 Passed:1806 Failed:0


=============================== warnings summary ===============================
../../root/.bzt/python-packages/3.11.3/_pytest/config/__init__.py:1204
  /root/.bzt/python-packages/3.11.3/_pytest/config/__init__.py:1204: PytestAssertRewriteWarning: Module already imported so cannot be rewritten: apiritif
    self._mark_plugins_for_rewrite(hook)

-- Docs: https://docs.pytest.org/en/stable/how-to/capture-warnings.html
======================== 14 passed, 1 warning in 23.87s ========================
============================= test session starts ==============================
platform linux -- Python 3.11.3, pytest-7.4.0, pluggy-1.2.0
rootdir: /dc-app-performance-toolkit/app
plugins: xdist-3.3.1, apiritif-1.1.3
collected 14 items

selenium_ui/jira_ui.py get driver from global
clear browser cookies
1691075722218,144,selenium_login:open_login_page,Success,True,
node_id:jira-0
1691075724858,2640,selenium_login:login_and_view_dashboard,Success,True,
1691075724858,2785,selenium_login,Success,True,
.test_0_selenium_a_login,Total:1807 Passed:1807 Failed:0
1691075726639,409,selenium_project_summary,Success,True,
.test_1_selenium_view_project_summary,Total:1808 Passed:1808 Failed:0
1691075726923,282,selenium_browse_projects_list,Success,True,
.test_1_selenium_browse_projects_list,Total:1809 Passed:1809 Failed:0
1691075728302,1377,selenium_browse_boards_list,Success,True,
.test_1_selenium_browse_boards_list,Total:1810 Passed:1810 Failed:0
1691075731563,1314,selenium_create_issue:open_quick_create,Success,True,
1691075733912,1757,selenium_create_issue:fill_and_submit_issue_form:submit_issue_form,Success,True,
1691075733912,2349,selenium_create_issue:fill_and_submit_issue_form,Success,True,
1691075733912,3663,selenium_create_issue,Success,True,
.test_1_selenium_create_issue,Total:1811 Passed:1811 Failed:0
1691075736303,421,selenium_edit_issue:open_edit_issue_form,Success,True,
1691075738210,469,selenium_edit_issue:save_edit_issue_form,Success,True,
1691075738210,2328,selenium_edit_issue,Success,True,
.test_1_selenium_edit_issue,Total:1812 Passed:1812 Failed:0
1691075738445,234,selenium_save_comment:open_comment_form,Success,True,
1691075740378,664,selenium_save_comment:submit_form,Success,True,
1691075740378,2166,selenium_save_comment,Success,True,
.test_1_selenium_save_comment,Total:1813 Passed:1813 Failed:0
1691075741856,1477,selenium_search_jql,Success,True,
.test_1_selenium_search_jql,Total:1814 Passed:1814 Failed:0
1691075743518,1660,selenium_view_scrum_board_backlog,Success,True,
.test_1_selenium_view_backlog_for_scrum_board,Total:1815 Passed:1815 Failed:0
1691075744950,1431,selenium_view_scrum_board,Success,True,
.test_1_selenium_view_scrum_board,Total:1816 Passed:1816 Failed:0
1691075746733,1781,selenium_view_kanban_board,Success,True,
.test_1_selenium_view_kanban_board,Total:1817 Passed:1817 Failed:0
1691075747007,272,selenium_view_dashboard,Success,True,
.test_1_selenium_view_dashboard,Total:1818 Passed:1818 Failed:0
1691075747595,587,selenium_view_issue,Success,True,
.test_1_selenium_view_issue,Total:1819 Passed:1819 Failed:0
1691075747946,349,selenium_log_out,Success,True,
.test_2_selenium_z_log_out,Total:1820 Passed:1820 Failed:0


=============================== warnings summary ===============================
../../root/.bzt/python-packages/3.11.3/_pytest/config/__init__.py:1204
  /root/.bzt/python-packages/3.11.3/_pytest/config/__init__.py:1204: PytestAssertRewriteWarning: Module already imported so cannot be rewritten: apiritif
    self._mark_plugins_for_rewrite(hook)

-- Docs: https://docs.pytest.org/en/stable/how-to/capture-warnings.html
======================== 14 passed, 1 warning in 25.89s ========================
============================= test session starts ==============================
platform linux -- Python 3.11.3, pytest-7.4.0, pluggy-1.2.0
rootdir: /dc-app-performance-toolkit/app
plugins: xdist-3.3.1, apiritif-1.1.3
collected 14 items

selenium_ui/jira_ui.py get driver from global
clear browser cookies
1691075748140,148,selenium_login:open_login_page,Success,True,
node_id:jira-0
1691075750758,2617,selenium_login:login_and_view_dashboard,Success,True,
1691075750758,2766,selenium_login,Success,True,
.test_0_selenium_a_login,Total:1821 Passed:1821 Failed:0
1691075752567,442,selenium_project_summary,Success,True,
.test_1_selenium_view_project_summary,Total:1822 Passed:1822 Failed:0
1691075752865,297,selenium_browse_projects_list,Success,True,
.test_1_selenium_browse_projects_list,Total:1823 Passed:1823 Failed:0
1691075754259,1392,selenium_browse_boards_list,Success,True,
.test_1_selenium_browse_boards_list,Total:1824 Passed:1824 Failed:0
1691075757581,1326,selenium_create_issue:open_quick_create,Success,True,
1691075759943,1765,selenium_create_issue:fill_and_submit_issue_form:submit_issue_form,Success,True,
1691075759943,2362,selenium_create_issue:fill_and_submit_issue_form,Success,True,
1691075759944,3689,selenium_create_issue,Success,True,
.test_1_selenium_create_issue,Total:1825 Passed:1825 Failed:0
1691075762389,455,selenium_edit_issue:open_edit_issue_form,Success,True,
1691075764314,471,selenium_edit_issue:save_edit_issue_form,Success,True,
1691075764314,2380,selenium_edit_issue,Success,True,
.test_1_selenium_edit_issue,Total:1826 Passed:1826 Failed:0
1691075764527,211,selenium_save_comment:open_comment_form,Success,True,
1691075766478,694,selenium_save_comment:submit_form,Success,True,
1691075766478,2163,selenium_save_comment,Success,True,
.test_1_selenium_save_comment,Total:1827 Passed:1827 Failed:0
1691075767906,1427,selenium_search_jql,Success,True,
.test_1_selenium_search_jql,Total:1828 Passed:1828 Failed:0
1691075769442,1534,selenium_view_scrum_board_backlog,Success,True,
.test_1_selenium_view_backlog_for_scrum_board,Total:1829 Passed:1829 Failed:0
1691075770935,1492,selenium_view_scrum_board,Success,True,
.test_1_selenium_view_scrum_board,Total:1830 Passed:1830 Failed:0
1691075772393,1456,selenium_view_kanban_board,Success,True,
.test_1_selenium_view_kanban_board,Total:1831 Passed:1831 Failed:0
1691075772958,563,selenium_view_dashboard,Success,True,
.test_1_selenium_view_dashboard,Total:1832 Passed:1832 Failed:0
1691075773560,600,selenium_view_issue,Success,True,
.test_1_selenium_view_issue,Total:1833 Passed:1833 Failed:0
1691075773977,416,selenium_log_out,Success,True,
.test_2_selenium_z_log_out,Total:1834 Passed:1834 Failed:0


=============================== warnings summary ===============================
../../root/.bzt/python-packages/3.11.3/_pytest/config/__init__.py:1204
  /root/.bzt/python-packages/3.11.3/_pytest/config/__init__.py:1204: PytestAssertRewriteWarning: Module already imported so cannot be rewritten: apiritif
    self._mark_plugins_for_rewrite(hook)

-- Docs: https://docs.pytest.org/en/stable/how-to/capture-warnings.html
======================== 14 passed, 1 warning in 26.00s ========================
============================= test session starts ==============================
platform linux -- Python 3.11.3, pytest-7.4.0, pluggy-1.2.0
rootdir: /dc-app-performance-toolkit/app
plugins: xdist-3.3.1, apiritif-1.1.3
collected 14 items

selenium_ui/jira_ui.py get driver from global
clear browser cookies
1691075774166,144,selenium_login:open_login_page,Success,True,
node_id:jira-0
1691075774792,625,selenium_login:login_and_view_dashboard,Success,True,
1691075774792,770,selenium_login,Success,True,
.test_0_selenium_a_login,Total:1835 Passed:1835 Failed:0
1691075777266,434,selenium_project_summary,Success,True,
.test_1_selenium_view_project_summary,Total:1836 Passed:1836 Failed:0
1691075777551,283,selenium_browse_projects_list,Success,True,
.test_1_selenium_browse_projects_list,Total:1837 Passed:1837 Failed:0
1691075778945,1392,selenium_browse_boards_list,Success,True,
.test_1_selenium_browse_boards_list,Total:1838 Passed:1838 Failed:0
1691075782285,1320,selenium_create_issue:open_quick_create,Success,True,
1691075784186,1259,selenium_create_issue:fill_and_submit_issue_form:submit_issue_form,Success,True,
1691075784186,1900,selenium_create_issue:fill_and_submit_issue_form,Success,True,
1691075784186,3221,selenium_create_issue,Success,True,
.test_1_selenium_create_issue,Total:1839 Passed:1839 Failed:0
1691075786616,424,selenium_edit_issue:open_edit_issue_form,Success,True,
1691075788617,554,selenium_edit_issue:save_edit_issue_form,Success,True,
1691075788617,2425,selenium_edit_issue,Success,True,
.test_1_selenium_edit_issue,Total:1840 Passed:1840 Failed:0
1691075788841,222,selenium_save_comment:open_comment_form,Success,True,
1691075790834,692,selenium_save_comment:submit_form,Success,True,
1691075790834,2216,selenium_save_comment,Success,True,
.test_1_selenium_save_comment,Total:1841 Passed:1841 Failed:0
1691075792288,1452,selenium_search_jql,Success,True,
.test_1_selenium_search_jql,Total:1842 Passed:1842 Failed:0
1691075794024,1734,selenium_view_scrum_board_backlog,Success,True,
.test_1_selenium_view_backlog_for_scrum_board,Total:1843 Passed:1843 Failed:0
1691075795466,1441,selenium_view_scrum_board,Success,True,
.test_1_selenium_view_scrum_board,Total:1844 Passed:1844 Failed:0
1691075796922,1455,selenium_view_kanban_board,Success,True,
.test_1_selenium_view_kanban_board,Total:1845 Passed:1845 Failed:0
1691075797160,236,selenium_view_dashboard,Success,True,
.test_1_selenium_view_dashboard,Total:1846 Passed:1846 Failed:0
1691075797640,478,selenium_view_issue,Success,True,
.test_1_selenium_view_issue,Total:1847 Passed:1847 Failed:0
1691075798082,440,selenium_log_out,Success,True,
.test_2_selenium_z_log_out,Total:1848 Passed:1848 Failed:0


=============================== warnings summary ===============================
../../root/.bzt/python-packages/3.11.3/_pytest/config/__init__.py:1204
  /root/.bzt/python-packages/3.11.3/_pytest/config/__init__.py:1204: PytestAssertRewriteWarning: Module already imported so cannot be rewritten: apiritif
    self._mark_plugins_for_rewrite(hook)

-- Docs: https://docs.pytest.org/en/stable/how-to/capture-warnings.html
======================== 14 passed, 1 warning in 24.07s ========================
============================= test session starts ==============================
platform linux -- Python 3.11.3, pytest-7.4.0, pluggy-1.2.0
rootdir: /dc-app-performance-toolkit/app
plugins: xdist-3.3.1, apiritif-1.1.3
collected 14 items

selenium_ui/jira_ui.py get driver from global
clear browser cookies
1691075798353,226,selenium_login:open_login_page,Success,True,
node_id:jira-0
1691075799274,920,selenium_login:login_and_view_dashboard,Success,True,
1691075799274,1147,selenium_login,Success,True,
.test_0_selenium_a_login,Total:1849 Passed:1849 Failed:0
1691075801806,460,selenium_project_summary,Success,True,
.test_1_selenium_view_project_summary,Total:1850 Passed:1850 Failed:0
1691075802124,316,selenium_browse_projects_list,Success,True,
.test_1_selenium_browse_projects_list,Total:1851 Passed:1851 Failed:0
1691075803504,1379,selenium_browse_boards_list,Success,True,
.test_1_selenium_browse_boards_list,Total:1852 Passed:1852 Failed:0
1691075806867,1335,selenium_create_issue:open_quick_create,Success,True,
1691075808646,1258,selenium_create_issue:fill_and_submit_issue_form:submit_issue_form,Success,True,
1691075808646,1778,selenium_create_issue:fill_and_submit_issue_form,Success,True,
1691075808646,3114,selenium_create_issue,Success,True,
.test_1_selenium_create_issue,Total:1853 Passed:1853 Failed:0
1691075811082,406,selenium_edit_issue:open_edit_issue_form,Success,True,
1691075813121,565,selenium_edit_issue:save_edit_issue_form,Success,True,
1691075813121,2445,selenium_edit_issue,Success,True,
.test_1_selenium_edit_issue,Total:1854 Passed:1854 Failed:0
1691075813357,235,selenium_save_comment:open_comment_form,Success,True,
1691075815382,741,selenium_save_comment:submit_form,Success,True,
1691075815382,2260,selenium_save_comment,Success,True,
.test_1_selenium_save_comment,Total:1855 Passed:1855 Failed:0
1691075816892,1508,selenium_search_jql,Success,True,
.test_1_selenium_search_jql,Total:1856 Passed:1856 Failed:0
1691075818370,1476,selenium_view_scrum_board_backlog,Success,True,
.test_1_selenium_view_backlog_for_scrum_board,Total:1857 Passed:1857 Failed:0
1691075819824,1452,selenium_view_scrum_board,Success,True,
.test_1_selenium_view_scrum_board,Total:1858 Passed:1858 Failed:0
1691075821304,1478,selenium_view_kanban_board,Success,True,
.test_1_selenium_view_kanban_board,Total:1859 Passed:1859 Failed:0
1691075821553,247,selenium_view_dashboard,Success,True,
.test_1_selenium_view_dashboard,Total:1860 Passed:1860 Failed:0
1691075822172,618,selenium_view_issue,Success,True,
.test_1_selenium_view_issue,Total:1861 Passed:1861 Failed:0
1691075822592,418,selenium_log_out,Success,True,
.test_2_selenium_z_log_out,Total:1862 Passed:1862 Failed:0


=============================== warnings summary ===============================
../../root/.bzt/python-packages/3.11.3/_pytest/config/__init__.py:1204
  /root/.bzt/python-packages/3.11.3/_pytest/config/__init__.py:1204: PytestAssertRewriteWarning: Module already imported so cannot be rewritten: apiritif
    self._mark_plugins_for_rewrite(hook)

-- Docs: https://docs.pytest.org/en/stable/how-to/capture-warnings.html
======================== 14 passed, 1 warning in 24.48s ========================
============================= test session starts ==============================
platform linux -- Python 3.11.3, pytest-7.4.0, pluggy-1.2.0
rootdir: /dc-app-performance-toolkit/app
plugins: xdist-3.3.1, apiritif-1.1.3
collected 14 items

selenium_ui/jira_ui.py get driver from global
clear browser cookies
1691075822779,142,selenium_login:open_login_page,Success,True,
node_id:jira-0
1691075824234,1454,selenium_login:login_and_view_dashboard,Success,True,
1691075824234,1597,selenium_login,Success,True,
.test_0_selenium_a_login,Total:1863 Passed:1863 Failed:0
1691075826198,475,selenium_project_summary,Success,True,
.test_1_selenium_view_project_summary,Total:1864 Passed:1864 Failed:0
1691075826523,324,selenium_browse_projects_list,Success,True,
.test_1_selenium_browse_projects_list,Total:1865 Passed:1865 Failed:0
1691075827930,1405,selenium_browse_boards_list,Success,True,
.test_1_selenium_browse_boards_list,Total:1866 Passed:1866 Failed:0
1691075831325,1367,selenium_create_issue:open_quick_create,Success,True,
1691075833259,1267,selenium_create_issue:fill_and_submit_issue_form:submit_issue_form,Success,True,
1691075833259,1934,selenium_create_issue:fill_and_submit_issue_form,Success,True,
1691075833259,3302,selenium_create_issue,Success,True,
.test_1_selenium_create_issue,Total:1867 Passed:1867 Failed:0
1691075835772,473,selenium_edit_issue:open_edit_issue_form,Success,True,
1691075837805,516,selenium_edit_issue:save_edit_issue_form,Success,True,
1691075837805,2507,selenium_edit_issue,Success,True,
.test_1_selenium_edit_issue,Total:1868 Passed:1868 Failed:0
1691075838236,429,selenium_save_comment:open_comment_form,Success,True,
1691075840332,801,selenium_save_comment:submit_form,Success,True,
1691075840332,2525,selenium_save_comment,Success,True,
.test_1_selenium_save_comment,Total:1869 Passed:1869 Failed:0
1691075841823,1489,selenium_search_jql,Success,True,
.test_1_selenium_search_jql,Total:1870 Passed:1870 Failed:0
1691075843344,1519,selenium_view_scrum_board_backlog,Success,True,
.test_1_selenium_view_backlog_for_scrum_board,Total:1871 Passed:1871 Failed:0
1691075844821,1476,selenium_view_scrum_board,Success,True,
.test_1_selenium_view_scrum_board,Total:1872 Passed:1872 Failed:0
1691075846285,1462,selenium_view_kanban_board,Success,True,
.test_1_selenium_view_kanban_board,Total:1873 Passed:1873 Failed:0
1691075846595,309,selenium_view_dashboard,Success,True,
.test_1_selenium_view_dashboard,Total:1874 Passed:1874 Failed:0
1691075847141,544,selenium_view_issue,Success,True,
.test_1_selenium_view_issue,Total:1875 Passed:1875 Failed:0
1691075847515,372,selenium_log_out,Success,True,
.test_2_selenium_z_log_out,Total:1876 Passed:1876 Failed:0


=============================== warnings summary ===============================
../../root/.bzt/python-packages/3.11.3/_pytest/config/__init__.py:1204
  /root/.bzt/python-packages/3.11.3/_pytest/config/__init__.py:1204: PytestAssertRewriteWarning: Module already imported so cannot be rewritten: apiritif
    self._mark_plugins_for_rewrite(hook)

-- Docs: https://docs.pytest.org/en/stable/how-to/capture-warnings.html
======================== 14 passed, 1 warning in 24.89s ========================
